#
# A fatal error has been detected by the Java Runtime Environment:
#
#  EXCEPTION_ACCESS_VIOLATION (0xc0000005) at pc=0x00007ffe8beffaad, pid=14144, tid=6364
#
# JRE version: Java(TM) SE Runtime Environment (18.0.1.1+2) (build 18.0.1.1+2-6)
# Java VM: Java HotSpot(TM) 64-Bit Server VM (18.0.1.1+2-6, mixed mode, sharing, tiered, compressed oops, compressed class ptrs, g1 gc, windows-amd64)
# Problematic frame:
# C  [ntdll.dll+0x2faad]
#
# No core dump will be written. Minidumps are not enabled by default on client versions of Windows
#
# If you would like to submit a bug report, please visit:
#   https://bugreport.java.com/bugreport/crash.jsp
#

---------------  S U M M A R Y ------------

Command Line: -Djava.library.path=D:\Phi Long\HocTap\DuAn\identifyInformationWithPictures_ClientServer\Server\libs\x64 -javaagent:C:\Program Files\JetBrains\IntelliJ IDEA Community Edition 2022.1.1\lib\idea_rt.jar=57964:C:\Program Files\JetBrains\IntelliJ IDEA Community Edition 2022.1.1\bin -Dfile.encoding=UTF-8 --module-path=C:\Users\Admin\.m2\repository\org\openjfx\javafx-graphics\19\javafx-graphics-19-win.jar;D:\Phi Long\HocTap\DuAn\identifyInformationWithPictures_ClientServer\Server\target\classes;C:\Users\Admin\.m2\repository\org\openjfx\javafx-swing\20-ea+4\javafx-swing-20-ea+4-win.jar;C:\Users\Admin\.m2\repository\org\openjfx\javafx-fxml\19\javafx-fxml-19-win.jar;C:\Users\Admin\.m2\repository\org\openjfx\javafx-base\19\javafx-base-19-win.jar;D:\Phi Long\HocTap\DuAn\identifyInformationWithPictures_ClientServer\Entities\target\classes;C:\Users\Admin\.m2\repository\org\openjfx\javafx-controls\19\javafx-controls-19-win.jar;C:\Users\Admin\.m2\repository\mysql\mysql-connector-java\8.0.30\mysql-connector-java-8.0.30.jar;D:\Phi Long\HocTap\DuAn\identifyInformationWithPictures_ClientServer\Server\libs\opencv-455.jar;D:\Phi Long\HocTap\DuAn\identifyInformationWithPictures_ClientServer\Library\target\classes -Djdk.module.main=com.example.server com.example.server/com.example.server.ServerApplication

Host: Intel(R) Core(TM) i3-3110M CPU @ 2.40GHz, 4 cores, 7G,  Windows 10 , 64 bit Build 19041 (10.0.19041.1889)
Time: Sun Nov  6 00:46:13 2022 SE Asia Standard Time elapsed time: 56.169779 seconds (0d 0h 0m 56s)

---------------  T H R E A D  ---------------

Current thread (0x000002503ba37240):  VMThread "VM Thread" [stack: 0x000000a7ada00000,0x000000a7adb00000] [id=6364]

Stack: [0x000000a7ada00000,0x000000a7adb00000],  sp=0x000000a7adaff020,  free space=1020k
Native frames: (J=compiled Java code, j=interpreted, Vv=VM code, C=native code)
C  [ntdll.dll+0x2faad]
C  0x00007ffe4c7861e2


siginfo: EXCEPTION_ACCESS_VIOLATION (0xc0000005), writing address 0x0000000000000018


Register to memory mapping:

RIP=0x00007ffe8beffaad ntdll.dll
RAX=0x000000a7ad0b1000 points into unknown readable memory: 0x0000000000000000 | 00 00 00 00 00 00 00 00
RBX=0x0 is NULL
RCX=0x0000000000000010 is an unknown value
RDX=0x000002504cb65f00 points into unknown readable memory: 0x00007ffe4c92ffa0 | a0 ff 92 4c fe 7f 00 00
RSP=0x000000a7adaff020 points into unknown readable memory: 0x0000025040bfda80 | 80 da bf 40 50 02 00 00
RBP=0x000000a7adaff580 points into unknown readable memory: 0x000002503ba30510 | 10 05 a3 3b 50 02 00 00
RSI=0x0000000000000010 is an unknown value
RDI=0x000002504cb65f00 points into unknown readable memory: 0x00007ffe4c92ffa0 | a0 ff 92 4c fe 7f 00 00
R8 =0x000000000000003a is an unknown value
R9 =0x000000000000003a is an unknown value
R10=0x0000000000000038 is an unknown value
R11=0x000000a7adaff070 points into unknown readable memory: 0x000002503fd43370 | 70 33 d4 3f 50 02 00 00
R12=0x0000025040704c00 points into unknown readable memory: 0x03ffd6b6c579b68b | 8b b6 79 c5 b6 d6 ff 03
R13=0x0000000000000040 is an unknown value
R14=0x0000025040705330 points into unknown readable memory: 0x0000275e20ce568b | 8b 56 ce 20 5e 27 00 00
R15=0x000000a7adaff230 points into unknown readable memory: 0x000000a7adaff250 | 50 f2 af ad a7 00 00 00


Registers:
RAX=0x000000a7ad0b1000, RBX=0x0000000000000000, RCX=0x0000000000000010, RDX=0x000002504cb65f00
RSP=0x000000a7adaff020, RBP=0x000000a7adaff580, RSI=0x0000000000000010, RDI=0x000002504cb65f00
R8 =0x000000000000003a, R9 =0x000000000000003a, R10=0x0000000000000038, R11=0x000000a7adaff070
R12=0x0000025040704c00, R13=0x0000000000000040, R14=0x0000025040705330, R15=0x000000a7adaff230
RIP=0x00007ffe8beffaad, EFLAGS=0x0000000000010202

Top of Stack: (sp=0x000000a7adaff020)
0x000000a7adaff020:   0000025040bfda80 00007ffe8bef6491
0x000000a7adaff030:   000002501c040000 0000000000000000
0x000000a7adaff040:   0000025040bfd7a0 00007ffe4c7861e2
0x000000a7adaff050:   000002500000000e 000000000000000e
0x000000a7adaff060:   000027f98d61b99b 0000025041e25390
0x000000a7adaff070:   000002503fd43370 00007ffe4c780e15
0x000000a7adaff080:   000000000000003c 000002504cb65f00
0x000000a7adaff090:   00000000ffffffff 00000250003e2850
0x000000a7adaff0a0:   000002504a95e320 00007ffe3c58f42e
0x000000a7adaff0b0:   000002503fd432e0 0000000000000000
0x000000a7adaff0c0:   0000025000000000 0000025000000004
0x000000a7adaff0d0:   0000000000000000 00000250409daab0
0x000000a7adaff0e0:   0000000000000000 000002503fd432e0
0x000000a7adaff0f0:   0000025040b9dfe0 00007ffe00000036
0x000000a7adaff100:   000000000000000e 0000025040c5a520
0x000000a7adaff110:   000027f98d61a63b 000000000000003c 

Instructions: (pc=0x00007ffe8beffaad)
0x00007ffe8beff9ad:   48 b8 7f 7f 7f 7f 7f 7f 7f 7f 41 8b c8 48 0b cb
0x00007ffe8beff9bd:   48 23 c8 83 e6 1f 49 89 8c f4 40 a5 16 00 48 81
0x00007ffe8beff9cd:   c4 98 00 00 00 41 5f 41 5e 41 5d 41 5c 5f 5e 5b
0x00007ffe8beff9dd:   5d c3 cc 33 d2 41 8b c6 41 f7 f0 44 8b c8 e9 d6
0x00007ffe8beff9ed:   fc ff ff 41 8d 57 ff 41 85 d7 0f 84 93 38 08 00
0x00007ffe8beff9fd:   41 b8 00 10 00 00 41 b9 ff ff 00 00 e9 bc 38 08
0x00007ffe8beffa0d:   00 cc cc cc cc cc cc 48 8b c4 48 89 58 08 48 89
0x00007ffe8beffa1d:   68 10 48 89 70 18 48 89 78 20 41 56 48 83 ec 20
0x00007ffe8beffa2d:   40 8a ea 4c 8d 35 99 d1 13 00 48 8b f1 33 db 48
0x00007ffe8beffa3d:   8d 0d 9d d1 13 00 e8 58 00 00 00 4c 8b 05 81 d1
0x00007ffe8beffa4d:   13 00 4d 3b c6 0f 85 88 3b 08 00 48 85 db 75 33
0x00007ffe8beffa5d:   48 8d 0d 7c d1 13 00 e8 c7 f7 ff ff 48 85 db 0f
0x00007ffe8beffa6d:   85 a3 3b 08 00 33 c0 48 8b 5c 24 30 48 8b 6c 24
0x00007ffe8beffa7d:   38 48 8b 74 24 40 48 8b 7c 24 48 48 83 c4 20 41
0x00007ffe8beffa8d:   5e c3 cc f0 ff 43 3c eb c7 cc cc cc cc cc cc cc
0x00007ffe8beffa9d:   cc cc cc 48 83 ec 28 65 48 8b 04 25 30 00 00 00
0x00007ffe8beffaad:   f0 0f ba 71 08 00 48 8b 40 48 73 13 48 89 41 10
0x00007ffe8beffabd:   33 c0 c7 41 0c 01 00 00 00 48 83 c4 28 c3 cc 48
0x00007ffe8beffacd:   39 41 10 75 0b ff 41 0c 33 c0 48 83 c4 28 c3 cc
0x00007ffe8beffadd:   e8 0e 00 00 00 eb e2 cc cc cc cc cc cc cc cc cc
0x00007ffe8beffaed:   cc cc cc 48 89 5c 24 18 55 56 57 41 54 41 55 41
0x00007ffe8beffafd:   56 41 57 48 83 ec 20 8b 41 20 48 8b f1 48 0f ba
0x00007ffe8beffb0d:   e0 1a 0f 82 df 01 00 00 33 ff 40 32 ed 66 83 3c
0x00007ffe8beffb1d:   25 6a 03 fe 7f 01 76 19 48 8b 7e 20 48 8b c7 81
0x00007ffe8beffb2d:   e7 ff ff ff 00 25 00 00 00 02 48 85 c0 40 0f 95
0x00007ffe8beffb3d:   c5 45 32 ff b0 01 45 32 e4 41 bd 01 00 00 00 45
0x00007ffe8beffb4d:   33 c0 ba 6a 03 fe 7f 84 c0 0f 84 14 01 00 00 8b
0x00007ffe8beffb5d:   46 08 4c 8d 4e 08 45 84 e4 41 be 03 00 00 00 45
0x00007ffe8beffb6d:   0f 44 f5 41 84 c5 0f 85 e2 00 00 00 8d 0c bf 03
0x00007ffe8beffb7d:   c9 66 44 39 2a 0f 86 e8 00 00 00 4d 85 c9 74 0e
0x00007ffe8beffb8d:   80 3c 25 97 02 fe 7f 00 0f 85 a9 3a 08 00 0f b7
0x00007ffe8beffb9d:   1c 25 d6 02 fe 7f 83 fb 0c 0f 85 a2 00 00 00 b8 


Stack slot to memory mapping:
stack at sp + 0 slots: 0x0000025040bfda80 points into unknown readable memory: 0x0000000000000000 | 00 00 00 00 00 00 00 00
stack at sp + 1 slots: 0x00007ffe8bef6491 ntdll.dll
stack at sp + 2 slots: 0x000002501c040000 points into unknown readable memory: 0x0000000000000000 | 00 00 00 00 00 00 00 00
stack at sp + 3 slots: 0x0 is NULL
stack at sp + 4 slots: 0x0000025040bfd7a0 points into unknown readable memory: 0x2d24c04800000002 | 02 00 00 00 48 c0 24 2d
stack at sp + 5 slots: 0x00007ffe4c7861e2 points into unknown readable memory: 48 8b 13 48 8b 42
stack at sp + 6 slots: 0x000002500000000e is an unknown value
stack at sp + 7 slots: 0x000000000000000e is an unknown value

VM_Operation (0x000000a7aeefeda0): Exit, mode: safepoint, requested by thread 0x0000025040e826e0


---------------  P R O C E S S  ---------------

Threads class SMR info:
_java_thread_list=0x000002503fe3d2a0, length=23, elements={
0x000002501e1d11f0, 0x000002503ba3b900, 0x000002503ba3cf80, 0x000002503ba56c10,
0x000002503ba575b0, 0x000002503ba5a700, 0x000002503ba5c800, 0x000002503ba62d60,
0x000002503ba673d0, 0x000002503ba7f0c0, 0x000002503ba2d3a0, 0x000002504007e660,
0x000002504007eb20, 0x00000250406c9230, 0x00000250406ca150, 0x000002501c041180,
0x0000025040b9d1b0, 0x0000025040c39280, 0x0000025040e26730, 0x0000025040e7fb90,
0x0000025040e82210, 0x0000025040e80060, 0x0000025040e826e0
}

Java Threads: ( => current thread )
  0x000002501e1d11f0 JavaThread "main" [_thread_blocked, id=13540, stack(0x000000a7ad400000,0x000000a7ad500000)]
  0x000002503ba3b900 JavaThread "Reference Handler" daemon [_thread_blocked, id=6028, stack(0x000000a7adb00000,0x000000a7adc00000)]
  0x000002503ba3cf80 JavaThread "Finalizer" daemon [_thread_blocked, id=2796, stack(0x000000a7adc00000,0x000000a7add00000)]
  0x000002503ba56c10 JavaThread "Signal Dispatcher" daemon [_thread_blocked, id=808, stack(0x000000a7add00000,0x000000a7ade00000)]
  0x000002503ba575b0 JavaThread "Attach Listener" daemon [_thread_blocked, id=7180, stack(0x000000a7ade00000,0x000000a7adf00000)]
  0x000002503ba5a700 JavaThread "Service Thread" daemon [_thread_blocked, id=8052, stack(0x000000a7adf00000,0x000000a7ae000000)]
  0x000002503ba5c800 JavaThread "Monitor Deflation Thread" daemon [_thread_blocked, id=11556, stack(0x000000a7ae000000,0x000000a7ae100000)]
  0x000002503ba62d60 JavaThread "C2 CompilerThread0" daemon [_thread_blocked, id=8280, stack(0x000000a7ae100000,0x000000a7ae200000)]
  0x000002503ba673d0 JavaThread "C1 CompilerThread0" daemon [_thread_blocked, id=5464, stack(0x000000a7ae200000,0x000000a7ae300000)]
  0x000002503ba7f0c0 JavaThread "Sweeper thread" daemon [_thread_blocked, id=840, stack(0x000000a7ae300000,0x000000a7ae400000)]
  0x000002503ba2d3a0 JavaThread "Common-Cleaner" daemon [_thread_blocked, id=10584, stack(0x000000a7ae400000,0x000000a7ae500000)]
  0x000002504007e660 JavaThread "Monitor Ctrl-Break" daemon [_thread_in_native, id=7356, stack(0x000000a7ae600000,0x000000a7ae700000)]
  0x000002504007eb20 JavaThread "Notification Thread" daemon [_thread_blocked, id=1660, stack(0x000000a7ae700000,0x000000a7ae800000)]
  0x00000250406c9230 JavaThread "QuantumRenderer-0" daemon [_thread_blocked, id=9912, stack(0x000000a7aec00000,0x000000a7aed00000)]
  0x00000250406ca150 JavaThread "InvokeLaterDispatcher" daemon [_thread_blocked, id=1124, stack(0x000000a7ae500000,0x000000a7ae600000)]
  0x000002501c041180 JavaThread "JavaFX Application Thread" [_thread_in_native, id=9244, stack(0x000000a7aef00000,0x000000a7af000000)]
  0x0000025040b9d1b0 JavaThread "Thread-1" daemon [_thread_in_native, id=7612, stack(0x000000a7af100000,0x000000a7af200000)]
  0x0000025040c39280 JavaThread "JavaFX-Launcher" [_thread_blocked, id=5644, stack(0x000000a7af200000,0x000000a7af300000)]
  0x0000025040e26730 JavaThread "Prism Font Disposer" daemon [_thread_blocked, id=6440, stack(0x000000a7af400000,0x000000a7af500000)]
  0x0000025040e7fb90 JavaThread "mysql-cj-abandoned-connection-cleanup" daemon [_thread_blocked, id=2224, stack(0x000000a7af500000,0x000000a7af600000)]
  0x0000025040e82210 JavaThread "Cleaner-0" daemon [_thread_blocked, id=2052, stack(0x000000a7afa00000,0x000000a7afb00000)]
  0x0000025040e80060 JavaThread "Java2D Disposer" daemon [_thread_blocked, id=9656, stack(0x000000a7b0c00000,0x000000a7b0d00000)]
  0x0000025040e826e0 JavaThread "SIGINT handler" daemon [_thread_blocked, id=2272, stack(0x000000a7aee00000,0x000000a7aef00000)]

Other Threads:
=>0x000002503ba37240 VMThread "VM Thread" [stack: 0x000000a7ada00000,0x000000a7adb00000] [id=6364]
  0x000002501e22fbf0 WorkerThread "GC Thread#0" [stack: 0x000000a7ad500000,0x000000a7ad600000] [id=12424]
  0x000002504021fab0 WorkerThread "GC Thread#1" [stack: 0x000000a7ae900000,0x000000a7aea00000] [id=4140]
  0x000002504044e090 WorkerThread "GC Thread#2" [stack: 0x000000a7aea00000,0x000000a7aeb00000] [id=13664]
  0x0000025040442210 WorkerThread "GC Thread#3" [stack: 0x000000a7aeb00000,0x000000a7aec00000] [id=2844]
  0x000002501e240720 ConcurrentGCThread "G1 Main Marker" terminated
  0x000002501e242120 WorkerThread "G1 Conc#0" [stack: 0x000000a7ad700000,0x000000a7ad800000] [id=5884]
  0x000002501e281230 ConcurrentGCThread "G1 Refine#0" terminated
  0x00000250409511b0 ConcurrentGCThread "G1 Refine#1" terminated
  0x000002501e281b40 ConcurrentGCThread "G1 Service" terminated

Threads with active compile tasks:
C2 CompilerThread0  
[error occurred during error reporting (printing all threads), id 0xc0000005, EXCEPTION_ACCESS_VIOLATION (0xc0000005) at pc=0x00007ffe4e4be8a3]

VM state: at safepoint (shutting down)

VM Mutex/Monitor currently owned by a thread:  ([mutex/lock_event])
[0x000002501e1ccb30] Threads_lock - owner thread: 0x000002503ba37240
[0x000002501e1ccc50] Heap_lock - owner thread: 0x0000025040e826e0

Heap address: 0x0000000082000000, size: 2016 MB, Compressed Oops mode: 32-bit

CDS archive(s) mapped at: [0x0000000800000000-0x0000000800ba0000-0x0000000800ba0000), size 12189696, SharedBaseAddress: 0x0000000800000000, ArchiveRelocationMode: 0.
Compressed class space mapped at: 0x0000000800c00000-0x0000000840c00000, reserved size: 1073741824
Narrow klass base: 0x0000000800000000, Narrow klass shift: 0, Narrow klass range: 0x100000000

GC Precious Log:
 CardTable entry size: 512
 Card Set container configuration: InlinePtr #cards 5 size 8 Array Of Cards #cards 12 size 40 Howl #buckets 4 coarsen threshold 1843 Howl Bitmap #cards 512 size 80 coarsen threshold 460 Card regions per heap region 1 cards per card region 2048
 CPUs: 4 total, 4 available
 Memory: 8057M
 Large Page Support: Disabled
 NUMA Support: Disabled
 Compressed Oops: Enabled (32-bit)
 Heap Region Size: 1M
 Heap Min Capacity: 8M
 Heap Initial Capacity: 126M
 Heap Max Capacity: 2016M
 Pre-touch: Disabled
 Parallel Workers: 4
 Concurrent Workers: 1
 Concurrent Refinement Workers: 4
 Periodic GC: Disabled

Heap:
 garbage-first heap   total 245760K, used 65868K [0x0000000082000000, 0x0000000100000000)
  region size 1024K, 5 young (5120K), 1 survivors (1024K)
 Metaspace       used 26069K, committed 26432K, reserved 1114112K
  class space    used 3475K, committed 3648K, reserved 1048576K

Heap Regions: E=young(eden), S=young(survivor), O=old, HS=humongous(starts), HC=humongous(continues), CS=collection set, F=free, OA=open archive, CA=closed archive, TAMS=top-at-mark-start (previous, next)
|   0|0x0000000082000000, 0x0000000082100000, 0x0000000082100000|100%| O|  |TAMS 0x0000000082100000, 0x0000000082100000| Untracked 
|   1|0x0000000082100000, 0x0000000082200000, 0x0000000082200000|100%| O|  |TAMS 0x0000000082200000, 0x0000000082200000| Untracked 
|   2|0x0000000082200000, 0x0000000082300000, 0x0000000082300000|100%| O|  |TAMS 0x0000000082300000, 0x0000000082300000| Untracked 
|   3|0x0000000082300000, 0x0000000082400000, 0x0000000082400000|100%| O|  |TAMS 0x0000000082400000, 0x0000000082400000| Untracked 
|   4|0x0000000082400000, 0x0000000082500000, 0x0000000082500000|100%| O|  |TAMS 0x0000000082500000, 0x0000000082500000| Untracked 
|   5|0x0000000082500000, 0x0000000082600000, 0x0000000082600000|100%| O|  |TAMS 0x0000000082600000, 0x0000000082600000| Untracked 
|   6|0x0000000082600000, 0x000000008264de00, 0x0000000082700000| 30%| O|  |TAMS 0x0000000082600000, 0x000000008264de00| Untracked 
|   7|0x0000000082700000, 0x0000000082800000, 0x0000000082800000|100%|HS|  |TAMS 0x0000000082800000, 0x0000000082800000| Complete 
|   8|0x0000000082800000, 0x0000000082900000, 0x0000000082900000|100%|HC|  |TAMS 0x0000000082900000, 0x0000000082900000| Complete 
|   9|0x0000000082900000, 0x0000000082a00000, 0x0000000082a00000|100%| O|  |TAMS 0x0000000082a00000, 0x0000000082a00000| Untracked 
|  10|0x0000000082a00000, 0x0000000082b00000, 0x0000000082b00000|100%| O|  |TAMS 0x0000000082b00000, 0x0000000082b00000| Untracked 
|  11|0x0000000082b00000, 0x0000000082c00000, 0x0000000082c00000|100%| O|  |TAMS 0x0000000082c00000, 0x0000000082c00000| Untracked 
|  12|0x0000000082c00000, 0x0000000082d00000, 0x0000000082d00000|100%| O|  |TAMS 0x0000000082d00000, 0x0000000082d00000| Untracked 
|  13|0x0000000082d00000, 0x0000000082e00000, 0x0000000082e00000|100%| O|  |TAMS 0x0000000082e00000, 0x0000000082e00000| Untracked 
|  14|0x0000000082e00000, 0x0000000082f00000, 0x0000000082f00000|100%| O|  |TAMS 0x0000000082f00000, 0x0000000082f00000| Untracked 
|  15|0x0000000082f00000, 0x0000000083000000, 0x0000000083000000|100%|HS|  |TAMS 0x0000000082f00000, 0x0000000082f00000| Complete 
|  16|0x0000000083000000, 0x0000000083100000, 0x0000000083100000|100%|HC|  |TAMS 0x0000000083000000, 0x0000000083000000| Complete 
|  17|0x0000000083100000, 0x0000000083200000, 0x0000000083200000|100%|HC|  |TAMS 0x0000000083100000, 0x0000000083100000| Complete 
|  18|0x0000000083200000, 0x0000000083300000, 0x0000000083300000|100%|HC|  |TAMS 0x0000000083200000, 0x0000000083200000| Complete 
|  19|0x0000000083300000, 0x0000000083400000, 0x0000000083400000|100%| O|  |TAMS 0x0000000083400000, 0x0000000083400000| Untracked 
|  20|0x0000000083400000, 0x0000000083500000, 0x0000000083500000|100%| O|  |TAMS 0x0000000083500000, 0x0000000083500000| Untracked 
|  21|0x0000000083500000, 0x0000000083600000, 0x0000000083600000|100%| O|  |TAMS 0x0000000083600000, 0x0000000083600000| Untracked 
|  22|0x0000000083600000, 0x0000000083700000, 0x0000000083700000|100%| O|  |TAMS 0x0000000083700000, 0x0000000083700000| Untracked 
|  23|0x0000000083700000, 0x0000000083800000, 0x0000000083800000|100%|HS|  |TAMS 0x0000000083700000, 0x0000000083700000| Complete 
|  24|0x0000000083800000, 0x0000000083900000, 0x0000000083900000|100%|HC|  |TAMS 0x0000000083800000, 0x0000000083800000| Complete 
|  25|0x0000000083900000, 0x0000000083a00000, 0x0000000083a00000|100%|HC|  |TAMS 0x0000000083900000, 0x0000000083900000| Complete 
|  26|0x0000000083a00000, 0x0000000083b00000, 0x0000000083b00000|100%|HC|  |TAMS 0x0000000083a00000, 0x0000000083a00000| Complete 
|  27|0x0000000083b00000, 0x0000000083b00000, 0x0000000083c00000|  0%| F|  |TAMS 0x0000000083b00000, 0x0000000083b00000| Untracked 
|  28|0x0000000083c00000, 0x0000000083c00000, 0x0000000083d00000|  0%| F|  |TAMS 0x0000000083c00000, 0x0000000083c00000| Untracked 
|  29|0x0000000083d00000, 0x0000000083d00000, 0x0000000083e00000|  0%| F|  |TAMS 0x0000000083d00000, 0x0000000083d00000| Untracked 
|  30|0x0000000083e00000, 0x0000000083e00000, 0x0000000083f00000|  0%| F|  |TAMS 0x0000000083e00000, 0x0000000083e00000| Untracked 
|  31|0x0000000083f00000, 0x0000000083f00000, 0x0000000084000000|  0%| F|  |TAMS 0x0000000083f00000, 0x0000000083f00000| Untracked 
|  32|0x0000000084000000, 0x0000000084000000, 0x0000000084100000|  0%| F|  |TAMS 0x0000000084000000, 0x0000000084000000| Untracked 
|  33|0x0000000084100000, 0x0000000084200000, 0x0000000084200000|100%|HS|  |TAMS 0x0000000084100000, 0x0000000084200000| Complete 
|  34|0x0000000084200000, 0x0000000084300000, 0x0000000084300000|100%|HC|  |TAMS 0x0000000084200000, 0x0000000084300000| Complete 
|  35|0x0000000084300000, 0x0000000084400000, 0x0000000084400000|100%|HC|  |TAMS 0x0000000084300000, 0x0000000084400000| Complete 
|  36|0x0000000084400000, 0x0000000084500000, 0x0000000084500000|100%|HS|  |TAMS 0x0000000084400000, 0x0000000084500000| Complete 
|  37|0x0000000084500000, 0x0000000084600000, 0x0000000084600000|100%|HC|  |TAMS 0x0000000084500000, 0x0000000084600000| Complete 
|  38|0x0000000084600000, 0x0000000084700000, 0x0000000084700000|100%|HC|  |TAMS 0x0000000084600000, 0x0000000084700000| Complete 
|  39|0x0000000084700000, 0x0000000084800000, 0x0000000084800000|100%|HC|  |TAMS 0x0000000084700000, 0x0000000084800000| Complete 
|  40|0x0000000084800000, 0x0000000084800000, 0x0000000084900000|  0%| F|  |TAMS 0x0000000084800000, 0x0000000084800000| Untracked 
|  41|0x0000000084900000, 0x0000000084900000, 0x0000000084a00000|  0%| F|  |TAMS 0x0000000084900000, 0x0000000084900000| Untracked 
|  42|0x0000000084a00000, 0x0000000084a00000, 0x0000000084b00000|  0%| F|  |TAMS 0x0000000084a00000, 0x0000000084a00000| Untracked 
|  43|0x0000000084b00000, 0x0000000084b00000, 0x0000000084c00000|  0%| F|  |TAMS 0x0000000084b00000, 0x0000000084b00000| Untracked 
|  44|0x0000000084c00000, 0x0000000084c00000, 0x0000000084d00000|  0%| F|  |TAMS 0x0000000084c00000, 0x0000000084c00000| Untracked 
|  45|0x0000000084d00000, 0x0000000084d00000, 0x0000000084e00000|  0%| F|  |TAMS 0x0000000084d00000, 0x0000000084d00000| Untracked 
|  46|0x0000000084e00000, 0x0000000084e00000, 0x0000000084f00000|  0%| F|  |TAMS 0x0000000084e00000, 0x0000000084e00000| Untracked 
|  47|0x0000000084f00000, 0x0000000084f00000, 0x0000000085000000|  0%| F|  |TAMS 0x0000000084f00000, 0x0000000084f00000| Untracked 
|  48|0x0000000085000000, 0x0000000085000000, 0x0000000085100000|  0%| F|  |TAMS 0x0000000085000000, 0x0000000085000000| Untracked 
|  49|0x0000000085100000, 0x0000000085100000, 0x0000000085200000|  0%| F|  |TAMS 0x0000000085100000, 0x0000000085100000| Untracked 
|  50|0x0000000085200000, 0x0000000085200000, 0x0000000085300000|  0%| F|  |TAMS 0x0000000085200000, 0x0000000085200000| Untracked 
|  51|0x0000000085300000, 0x0000000085300000, 0x0000000085400000|  0%| F|  |TAMS 0x0000000085300000, 0x0000000085300000| Untracked 
|  52|0x0000000085400000, 0x0000000085400000, 0x0000000085500000|  0%| F|  |TAMS 0x0000000085400000, 0x0000000085400000| Untracked 
|  53|0x0000000085500000, 0x0000000085500000, 0x0000000085600000|  0%| F|  |TAMS 0x0000000085500000, 0x0000000085500000| Untracked 
|  54|0x0000000085600000, 0x0000000085700000, 0x0000000085700000|100%|HS|  |TAMS 0x0000000085600000, 0x0000000085700000| Complete 
|  55|0x0000000085700000, 0x0000000085800000, 0x0000000085800000|100%|HC|  |TAMS 0x0000000085700000, 0x0000000085800000| Complete 
|  56|0x0000000085800000, 0x0000000085900000, 0x0000000085900000|100%|HC|  |TAMS 0x0000000085800000, 0x0000000085900000| Complete 
|  57|0x0000000085900000, 0x0000000085a00000, 0x0000000085a00000|100%|HS|  |TAMS 0x0000000085900000, 0x0000000085a00000| Complete 
|  58|0x0000000085a00000, 0x0000000085b00000, 0x0000000085b00000|100%|HC|  |TAMS 0x0000000085a00000, 0x0000000085b00000| Complete 
|  59|0x0000000085b00000, 0x0000000085c00000, 0x0000000085c00000|100%|HC|  |TAMS 0x0000000085b00000, 0x0000000085c00000| Complete 
|  60|0x0000000085c00000, 0x0000000085d00000, 0x0000000085d00000|100%|HC|  |TAMS 0x0000000085c00000, 0x0000000085d00000| Complete 
|  61|0x0000000085d00000, 0x0000000085d00000, 0x0000000085e00000|  0%| F|  |TAMS 0x0000000085d00000, 0x0000000085d00000| Untracked 
|  62|0x0000000085e00000, 0x0000000085e00000, 0x0000000085f00000|  0%| F|  |TAMS 0x0000000085e00000, 0x0000000085e00000| Untracked 
|  63|0x0000000085f00000, 0x0000000085f00000, 0x0000000086000000|  0%| F|  |TAMS 0x0000000085f00000, 0x0000000085f00000| Untracked 
|  64|0x0000000086000000, 0x0000000086000000, 0x0000000086100000|  0%| F|  |TAMS 0x0000000086000000, 0x0000000086000000| Untracked 
|  65|0x0000000086100000, 0x0000000086100000, 0x0000000086200000|  0%| F|  |TAMS 0x0000000086100000, 0x0000000086100000| Untracked 
|  66|0x0000000086200000, 0x0000000086200000, 0x0000000086300000|  0%| F|  |TAMS 0x0000000086200000, 0x0000000086200000| Untracked 
|  67|0x0000000086300000, 0x0000000086300000, 0x0000000086400000|  0%| F|  |TAMS 0x0000000086300000, 0x0000000086300000| Untracked 
|  68|0x0000000086400000, 0x0000000086400000, 0x0000000086500000|  0%| F|  |TAMS 0x0000000086400000, 0x0000000086400000| Untracked 
|  69|0x0000000086500000, 0x0000000086500000, 0x0000000086600000|  0%| F|  |TAMS 0x0000000086500000, 0x0000000086500000| Untracked 
|  70|0x0000000086600000, 0x0000000086600000, 0x0000000086700000|  0%| F|  |TAMS 0x0000000086600000, 0x0000000086600000| Untracked 
|  71|0x0000000086700000, 0x0000000086700000, 0x0000000086800000|  0%| F|  |TAMS 0x0000000086700000, 0x0000000086700000| Untracked 
|  72|0x0000000086800000, 0x0000000086800000, 0x0000000086900000|  0%| F|  |TAMS 0x0000000086800000, 0x0000000086800000| Untracked 
|  73|0x0000000086900000, 0x0000000086900000, 0x0000000086a00000|  0%| F|  |TAMS 0x0000000086900000, 0x0000000086900000| Untracked 
|  74|0x0000000086a00000, 0x0000000086a00000, 0x0000000086b00000|  0%| F|  |TAMS 0x0000000086a00000, 0x0000000086a00000| Untracked 
|  75|0x0000000086b00000, 0x0000000086b00000, 0x0000000086c00000|  0%| F|  |TAMS 0x0000000086b00000, 0x0000000086b00000| Untracked 
|  76|0x0000000086c00000, 0x0000000086c00000, 0x0000000086d00000|  0%| F|  |TAMS 0x0000000086c00000, 0x0000000086c00000| Untracked 
|  77|0x0000000086d00000, 0x0000000086d00000, 0x0000000086e00000|  0%| F|  |TAMS 0x0000000086d00000, 0x0000000086d00000| Untracked 
|  78|0x0000000086e00000, 0x0000000086e00000, 0x0000000086f00000|  0%| F|  |TAMS 0x0000000086e00000, 0x0000000086e00000| Untracked 
|  79|0x0000000086f00000, 0x0000000087000000, 0x0000000087000000|100%|HS|  |TAMS 0x0000000086f00000, 0x0000000087000000| Complete 
|  80|0x0000000087000000, 0x0000000087100000, 0x0000000087100000|100%|HC|  |TAMS 0x0000000087000000, 0x0000000087100000| Complete 
|  81|0x0000000087100000, 0x0000000087200000, 0x0000000087200000|100%|HC|  |TAMS 0x0000000087100000, 0x0000000087200000| Complete 
|  82|0x0000000087200000, 0x0000000087300000, 0x0000000087300000|100%|HS|  |TAMS 0x0000000087200000, 0x0000000087300000| Complete 
|  83|0x0000000087300000, 0x0000000087400000, 0x0000000087400000|100%|HC|  |TAMS 0x0000000087300000, 0x0000000087400000| Complete 
|  84|0x0000000087400000, 0x0000000087500000, 0x0000000087500000|100%|HC|  |TAMS 0x0000000087400000, 0x0000000087500000| Complete 
|  85|0x0000000087500000, 0x0000000087600000, 0x0000000087600000|100%|HC|  |TAMS 0x0000000087500000, 0x0000000087600000| Complete 
|  86|0x0000000087600000, 0x0000000087600000, 0x0000000087700000|  0%| F|  |TAMS 0x0000000087600000, 0x0000000087600000| Untracked 
|  87|0x0000000087700000, 0x0000000087700000, 0x0000000087800000|  0%| F|  |TAMS 0x0000000087700000, 0x0000000087700000| Untracked 
|  88|0x0000000087800000, 0x0000000087800000, 0x0000000087900000|  0%| F|  |TAMS 0x0000000087800000, 0x0000000087800000| Untracked 
|  89|0x0000000087900000, 0x0000000087900000, 0x0000000087a00000|  0%| F|  |TAMS 0x0000000087900000, 0x0000000087900000| Untracked 
|  90|0x0000000087a00000, 0x0000000087b00000, 0x0000000087b00000|100%|HS|  |TAMS 0x0000000087a00000, 0x0000000087b00000| Complete 
|  91|0x0000000087b00000, 0x0000000087c00000, 0x0000000087c00000|100%|HC|  |TAMS 0x0000000087b00000, 0x0000000087c00000| Complete 
|  92|0x0000000087c00000, 0x0000000087d00000, 0x0000000087d00000|100%|HC|  |TAMS 0x0000000087c00000, 0x0000000087d00000| Complete 
|  93|0x0000000087d00000, 0x0000000087e00000, 0x0000000087e00000|100%|HC|  |TAMS 0x0000000087d00000, 0x0000000087e00000| Complete 
|  94|0x0000000087e00000, 0x0000000087f00000, 0x0000000087f00000|100%|HS|  |TAMS 0x0000000087e00000, 0x0000000087f00000| Complete 
|  95|0x0000000087f00000, 0x0000000088000000, 0x0000000088000000|100%|HC|  |TAMS 0x0000000087f00000, 0x0000000088000000| Complete 
|  96|0x0000000088000000, 0x0000000088100000, 0x0000000088100000|100%|HC|  |TAMS 0x0000000088000000, 0x0000000088100000| Complete 
|  97|0x0000000088100000, 0x0000000088200000, 0x0000000088200000|100%|HC|  |TAMS 0x0000000088100000, 0x0000000088200000| Complete 
|  98|0x0000000088200000, 0x0000000088200000, 0x0000000088300000|  0%| F|  |TAMS 0x0000000088200000, 0x0000000088200000| Untracked 
|  99|0x0000000088300000, 0x0000000088300000, 0x0000000088400000|  0%| F|  |TAMS 0x0000000088300000, 0x0000000088300000| Untracked 
| 100|0x0000000088400000, 0x0000000088400000, 0x0000000088500000|  0%| F|  |TAMS 0x0000000088400000, 0x0000000088400000| Untracked 
| 101|0x0000000088500000, 0x0000000088600000, 0x0000000088600000|100%|HS|  |TAMS 0x0000000088500000, 0x0000000088600000| Complete 
| 102|0x0000000088600000, 0x0000000088700000, 0x0000000088700000|100%|HC|  |TAMS 0x0000000088600000, 0x0000000088700000| Complete 
| 103|0x0000000088700000, 0x0000000088800000, 0x0000000088800000|100%|HC|  |TAMS 0x0000000088700000, 0x0000000088800000| Complete 
| 104|0x0000000088800000, 0x0000000088800000, 0x0000000088900000|  0%| F|  |TAMS 0x0000000088800000, 0x0000000088800000| Untracked 
| 105|0x0000000088900000, 0x0000000088900000, 0x0000000088a00000|  0%| F|  |TAMS 0x0000000088900000, 0x0000000088900000| Untracked 
| 106|0x0000000088a00000, 0x0000000088a00000, 0x0000000088b00000|  0%| F|  |TAMS 0x0000000088a00000, 0x0000000088a00000| Untracked 
| 107|0x0000000088b00000, 0x0000000088b00000, 0x0000000088c00000|  0%| F|  |TAMS 0x0000000088b00000, 0x0000000088b00000| Untracked 
| 108|0x0000000088c00000, 0x0000000088c00000, 0x0000000088d00000|  0%| F|  |TAMS 0x0000000088c00000, 0x0000000088c00000| Untracked 
| 109|0x0000000088d00000, 0x0000000088d00000, 0x0000000088e00000|  0%| F|  |TAMS 0x0000000088d00000, 0x0000000088d00000| Untracked 
| 110|0x0000000088e00000, 0x0000000088e00000, 0x0000000088f00000|  0%| F|  |TAMS 0x0000000088e00000, 0x0000000088e00000| Untracked 
| 111|0x0000000088f00000, 0x0000000088f00000, 0x0000000089000000|  0%| F|  |TAMS 0x0000000088f00000, 0x0000000088f00000| Untracked 
| 112|0x0000000089000000, 0x0000000089000000, 0x0000000089100000|  0%| F|  |TAMS 0x0000000089000000, 0x0000000089000000| Untracked 
| 113|0x0000000089100000, 0x0000000089100000, 0x0000000089200000|  0%| F|  |TAMS 0x0000000089100000, 0x0000000089100000| Untracked 
| 114|0x0000000089200000, 0x0000000089200000, 0x0000000089300000|  0%| F|  |TAMS 0x0000000089200000, 0x0000000089200000| Untracked 
| 115|0x0000000089300000, 0x0000000089300000, 0x0000000089400000|  0%| F|  |TAMS 0x0000000089300000, 0x0000000089300000| Untracked 
| 116|0x0000000089400000, 0x0000000089400000, 0x0000000089500000|  0%| F|  |TAMS 0x0000000089400000, 0x0000000089400000| Untracked 
| 117|0x0000000089500000, 0x0000000089500000, 0x0000000089600000|  0%| F|  |TAMS 0x0000000089500000, 0x0000000089500000| Untracked 
| 118|0x0000000089600000, 0x0000000089600000, 0x0000000089700000|  0%| F|  |TAMS 0x0000000089600000, 0x0000000089600000| Untracked 
| 119|0x0000000089700000, 0x0000000089700000, 0x0000000089800000|  0%| F|  |TAMS 0x0000000089700000, 0x0000000089700000| Untracked 
| 120|0x0000000089800000, 0x0000000089800000, 0x0000000089900000|  0%| F|  |TAMS 0x0000000089800000, 0x0000000089800000| Untracked 
| 121|0x0000000089900000, 0x0000000089900000, 0x0000000089a00000|  0%| F|  |TAMS 0x0000000089900000, 0x0000000089900000| Untracked 
| 122|0x0000000089a00000, 0x0000000089a00000, 0x0000000089b00000|  0%| F|  |TAMS 0x0000000089a00000, 0x0000000089a00000| Untracked 
| 123|0x0000000089b00000, 0x0000000089b00000, 0x0000000089c00000|  0%| F|  |TAMS 0x0000000089b00000, 0x0000000089b00000| Untracked 
| 124|0x0000000089c00000, 0x0000000089c00000, 0x0000000089d00000|  0%| F|  |TAMS 0x0000000089c00000, 0x0000000089c00000| Untracked 
| 125|0x0000000089d00000, 0x0000000089d00000, 0x0000000089e00000|  0%| F|  |TAMS 0x0000000089d00000, 0x0000000089d00000| Untracked 
| 126|0x0000000089e00000, 0x0000000089e00000, 0x0000000089f00000|  0%| F|  |TAMS 0x0000000089e00000, 0x0000000089e00000| Untracked 
| 127|0x0000000089f00000, 0x0000000089f00000, 0x000000008a000000|  0%| F|  |TAMS 0x0000000089f00000, 0x0000000089f00000| Untracked 
| 128|0x000000008a000000, 0x000000008a000000, 0x000000008a100000|  0%| F|  |TAMS 0x000000008a000000, 0x000000008a000000| Untracked 
| 129|0x000000008a100000, 0x000000008a100000, 0x000000008a200000|  0%| F|  |TAMS 0x000000008a100000, 0x000000008a100000| Untracked 
| 130|0x000000008a200000, 0x000000008a200000, 0x000000008a300000|  0%| F|  |TAMS 0x000000008a200000, 0x000000008a200000| Untracked 
| 131|0x000000008a300000, 0x000000008a300000, 0x000000008a400000|  0%| F|  |TAMS 0x000000008a300000, 0x000000008a300000| Untracked 
| 132|0x000000008a400000, 0x000000008a400000, 0x000000008a500000|  0%| F|  |TAMS 0x000000008a400000, 0x000000008a400000| Untracked 
| 133|0x000000008a500000, 0x000000008a500000, 0x000000008a600000|  0%| F|  |TAMS 0x000000008a500000, 0x000000008a500000| Untracked 
| 134|0x000000008a600000, 0x000000008a600000, 0x000000008a700000|  0%| F|  |TAMS 0x000000008a600000, 0x000000008a600000| Untracked 
| 135|0x000000008a700000, 0x000000008a700000, 0x000000008a800000|  0%| F|  |TAMS 0x000000008a700000, 0x000000008a700000| Untracked 
| 136|0x000000008a800000, 0x000000008a800000, 0x000000008a900000|  0%| F|  |TAMS 0x000000008a800000, 0x000000008a800000| Untracked 
| 137|0x000000008a900000, 0x000000008a900000, 0x000000008aa00000|  0%| F|  |TAMS 0x000000008a900000, 0x000000008a900000| Untracked 
| 138|0x000000008aa00000, 0x000000008aa00000, 0x000000008ab00000|  0%| F|  |TAMS 0x000000008aa00000, 0x000000008aa00000| Untracked 
| 139|0x000000008ab00000, 0x000000008ab00000, 0x000000008ac00000|  0%| F|  |TAMS 0x000000008ab00000, 0x000000008ab00000| Untracked 
| 140|0x000000008ac00000, 0x000000008ac00000, 0x000000008ad00000|  0%| F|  |TAMS 0x000000008ac00000, 0x000000008ac00000| Untracked 
| 141|0x000000008ad00000, 0x000000008ad00000, 0x000000008ae00000|  0%| F|  |TAMS 0x000000008ad00000, 0x000000008ad00000| Untracked 
| 142|0x000000008ae00000, 0x000000008ae00000, 0x000000008af00000|  0%| F|  |TAMS 0x000000008ae00000, 0x000000008ae00000| Untracked 
| 143|0x000000008af00000, 0x000000008af00000, 0x000000008b000000|  0%| F|  |TAMS 0x000000008af00000, 0x000000008af00000| Untracked 
| 144|0x000000008b000000, 0x000000008b000000, 0x000000008b100000|  0%| F|  |TAMS 0x000000008b000000, 0x000000008b000000| Untracked 
| 145|0x000000008b100000, 0x000000008b100000, 0x000000008b200000|  0%| F|  |TAMS 0x000000008b100000, 0x000000008b100000| Untracked 
| 146|0x000000008b200000, 0x000000008b200000, 0x000000008b300000|  0%| F|  |TAMS 0x000000008b200000, 0x000000008b200000| Untracked 
| 147|0x000000008b300000, 0x000000008b300000, 0x000000008b400000|  0%| F|  |TAMS 0x000000008b300000, 0x000000008b300000| Untracked 
| 148|0x000000008b400000, 0x000000008b400000, 0x000000008b500000|  0%| F|  |TAMS 0x000000008b400000, 0x000000008b400000| Untracked 
| 149|0x000000008b500000, 0x000000008b500000, 0x000000008b600000|  0%| F|  |TAMS 0x000000008b500000, 0x000000008b500000| Untracked 
| 150|0x000000008b600000, 0x000000008b600000, 0x000000008b700000|  0%| F|  |TAMS 0x000000008b600000, 0x000000008b600000| Untracked 
| 151|0x000000008b700000, 0x000000008b700000, 0x000000008b800000|  0%| F|  |TAMS 0x000000008b700000, 0x000000008b700000| Untracked 
| 152|0x000000008b800000, 0x000000008b800000, 0x000000008b900000|  0%| F|  |TAMS 0x000000008b800000, 0x000000008b800000| Untracked 
| 153|0x000000008b900000, 0x000000008b900000, 0x000000008ba00000|  0%| F|  |TAMS 0x000000008b900000, 0x000000008b900000| Untracked 
| 154|0x000000008ba00000, 0x000000008ba00000, 0x000000008bb00000|  0%| F|  |TAMS 0x000000008ba00000, 0x000000008ba00000| Untracked 
| 155|0x000000008bb00000, 0x000000008bb00000, 0x000000008bc00000|  0%| F|  |TAMS 0x000000008bb00000, 0x000000008bb00000| Untracked 
| 156|0x000000008bc00000, 0x000000008bc00000, 0x000000008bd00000|  0%| F|  |TAMS 0x000000008bc00000, 0x000000008bc00000| Untracked 
| 157|0x000000008bd00000, 0x000000008bd00000, 0x000000008be00000|  0%| F|  |TAMS 0x000000008bd00000, 0x000000008bd00000| Untracked 
| 158|0x000000008be00000, 0x000000008be00000, 0x000000008bf00000|  0%| F|  |TAMS 0x000000008be00000, 0x000000008be00000| Untracked 
| 159|0x000000008bf00000, 0x000000008bf00000, 0x000000008c000000|  0%| F|  |TAMS 0x000000008bf00000, 0x000000008bf00000| Untracked 
| 160|0x000000008c000000, 0x000000008c000000, 0x000000008c100000|  0%| F|  |TAMS 0x000000008c000000, 0x000000008c000000| Untracked 
| 161|0x000000008c100000, 0x000000008c100000, 0x000000008c200000|  0%| F|  |TAMS 0x000000008c100000, 0x000000008c100000| Untracked 
| 162|0x000000008c200000, 0x000000008c200000, 0x000000008c300000|  0%| F|  |TAMS 0x000000008c200000, 0x000000008c200000| Untracked 
| 163|0x000000008c300000, 0x000000008c300000, 0x000000008c400000|  0%| F|  |TAMS 0x000000008c300000, 0x000000008c300000| Untracked 
| 164|0x000000008c400000, 0x000000008c400000, 0x000000008c500000|  0%| F|  |TAMS 0x000000008c400000, 0x000000008c400000| Untracked 
| 165|0x000000008c500000, 0x000000008c500000, 0x000000008c600000|  0%| F|  |TAMS 0x000000008c500000, 0x000000008c500000| Untracked 
| 166|0x000000008c600000, 0x000000008c600000, 0x000000008c700000|  0%| F|  |TAMS 0x000000008c600000, 0x000000008c600000| Untracked 
| 167|0x000000008c700000, 0x000000008c700000, 0x000000008c800000|  0%| F|  |TAMS 0x000000008c700000, 0x000000008c700000| Untracked 
| 168|0x000000008c800000, 0x000000008c800000, 0x000000008c900000|  0%| F|  |TAMS 0x000000008c800000, 0x000000008c800000| Untracked 
| 169|0x000000008c900000, 0x000000008c900000, 0x000000008ca00000|  0%| F|  |TAMS 0x000000008c900000, 0x000000008c900000| Untracked 
| 170|0x000000008ca00000, 0x000000008ca00000, 0x000000008cb00000|  0%| F|  |TAMS 0x000000008ca00000, 0x000000008ca00000| Untracked 
| 171|0x000000008cb00000, 0x000000008cb00000, 0x000000008cc00000|  0%| F|  |TAMS 0x000000008cb00000, 0x000000008cb00000| Untracked 
| 172|0x000000008cc00000, 0x000000008cc00000, 0x000000008cd00000|  0%| F|  |TAMS 0x000000008cc00000, 0x000000008cc00000| Untracked 
| 173|0x000000008cd00000, 0x000000008cd00000, 0x000000008ce00000|  0%| F|  |TAMS 0x000000008cd00000, 0x000000008cd00000| Untracked 
| 174|0x000000008ce00000, 0x000000008ce00000, 0x000000008cf00000|  0%| F|  |TAMS 0x000000008ce00000, 0x000000008ce00000| Untracked 
| 175|0x000000008cf00000, 0x000000008cf00000, 0x000000008d000000|  0%| F|  |TAMS 0x000000008cf00000, 0x000000008cf00000| Untracked 
| 176|0x000000008d000000, 0x000000008d000000, 0x000000008d100000|  0%| F|  |TAMS 0x000000008d000000, 0x000000008d000000| Untracked 
| 177|0x000000008d100000, 0x000000008d100000, 0x000000008d200000|  0%| F|  |TAMS 0x000000008d100000, 0x000000008d100000| Untracked 
| 178|0x000000008d200000, 0x000000008d200000, 0x000000008d300000|  0%| F|  |TAMS 0x000000008d200000, 0x000000008d200000| Untracked 
| 179|0x000000008d300000, 0x000000008d300000, 0x000000008d400000|  0%| F|  |TAMS 0x000000008d300000, 0x000000008d300000| Untracked 
| 180|0x000000008d400000, 0x000000008d400000, 0x000000008d500000|  0%| F|  |TAMS 0x000000008d400000, 0x000000008d400000| Untracked 
| 181|0x000000008d500000, 0x000000008d500000, 0x000000008d600000|  0%| F|  |TAMS 0x000000008d500000, 0x000000008d500000| Untracked 
| 182|0x000000008d600000, 0x000000008d600000, 0x000000008d700000|  0%| F|  |TAMS 0x000000008d600000, 0x000000008d600000| Untracked 
| 183|0x000000008d700000, 0x000000008d700000, 0x000000008d800000|  0%| F|  |TAMS 0x000000008d700000, 0x000000008d700000| Untracked 
| 184|0x000000008d800000, 0x000000008d800000, 0x000000008d900000|  0%| F|  |TAMS 0x000000008d800000, 0x000000008d800000| Untracked 
| 185|0x000000008d900000, 0x000000008d900000, 0x000000008da00000|  0%| F|  |TAMS 0x000000008d900000, 0x000000008d900000| Untracked 
| 186|0x000000008da00000, 0x000000008da00000, 0x000000008db00000|  0%| F|  |TAMS 0x000000008da00000, 0x000000008da00000| Untracked 
| 187|0x000000008db00000, 0x000000008db00000, 0x000000008dc00000|  0%| F|  |TAMS 0x000000008db00000, 0x000000008db00000| Untracked 
| 188|0x000000008dc00000, 0x000000008dc00000, 0x000000008dd00000|  0%| F|  |TAMS 0x000000008dc00000, 0x000000008dc00000| Untracked 
| 189|0x000000008dd00000, 0x000000008dd00000, 0x000000008de00000|  0%| F|  |TAMS 0x000000008dd00000, 0x000000008dd00000| Untracked 
| 190|0x000000008de00000, 0x000000008de00000, 0x000000008df00000|  0%| F|  |TAMS 0x000000008de00000, 0x000000008de00000| Untracked 
| 191|0x000000008df00000, 0x000000008df00000, 0x000000008e000000|  0%| F|  |TAMS 0x000000008df00000, 0x000000008df00000| Untracked 
| 192|0x000000008e000000, 0x000000008e000000, 0x000000008e100000|  0%| F|  |TAMS 0x000000008e000000, 0x000000008e000000| Untracked 
| 193|0x000000008e100000, 0x000000008e100000, 0x000000008e200000|  0%| F|  |TAMS 0x000000008e100000, 0x000000008e100000| Untracked 
| 194|0x000000008e200000, 0x000000008e200000, 0x000000008e300000|  0%| F|  |TAMS 0x000000008e200000, 0x000000008e200000| Untracked 
| 195|0x000000008e300000, 0x000000008e300000, 0x000000008e400000|  0%| F|  |TAMS 0x000000008e300000, 0x000000008e300000| Untracked 
| 196|0x000000008e400000, 0x000000008e400000, 0x000000008e500000|  0%| F|  |TAMS 0x000000008e400000, 0x000000008e400000| Untracked 
| 197|0x000000008e500000, 0x000000008e500000, 0x000000008e600000|  0%| F|  |TAMS 0x000000008e500000, 0x000000008e500000| Untracked 
| 198|0x000000008e600000, 0x000000008e600000, 0x000000008e700000|  0%| F|  |TAMS 0x000000008e600000, 0x000000008e600000| Untracked 
| 199|0x000000008e700000, 0x000000008e700000, 0x000000008e800000|  0%| F|  |TAMS 0x000000008e700000, 0x000000008e700000| Untracked 
| 200|0x000000008e800000, 0x000000008e800000, 0x000000008e900000|  0%| F|  |TAMS 0x000000008e800000, 0x000000008e800000| Untracked 
| 201|0x000000008e900000, 0x000000008e900000, 0x000000008ea00000|  0%| F|  |TAMS 0x000000008e900000, 0x000000008e900000| Untracked 
| 202|0x000000008ea00000, 0x000000008ea00000, 0x000000008eb00000|  0%| F|  |TAMS 0x000000008ea00000, 0x000000008ea00000| Untracked 
| 203|0x000000008eb00000, 0x000000008eb00000, 0x000000008ec00000|  0%| F|  |TAMS 0x000000008eb00000, 0x000000008eb00000| Untracked 
| 204|0x000000008ec00000, 0x000000008ec00000, 0x000000008ed00000|  0%| F|  |TAMS 0x000000008ec00000, 0x000000008ec00000| Untracked 
| 205|0x000000008ed00000, 0x000000008ed00000, 0x000000008ee00000|  0%| F|  |TAMS 0x000000008ed00000, 0x000000008ed00000| Untracked 
| 206|0x000000008ee00000, 0x000000008ee00000, 0x000000008ef00000|  0%| F|  |TAMS 0x000000008ee00000, 0x000000008ee00000| Untracked 
| 207|0x000000008ef00000, 0x000000008ef00000, 0x000000008f000000|  0%| F|  |TAMS 0x000000008ef00000, 0x000000008ef00000| Untracked 
| 208|0x000000008f000000, 0x000000008f000000, 0x000000008f100000|  0%| F|  |TAMS 0x000000008f000000, 0x000000008f000000| Untracked 
| 209|0x000000008f100000, 0x000000008f100000, 0x000000008f200000|  0%| F|  |TAMS 0x000000008f100000, 0x000000008f100000| Untracked 
| 210|0x000000008f200000, 0x000000008f200000, 0x000000008f300000|  0%| F|  |TAMS 0x000000008f200000, 0x000000008f200000| Untracked 
| 211|0x000000008f300000, 0x000000008f300000, 0x000000008f400000|  0%| F|  |TAMS 0x000000008f300000, 0x000000008f300000| Untracked 
| 212|0x000000008f400000, 0x000000008f400000, 0x000000008f500000|  0%| F|  |TAMS 0x000000008f400000, 0x000000008f400000| Untracked 
| 213|0x000000008f500000, 0x000000008f500000, 0x000000008f600000|  0%| F|  |TAMS 0x000000008f500000, 0x000000008f500000| Untracked 
| 214|0x000000008f600000, 0x000000008f600000, 0x000000008f700000|  0%| F|  |TAMS 0x000000008f600000, 0x000000008f600000| Untracked 
| 215|0x000000008f700000, 0x000000008f700000, 0x000000008f800000|  0%| F|  |TAMS 0x000000008f700000, 0x000000008f700000| Untracked 
| 216|0x000000008f800000, 0x000000008f800000, 0x000000008f900000|  0%| F|  |TAMS 0x000000008f800000, 0x000000008f800000| Untracked 
| 217|0x000000008f900000, 0x000000008f900000, 0x000000008fa00000|  0%| F|  |TAMS 0x000000008f900000, 0x000000008f900000| Untracked 
| 218|0x000000008fa00000, 0x000000008fa00000, 0x000000008fb00000|  0%| F|  |TAMS 0x000000008fa00000, 0x000000008fa00000| Untracked 
| 219|0x000000008fb00000, 0x000000008fb00000, 0x000000008fc00000|  0%| F|  |TAMS 0x000000008fb00000, 0x000000008fb00000| Untracked 
| 220|0x000000008fc00000, 0x000000008fc00000, 0x000000008fd00000|  0%| F|  |TAMS 0x000000008fc00000, 0x000000008fc00000| Untracked 
| 221|0x000000008fd00000, 0x000000008fd00000, 0x000000008fe00000|  0%| F|  |TAMS 0x000000008fd00000, 0x000000008fd00000| Untracked 
| 222|0x000000008fe00000, 0x000000008fe00000, 0x000000008ff00000|  0%| F|  |TAMS 0x000000008fe00000, 0x000000008fe00000| Untracked 
| 223|0x000000008ff00000, 0x000000008ff00000, 0x0000000090000000|  0%| F|  |TAMS 0x000000008ff00000, 0x000000008ff00000| Untracked 
| 224|0x0000000090000000, 0x0000000090000000, 0x0000000090100000|  0%| F|  |TAMS 0x0000000090000000, 0x0000000090000000| Untracked 
| 225|0x0000000090100000, 0x0000000090100000, 0x0000000090200000|  0%| F|  |TAMS 0x0000000090100000, 0x0000000090100000| Untracked 
| 226|0x0000000090200000, 0x0000000090200000, 0x0000000090300000|  0%| F|  |TAMS 0x0000000090200000, 0x0000000090200000| Untracked 
| 227|0x0000000090300000, 0x0000000090300000, 0x0000000090400000|  0%| F|  |TAMS 0x0000000090300000, 0x0000000090300000| Untracked 
| 228|0x0000000090400000, 0x0000000090400000, 0x0000000090500000|  0%| F|  |TAMS 0x0000000090400000, 0x0000000090400000| Untracked 
| 229|0x0000000090500000, 0x0000000090500000, 0x0000000090600000|  0%| F|  |TAMS 0x0000000090500000, 0x0000000090500000| Untracked 
| 230|0x0000000090600000, 0x0000000090600000, 0x0000000090700000|  0%| F|  |TAMS 0x0000000090600000, 0x0000000090600000| Untracked 
| 231|0x0000000090700000, 0x0000000090700000, 0x0000000090800000|  0%| F|  |TAMS 0x0000000090700000, 0x0000000090700000| Untracked 
| 232|0x0000000090800000, 0x0000000090900000, 0x0000000090900000|100%| E|  |TAMS 0x0000000090800000, 0x0000000090800000| Complete 
| 233|0x0000000090900000, 0x0000000090905230, 0x0000000090a00000|  2%| S|CS|TAMS 0x0000000090900000, 0x0000000090900000| Complete 
| 234|0x0000000090a00000, 0x0000000090b00000, 0x0000000090b00000|100%| E|CS|TAMS 0x0000000090a00000, 0x0000000090a00000| Complete 
| 235|0x0000000090b00000, 0x0000000090c00000, 0x0000000090c00000|100%| E|CS|TAMS 0x0000000090b00000, 0x0000000090b00000| Complete 
| 236|0x0000000090c00000, 0x0000000090d00000, 0x0000000090d00000|100%| E|CS|TAMS 0x0000000090c00000, 0x0000000090c00000| Complete 
|2013|0x00000000ffd00000, 0x00000000ffe00000, 0x00000000ffe00000|100%| O|  |TAMS 0x00000000ffe00000, 0x00000000ffe00000| Untracked 
|2014|0x00000000ffe00000, 0x00000000fff00000, 0x00000000fff00000|100%| O|  |TAMS 0x00000000fff00000, 0x00000000fff00000| Untracked 
|2015|0x00000000fff00000, 0x0000000100000000, 0x0000000100000000|100%| O|  |TAMS 0x0000000100000000, 0x0000000100000000| Untracked 

Card table byte_map: [0x0000025034f00000,0x00000250352f0000] _byte_map_base: 0x0000025034af0000

Marking Bits (Prev, Next): (CMBitMap*) 0x000002501e230230, (CMBitMap*) 0x000002501e2301f0
 Prev Bits: [0x0000025037660000, 0x00000250395e0000)
 Next Bits: [0x00000250356e0000, 0x0000025037660000)

Polling page: 0x000002501c020000

Metaspace:

Usage:
  Non-class:     22.06 MB used.
      Class:      3.39 MB used.
       Both:     25.46 MB used.

Virtual space:
  Non-class space:       64.00 MB reserved,      22.25 MB ( 35%) committed,  1 nodes.
      Class space:        1.00 GB reserved,       3.56 MB ( <1%) committed,  1 nodes.
             Both:        1.06 GB reserved,      25.81 MB (  2%) committed. 

Chunk freelists:
   Non-Class:  832.00 KB
       Class:  432.00 KB
        Both:  1.23 MB

MaxMetaspaceSize: unlimited
CompressedClassSpaceSize: 1.00 GB
Initial GC threshold: 21.00 MB
Current GC threshold: 42.62 MB
CDS: on
MetaspaceReclaimPolicy: balanced
 - commit_granule_bytes: 65536.
 - commit_granule_words: 8192.
 - virtual_space_node_default_size: 8388608.
 - enlarge_chunks_in_place: 1.
 - new_chunks_are_fully_committed: 0.
 - uncommit_free_chunks: 1.
 - use_allocation_guard: 0.


Internal statistics:

num_allocs_failed_limit: 3.
num_arena_births: 406.
num_arena_deaths: 0.
num_vsnodes_births: 2.
num_vsnodes_deaths: 0.
num_space_committed: 413.
num_space_uncommitted: 0.
num_chunks_returned_to_freelist: 3.
num_chunks_taken_from_freelist: 1223.
num_chunk_merges: 3.
num_chunk_splits: 836.
num_chunks_enlarged: 623.
num_inconsistent_stats: 0.

CodeHeap 'non-profiled nmethods': size=120000Kb used=2212Kb max_used=2212Kb free=117787Kb
 bounds [0x000002502d5e0000, 0x000002502d850000, 0x0000025034b10000]
CodeHeap 'profiled nmethods': size=120000Kb used=10428Kb max_used=10428Kb free=109571Kb
 bounds [0x00000250260b0000, 0x0000025026ae0000, 0x000002502d5e0000]
CodeHeap 'non-nmethods': size=5760Kb used=1733Kb max_used=1750Kb free=4026Kb
 bounds [0x0000025025b10000, 0x0000025025d80000, 0x00000250260b0000]
 total_blobs=6035 nmethods=4857 adapters=1088
 compilation: enabled
              stopped_count=0, restarted_count=0
 full_count=0

Compilation events (20 events):
Event: 39.822 Thread 0x000002503ba62d60 nmethod 4868 0x000002502d804d10 code [0x000002502d804ea0, 0x000002502d804fd8]
Event: 39.829 Thread 0x000002503ba673d0 4869       3       com.sun.javafx.sg.prism.NGNode::getOpaqueRegion (173 bytes)
Event: 39.830 Thread 0x000002503ba673d0 nmethod 4869 0x0000025026adc110 code [0x0000025026adc3a0, 0x0000025026add058]
Event: 39.835 Thread 0x000002503ba62d60 4870       4       com.sun.javafx.geom.RectBounds::setBounds (33 bytes)
Event: 39.836 Thread 0x000002503ba62d60 nmethod 4870 0x000002502d805110 code [0x000002502d805280, 0x000002502d805338]
Event: 39.841 Thread 0x000002503ba62d60 4871   !   4       com.sun.javafx.sg.prism.NGGroup::renderContent (422 bytes)
Event: 39.866 Thread 0x000002503ba62d60 nmethod 4871 0x000002502d805410 code [0x000002502d805660, 0x000002502d805ee0]
Event: 43.341 Thread 0x000002503ba673d0 4872   !   3       jdk.internal.loader.URLClassPath$JarLoader::getResource (65 bytes)
Event: 43.342 Thread 0x000002503ba673d0 nmethod 4872 0x0000025026add390 code [0x0000025026add5e0, 0x0000025026ade068]
Event: 44.149 Thread 0x000002503ba673d0 4873       3       javafx.scene.Scene$MouseHandler::clearPDREventTargets (55 bytes)
Event: 44.150 Thread 0x000002503ba673d0 nmethod 4873 0x0000025026ade390 code [0x0000025026ade580, 0x0000025026adec28]
Event: 44.158 Thread 0x000002503ba62d60 4874       4       com.sun.javafx.geom.transform.Translate2D::inverseTransform (48 bytes)
Event: 44.158 Thread 0x000002503ba62d60 nmethod 4874 0x000002502d806a10 code [0x000002502d806b80, 0x000002502d806c58]
Event: 44.159 Thread 0x000002503ba62d60 4875       4       javafx.scene.Node::localToScene (21 bytes)
Event: 44.166 Thread 0x000002503ba673d0 4876       3       javafx.scene.input.MouseEvent::copyFor (17 bytes)
Event: 44.166 Thread 0x000002503ba673d0 nmethod 4876 0x0000025026adee10 code [0x0000025026adefc0, 0x0000025026adf1e8]
Event: 44.167 Thread 0x000002503ba62d60 nmethod 4875 0x000002502d806d10 code [0x000002502d806f00, 0x000002502d807368]
Event: 45.239 Thread 0x000002503ba62d60 4877       4       javafx.scene.control.Control::getCssMetaData (199 bytes)
Event: 45.291 Thread 0x000002503ba62d60 nmethod 4877 0x000002502d807810 code [0x000002502d807a60, 0x000002502d808900]
Event: 55.761 Thread 0x000002503ba62d60 4878 %     4       jdk.internal.org.objectweb.asm.ClassReader::readUtf @ 18 (161 bytes)

GC Heap History (20 events):
Event: 24.075 GC heap before
{Heap before GC invocations=20 (full 0):
 garbage-first heap   total 245760K, used 108867K [0x0000000082000000, 0x0000000100000000)
  region size 1024K, 3 young (3072K), 1 survivors (1024K)
 Metaspace       used 25954K, committed 26304K, reserved 1114112K
  class space    used 3473K, committed 3648K, reserved 1048576K
}
Event: 24.077 GC heap after
{Heap after GC invocations=21 (full 0):
 garbage-first heap   total 245760K, used 57667K [0x0000000082000000, 0x0000000100000000)
  region size 1024K, 1 young (1024K), 1 survivors (1024K)
 Metaspace       used 25954K, committed 26304K, reserved 1114112K
  class space    used 3473K, committed 3648K, reserved 1048576K
}
Event: 25.845 GC heap before
{Heap before GC invocations=21 (full 0):
 garbage-first heap   total 245760K, used 109891K [0x0000000082000000, 0x0000000100000000)
  region size 1024K, 3 young (3072K), 1 survivors (1024K)
 Metaspace       used 25955K, committed 26304K, reserved 1114112K
  class space    used 3473K, committed 3648K, reserved 1048576K
}
Event: 25.847 GC heap after
{Heap after GC invocations=22 (full 0):
 garbage-first heap   total 245760K, used 54581K [0x0000000082000000, 0x0000000100000000)
  region size 1024K, 1 young (1024K), 1 survivors (1024K)
 Metaspace       used 25955K, committed 26304K, reserved 1114112K
  class space    used 3473K, committed 3648K, reserved 1048576K
}
Event: 27.175 GC heap before
{Heap before GC invocations=22 (full 0):
 garbage-first heap   total 245760K, used 108853K [0x0000000082000000, 0x0000000100000000)
  region size 1024K, 3 young (3072K), 1 survivors (1024K)
 Metaspace       used 25955K, committed 26304K, reserved 1114112K
  class space    used 3473K, committed 3648K, reserved 1048576K
}
Event: 27.177 GC heap after
{Heap after GC invocations=23 (full 0):
 garbage-first heap   total 245760K, used 54596K [0x0000000082000000, 0x0000000100000000)
  region size 1024K, 1 young (1024K), 1 survivors (1024K)
 Metaspace       used 25955K, committed 26304K, reserved 1114112K
  class space    used 3473K, committed 3648K, reserved 1048576K
}
Event: 28.952 GC heap before
{Heap before GC invocations=23 (full 0):
 garbage-first heap   total 245760K, used 108868K [0x0000000082000000, 0x0000000100000000)
  region size 1024K, 3 young (3072K), 1 survivors (1024K)
 Metaspace       used 25959K, committed 26304K, reserved 1114112K
  class space    used 3473K, committed 3648K, reserved 1048576K
}
Event: 28.953 GC heap after
{Heap after GC invocations=24 (full 0):
 garbage-first heap   total 245760K, used 54611K [0x0000000082000000, 0x0000000100000000)
  region size 1024K, 1 young (1024K), 1 survivors (1024K)
 Metaspace       used 25959K, committed 26304K, reserved 1114112K
  class space    used 3473K, committed 3648K, reserved 1048576K
}
Event: 30.539 GC heap before
{Heap before GC invocations=24 (full 0):
 garbage-first heap   total 245760K, used 109907K [0x0000000082000000, 0x0000000100000000)
  region size 1024K, 3 young (3072K), 1 survivors (1024K)
 Metaspace       used 25961K, committed 26304K, reserved 1114112K
  class space    used 3473K, committed 3648K, reserved 1048576K
}
Event: 30.540 GC heap after
{Heap after GC invocations=25 (full 0):
 garbage-first heap   total 245760K, used 57673K [0x0000000082000000, 0x0000000100000000)
  region size 1024K, 1 young (1024K), 1 survivors (1024K)
 Metaspace       used 25961K, committed 26304K, reserved 1114112K
  class space    used 3473K, committed 3648K, reserved 1048576K
}
Event: 31.814 GC heap before
{Heap before GC invocations=25 (full 0):
 garbage-first heap   total 245760K, used 108873K [0x0000000082000000, 0x0000000100000000)
  region size 1024K, 3 young (3072K), 1 survivors (1024K)
 Metaspace       used 25962K, committed 26304K, reserved 1114112K
  class space    used 3473K, committed 3648K, reserved 1048576K
}
Event: 31.815 GC heap after
{Heap after GC invocations=26 (full 0):
 garbage-first heap   total 245760K, used 54602K [0x0000000082000000, 0x0000000100000000)
  region size 1024K, 1 young (1024K), 1 survivors (1024K)
 Metaspace       used 25962K, committed 26304K, reserved 1114112K
  class space    used 3473K, committed 3648K, reserved 1048576K
}
Event: 33.558 GC heap before
{Heap before GC invocations=26 (full 0):
 garbage-first heap   total 245760K, used 108874K [0x0000000082000000, 0x0000000100000000)
  region size 1024K, 3 young (3072K), 1 survivors (1024K)
 Metaspace       used 25967K, committed 26304K, reserved 1114112K
  class space    used 3473K, committed 3648K, reserved 1048576K
}
Event: 33.560 GC heap after
{Heap after GC invocations=27 (full 0):
 garbage-first heap   total 245760K, used 54620K [0x0000000082000000, 0x0000000100000000)
  region size 1024K, 1 young (1024K), 1 survivors (1024K)
 Metaspace       used 25967K, committed 26304K, reserved 1114112K
  class space    used 3473K, committed 3648K, reserved 1048576K
}
Event: 35.136 GC heap before
{Heap before GC invocations=27 (full 0):
 garbage-first heap   total 245760K, used 109916K [0x0000000082000000, 0x0000000100000000)
  region size 1024K, 3 young (3072K), 1 survivors (1024K)
 Metaspace       used 26034K, committed 26368K, reserved 1114112K
  class space    used 3473K, committed 3648K, reserved 1048576K
}
Event: 35.137 GC heap after
{Heap after GC invocations=28 (full 0):
 garbage-first heap   total 245760K, used 57675K [0x0000000082000000, 0x0000000100000000)
  region size 1024K, 1 young (1024K), 1 survivors (1024K)
 Metaspace       used 26034K, committed 26368K, reserved 1114112K
  class space    used 3473K, committed 3648K, reserved 1048576K
}
Event: 36.082 GC heap before
{Heap before GC invocations=28 (full 0):
 garbage-first heap   total 245760K, used 108875K [0x0000000082000000, 0x0000000100000000)
  region size 1024K, 3 young (3072K), 1 survivors (1024K)
 Metaspace       used 26036K, committed 26368K, reserved 1114112K
  class space    used 3473K, committed 3648K, reserved 1048576K
}
Event: 36.083 GC heap after
{Heap after GC invocations=29 (full 0):
 garbage-first heap   total 245760K, used 54601K [0x0000000082000000, 0x0000000100000000)
  region size 1024K, 1 young (1024K), 1 survivors (1024K)
 Metaspace       used 26036K, committed 26368K, reserved 1114112K
  class space    used 3473K, committed 3648K, reserved 1048576K
}
Event: 37.510 GC heap before
{Heap before GC invocations=29 (full 0):
 garbage-first heap   total 245760K, used 108873K [0x0000000082000000, 0x0000000100000000)
  region size 1024K, 3 young (3072K), 1 survivors (1024K)
 Metaspace       used 26044K, committed 26368K, reserved 1114112K
  class space    used 3473K, committed 3648K, reserved 1048576K
}
Event: 37.511 GC heap after
{Heap after GC invocations=30 (full 0):
 garbage-first heap   total 245760K, used 54604K [0x0000000082000000, 0x0000000100000000)
  region size 1024K, 1 young (1024K), 1 survivors (1024K)
 Metaspace       used 26044K, committed 26368K, reserved 1114112K
  class space    used 3473K, committed 3648K, reserved 1048576K
}

Deoptimization events (20 events):
Event: 18.631 Thread 0x0000025040e81870 DEOPT PACKING pc=0x0000025026a70c89 sp=0x000000a7b01fed90
Event: 18.631 Thread 0x0000025040e81870 DEOPT UNPACKING pc=0x0000025025b62b43 sp=0x000000a7b01fe238 mode 0
Event: 19.036 Thread 0x0000025040e81870 Uncommon trap: trap_request=0xffffff45 fr.pc=0x000002502d7d8ee8 relative=0x0000000000000948
Event: 19.036 Thread 0x0000025040e81870 Uncommon trap: reason=unstable_if action=reinterpret pc=0x000002502d7d8ee8 method=com.sun.javafx.image.impl.IntTo4ByteSameConverter.doConvert([III[BIIII)V @ 29 c2
Event: 19.036 Thread 0x0000025040e81870 DEOPT PACKING pc=0x000002502d7d8ee8 sp=0x000000a7b01fed00
Event: 19.036 Thread 0x0000025040e81870 DEOPT UNPACKING pc=0x0000025025b623a3 sp=0x000000a7b01fed38 mode 2
Event: 19.585 Thread 0x0000025040e81870 DEOPT PACKING pc=0x0000025026a78009 sp=0x000000a7b01fed90
Event: 19.585 Thread 0x0000025040e81870 DEOPT UNPACKING pc=0x0000025025b62b43 sp=0x000000a7b01fe238 mode 0
Event: 19.897 Thread 0x0000025040e81870 DEOPT PACKING pc=0x0000025026a78009 sp=0x000000a7b01fed90
Event: 19.897 Thread 0x0000025040e81870 DEOPT UNPACKING pc=0x0000025025b62b43 sp=0x000000a7b01fe238 mode 0
Event: 20.183 Thread 0x0000025040e81870 DEOPT PACKING pc=0x0000025026a78009 sp=0x000000a7b01fed90
Event: 20.183 Thread 0x0000025040e81870 DEOPT UNPACKING pc=0x0000025025b62b43 sp=0x000000a7b01fe238 mode 0
Event: 20.514 Thread 0x0000025040e81870 DEOPT PACKING pc=0x0000025026a78009 sp=0x000000a7b01fed90
Event: 20.514 Thread 0x0000025040e81870 DEOPT UNPACKING pc=0x0000025025b62b43 sp=0x000000a7b01fe238 mode 0
Event: 20.836 Thread 0x0000025040e81870 DEOPT PACKING pc=0x0000025026a78009 sp=0x000000a7b01fed90
Event: 20.836 Thread 0x0000025040e81870 DEOPT UNPACKING pc=0x0000025025b62b43 sp=0x000000a7b01fe238 mode 0
Event: 45.225 Thread 0x000002501c041180 Uncommon trap: trap_request=0xffffff45 fr.pc=0x000002502d791e78 relative=0x0000000000000078
Event: 45.225 Thread 0x000002501c041180 Uncommon trap: reason=unstable_if action=reinterpret pc=0x000002502d791e78 method=java.lang.Math.round(F)I @ 23 c2
Event: 45.225 Thread 0x000002501c041180 DEOPT PACKING pc=0x000002502d791e78 sp=0x000000a7aeffd370
Event: 45.225 Thread 0x000002501c041180 DEOPT UNPACKING pc=0x0000025025b623a3 sp=0x000000a7aeffd2f0 mode 2

Classes loaded (20 events):
Event: 18.272 Loading class java/security/spec/InvalidKeySpecException
Event: 18.272 Loading class java/security/spec/InvalidKeySpecException done
Event: 18.272 Loading class java/security/spec/KeySpec
Event: 18.272 Loading class java/security/spec/KeySpec done
Event: 18.273 Loading class javax/net/ssl/SSLSocket
Event: 18.273 Loading class javax/net/ssl/SSLSocket done
Event: 18.273 Loading class java/security/UnrecoverableKeyException
Event: 18.273 Loading class java/security/UnrecoverableEntryException
Event: 18.273 Loading class java/security/UnrecoverableEntryException done
Event: 18.273 Loading class java/security/UnrecoverableKeyException done
Event: 18.273 Loading class java/security/KeyStoreException
Event: 18.273 Loading class java/security/KeyStoreException done
Event: 18.273 Loading class java/security/cert/CertificateException
Event: 18.273 Loading class java/security/cert/CertificateException done
Event: 18.273 Loading class java/security/KeyManagementException
Event: 18.274 Loading class java/security/KeyManagementException done
Event: 18.274 Loading class javax/net/ssl/TrustManager
Event: 18.274 Loading class javax/net/ssl/TrustManager done
Event: 55.757 Loading class jdk/internal/misc/Signal$1
Event: 55.757 Loading class jdk/internal/misc/Signal$1 done

Classes unloaded (0 events):
No events

Classes redefined (0 events):
No events

Internal exceptions (20 events):
Event: 3.936 Thread 0x000002501c041180 Exception <a 'java/lang/ClassNotFoundException'{0x00000000898e96c8}: com/sun/javafx/scene/control/skin/resources/controls-nt> (0x00000000898e96c8) 
thrown [s\open\src\hotspot\share\prims\jni.cpp, line 535]
Event: 3.937 Thread 0x000002501c041180 Exception <a 'java/lang/ClassNotFoundException'{0x00000000898f2168}: com/sun/javafx/scene/control/skin/resources/controls-nt_en> (0x00000000898f2168) 
thrown [s\open\src\hotspot\share\prims\jni.cpp, line 535]
Event: 3.938 Thread 0x000002501c041180 Exception <a 'java/lang/ClassNotFoundException'{0x00000000898f3108}: com/sun/javafx/scene/control/skin/resources/controls-nt_en_US> (0x00000000898f3108) 
thrown [s\open\src\hotspot\share\prims\jni.cpp, line 535]
Event: 4.232 Thread 0x000002501c041180 Exception <a 'java/lang/ClassNotFoundException'{0x000000008932da18}: com/sun/javafx/scene/control/skin/resources/controls> (0x000000008932da18) 
thrown [s\open\src\hotspot\share\prims\jni.cpp, line 535]
Event: 4.241 Thread 0x000002501c041180 Exception <a 'java/lang/ClassNotFoundException'{0x000000008933b9b8}: com/sun/javafx/scene/control/skin/resources/controls_en> (0x000000008933b9b8) 
thrown [s\open\src\hotspot\share\prims\jni.cpp, line 535]
Event: 4.242 Thread 0x000002501c041180 Exception <a 'java/lang/ClassNotFoundException'{0x000000008933c950}: com/sun/javafx/scene/control/skin/resources/controls_en_US> (0x000000008933c950) 
thrown [s\open\src\hotspot\share\prims\jni.cpp, line 535]
Event: 4.302 Thread 0x000002501c041180 Exception <a 'java/lang/NoSuchMethodError'{0x0000000089274b20}: 'java.lang.Object java.lang.invoke.DirectMethodHandle$Holder.invokeInterface(java.lang.Object, java.lang.Object, java.lang.Object)'> (0x0000000089274b20) 
thrown [s\open\src\hotspot\share\interpreter\linkResolver.cpp, line 766]
Event: 4.302 Thread 0x000002501c041180 Exception <a 'java/lang/IncompatibleClassChangeError'{0x00000000892781e0}: Found class java.lang.Object, but interface was expected> (0x00000000892781e0) 
thrown [s\open\src\hotspot\share\interpreter\linkResolver.cpp, line 833]
Event: 4.441 Thread 0x000002501c041180 Exception <a 'java/lang/NoSuchMethodError'{0x0000000088f14568}: 'int java.lang.invoke.DirectMethodHandle$Holder.invokeVirtual(java.lang.Object, java.lang.Object)'> (0x0000000088f14568) 
thrown [s\open\src\hotspot\share\interpreter\linkResolver.cpp, line 766]
Event: 4.587 Thread 0x000002501c041180 Exception <a 'java/lang/NoSuchMethodError'{0x0000000088ebad68}: 'int java.lang.invoke.DirectMethodHandle$Holder.invokeSpecial(java.lang.Object, java.lang.Object, int)'> (0x0000000088ebad68) 
thrown [s\open\src\hotspot\share\interpreter\linkResolver.cpp, line 766]
Event: 4.792 Thread 0x000002501c041180 Exception <a 'java/lang/NoSuchMethodError'{0x0000000088a73fb0}: 'void java.lang.invoke.DirectMethodHandle$Holder.invokeSpecial(java.lang.Object, java.lang.Object, java.lang.Object, java.lang.Object, java.lang.Object, java.lang.Object)'> (0x0000000088a73fb0) 
thrown [s\open\src\hotspot\share\interpreter\linkResolver.cpp, line 766]
Event: 5.030 Thread 0x000002501c041180 Exception <a 'java/lang/NoSuchMethodError'{0x0000000089d920a8}: 'void java.lang.invoke.DirectMethodHandle$Holder.invokeSpecialIFC(java.lang.Object, java.lang.Object, java.lang.Object, java.lang.Object)'> (0x0000000089d920a8) 
thrown [s\open\src\hotspot\share\interpreter\linkResolver.cpp, line 766]
Event: 5.845 Thread 0x000002501c041180 Exception <a 'java/lang/NoSuchMethodError'{0x0000000083a720a0}: 'java.lang.Object java.lang.invoke.DirectMethodHandle$Holder.newInvokeSpecial(java.lang.Object, java.lang.Object, int)'> (0x0000000083a720a0) 
thrown [s\open\src\hotspot\share\interpreter\linkResolver.cpp, line 766]
Event: 6.101 Thread 0x00000250406c9230 Exception <a 'java/lang/NoSuchMethodError'{0x000000008379c210}: 'int java.lang.invoke.DirectMethodHandle$Holder.invokeStaticInit(java.lang.Object, java.lang.Object)'> (0x000000008379c210) 
thrown [s\open\src\hotspot\share\interpreter\linkResolver.cpp, line 766]
Event: 6.379 Thread 0x00000250406c9230 Exception <a 'java/lang/NoSuchMethodError'{0x00000000834f40f0}: 'java.lang.Object java.lang.invoke.DirectMethodHandle$Holder.invokeStaticInit(java.lang.Object, int)'> (0x00000000834f40f0) 
thrown [s\open\src\hotspot\share\interpreter\linkResolver.cpp, line 766]
Event: 9.940 Thread 0x000002501c041180 Exception <a 'java/lang/NoSuchMethodError'{0x0000000089d01080}: 'long java.lang.invoke.DirectMethodHandle$Holder.invokeStatic(java.lang.Object, java.lang.Object, java.lang.Object)'> (0x0000000089d01080) 
thrown [s\open\src\hotspot\share\interpreter\linkResolver.cpp, line 766]
Event: 9.941 Thread 0x000002501c041180 Exception <a 'java/lang/NoSuchMethodError'{0x0000000089d04820}: 'long java.lang.invoke.DirectMethodHandle$Holder.invokeStaticInit(java.lang.Object, java.lang.Object, java.lang.Object)'> (0x0000000089d04820) 
thrown [s\open\src\hotspot\share\interpreter\linkResolver.cpp, line 766]
Event: 9.945 Thread 0x000002501c041180 Exception <a 'java/lang/NoSuchMethodError'{0x0000000089d1d278}: 'java.lang.Object java.lang.invoke.DirectMethodHandle$Holder.newInvokeSpecial(java.lang.Object, java.lang.Object, long)'> (0x0000000089d1d278) 
thrown [s\open\src\hotspot\share\interpreter\linkResolver.cpp, line 766]
Event: 9.946 Thread 0x000002501c041180 Exception <a 'java/lang/NoSuchMethodError'{0x0000000089d21048}: 'java.lang.Object java.lang.invoke.Invokers$Holder.linkToTargetMethod(java.lang.Object, long, java.lang.Object)'> (0x0000000089d21048) 
thrown [s\open\src\hotspot\share\interpreter\linkResolver.cpp, line 766]
Event: 21.627 Thread 0x0000025040e83080 Exception <a 'org/opencv/core/CvException'{0x0000000090a838a0}: cv::Exception: OpenCV(4.5.5) C:\build\master_winpack-bindings-win64-vc14-static\opencv\modules\imgproc\src\color.cpp:182: error: (-215:Assertion failed) !_src.empty() in function 'cv::cvtColor'
> (0x0000000090a838a0) 
thrown [s\open\src\hotspot\share\prims\jni.cpp, line 535]

VM Operations (20 events):
Event: 30.540 Executing VM operation: G1TryInitiateConcMark done
Event: 31.814 Executing VM operation: G1TryInitiateConcMark
Event: 31.815 Executing VM operation: G1TryInitiateConcMark done
Event: 33.558 Executing VM operation: G1TryInitiateConcMark
Event: 33.561 Executing VM operation: G1TryInitiateConcMark done
Event: 34.561 Executing VM operation: Cleanup
Event: 34.561 Executing VM operation: Cleanup done
Event: 35.136 Executing VM operation: G1TryInitiateConcMark
Event: 35.137 Executing VM operation: G1TryInitiateConcMark done
Event: 36.082 Executing VM operation: G1TryInitiateConcMark
Event: 36.083 Executing VM operation: G1TryInitiateConcMark done
Event: 37.509 Executing VM operation: G1TryInitiateConcMark
Event: 37.511 Executing VM operation: G1TryInitiateConcMark done
Event: 39.512 Executing VM operation: Cleanup
Event: 39.512 Executing VM operation: Cleanup done
Event: 44.732 Executing VM operation: Cleanup
Event: 44.733 Executing VM operation: Cleanup done
Event: 45.733 Executing VM operation: Cleanup
Event: 45.733 Executing VM operation: Cleanup done
Event: 55.763 Executing VM operation: Exit

Events (20 events):
Event: 4.104 Thread 0x0000025040d7fa50 Thread exited: 0x0000025040d7fa50
Event: 4.468 Thread 0x00000250413a4690 Thread added: 0x00000250413a4690
Event: 6.157 Thread 0x0000025040e82210 Thread added: 0x0000025040e82210
Event: 7.958 Thread 0x00000250413a4690 Thread exited: 0x00000250413a4690
Event: 11.482 Thread 0x0000025040e83080 Thread added: 0x0000025040e83080
Event: 15.306 Thread 0x000002504b403070 Thread added: 0x000002504b403070
Event: 15.550 Thread 0x000002504b403070 Thread exited: 0x000002504b403070
Event: 17.364 Thread 0x0000025040e81870 Thread added: 0x0000025040e81870
Event: 17.930 Thread 0x000002503fd51b90 Thread added: 0x000002503fd51b90
Event: 18.227 Thread 0x0000025040e80060 Thread added: 0x0000025040e80060
Event: 19.316 Thread 0x000002503fd51b90 Thread exited: 0x000002503fd51b90
Event: 21.627 Thread 0x0000025040e83080 Thread exited: 0x0000025040e83080
Event: 34.234 Thread 0x000002504b2df6c0 Thread added: 0x000002504b2df6c0
Event: 34.385 Thread 0x000002504b2df6c0 Thread exited: 0x000002504b2df6c0
Event: 37.520 Thread 0x0000025040e81870 Thread exited: 0x0000025040e81870
Event: 55.757 Thread 0x0000025040e826e0 Thread added: 0x0000025040e826e0
Event: 55.758 Thread 0x0000025040e80530 Thread added: 0x0000025040e80530
Event: 55.758 Thread 0x0000025040e80ed0 Thread added: 0x0000025040e80ed0
Event: 55.761 Thread 0x0000025040e80530 Thread exited: 0x0000025040e80530
Event: 55.762 Thread 0x0000025040e80ed0 Thread exited: 0x0000025040e80ed0


Dynamic libraries:
0x00007ff624de0000 - 0x00007ff624df0000 	C:\Program Files\Java\jdk-18.0.1.1\bin\java.exe
0x00007ffe8bed0000 - 0x00007ffe8c0c8000 	C:\Windows\SYSTEM32\ntdll.dll
0x00007ffe8adf0000 - 0x00007ffe8aead000 	C:\Windows\System32\KERNEL32.DLL
0x00007ffe89630000 - 0x00007ffe89902000 	C:\Windows\System32\KERNELBASE.dll
0x00007ffe89980000 - 0x00007ffe89a80000 	C:\Windows\System32\ucrtbase.dll
0x00007ffe7cbc0000 - 0x00007ffe7cbd8000 	C:\Program Files\Java\jdk-18.0.1.1\bin\jli.dll
0x00007ffe89f30000 - 0x00007ffe89fde000 	C:\Windows\System32\ADVAPI32.dll
0x00007ffe8aa90000 - 0x00007ffe8ab2e000 	C:\Windows\System32\msvcrt.dll
0x00007ffe8bdf0000 - 0x00007ffe8be8c000 	C:\Windows\System32\sechost.dll
0x00007ffe8a6a0000 - 0x00007ffe8a7c5000 	C:\Windows\System32\RPCRT4.dll
0x00007ffe8abf0000 - 0x00007ffe8ad8d000 	C:\Windows\System32\USER32.dll
0x00007ffe89c60000 - 0x00007ffe89c82000 	C:\Windows\System32\win32u.dll
0x00007ffe8afc0000 - 0x00007ffe8afeb000 	C:\Windows\System32\GDI32.dll
0x00007ffe89cc0000 - 0x00007ffe89dcf000 	C:\Windows\System32\gdi32full.dll
0x00007ffe89bc0000 - 0x00007ffe89c5d000 	C:\Windows\System32\msvcp_win.dll
0x00007ffe7cba0000 - 0x00007ffe7cbba000 	C:\Program Files\Java\jdk-18.0.1.1\bin\VCRUNTIME140.dll
0x00007ffe7a100000 - 0x00007ffe7a39a000 	C:\Windows\WinSxS\amd64_microsoft.windows.common-controls_6595b64144ccf1df_6.0.19041.1110_none_60b5254171f9507e\COMCTL32.dll
0x00007ffe7e660000 - 0x00007ffe7e66a000 	C:\Windows\SYSTEM32\VERSION.dll
0x00007ffe8a470000 - 0x00007ffe8a4a0000 	C:\Windows\System32\IMM32.DLL
0x00007ffe7d720000 - 0x00007ffe7d72c000 	C:\Program Files\Java\jdk-18.0.1.1\bin\vcruntime140_1.dll
0x00007ffe63320000 - 0x00007ffe633ad000 	C:\Program Files\Java\jdk-18.0.1.1\bin\msvcp140.dll
0x00007ffe4dd10000 - 0x00007ffe4e920000 	C:\Program Files\Java\jdk-18.0.1.1\bin\server\jvm.dll
0x00007ffe8ab30000 - 0x00007ffe8ab38000 	C:\Windows\System32\PSAPI.DLL
0x00007ffe86dc0000 - 0x00007ffe86dc9000 	C:\Windows\SYSTEM32\WSOCK32.dll
0x00007ffe8a7d0000 - 0x00007ffe8a83b000 	C:\Windows\System32\WS2_32.dll
0x00007ffe7d670000 - 0x00007ffe7d697000 	C:\Windows\SYSTEM32\WINMM.dll
0x00007ffe874a0000 - 0x00007ffe874b2000 	C:\Windows\SYSTEM32\kernel.appcore.dll
0x00007ffe7d230000 - 0x00007ffe7d23a000 	C:\Program Files\Java\jdk-18.0.1.1\bin\jimage.dll
0x00007ffe767f0000 - 0x00007ffe769d4000 	C:\Windows\SYSTEM32\DBGHELP.DLL
0x00007ffe765d0000 - 0x00007ffe765fc000 	C:\Windows\SYSTEM32\dbgcore.DLL
0x00007ffe89a80000 - 0x00007ffe89b02000 	C:\Windows\System32\bcryptPrimitives.dll
0x00007ffe7cc00000 - 0x00007ffe7cc0e000 	C:\Program Files\Java\jdk-18.0.1.1\bin\instrument.dll
0x00007ffe7c3c0000 - 0x00007ffe7c3e5000 	C:\Program Files\Java\jdk-18.0.1.1\bin\java.dll
0x00007ffe5b7c0000 - 0x00007ffe5b896000 	C:\Program Files\Java\jdk-18.0.1.1\bin\jsvml.dll
0x00007ffe8b6a0000 - 0x00007ffe8bde3000 	C:\Windows\System32\SHELL32.dll
0x00007ffe876a0000 - 0x00007ffe87e31000 	C:\Windows\SYSTEM32\windows.storage.dll
0x00007ffe8a110000 - 0x00007ffe8a464000 	C:\Windows\System32\combase.dll
0x00007ffe88f60000 - 0x00007ffe88f90000 	C:\Windows\SYSTEM32\Wldp.dll
0x00007ffe8af10000 - 0x00007ffe8afbd000 	C:\Windows\System32\SHCORE.dll
0x00007ffe8aeb0000 - 0x00007ffe8af05000 	C:\Windows\System32\shlwapi.dll
0x00007ffe89520000 - 0x00007ffe8953f000 	C:\Windows\SYSTEM32\profapi.dll
0x00007ffe7a730000 - 0x00007ffe7a743000 	C:\Program Files\Java\jdk-18.0.1.1\bin\net.dll
0x00007ffe7c800000 - 0x00007ffe7c90d000 	C:\Windows\SYSTEM32\WINHTTP.dll
0x00007ffe88cc0000 - 0x00007ffe88d2a000 	C:\Windows\system32\mswsock.dll
0x00007ffe79be0000 - 0x00007ffe79bf6000 	C:\Program Files\Java\jdk-18.0.1.1\bin\nio.dll
0x00007ffe72f80000 - 0x00007ffe72f98000 	C:\Program Files\Java\jdk-18.0.1.1\bin\zip.dll
0x00007ffe766d0000 - 0x00007ffe766ea000 	C:\Program Files\JetBrains\IntelliJ IDEA Community Edition 2022.1.1\bin\breakgen64.dll
0x000002501c1c0000 - 0x000002501c1c3000 	C:\Users\Admin\.openjfx\cache\19+11\amd64\api-ms-win-core-console-l1-1-0.dll
0x000002501c1d0000 - 0x000002501c1d3000 	C:\Users\Admin\.openjfx\cache\19+11\amd64\api-ms-win-core-console-l1-2-0.dll
0x000002501c1e0000 - 0x000002501c1e3000 	C:\Users\Admin\.openjfx\cache\19+11\amd64\api-ms-win-core-datetime-l1-1-0.dll
0x000002501e0d0000 - 0x000002501e0d3000 	C:\Users\Admin\.openjfx\cache\19+11\amd64\api-ms-win-core-debug-l1-1-0.dll
0x000002501e0e0000 - 0x000002501e0e3000 	C:\Users\Admin\.openjfx\cache\19+11\amd64\api-ms-win-core-errorhandling-l1-1-0.dll
0x000002501e0f0000 - 0x000002501e0f4000 	C:\Users\Admin\.openjfx\cache\19+11\amd64\api-ms-win-core-file-l1-1-0.dll
0x000002501e100000 - 0x000002501e103000 	C:\Users\Admin\.openjfx\cache\19+11\amd64\api-ms-win-core-file-l1-2-0.dll
0x000002501e110000 - 0x000002501e113000 	C:\Users\Admin\.openjfx\cache\19+11\amd64\api-ms-win-core-file-l2-1-0.dll
0x000002501e120000 - 0x000002501e123000 	C:\Users\Admin\.openjfx\cache\19+11\amd64\api-ms-win-core-handle-l1-1-0.dll
0x000002501e130000 - 0x000002501e133000 	C:\Users\Admin\.openjfx\cache\19+11\amd64\api-ms-win-core-heap-l1-1-0.dll
0x000002501e140000 - 0x000002501e143000 	C:\Users\Admin\.openjfx\cache\19+11\amd64\api-ms-win-core-interlocked-l1-1-0.dll
0x000002501e150000 - 0x000002501e153000 	C:\Users\Admin\.openjfx\cache\19+11\amd64\api-ms-win-core-libraryloader-l1-1-0.dll
0x000002501e160000 - 0x000002501e163000 	C:\Users\Admin\.openjfx\cache\19+11\amd64\api-ms-win-core-localization-l1-2-0.dll
0x000002501e170000 - 0x000002501e173000 	C:\Users\Admin\.openjfx\cache\19+11\amd64\api-ms-win-core-memory-l1-1-0.dll
0x000002501e180000 - 0x000002501e183000 	C:\Users\Admin\.openjfx\cache\19+11\amd64\api-ms-win-core-namedpipe-l1-1-0.dll
0x000002501e190000 - 0x000002501e193000 	C:\Users\Admin\.openjfx\cache\19+11\amd64\api-ms-win-core-processenvironment-l1-1-0.dll
0x000002503bb10000 - 0x000002503bb13000 	C:\Users\Admin\.openjfx\cache\19+11\amd64\api-ms-win-core-processthreads-l1-1-0.dll
0x000002503bb20000 - 0x000002503bb23000 	C:\Users\Admin\.openjfx\cache\19+11\amd64\api-ms-win-core-processthreads-l1-1-1.dll
0x000002503bb30000 - 0x000002503bb33000 	C:\Users\Admin\.openjfx\cache\19+11\amd64\api-ms-win-core-profile-l1-1-0.dll
0x000002503bb40000 - 0x000002503bb43000 	C:\Users\Admin\.openjfx\cache\19+11\amd64\api-ms-win-core-rtlsupport-l1-1-0.dll
0x000002503bb50000 - 0x000002503bb53000 	C:\Users\Admin\.openjfx\cache\19+11\amd64\api-ms-win-core-string-l1-1-0.dll
0x000002503bb60000 - 0x000002503bb63000 	C:\Users\Admin\.openjfx\cache\19+11\amd64\api-ms-win-core-synch-l1-1-0.dll
0x000002503bb70000 - 0x000002503bb73000 	C:\Users\Admin\.openjfx\cache\19+11\amd64\api-ms-win-core-synch-l1-2-0.dll
0x000002503bb80000 - 0x000002503bb83000 	C:\Users\Admin\.openjfx\cache\19+11\amd64\api-ms-win-core-sysinfo-l1-1-0.dll
0x000002503bb90000 - 0x000002503bb93000 	C:\Users\Admin\.openjfx\cache\19+11\amd64\api-ms-win-core-timezone-l1-1-0.dll
0x000002503bba0000 - 0x000002503bba3000 	C:\Users\Admin\.openjfx\cache\19+11\amd64\api-ms-win-core-util-l1-1-0.dll
0x000002503bbb0000 - 0x000002503bbb3000 	C:\Users\Admin\.openjfx\cache\19+11\amd64\api-ms-win-crt-conio-l1-1-0.dll
0x000002503bbc0000 - 0x000002503bbc4000 	C:\Users\Admin\.openjfx\cache\19+11\amd64\api-ms-win-crt-convert-l1-1-0.dll
0x000002503bbd0000 - 0x000002503bbd3000 	C:\Users\Admin\.openjfx\cache\19+11\amd64\api-ms-win-crt-environment-l1-1-0.dll
0x000002503bbe0000 - 0x000002503bbe3000 	C:\Users\Admin\.openjfx\cache\19+11\amd64\api-ms-win-crt-filesystem-l1-1-0.dll
0x000002503bbf0000 - 0x000002503bbf3000 	C:\Users\Admin\.openjfx\cache\19+11\amd64\api-ms-win-crt-heap-l1-1-0.dll
0x0000025040900000 - 0x0000025040903000 	C:\Users\Admin\.openjfx\cache\19+11\amd64\api-ms-win-crt-locale-l1-1-0.dll
0x0000025040930000 - 0x0000025040935000 	C:\Users\Admin\.openjfx\cache\19+11\amd64\api-ms-win-crt-math-l1-1-0.dll
0x0000025040910000 - 0x0000025040915000 	C:\Users\Admin\.openjfx\cache\19+11\amd64\api-ms-win-crt-multibyte-l1-1-0.dll
0x0000025040920000 - 0x0000025040930000 	C:\Users\Admin\.openjfx\cache\19+11\amd64\api-ms-win-crt-private-l1-1-0.dll
0x0000025040940000 - 0x0000025040943000 	C:\Users\Admin\.openjfx\cache\19+11\amd64\api-ms-win-crt-process-l1-1-0.dll
0x0000025041920000 - 0x0000025041924000 	C:\Users\Admin\.openjfx\cache\19+11\amd64\api-ms-win-crt-runtime-l1-1-0.dll
0x0000025041930000 - 0x0000025041934000 	C:\Users\Admin\.openjfx\cache\19+11\amd64\api-ms-win-crt-stdio-l1-1-0.dll
0x0000025041940000 - 0x0000025041944000 	C:\Users\Admin\.openjfx\cache\19+11\amd64\api-ms-win-crt-string-l1-1-0.dll
0x0000025041950000 - 0x0000025041953000 	C:\Users\Admin\.openjfx\cache\19+11\amd64\api-ms-win-crt-time-l1-1-0.dll
0x0000025041960000 - 0x0000025041963000 	C:\Users\Admin\.openjfx\cache\19+11\amd64\api-ms-win-crt-utility-l1-1-0.dll
0x00007ffe5a040000 - 0x00007ffe5a13c000 	C:\Users\Admin\.openjfx\cache\19+11\amd64\ucrtbase.dll
0x00007ffe74020000 - 0x00007ffe7403b000 	C:\Users\Admin\.openjfx\cache\19+11\amd64\vcruntime140.dll
0x00007ffe7c6c0000 - 0x00007ffe7c6cc000 	C:\Users\Admin\.openjfx\cache\19+11\amd64\vcruntime140_1.dll
0x00007ffe69ef0000 - 0x00007ffe69f7e000 	C:\Users\Admin\.openjfx\cache\19+11\amd64\msvcp140.dll
0x00007ffe7bf30000 - 0x00007ffe7bf39000 	C:\Users\Admin\.openjfx\cache\19+11\amd64\msvcp140_1.dll
0x00007ffe73ff0000 - 0x00007ffe74020000 	C:\Users\Admin\.openjfx\cache\19+11\amd64\msvcp140_2.dll
0x00007ffe69a20000 - 0x00007ffe69a4c000 	C:\Users\Admin\.openjfx\cache\19+11\amd64\prism_d3d.dll
0x00007ffe7d2d0000 - 0x00007ffe7d49f000 	C:\Windows\system32\d3d9.dll
0x00007ffe871b0000 - 0x00007ffe871df000 	C:\Windows\SYSTEM32\dwmapi.dll
0x00007ffe86fc0000 - 0x00007ffe8705e000 	C:\Windows\system32\uxtheme.dll
0x00007ffe89dd0000 - 0x00007ffe89f26000 	C:\Windows\System32\crypt32.dll
0x00007ffe89910000 - 0x00007ffe89979000 	C:\Windows\System32\WINTRUST.DLL
0x00007ffe890f0000 - 0x00007ffe89102000 	C:\Windows\SYSTEM32\MSASN1.dll
0x00007ffe8aa70000 - 0x00007ffe8aa8d000 	C:\Windows\System32\imagehlp.dll
0x00007ffe88eb0000 - 0x00007ffe88ec8000 	C:\Windows\SYSTEM32\CRYPTSP.dll
0x00007ffe885e0000 - 0x00007ffe88614000 	C:\Windows\system32\rsaenh.dll
0x00007ffe89c90000 - 0x00007ffe89cb7000 	C:\Windows\System32\bcrypt.dll
0x00007ffe88ed0000 - 0x00007ffe88edc000 	C:\Windows\SYSTEM32\CRYPTBASE.dll
0x00007ffe5ccf0000 - 0x00007ffe5cd32000 	C:\Users\Admin\.openjfx\cache\19+11\amd64\glass.dll
0x00007ffe8a8a0000 - 0x00007ffe8a97a000 	C:\Windows\System32\COMDLG32.dll
0x00007ffe89fe0000 - 0x00007ffe8a10a000 	C:\Windows\System32\ole32.dll
0x00007ffe8a990000 - 0x00007ffe8aa5d000 	C:\Windows\System32\OLEAUT32.dll
0x00007ffe8a520000 - 0x00007ffe8a635000 	C:\Windows\System32\MSCTF.dll
0x00007ffe69dd0000 - 0x00007ffe69ebb000 	C:\Windows\System32\DriverStore\FileRepository\nvdmi.inf_amd64_b79991c48f5211ac\nvldumdx.dll
0x00007ffe3e710000 - 0x00007ffe3f91d000 	C:\Windows\System32\DriverStore\FileRepository\nvdmi.inf_amd64_b79991c48f5211ac\nvd3dumx.dll
0x00007ffe89450000 - 0x00007ffe8949b000 	C:\Windows\system32\powrprof.dll
0x00007ffe89430000 - 0x00007ffe89442000 	C:\Windows\SYSTEM32\UMPDC.dll
0x00007ffe66df0000 - 0x00007ffe67056000 	C:\Windows\system32\nvspcap64.dll
0x00007ffe88700000 - 0x00007ffe88733000 	C:\Windows\SYSTEM32\ntmarta.dll
0x00007ffe84aa0000 - 0x00007ffe84adb000 	C:\Windows\SYSTEM32\dxcore.dll
0x00007ffe895e0000 - 0x00007ffe8962e000 	C:\Windows\System32\cfgmgr32.dll
0x00007ffe4ed40000 - 0x00007ffe4f7ad000 	C:\Windows\SYSTEM32\igdumdim64.dll
0x00007ffe7e9c0000 - 0x00007ffe7ee25000 	C:\Windows\SYSTEM32\igdusc64.dll
0x00007ffe3af80000 - 0x00007ffe3e181000 	D:\Phi Long\HocTap\DuAn\identifyInformationWithPictures_ClientServer\Server\libs\x64\opencv_java455.dll
0x00007ffe73c40000 - 0x00007ffe73dfc000 	C:\Windows\SYSTEM32\MFPlat.DLL
0x00007ffe5d190000 - 0x00007ffe5d214000 	C:\Windows\SYSTEM32\MF.dll
0x00007ffe57300000 - 0x00007ffe5740a000 	C:\Windows\SYSTEM32\MFReadWrite.dll
0x00007ffe4d880000 - 0x00007ffe4dd0e000 	C:\Windows\SYSTEM32\MFCORE.DLL
0x00007ffe73fe0000 - 0x00007ffe73fe9000 	C:\Windows\SYSTEM32\ksuser.dll
0x00007ffe809a0000 - 0x00007ffe809d4000 	C:\Windows\SYSTEM32\RTWorkQ.DLL

dbghelp: loaded successfully - version: 4.0.5 - missing functions: none
symbol engine: initialized successfully - sym options: 0x614 - pdb path: .;C:\Program Files\Java\jdk-18.0.1.1\bin;C:\Windows\SYSTEM32;C:\Windows\WinSxS\amd64_microsoft.windows.common-controls_6595b64144ccf1df_6.0.19041.1110_none_60b5254171f9507e;C:\Program Files\Java\jdk-18.0.1.1\bin\server;C:\Program Files\JetBrains\IntelliJ IDEA Community Edition 2022.1.1\bin;C:\Users\Admin\.openjfx\cache\19+11\amd64;C:\Windows\System32\DriverStore\FileRepository\nvdmi.inf_amd64_b79991c48f5211ac;D:\Phi Long\HocTap\DuAn\identifyInformationWithPictures_ClientServer\Server\libs\x64;C:\Program Files\Common Files\Microsoft Shared\Ink;C:\Program Files\Intel\Media SDK;C:\Program Files (x86)\Common Files\Intel\OpenCL\bin\x64;C:\Program Files (x86)\Common Files\Intel\OpenCL\bin\x64\tbb

VM Arguments:
jvm_args: -Djava.library.path=D:\Phi Long\HocTap\DuAn\identifyInformationWithPictures_ClientServer\Server\libs\x64 -javaagent:C:\Program Files\JetBrains\IntelliJ IDEA Community Edition 2022.1.1\lib\idea_rt.jar=57964:C:\Program Files\JetBrains\IntelliJ IDEA Community Edition 2022.1.1\bin -Dfile.encoding=UTF-8 --module-path=C:\Users\Admin\.m2\repository\org\openjfx\javafx-graphics\19\javafx-graphics-19-win.jar;D:\Phi Long\HocTap\DuAn\identifyInformationWithPictures_ClientServer\Server\target\classes;C:\Users\Admin\.m2\repository\org\openjfx\javafx-swing\20-ea+4\javafx-swing-20-ea+4-win.jar;C:\Users\Admin\.m2\repository\org\openjfx\javafx-fxml\19\javafx-fxml-19-win.jar;C:\Users\Admin\.m2\repository\org\openjfx\javafx-base\19\javafx-base-19-win.jar;D:\Phi Long\HocTap\DuAn\identifyInformationWithPictures_ClientServer\Entities\target\classes;C:\Users\Admin\.m2\repository\org\openjfx\javafx-controls\19\javafx-controls-19-win.jar;C:\Users\Admin\.m2\repository\mysql\mysql-connector-java\8.0.30\mysql-connector-java-8.0.30.jar;D:\Phi Long\HocTap\DuAn\identifyInformationWithPictures_ClientServer\Server\libs\opencv-455.jar;D:\Phi Long\HocTap\DuAn\identifyInformationWithPictures_ClientServer\Library\target\classes -Djdk.module.main=com.example.server 
java_command: com.example.server/com.example.server.ServerApplication
java_class_path (initial): C:\Users\Admin\.m2\repository\org\openjfx\javafx-controls\19\javafx-controls-19.jar;C:\Users\Admin\.m2\repository\org\openjfx\javafx-graphics\19\javafx-graphics-19.jar;C:\Users\Admin\.m2\repository\org\openjfx\javafx-base\19\javafx-base-19.jar;C:\Users\Admin\.m2\repository\org\openjfx\javafx-fxml\19\javafx-fxml-19.jar;C:\Users\Admin\.m2\repository\org\openjfx\javafx-swing\20-ea+4\javafx-swing-20-ea+4.jar;C:\Users\Admin\.m2\repository\com\google\protobuf\protobuf-java\3.19.4\protobuf-java-3.19.4.jar;C:\Users\Admin\.m2\repository\com\nativelibs4java\bridj\0.7-20140918-2\bridj-0.7-20140918-2.jar
Launcher Type: SUN_STANDARD

[Global flags]
     intx CICompilerCount                          = 3                                         {product} {ergonomic}
     uint ConcGCThreads                            = 1                                         {product} {ergonomic}
     uint G1ConcRefinementThreads                  = 4                                         {product} {ergonomic}
   size_t G1HeapRegionSize                         = 1048576                                   {product} {ergonomic}
    uintx GCDrainStackTargetSize                   = 64                                        {product} {ergonomic}
   size_t InitialHeapSize                          = 132120576                                 {product} {ergonomic}
   size_t MarkStackSize                            = 4194304                                   {product} {ergonomic}
   size_t MaxHeapSize                              = 2113929216                                {product} {ergonomic}
   size_t MaxNewSize                               = 1267728384                                {product} {ergonomic}
   size_t MinHeapDeltaBytes                        = 1048576                                   {product} {ergonomic}
   size_t MinHeapSize                              = 8388608                                   {product} {ergonomic}
    uintx NonNMethodCodeHeapSize                   = 5832780                                {pd product} {ergonomic}
    uintx NonProfiledCodeHeapSize                  = 122912730                              {pd product} {ergonomic}
    uintx ProfiledCodeHeapSize                     = 122912730                              {pd product} {ergonomic}
    uintx ReservedCodeCacheSize                    = 251658240                              {pd product} {ergonomic}
     bool SegmentedCodeCache                       = true                                      {product} {ergonomic}
   size_t SoftMaxHeapSize                          = 2113929216                             {manageable} {ergonomic}
     bool UseCompressedClassPointers               = true                           {product lp64_product} {ergonomic}
     bool UseCompressedOops                        = true                           {product lp64_product} {ergonomic}
     bool UseG1GC                                  = true                                      {product} {ergonomic}
     bool UseLargePagesIndividualAllocation        = false                                  {pd product} {ergonomic}

Logging:
Log output configuration:
 #0: stdout all=off uptime,level,tags foldmultilines=false
 #1: stderr all=off uptime,level,tags foldmultilines=false

Environment Variables:
PATH=C:\Program Files\Java\jdk-18.0.1.1\bin;C:\Windows\system32;C:\Windows;C:\Windows\System32\Wbem;C:\Windows\System32\WindowsPowerShell\v1.0\;C:\Windows\System32\OpenSSH\;C:\Program Files (x86)\NVIDIA Corporation\PhysX\Common;C:\Program Files\dotnet\;C:\Users\Admin\AppData\Local\Microsoft\WindowsApps;;C:\Program Files\JetBrains\IntelliJ IDEA Community Edition 2022.1.1\bin;;C:\Users\Admin\.dotnet\tools
USERNAME=Admin
OS=Windows_NT
PROCESSOR_IDENTIFIER=Intel64 Family 6 Model 58 Stepping 9, GenuineIntel



---------------  S Y S T E M  ---------------

OS:
 Windows 10 , 64 bit Build 19041 (10.0.19041.1889)
OS uptime: 6 days 1:58 hours

CPU: total 4 (initial active 4) (2 cores per cpu, 2 threads per core) family 6 model 58 stepping 9 microcode 0x21, cx8, cmov, fxsr, ht, mmx, sse, sse2, sse3, ssse3, sse4.1, sse4.2, popcnt, tsc, tscinvbit, avx, erms, clmul, vzeroupper, clflush

Memory: 4k page, system-wide physical 8057M (1742M free)
TotalPageFile size 12082M (AvailPageFile size 1598M)
current process WorkingSet (physical memory assigned to process): 322M, peak: 615M
current process commit charge ("private bytes"): 532M, peak: 827M

vm_info: Java HotSpot(TM) 64-Bit Server VM (18.0.1.1+2-6) for windows-amd64 JRE (18.0.1.1+2-6), built on Apr 25 2022 21:53:15 by "mach5one" with MS VC++ 16.8 / 16.9 (VS2019)

END.
