#
# A fatal error has been detected by the Java Runtime Environment:
#
#  EXCEPTION_ACCESS_VIOLATION (0xc0000005) at pc=0x00007ffe8beffaad, pid=616, tid=10580
#
# JRE version: Java(TM) SE Runtime Environment (18.0.1.1+2) (build 18.0.1.1+2-6)
# Java VM: Java HotSpot(TM) 64-Bit Server VM (18.0.1.1+2-6, mixed mode, sharing, tiered, compressed oops, compressed class ptrs, g1 gc, windows-amd64)
# Problematic frame:
# C  [ntdll.dll+0x2faad]
#
# No core dump will be written. Minidumps are not enabled by default on client versions of Windows
#
# If you would like to submit a bug report, please visit:
#   https://bugreport.java.com/bugreport/crash.jsp
#

---------------  S U M M A R Y ------------

Command Line: -Djava.library.path=D:\Phi Long\HocTap\DuAn\identifyInformationWithPictures_ClientServer\Server\libs\x64 -javaagent:C:\Program Files\JetBrains\IntelliJ IDEA Community Edition 2022.1.1\lib\idea_rt.jar=58817:C:\Program Files\JetBrains\IntelliJ IDEA Community Edition 2022.1.1\bin -Dfile.encoding=UTF-8 --module-path=C:\Users\Admin\.m2\repository\org\openjfx\javafx-graphics\19\javafx-graphics-19-win.jar;C:\Users\Admin\.m2\repository\org\openjfx\javafx-base\19\javafx-base-19-win.jar;D:\Phi Long\HocTap\DuAn\identifyInformationWithPictures_ClientServer\Entities\target\classes;C:\Users\Admin\.m2\repository\org\openjfx\javafx-controls\19\javafx-controls-19-win.jar;C:\Users\Admin\.m2\repository\org\openjfx\javafx-swing\20-ea+4\javafx-swing-20-ea+4-win.jar;C:\Users\Admin\.m2\repository\org\openjfx\javafx-fxml\19\javafx-fxml-19-win.jar;D:\Phi Long\HocTap\DuAn\identifyInformationWithPictures_ClientServer\Library\target\classes;D:\Phi Long\HocTap\DuAn\identifyInformationWithPictures_ClientServer\Server\target\classes;C:\Users\Admin\.m2\repository\mysql\mysql-connector-java\8.0.30\mysql-connector-java-8.0.30.jar;D:\Phi Long\HocTap\DuAn\identifyInformationWithPictures_ClientServer\Server\libs\opencv-455.jar -Djdk.module.main=com.example.server com.example.server/com.example.server.ServerApplication

Host: Intel(R) Core(TM) i3-3110M CPU @ 2.40GHz, 4 cores, 7G,  Windows 10 , 64 bit Build 19041 (10.0.19041.1889)
Time: Sun Nov  6 03:07:42 2022 SE Asia Standard Time elapsed time: 176.044901 seconds (0d 0h 2m 56s)

---------------  T H R E A D  ---------------

Current thread (0x000002acc48ad7a0):  VMThread "VM Thread" [stack: 0x000000b357c00000,0x000000b357d00000] [id=10580]

Stack: [0x000000b357c00000,0x000000b357d00000],  sp=0x000000b357cff230,  free space=1020k
Native frames: (J=compiled Java code, j=interpreted, Vv=VM code, C=native code)
C  [ntdll.dll+0x2faad]
C  0x00007ffe4c7861e2


siginfo: EXCEPTION_ACCESS_VIOLATION (0xc0000005), writing address 0x0000000000000018


Register to memory mapping:

RIP=0x00007ffe8beffaad ntdll.dll
RAX=0x000000b357000000 points into unknown readable memory: 0x0000000000000000 | 00 00 00 00 00 00 00 00
RBX=0x0 is NULL
RCX=0x0000000000000010 is an unknown value
RDX=0x000002acf0225ce0 points into unknown readable memory: 0x00007ffe4c92ffa0 | a0 ff 92 4c fe 7f 00 00
RSP=0x000000b357cff230 points into unknown readable memory: 0x000002acf32d6b20 | 20 6b 2d f3 ac 02 00 00
RBP=0x000000b357cff790 points into unknown readable memory: 0x000002ace2094bf0 | f0 4b 09 e2 ac 02 00 00
RSI=0x0000000000000010 is an unknown value
RDI=0x000002acf0225ce0 points into unknown readable memory: 0x00007ffe4c92ffa0 | a0 ff 92 4c fe 7f 00 00
R8 =0x000000000000003a is an unknown value
R9 =0x000000000000003a is an unknown value
R10=0x0000000000000038 is an unknown value
R11=0x000000b357cff280 points into unknown readable memory: 0x000002acf07c3f60 | 60 3f 7c f0 ac 02 00 00
R12=0x000002ace7a84370 points into unknown readable memory: 0xfe3d6532c12f4b67 | 67 4b 2f c1 32 65 3d fe
R13=0x0000000000000040 is an unknown value
R14=0x000002ace7a84aa8 points into unknown readable memory: 0x000079843d2f4b18 | 18 4b 2f 3d 84 79 00 00
R15=0x000000b357cff440 points into unknown readable memory: 0x000000b357cff460 | 60 f4 cf 57 b3 00 00 00


Registers:
RAX=0x000000b357000000, RBX=0x0000000000000000, RCX=0x0000000000000010, RDX=0x000002acf0225ce0
RSP=0x000000b357cff230, RBP=0x000000b357cff790, RSI=0x0000000000000010, RDI=0x000002acf0225ce0
R8 =0x000000000000003a, R9 =0x000000000000003a, R10=0x0000000000000038, R11=0x000000b357cff280
R12=0x000002ace7a84370, R13=0x0000000000000040, R14=0x000002ace7a84aa8, R15=0x000000b357cff440
RIP=0x00007ffe8beffaad, EFLAGS=0x0000000000010206

Top of Stack: (sp=0x000000b357cff230)
0x000000b357cff230:   000002acf32d6b20 00007ffe8bef5ba1
0x000000b357cff240:   000002acf32ebc80 000002acc2690000
0x000000b357cff250:   000000b357cff440 00007ffe4c7861e2
0x000000b357cff260:   0000000000000040 000002ace7a84370
0x000000b357cff270:   000079376ae0ba38 00007ffe00000023
0x000000b357cff280:   000002acf07c3f60 00007ffe4c780e15
0x000000b357cff290:   000000b357cff790 000002acf0225ce0
0x000000b357cff2a0:   00000000ffffffff 00007ffe3c498d27
0x000000b357cff2b0:   000002acf08669e0 00007ffe3c58f42e
0x000000b357cff2c0:   000002acf07c49b0 000002acf004ce80
0x000000b357cff2d0:   000000b357cff440 000002ace7a84aa8
0x000000b357cff2e0:   0000000000000040 000002ace7a84370
0x000000b357cff2f0:   0000000000000000 000002acf07c49b0
0x000000b357cff300:   000002acf32d6b20 000002acc2690000
0x000000b357cff310:   000000b357cff790 0000000000000000
0x000000b357cff320:   000079376ae0b9d8 00007ffe3cd36b74 

Instructions: (pc=0x00007ffe8beffaad)
0x00007ffe8beff9ad:   48 b8 7f 7f 7f 7f 7f 7f 7f 7f 41 8b c8 48 0b cb
0x00007ffe8beff9bd:   48 23 c8 83 e6 1f 49 89 8c f4 40 a5 16 00 48 81
0x00007ffe8beff9cd:   c4 98 00 00 00 41 5f 41 5e 41 5d 41 5c 5f 5e 5b
0x00007ffe8beff9dd:   5d c3 cc 33 d2 41 8b c6 41 f7 f0 44 8b c8 e9 d6
0x00007ffe8beff9ed:   fc ff ff 41 8d 57 ff 41 85 d7 0f 84 93 38 08 00
0x00007ffe8beff9fd:   41 b8 00 10 00 00 41 b9 ff ff 00 00 e9 bc 38 08
0x00007ffe8beffa0d:   00 cc cc cc cc cc cc 48 8b c4 48 89 58 08 48 89
0x00007ffe8beffa1d:   68 10 48 89 70 18 48 89 78 20 41 56 48 83 ec 20
0x00007ffe8beffa2d:   40 8a ea 4c 8d 35 99 d1 13 00 48 8b f1 33 db 48
0x00007ffe8beffa3d:   8d 0d 9d d1 13 00 e8 58 00 00 00 4c 8b 05 81 d1
0x00007ffe8beffa4d:   13 00 4d 3b c6 0f 85 88 3b 08 00 48 85 db 75 33
0x00007ffe8beffa5d:   48 8d 0d 7c d1 13 00 e8 c7 f7 ff ff 48 85 db 0f
0x00007ffe8beffa6d:   85 a3 3b 08 00 33 c0 48 8b 5c 24 30 48 8b 6c 24
0x00007ffe8beffa7d:   38 48 8b 74 24 40 48 8b 7c 24 48 48 83 c4 20 41
0x00007ffe8beffa8d:   5e c3 cc f0 ff 43 3c eb c7 cc cc cc cc cc cc cc
0x00007ffe8beffa9d:   cc cc cc 48 83 ec 28 65 48 8b 04 25 30 00 00 00
0x00007ffe8beffaad:   f0 0f ba 71 08 00 48 8b 40 48 73 13 48 89 41 10
0x00007ffe8beffabd:   33 c0 c7 41 0c 01 00 00 00 48 83 c4 28 c3 cc 48
0x00007ffe8beffacd:   39 41 10 75 0b ff 41 0c 33 c0 48 83 c4 28 c3 cc
0x00007ffe8beffadd:   e8 0e 00 00 00 eb e2 cc cc cc cc cc cc cc cc cc
0x00007ffe8beffaed:   cc cc cc 48 89 5c 24 18 55 56 57 41 54 41 55 41
0x00007ffe8beffafd:   56 41 57 48 83 ec 20 8b 41 20 48 8b f1 48 0f ba
0x00007ffe8beffb0d:   e0 1a 0f 82 df 01 00 00 33 ff 40 32 ed 66 83 3c
0x00007ffe8beffb1d:   25 6a 03 fe 7f 01 76 19 48 8b 7e 20 48 8b c7 81
0x00007ffe8beffb2d:   e7 ff ff ff 00 25 00 00 00 02 48 85 c0 40 0f 95
0x00007ffe8beffb3d:   c5 45 32 ff b0 01 45 32 e4 41 bd 01 00 00 00 45
0x00007ffe8beffb4d:   33 c0 ba 6a 03 fe 7f 84 c0 0f 84 14 01 00 00 8b
0x00007ffe8beffb5d:   46 08 4c 8d 4e 08 45 84 e4 41 be 03 00 00 00 45
0x00007ffe8beffb6d:   0f 44 f5 41 84 c5 0f 85 e2 00 00 00 8d 0c bf 03
0x00007ffe8beffb7d:   c9 66 44 39 2a 0f 86 e8 00 00 00 4d 85 c9 74 0e
0x00007ffe8beffb8d:   80 3c 25 97 02 fe 7f 00 0f 85 a9 3a 08 00 0f b7
0x00007ffe8beffb9d:   1c 25 d6 02 fe 7f 83 fb 0c 0f 85 a2 00 00 00 b8 


Stack slot to memory mapping:
stack at sp + 0 slots: 0x000002acf32d6b20 points into unknown readable memory: 0x000002acf32d6b20 | 20 6b 2d f3 ac 02 00 00
stack at sp + 1 slots: 0x00007ffe8bef5ba1 ntdll.dll
stack at sp + 2 slots: 0x000002acf32ebc80 points into unknown readable memory: 0x3f0f6ed03e3cd515 | 15 d5 3c 3e d0 6e 0f 3f
stack at sp + 3 slots: 0x000002acc2690000 points into unknown readable memory: 0x0000000000000000 | 00 00 00 00 00 00 00 00
stack at sp + 4 slots: 0x000000b357cff440 points into unknown readable memory: 0x000000b357cff460 | 60 f4 cf 57 b3 00 00 00
stack at sp + 5 slots: 0x00007ffe4c7861e2 points into unknown readable memory: 48 8b 13 48 8b 42
stack at sp + 6 slots: 0x0000000000000040 is an unknown value
stack at sp + 7 slots: 0x000002ace7a84370 points into unknown readable memory: 0xfe3d6532c12f4b67 | 67 4b 2f c1 32 65 3d fe

VM_Operation (0x000000b3574ff330): Exit, mode: safepoint, requested by thread 0x000002acf3940760


---------------  P R O C E S S  ---------------

Threads class SMR info:
_java_thread_list=0x000002ace6def760, length=23, elements={
0x000002acc4831680, 0x000002ace209f840, 0x000002ace20a04a0, 0x000002ace20ba620,
0x000002ace20bafc0, 0x000002ace20bd970, 0x000002ace20be450, 0x000002ace20c2a40,
0x000002ace20c4340, 0x000002ace20e9a90, 0x000002ace645ac70, 0x000002ace72082e0,
0x000002ace72087a0, 0x000002ace705e0d0, 0x000002ace70479e0, 0x000002ace6cf9c50,
0x000002ace7a0df50, 0x000002ace7a65cb0, 0x000002ace7c3c970, 0x000002ace7bcfbf0,
0x000002ace7bcf720, 0x000002ace7bced80, 0x000002acf3940760
}

Java Threads: ( => current thread )
  0x000002acc4831680 JavaThread "main" [_thread_blocked, id=4524, stack(0x000000b357600000,0x000000b357700000)]
  0x000002ace209f840 JavaThread "Reference Handler" daemon [_thread_blocked, id=11556, stack(0x000000b357d00000,0x000000b357e00000)]
  0x000002ace20a04a0 JavaThread "Finalizer" daemon [_thread_blocked, id=12904, stack(0x000000b357e00000,0x000000b357f00000)]
  0x000002ace20ba620 JavaThread "Signal Dispatcher" daemon [_thread_blocked, id=3796, stack(0x000000b357f00000,0x000000b358000000)]
  0x000002ace20bafc0 JavaThread "Attach Listener" daemon [_thread_blocked, id=1924, stack(0x000000b358000000,0x000000b358100000)]
  0x000002ace20bd970 JavaThread "Service Thread" daemon [_thread_blocked, id=948, stack(0x000000b358100000,0x000000b358200000)]
  0x000002ace20be450 JavaThread "Monitor Deflation Thread" daemon [_thread_blocked, id=2796, stack(0x000000b358200000,0x000000b358300000)]
  0x000002ace20c2a40 JavaThread "C2 CompilerThread0" daemon [_thread_blocked, id=13132, stack(0x000000b358300000,0x000000b358400000)]
  0x000002ace20c4340 JavaThread "C1 CompilerThread0" daemon [_thread_blocked, id=13400, stack(0x000000b358400000,0x000000b358500000)]
  0x000002ace20e9a90 JavaThread "Sweeper thread" daemon [_thread_blocked, id=10740, stack(0x000000b358500000,0x000000b358600000)]
  0x000002ace645ac70 JavaThread "Common-Cleaner" daemon [_thread_blocked, id=13200, stack(0x000000b358600000,0x000000b358700000)]
  0x000002ace72082e0 JavaThread "Monitor Ctrl-Break" daemon [_thread_in_native, id=14216, stack(0x000000b358800000,0x000000b358900000)]
  0x000002ace72087a0 JavaThread "Notification Thread" daemon [_thread_blocked, id=13924, stack(0x000000b358900000,0x000000b358a00000)]
  0x000002ace705e0d0 JavaThread "QuantumRenderer-0" daemon [_thread_blocked, id=8500, stack(0x000000b358700000,0x000000b358800000)]
  0x000002ace70479e0 JavaThread "InvokeLaterDispatcher" daemon [_thread_blocked, id=6684, stack(0x000000b358f00000,0x000000b359000000)]
  0x000002ace6cf9c50 JavaThread "JavaFX Application Thread" [_thread_in_native, id=388, stack(0x000000b359000000,0x000000b359100000)]
  0x000002ace7a0df50 JavaThread "Thread-1" daemon [_thread_in_native, id=8036, stack(0x000000b359200000,0x000000b359300000)]
  0x000002ace7a65cb0 JavaThread "JavaFX-Launcher" [_thread_blocked, id=8524, stack(0x000000b359300000,0x000000b359400000)]
  0x000002ace7c3c970 JavaThread "Prism Font Disposer" daemon [_thread_blocked, id=7124, stack(0x000000b359500000,0x000000b359600000)]
  0x000002ace7bcfbf0 JavaThread "mysql-cj-abandoned-connection-cleanup" daemon [_thread_blocked, id=12604, stack(0x000000b359600000,0x000000b359700000)]
  0x000002ace7bcf720 JavaThread "Cleaner-0" daemon [_thread_blocked, id=10860, stack(0x000000b359b00000,0x000000b359c00000)]
  0x000002ace7bced80 JavaThread "Java2D Disposer" daemon [_thread_blocked, id=10116, stack(0x000000b35a900000,0x000000b35aa00000)]
  0x000002acf3940760 JavaThread "SIGINT handler" daemon [_thread_blocked, id=13972, stack(0x000000b357400000,0x000000b357500000)]

Other Threads:
=>0x000002acc48ad7a0 VMThread "VM Thread" [stack: 0x000000b357c00000,0x000000b357d00000] [id=10580]
  0x000002acc4890150 WorkerThread "GC Thread#0" [stack: 0x000000b357700000,0x000000b357800000] [id=3904]
  0x000002ace6f52360 WorkerThread "GC Thread#1" [stack: 0x000000b358b00000,0x000000b358c00000] [id=2252]
  0x000002ace6f52600 WorkerThread "GC Thread#2" [stack: 0x000000b358c00000,0x000000b358d00000] [id=7620]
  0x000002ace6a3d600 WorkerThread "GC Thread#3" [stack: 0x000000b358d00000,0x000000b358e00000] [id=9912]
  0x000002acc48a0c80 ConcurrentGCThread "G1 Main Marker" terminated
  0x000002acc48a2e20 WorkerThread "G1 Conc#0" [stack: 0x000000b357900000,0x000000b357a00000] [id=6308]
  0x000002acc48e17c0 ConcurrentGCThread "G1 Refine#0" terminated
  0x000002ace7a17900 ConcurrentGCThread "G1 Refine#1" terminated
  0x000002acc48e20d0 ConcurrentGCThread "G1 Service" terminated

Threads with active compile tasks:

VM state: at safepoint (shutting down)

VM Mutex/Monitor currently owned by a thread:  ([mutex/lock_event])
[0x000002acc482e910] Threads_lock - owner thread: 0x000002acc48ad7a0
[0x000002acc482dcb0] Heap_lock - owner thread: 0x000002acf3940760

Heap address: 0x0000000082000000, size: 2016 MB, Compressed Oops mode: 32-bit

CDS archive(s) mapped at: [0x0000000800000000-0x0000000800ba0000-0x0000000800ba0000), size 12189696, SharedBaseAddress: 0x0000000800000000, ArchiveRelocationMode: 0.
Compressed class space mapped at: 0x0000000800c00000-0x0000000840c00000, reserved size: 1073741824
Narrow klass base: 0x0000000800000000, Narrow klass shift: 0, Narrow klass range: 0x100000000

GC Precious Log:
 CardTable entry size: 512
 Card Set container configuration: InlinePtr #cards 5 size 8 Array Of Cards #cards 12 size 40 Howl #buckets 4 coarsen threshold 1843 Howl Bitmap #cards 512 size 80 coarsen threshold 460 Card regions per heap region 1 cards per card region 2048
 CPUs: 4 total, 4 available
 Memory: 8057M
 Large Page Support: Disabled
 NUMA Support: Disabled
 Compressed Oops: Enabled (32-bit)
 Heap Region Size: 1M
 Heap Min Capacity: 8M
 Heap Initial Capacity: 126M
 Heap Max Capacity: 2016M
 Pre-touch: Disabled
 Parallel Workers: 4
 Concurrent Workers: 1
 Concurrent Refinement Workers: 4
 Periodic GC: Disabled

Heap:
 garbage-first heap   total 194560K, used 82591K [0x0000000082000000, 0x0000000100000000)
  region size 1024K, 5 young (5120K), 1 survivors (1024K)
 Metaspace       used 27492K, committed 27904K, reserved 1114112K
  class space    used 3587K, committed 3776K, reserved 1048576K

Heap Regions: E=young(eden), S=young(survivor), O=old, HS=humongous(starts), HC=humongous(continues), CS=collection set, F=free, OA=open archive, CA=closed archive, TAMS=top-at-mark-start (previous, next)
|   0|0x0000000082000000, 0x0000000082100000, 0x0000000082100000|100%| O|  |TAMS 0x0000000082100000, 0x0000000082100000| Untracked 
|   1|0x0000000082100000, 0x0000000082200000, 0x0000000082200000|100%| O|  |TAMS 0x0000000082200000, 0x0000000082200000| Untracked 
|   2|0x0000000082200000, 0x0000000082300000, 0x0000000082300000|100%| O|  |TAMS 0x0000000082300000, 0x0000000082300000| Untracked 
|   3|0x0000000082300000, 0x0000000082400000, 0x0000000082400000|100%|HS|  |TAMS 0x0000000082300000, 0x0000000082300000| Complete 
|   4|0x0000000082400000, 0x0000000082500000, 0x0000000082500000|100%| O|  |TAMS 0x0000000082500000, 0x0000000082500000| Untracked 
|   5|0x0000000082500000, 0x0000000082600000, 0x0000000082600000|100%| O|  |TAMS 0x0000000082600000, 0x0000000082600000| Untracked 
|   6|0x0000000082600000, 0x0000000082700000, 0x0000000082700000|100%| O|  |TAMS 0x0000000082700000, 0x0000000082700000| Untracked 
|   7|0x0000000082700000, 0x0000000082800000, 0x0000000082800000|100%| O|  |TAMS 0x0000000082800000, 0x0000000082800000| Untracked 
|   8|0x0000000082800000, 0x0000000082900000, 0x0000000082900000|100%| O|  |TAMS 0x0000000082900000, 0x0000000082900000| Untracked 
|   9|0x0000000082900000, 0x0000000082a00000, 0x0000000082a00000|100%| O|  |TAMS 0x0000000082a00000, 0x0000000082a00000| Untracked 
|  10|0x0000000082a00000, 0x0000000082b00000, 0x0000000082b00000|100%| O|  |TAMS 0x0000000082b00000, 0x0000000082b00000| Untracked 
|  11|0x0000000082b00000, 0x0000000082c00000, 0x0000000082c00000|100%| O|  |TAMS 0x0000000082c00000, 0x0000000082c00000| Untracked 
|  12|0x0000000082c00000, 0x0000000082d00000, 0x0000000082d00000|100%| O|  |TAMS 0x0000000082d00000, 0x0000000082d00000| Untracked 
|  13|0x0000000082d00000, 0x0000000082e00000, 0x0000000082e00000|100%| O|  |TAMS 0x0000000082e00000, 0x0000000082e00000| Untracked 
|  14|0x0000000082e00000, 0x0000000082f00000, 0x0000000082f00000|100%| O|  |TAMS 0x0000000082f00000, 0x0000000082f00000| Untracked 
|  15|0x0000000082f00000, 0x0000000083000000, 0x0000000083000000|100%|HS|  |TAMS 0x0000000083000000, 0x0000000083000000| Complete 
|  16|0x0000000083000000, 0x0000000083100000, 0x0000000083100000|100%|HC|  |TAMS 0x0000000083100000, 0x0000000083100000| Complete 
|  17|0x0000000083100000, 0x0000000083200000, 0x0000000083200000|100%|HS|  |TAMS 0x0000000083200000, 0x0000000083200000| Complete 
|  18|0x0000000083200000, 0x0000000083300000, 0x0000000083300000|100%| O|  |TAMS 0x0000000083300000, 0x0000000083300000| Untracked 
|  19|0x0000000083300000, 0x0000000083400000, 0x0000000083400000|100%| O|  |TAMS 0x0000000083400000, 0x0000000083400000| Untracked 
|  20|0x0000000083400000, 0x0000000083500000, 0x0000000083500000|100%| O|  |TAMS 0x0000000083500000, 0x0000000083500000| Untracked 
|  21|0x0000000083500000, 0x0000000083600000, 0x0000000083600000|100%| O|  |TAMS 0x0000000083600000, 0x0000000083600000| Untracked 
|  22|0x0000000083600000, 0x0000000083700000, 0x0000000083700000|100%| O|  |TAMS 0x0000000083700000, 0x0000000083700000| Untracked 
|  23|0x0000000083700000, 0x0000000083800000, 0x0000000083800000|100%| O|  |TAMS 0x0000000083773400, 0x0000000083800000| Untracked 
|  24|0x0000000083800000, 0x0000000083900000, 0x0000000083900000|100%|HS|  |TAMS 0x0000000083800000, 0x0000000083800000| Complete 
|  25|0x0000000083900000, 0x0000000083a00000, 0x0000000083a00000|100%|HS|  |TAMS 0x0000000083900000, 0x0000000083900000| Complete 
|  26|0x0000000083a00000, 0x0000000083b00000, 0x0000000083b00000|100%|HC|  |TAMS 0x0000000083a00000, 0x0000000083a00000| Complete 
|  27|0x0000000083b00000, 0x0000000083c00000, 0x0000000083c00000|100%|HS|  |TAMS 0x0000000083b00000, 0x0000000083c00000| Complete 
|  28|0x0000000083c00000, 0x0000000083d00000, 0x0000000083d00000|100%|HC|  |TAMS 0x0000000083c00000, 0x0000000083d00000| Complete 
|  29|0x0000000083d00000, 0x0000000083e00000, 0x0000000083e00000|100%|HS|  |TAMS 0x0000000083d00000, 0x0000000083d00000| Complete 
|  30|0x0000000083e00000, 0x0000000083f00000, 0x0000000083f00000|100%|HC|  |TAMS 0x0000000083e00000, 0x0000000083e00000| Complete 
|  31|0x0000000083f00000, 0x0000000084000000, 0x0000000084000000|100%|HS|  |TAMS 0x0000000083f00000, 0x0000000084000000| Complete 
|  32|0x0000000084000000, 0x0000000084100000, 0x0000000084100000|100%|HS|  |TAMS 0x0000000084000000, 0x0000000084000000| Complete 
|  33|0x0000000084100000, 0x0000000084200000, 0x0000000084200000|100%|HS|  |TAMS 0x0000000084100000, 0x0000000084100000| Complete 
|  34|0x0000000084200000, 0x0000000084300000, 0x0000000084300000|100%|HS|  |TAMS 0x0000000084200000, 0x0000000084200000| Complete 
|  35|0x0000000084300000, 0x0000000084400000, 0x0000000084400000|100%|HC|  |TAMS 0x0000000084300000, 0x0000000084300000| Complete 
|  36|0x0000000084400000, 0x0000000084500000, 0x0000000084500000|100%|HS|  |TAMS 0x0000000084400000, 0x0000000084500000| Complete 
|  37|0x0000000084500000, 0x0000000084600000, 0x0000000084600000|100%|HC|  |TAMS 0x0000000084500000, 0x0000000084600000| Complete 
|  38|0x0000000084600000, 0x0000000084700000, 0x0000000084700000|100%|HS|  |TAMS 0x0000000084600000, 0x0000000084600000| Complete 
|  39|0x0000000084700000, 0x0000000084800000, 0x0000000084800000|100%|HC|  |TAMS 0x0000000084700000, 0x0000000084700000| Complete 
|  40|0x0000000084800000, 0x0000000084900000, 0x0000000084900000|100%|HS|  |TAMS 0x0000000084800000, 0x0000000084900000| Complete 
|  41|0x0000000084900000, 0x0000000084a00000, 0x0000000084a00000|100%|HS|  |TAMS 0x0000000084900000, 0x0000000084900000| Complete 
|  42|0x0000000084a00000, 0x0000000084b00000, 0x0000000084b00000|100%|HS|  |TAMS 0x0000000084a00000, 0x0000000084a00000| Complete 
|  43|0x0000000084b00000, 0x0000000084c00000, 0x0000000084c00000|100%|HS|  |TAMS 0x0000000084b00000, 0x0000000084b00000| Complete 
|  44|0x0000000084c00000, 0x0000000084d00000, 0x0000000084d00000|100%|HC|  |TAMS 0x0000000084c00000, 0x0000000084c00000| Complete 
|  45|0x0000000084d00000, 0x0000000084e00000, 0x0000000084e00000|100%|HS|  |TAMS 0x0000000084d00000, 0x0000000084e00000| Complete 
|  46|0x0000000084e00000, 0x0000000084f00000, 0x0000000084f00000|100%|HC|  |TAMS 0x0000000084e00000, 0x0000000084f00000| Complete 
|  47|0x0000000084f00000, 0x0000000085000000, 0x0000000085000000|100%|HS|  |TAMS 0x0000000084f00000, 0x0000000084f00000| Complete 
|  48|0x0000000085000000, 0x0000000085100000, 0x0000000085100000|100%|HC|  |TAMS 0x0000000085000000, 0x0000000085000000| Complete 
|  49|0x0000000085100000, 0x0000000085200000, 0x0000000085200000|100%|HS|  |TAMS 0x0000000085100000, 0x0000000085200000| Complete 
|  50|0x0000000085200000, 0x0000000085300000, 0x0000000085300000|100%|HS|  |TAMS 0x0000000085200000, 0x0000000085200000| Complete 
|  51|0x0000000085300000, 0x0000000085400000, 0x0000000085400000|100%|HS|  |TAMS 0x0000000085300000, 0x0000000085300000| Complete 
|  52|0x0000000085400000, 0x0000000085500000, 0x0000000085500000|100%|HS|  |TAMS 0x0000000085400000, 0x0000000085400000| Complete 
|  53|0x0000000085500000, 0x0000000085600000, 0x0000000085600000|100%|HC|  |TAMS 0x0000000085500000, 0x0000000085500000| Complete 
|  54|0x0000000085600000, 0x0000000085700000, 0x0000000085700000|100%|HS|  |TAMS 0x0000000085600000, 0x0000000085700000| Complete 
|  55|0x0000000085700000, 0x0000000085800000, 0x0000000085800000|100%|HC|  |TAMS 0x0000000085700000, 0x0000000085800000| Complete 
|  56|0x0000000085800000, 0x0000000085900000, 0x0000000085900000|100%|HS|  |TAMS 0x0000000085800000, 0x0000000085800000| Complete 
|  57|0x0000000085900000, 0x0000000085a00000, 0x0000000085a00000|100%|HC|  |TAMS 0x0000000085900000, 0x0000000085900000| Complete 
|  58|0x0000000085a00000, 0x0000000085b00000, 0x0000000085b00000|100%|HS|  |TAMS 0x0000000085a00000, 0x0000000085b00000| Complete 
|  59|0x0000000085b00000, 0x0000000085c00000, 0x0000000085c00000|100%|HS|  |TAMS 0x0000000085b00000, 0x0000000085b00000| Complete 
|  60|0x0000000085c00000, 0x0000000085d00000, 0x0000000085d00000|100%|HS|  |TAMS 0x0000000085c00000, 0x0000000085c00000| Complete 
|  61|0x0000000085d00000, 0x0000000085e00000, 0x0000000085e00000|100%|HS|  |TAMS 0x0000000085d00000, 0x0000000085d00000| Complete 
|  62|0x0000000085e00000, 0x0000000085f00000, 0x0000000085f00000|100%|HC|  |TAMS 0x0000000085e00000, 0x0000000085e00000| Complete 
|  63|0x0000000085f00000, 0x0000000086000000, 0x0000000086000000|100%|HS|  |TAMS 0x0000000085f00000, 0x0000000086000000| Complete 
|  64|0x0000000086000000, 0x0000000086100000, 0x0000000086100000|100%|HC|  |TAMS 0x0000000086000000, 0x0000000086100000| Complete 
|  65|0x0000000086100000, 0x0000000086200000, 0x0000000086200000|100%|HS|  |TAMS 0x0000000086100000, 0x0000000086100000| Complete 
|  66|0x0000000086200000, 0x0000000086300000, 0x0000000086300000|100%|HC|  |TAMS 0x0000000086200000, 0x0000000086200000| Complete 
|  67|0x0000000086300000, 0x0000000086400000, 0x0000000086400000|100%|HS|  |TAMS 0x0000000086300000, 0x0000000086400000| Complete 
|  68|0x0000000086400000, 0x0000000086400000, 0x0000000086500000|  0%| F|  |TAMS 0x0000000086400000, 0x0000000086400000| Untracked 
|  69|0x0000000086500000, 0x0000000086500000, 0x0000000086600000|  0%| F|  |TAMS 0x0000000086500000, 0x0000000086500000| Untracked 
|  70|0x0000000086600000, 0x0000000086600000, 0x0000000086700000|  0%| F|  |TAMS 0x0000000086600000, 0x0000000086600000| Untracked 
|  71|0x0000000086700000, 0x0000000086700000, 0x0000000086800000|  0%| F|  |TAMS 0x0000000086700000, 0x0000000086700000| Untracked 
|  72|0x0000000086800000, 0x0000000086800000, 0x0000000086900000|  0%| F|  |TAMS 0x0000000086800000, 0x0000000086800000| Untracked 
|  73|0x0000000086900000, 0x0000000086900000, 0x0000000086a00000|  0%| F|  |TAMS 0x0000000086900000, 0x0000000086900000| Untracked 
|  74|0x0000000086a00000, 0x0000000086b00000, 0x0000000086b00000|100%|HS|  |TAMS 0x0000000086a00000, 0x0000000086b00000| Complete 
|  75|0x0000000086b00000, 0x0000000086c00000, 0x0000000086c00000|100%|HC|  |TAMS 0x0000000086b00000, 0x0000000086c00000| Complete 
|  76|0x0000000086c00000, 0x0000000086c00000, 0x0000000086d00000|  0%| F|  |TAMS 0x0000000086c00000, 0x0000000086c00000| Untracked 
|  77|0x0000000086d00000, 0x0000000086d00000, 0x0000000086e00000|  0%| F|  |TAMS 0x0000000086d00000, 0x0000000086d00000| Untracked 
|  78|0x0000000086e00000, 0x0000000086f00000, 0x0000000086f00000|100%|HS|  |TAMS 0x0000000086e00000, 0x0000000086f00000| Complete 
|  79|0x0000000086f00000, 0x0000000087000000, 0x0000000087000000|100%|HS|  |TAMS 0x0000000086f00000, 0x0000000087000000| Complete 
|  80|0x0000000087000000, 0x0000000087100000, 0x0000000087100000|100%|HS|  |TAMS 0x0000000087000000, 0x0000000087100000| Complete 
|  81|0x0000000087100000, 0x0000000087200000, 0x0000000087200000|100%|HC|  |TAMS 0x0000000087100000, 0x0000000087200000| Complete 
|  82|0x0000000087200000, 0x0000000087300000, 0x0000000087300000|100%|HS|  |TAMS 0x0000000087200000, 0x0000000087300000| Complete 
|  83|0x0000000087300000, 0x0000000087400000, 0x0000000087400000|100%|HC|  |TAMS 0x0000000087300000, 0x0000000087400000| Complete 
|  84|0x0000000087400000, 0x000000008748b200, 0x0000000087500000| 54%| O|  |TAMS 0x0000000087400000, 0x000000008748a000| Untracked 
|  85|0x0000000087500000, 0x0000000087600000, 0x0000000087600000|100%| O|  |TAMS 0x0000000087500000, 0x0000000087600000| Untracked 
|  86|0x0000000087600000, 0x0000000087600000, 0x0000000087700000|  0%| F|  |TAMS 0x0000000087600000, 0x0000000087600000| Untracked 
|  87|0x0000000087700000, 0x0000000087700000, 0x0000000087800000|  0%| F|  |TAMS 0x0000000087700000, 0x0000000087700000| Untracked 
|  88|0x0000000087800000, 0x0000000087800000, 0x0000000087900000|  0%| F|  |TAMS 0x0000000087800000, 0x0000000087800000| Untracked 
|  89|0x0000000087900000, 0x0000000087900000, 0x0000000087a00000|  0%| F|  |TAMS 0x0000000087900000, 0x0000000087900000| Untracked 
|  90|0x0000000087a00000, 0x0000000087a00000, 0x0000000087b00000|  0%| F|  |TAMS 0x0000000087a00000, 0x0000000087a00000| Untracked 
|  91|0x0000000087b00000, 0x0000000087b00000, 0x0000000087c00000|  0%| F|  |TAMS 0x0000000087b00000, 0x0000000087b00000| Untracked 
|  92|0x0000000087c00000, 0x0000000087c00000, 0x0000000087d00000|  0%| F|  |TAMS 0x0000000087c00000, 0x0000000087c00000| Untracked 
|  93|0x0000000087d00000, 0x0000000087d00000, 0x0000000087e00000|  0%| F|  |TAMS 0x0000000087d00000, 0x0000000087d00000| Untracked 
|  94|0x0000000087e00000, 0x0000000087e00000, 0x0000000087f00000|  0%| F|  |TAMS 0x0000000087e00000, 0x0000000087e00000| Untracked 
|  95|0x0000000087f00000, 0x0000000087f00000, 0x0000000088000000|  0%| F|  |TAMS 0x0000000087f00000, 0x0000000087f00000| Untracked 
|  96|0x0000000088000000, 0x0000000088000000, 0x0000000088100000|  0%| F|  |TAMS 0x0000000088000000, 0x0000000088000000| Untracked 
|  97|0x0000000088100000, 0x0000000088100000, 0x0000000088200000|  0%| F|  |TAMS 0x0000000088100000, 0x0000000088100000| Untracked 
|  98|0x0000000088200000, 0x0000000088200000, 0x0000000088300000|  0%| F|  |TAMS 0x0000000088200000, 0x0000000088200000| Untracked 
|  99|0x0000000088300000, 0x0000000088300000, 0x0000000088400000|  0%| F|  |TAMS 0x0000000088300000, 0x0000000088300000| Untracked 
| 100|0x0000000088400000, 0x0000000088400000, 0x0000000088500000|  0%| F|  |TAMS 0x0000000088400000, 0x0000000088400000| Untracked 
| 101|0x0000000088500000, 0x0000000088500000, 0x0000000088600000|  0%| F|  |TAMS 0x0000000088500000, 0x0000000088500000| Untracked 
| 102|0x0000000088600000, 0x0000000088600000, 0x0000000088700000|  0%| F|  |TAMS 0x0000000088600000, 0x0000000088600000| Untracked 
| 103|0x0000000088700000, 0x0000000088700000, 0x0000000088800000|  0%| F|  |TAMS 0x0000000088700000, 0x0000000088700000| Untracked 
| 104|0x0000000088800000, 0x0000000088800000, 0x0000000088900000|  0%| F|  |TAMS 0x0000000088800000, 0x0000000088800000| Untracked 
| 105|0x0000000088900000, 0x0000000088900000, 0x0000000088a00000|  0%| F|  |TAMS 0x0000000088900000, 0x0000000088900000| Untracked 
| 106|0x0000000088a00000, 0x0000000088a00000, 0x0000000088b00000|  0%| F|  |TAMS 0x0000000088a00000, 0x0000000088a00000| Untracked 
| 107|0x0000000088b00000, 0x0000000088b00000, 0x0000000088c00000|  0%| F|  |TAMS 0x0000000088b00000, 0x0000000088b00000| Untracked 
| 108|0x0000000088c00000, 0x0000000088c00000, 0x0000000088d00000|  0%| F|  |TAMS 0x0000000088c00000, 0x0000000088c00000| Untracked 
| 109|0x0000000088d00000, 0x0000000088d00000, 0x0000000088e00000|  0%| F|  |TAMS 0x0000000088d00000, 0x0000000088d00000| Untracked 
| 110|0x0000000088e00000, 0x0000000088e00000, 0x0000000088f00000|  0%| F|  |TAMS 0x0000000088e00000, 0x0000000088e00000| Untracked 
| 111|0x0000000088f00000, 0x0000000088f00000, 0x0000000089000000|  0%| F|  |TAMS 0x0000000088f00000, 0x0000000088f00000| Untracked 
| 112|0x0000000089000000, 0x0000000089000000, 0x0000000089100000|  0%| F|  |TAMS 0x0000000089000000, 0x0000000089000000| Untracked 
| 113|0x0000000089100000, 0x0000000089100000, 0x0000000089200000|  0%| F|  |TAMS 0x0000000089100000, 0x0000000089100000| Untracked 
| 114|0x0000000089200000, 0x0000000089200000, 0x0000000089300000|  0%| F|  |TAMS 0x0000000089200000, 0x0000000089200000| Untracked 
| 115|0x0000000089300000, 0x0000000089300000, 0x0000000089400000|  0%| F|  |TAMS 0x0000000089300000, 0x0000000089300000| Untracked 
| 116|0x0000000089400000, 0x0000000089400000, 0x0000000089500000|  0%| F|  |TAMS 0x0000000089400000, 0x0000000089400000| Untracked 
| 117|0x0000000089500000, 0x0000000089500000, 0x0000000089600000|  0%| F|  |TAMS 0x0000000089500000, 0x0000000089500000| Untracked 
| 118|0x0000000089600000, 0x0000000089600000, 0x0000000089700000|  0%| F|  |TAMS 0x0000000089600000, 0x0000000089600000| Untracked 
| 119|0x0000000089700000, 0x0000000089700000, 0x0000000089800000|  0%| F|  |TAMS 0x0000000089700000, 0x0000000089700000| Untracked 
| 120|0x0000000089800000, 0x0000000089800000, 0x0000000089900000|  0%| F|  |TAMS 0x0000000089800000, 0x0000000089800000| Untracked 
| 121|0x0000000089900000, 0x0000000089900000, 0x0000000089a00000|  0%| F|  |TAMS 0x0000000089900000, 0x0000000089900000| Untracked 
| 122|0x0000000089a00000, 0x0000000089a00000, 0x0000000089b00000|  0%| F|  |TAMS 0x0000000089a00000, 0x0000000089a00000| Untracked 
| 123|0x0000000089b00000, 0x0000000089b00000, 0x0000000089c00000|  0%| F|  |TAMS 0x0000000089b00000, 0x0000000089b00000| Untracked 
| 124|0x0000000089c00000, 0x0000000089c00000, 0x0000000089d00000|  0%| F|  |TAMS 0x0000000089c00000, 0x0000000089c00000| Untracked 
| 125|0x0000000089d00000, 0x0000000089d00000, 0x0000000089e00000|  0%| F|  |TAMS 0x0000000089d00000, 0x0000000089d00000| Untracked 
| 126|0x0000000089e00000, 0x0000000089e00000, 0x0000000089f00000|  0%| F|  |TAMS 0x0000000089e00000, 0x0000000089e00000| Untracked 
| 127|0x0000000089f00000, 0x0000000089f00000, 0x000000008a000000|  0%| F|  |TAMS 0x0000000089f00000, 0x0000000089f00000| Untracked 
| 128|0x000000008a000000, 0x000000008a000000, 0x000000008a100000|  0%| F|  |TAMS 0x000000008a000000, 0x000000008a000000| Untracked 
| 129|0x000000008a100000, 0x000000008a100000, 0x000000008a200000|  0%| F|  |TAMS 0x000000008a100000, 0x000000008a100000| Untracked 
| 130|0x000000008a200000, 0x000000008a200000, 0x000000008a300000|  0%| F|  |TAMS 0x000000008a200000, 0x000000008a200000| Untracked 
| 131|0x000000008a300000, 0x000000008a300000, 0x000000008a400000|  0%| F|  |TAMS 0x000000008a300000, 0x000000008a300000| Untracked 
| 132|0x000000008a400000, 0x000000008a400000, 0x000000008a500000|  0%| F|  |TAMS 0x000000008a400000, 0x000000008a400000| Untracked 
| 133|0x000000008a500000, 0x000000008a500000, 0x000000008a600000|  0%| F|  |TAMS 0x000000008a500000, 0x000000008a500000| Untracked 
| 134|0x000000008a600000, 0x000000008a600000, 0x000000008a700000|  0%| F|  |TAMS 0x000000008a600000, 0x000000008a600000| Untracked 
| 135|0x000000008a700000, 0x000000008a700000, 0x000000008a800000|  0%| F|  |TAMS 0x000000008a700000, 0x000000008a700000| Untracked 
| 136|0x000000008a800000, 0x000000008a800000, 0x000000008a900000|  0%| F|  |TAMS 0x000000008a800000, 0x000000008a800000| Untracked 
| 137|0x000000008a900000, 0x000000008a900000, 0x000000008aa00000|  0%| F|  |TAMS 0x000000008a900000, 0x000000008a900000| Untracked 
| 138|0x000000008aa00000, 0x000000008aa00000, 0x000000008ab00000|  0%| F|  |TAMS 0x000000008aa00000, 0x000000008aa00000| Untracked 
| 139|0x000000008ab00000, 0x000000008ab00000, 0x000000008ac00000|  0%| F|  |TAMS 0x000000008ab00000, 0x000000008ab00000| Untracked 
| 140|0x000000008ac00000, 0x000000008ac00000, 0x000000008ad00000|  0%| F|  |TAMS 0x000000008ac00000, 0x000000008ac00000| Untracked 
| 141|0x000000008ad00000, 0x000000008ad00000, 0x000000008ae00000|  0%| F|  |TAMS 0x000000008ad00000, 0x000000008ad00000| Untracked 
| 142|0x000000008ae00000, 0x000000008ae00000, 0x000000008af00000|  0%| F|  |TAMS 0x000000008ae00000, 0x000000008ae00000| Untracked 
| 143|0x000000008af00000, 0x000000008af00000, 0x000000008b000000|  0%| F|  |TAMS 0x000000008af00000, 0x000000008af00000| Untracked 
| 144|0x000000008b000000, 0x000000008b000000, 0x000000008b100000|  0%| F|  |TAMS 0x000000008b000000, 0x000000008b000000| Untracked 
| 145|0x000000008b100000, 0x000000008b100000, 0x000000008b200000|  0%| F|  |TAMS 0x000000008b100000, 0x000000008b100000| Untracked 
| 146|0x000000008b200000, 0x000000008b200000, 0x000000008b300000|  0%| F|  |TAMS 0x000000008b200000, 0x000000008b200000| Untracked 
| 147|0x000000008b300000, 0x000000008b300000, 0x000000008b400000|  0%| F|  |TAMS 0x000000008b300000, 0x000000008b300000| Untracked 
| 148|0x000000008b400000, 0x000000008b400000, 0x000000008b500000|  0%| F|  |TAMS 0x000000008b400000, 0x000000008b400000| Untracked 
| 149|0x000000008b500000, 0x000000008b500000, 0x000000008b600000|  0%| F|  |TAMS 0x000000008b500000, 0x000000008b500000| Untracked 
| 150|0x000000008b600000, 0x000000008b600000, 0x000000008b700000|  0%| F|  |TAMS 0x000000008b600000, 0x000000008b600000| Untracked 
| 151|0x000000008b700000, 0x000000008b700000, 0x000000008b800000|  0%| F|  |TAMS 0x000000008b700000, 0x000000008b700000| Untracked 
| 152|0x000000008b800000, 0x000000008b800000, 0x000000008b900000|  0%| F|  |TAMS 0x000000008b800000, 0x000000008b800000| Untracked 
| 153|0x000000008b900000, 0x000000008b900000, 0x000000008ba00000|  0%| F|  |TAMS 0x000000008b900000, 0x000000008b900000| Untracked 
| 154|0x000000008ba00000, 0x000000008ba00000, 0x000000008bb00000|  0%| F|  |TAMS 0x000000008ba00000, 0x000000008ba00000| Untracked 
| 155|0x000000008bb00000, 0x000000008bb00000, 0x000000008bc00000|  0%| F|  |TAMS 0x000000008bb00000, 0x000000008bb00000| Untracked 
| 156|0x000000008bc00000, 0x000000008bc00000, 0x000000008bd00000|  0%| F|  |TAMS 0x000000008bc00000, 0x000000008bc00000| Untracked 
| 157|0x000000008bd00000, 0x000000008bd00000, 0x000000008be00000|  0%| F|  |TAMS 0x000000008bd00000, 0x000000008bd00000| Untracked 
| 158|0x000000008be00000, 0x000000008be00000, 0x000000008bf00000|  0%| F|  |TAMS 0x000000008be00000, 0x000000008be00000| Untracked 
| 159|0x000000008bf00000, 0x000000008bf00000, 0x000000008c000000|  0%| F|  |TAMS 0x000000008bf00000, 0x000000008bf00000| Untracked 
| 160|0x000000008c000000, 0x000000008c000000, 0x000000008c100000|  0%| F|  |TAMS 0x000000008c000000, 0x000000008c000000| Untracked 
| 161|0x000000008c100000, 0x000000008c100000, 0x000000008c200000|  0%| F|  |TAMS 0x000000008c100000, 0x000000008c100000| Untracked 
| 162|0x000000008c200000, 0x000000008c200000, 0x000000008c300000|  0%| F|  |TAMS 0x000000008c200000, 0x000000008c200000| Untracked 
| 163|0x000000008c300000, 0x000000008c300000, 0x000000008c400000|  0%| F|  |TAMS 0x000000008c300000, 0x000000008c300000| Untracked 
| 164|0x000000008c400000, 0x000000008c400000, 0x000000008c500000|  0%| F|  |TAMS 0x000000008c400000, 0x000000008c400000| Untracked 
| 165|0x000000008c500000, 0x000000008c500000, 0x000000008c600000|  0%| F|  |TAMS 0x000000008c500000, 0x000000008c500000| Untracked 
| 166|0x000000008c600000, 0x000000008c600000, 0x000000008c700000|  0%| F|  |TAMS 0x000000008c600000, 0x000000008c600000| Untracked 
| 167|0x000000008c700000, 0x000000008c700000, 0x000000008c800000|  0%| F|  |TAMS 0x000000008c700000, 0x000000008c700000| Untracked 
| 168|0x000000008c800000, 0x000000008c800000, 0x000000008c900000|  0%| F|  |TAMS 0x000000008c800000, 0x000000008c800000| Untracked 
| 169|0x000000008c900000, 0x000000008c900000, 0x000000008ca00000|  0%| F|  |TAMS 0x000000008c900000, 0x000000008c900000| Untracked 
| 170|0x000000008ca00000, 0x000000008ca00000, 0x000000008cb00000|  0%| F|  |TAMS 0x000000008ca00000, 0x000000008ca00000| Untracked 
| 171|0x000000008cb00000, 0x000000008cb00000, 0x000000008cc00000|  0%| F|  |TAMS 0x000000008cb00000, 0x000000008cb00000| Untracked 
| 172|0x000000008cc00000, 0x000000008cc00000, 0x000000008cd00000|  0%| F|  |TAMS 0x000000008cc00000, 0x000000008cc00000| Untracked 
| 173|0x000000008cd00000, 0x000000008cd00000, 0x000000008ce00000|  0%| F|  |TAMS 0x000000008cd00000, 0x000000008cd00000| Untracked 
| 174|0x000000008ce00000, 0x000000008ce00000, 0x000000008cf00000|  0%| F|  |TAMS 0x000000008ce00000, 0x000000008ce00000| Untracked 
| 175|0x000000008cf00000, 0x000000008cf00000, 0x000000008d000000|  0%| F|  |TAMS 0x000000008cf00000, 0x000000008cf00000| Untracked 
| 176|0x000000008d000000, 0x000000008d000000, 0x000000008d100000|  0%| F|  |TAMS 0x000000008d000000, 0x000000008d000000| Untracked 
| 177|0x000000008d100000, 0x000000008d100000, 0x000000008d200000|  0%| F|  |TAMS 0x000000008d100000, 0x000000008d100000| Untracked 
| 178|0x000000008d200000, 0x000000008d200000, 0x000000008d300000|  0%| F|  |TAMS 0x000000008d200000, 0x000000008d200000| Untracked 
| 179|0x000000008d300000, 0x000000008d300000, 0x000000008d400000|  0%| F|  |TAMS 0x000000008d300000, 0x000000008d300000| Untracked 
| 180|0x000000008d400000, 0x000000008d400000, 0x000000008d500000|  0%| F|  |TAMS 0x000000008d400000, 0x000000008d400000| Untracked 
| 181|0x000000008d500000, 0x000000008d500000, 0x000000008d600000|  0%| F|  |TAMS 0x000000008d500000, 0x000000008d500000| Untracked 
| 182|0x000000008d600000, 0x000000008d600000, 0x000000008d700000|  0%| F|  |TAMS 0x000000008d600000, 0x000000008d600000| Untracked 
| 183|0x000000008d700000, 0x000000008d700000, 0x000000008d800000|  0%| F|  |TAMS 0x000000008d700000, 0x000000008d700000| Untracked 
| 184|0x000000008d800000, 0x000000008d800000, 0x000000008d900000|  0%| F|  |TAMS 0x000000008d800000, 0x000000008d800000| Untracked 
| 185|0x000000008d900000, 0x000000008d900800, 0x000000008da00000|  0%| E|  |TAMS 0x000000008d900000, 0x000000008d900000| Complete 
| 186|0x000000008da00000, 0x000000008da1caa0, 0x000000008db00000| 11%| S|CS|TAMS 0x000000008da00000, 0x000000008da00000| Complete 
| 187|0x000000008db00000, 0x000000008dc00000, 0x000000008dc00000|100%| E|CS|TAMS 0x000000008db00000, 0x000000008db00000| Complete 
| 188|0x000000008dc00000, 0x000000008dd00000, 0x000000008dd00000|100%| E|CS|TAMS 0x000000008dc00000, 0x000000008dc00000| Complete 
| 189|0x000000008dd00000, 0x000000008de00000, 0x000000008de00000|100%| E|CS|TAMS 0x000000008dd00000, 0x000000008dd00000| Complete 

Card table byte_map: [0x000002acdb560000,0x000002acdb950000] _byte_map_base: 0x000002acdb150000

Marking Bits (Prev, Next): (CMBitMap*) 0x000002acc4890750, (CMBitMap*) 0x000002acc4890790
 Prev Bits: [0x000002acdbd40000, 0x000002acddcc0000)
 Next Bits: [0x000002acddcc0000, 0x000002acdfc40000)

Polling page: 0x000002acc2640000

Metaspace:

Usage:
  Non-class:     23.34 MB used.
      Class:      3.50 MB used.
       Both:     26.85 MB used.

Virtual space:
  Non-class space:       64.00 MB reserved,      23.56 MB ( 37%) committed,  1 nodes.
      Class space:        1.00 GB reserved,       3.69 MB ( <1%) committed,  1 nodes.
             Both:        1.06 GB reserved,      27.25 MB (  3%) committed. 

Chunk freelists:
   Non-Class:  3.98 MB
       Class:  363.00 KB
        Both:  4.34 MB

MaxMetaspaceSize: unlimited
CompressedClassSpaceSize: 1.00 GB
Initial GC threshold: 21.00 MB
Current GC threshold: 42.62 MB
CDS: on
MetaspaceReclaimPolicy: balanced
 - commit_granule_bytes: 65536.
 - commit_granule_words: 8192.
 - virtual_space_node_default_size: 8388608.
 - enlarge_chunks_in_place: 1.
 - new_chunks_are_fully_committed: 0.
 - uncommit_free_chunks: 1.
 - use_allocation_guard: 0.


Internal statistics:

num_allocs_failed_limit: 3.
num_arena_births: 432.
num_arena_deaths: 0.
num_vsnodes_births: 2.
num_vsnodes_deaths: 0.
num_space_committed: 436.
num_space_uncommitted: 0.
num_chunks_returned_to_freelist: 3.
num_chunks_taken_from_freelist: 1289.
num_chunk_merges: 3.
num_chunk_splits: 880.
num_chunks_enlarged: 661.
num_inconsistent_stats: 0.

CodeHeap 'non-profiled nmethods': size=120000Kb used=2449Kb max_used=2833Kb free=117550Kb
 bounds [0x000002acd3c40000, 0x000002acd3f10000, 0x000002acdb170000]
CodeHeap 'profiled nmethods': size=120000Kb used=10851Kb max_used=12705Kb free=109149Kb
 bounds [0x000002accc710000, 0x000002accd380000, 0x000002acd3c40000]
CodeHeap 'non-nmethods': size=5760Kb used=1753Kb max_used=1811Kb free=4006Kb
 bounds [0x000002accc170000, 0x000002accc3e0000, 0x000002accc710000]
 total_blobs=6434 nmethods=5238 adapters=1106
 compilation: enabled
              stopped_count=0, restarted_count=0
 full_count=0

Compilation events (20 events):
Event: 47.446 Thread 0x000002ace20c4340 nmethod 6045 0x000002accc9e4910 code [0x000002accc9e4b00, 0x000002accc9e5298]
Event: 47.446 Thread 0x000002ace20c4340 6046       3       com.sun.javafx.sg.prism.NodeEffectInput::filter (225 bytes)
Event: 47.449 Thread 0x000002ace20c4340 nmethod 6046 0x000002acccebfa90 code [0x000002acccebfe00, 0x000002acccec1268]
Event: 47.449 Thread 0x000002ace20c4340 6047       1       com.sun.scenario.effect.impl.prism.PrRenderInfo::getGraphics (5 bytes)
Event: 47.449 Thread 0x000002ace20c4340 nmethod 6047 0x000002acd3d31e10 code [0x000002acd3d31fa0, 0x000002acd3d32078]
Event: 47.509 Thread 0x000002ace20c2a40 nmethod 6042 0x000002acd3e32610 code [0x000002acd3e32900, 0x000002acd3e34830]
Event: 47.509 Thread 0x000002ace20c2a40 6048       4       com.sun.javafx.geom.transform.AffineBase::doTransform (657 bytes)
Event: 47.537 Thread 0x000002ace20c2a40 nmethod 6048 0x000002acd3e3be10 code [0x000002acd3e3bfa0, 0x000002acd3e3c7d8]
Event: 76.120 Thread 0x000002ace20c4340 6049       3       jdk.internal.loader.URLClassPath$JarLoader::findResource (18 bytes)
Event: 76.120 Thread 0x000002ace20c4340 nmethod 6049 0x000002acccaa5f90 code [0x000002acccaa6140, 0x000002acccaa6328]
Event: 82.875 Thread 0x000002ace20c2a40 6050       4       com.sun.javafx.tk.quantum.QuantumToolkit::postPulse (133 bytes)
Event: 82.914 Thread 0x000002ace20c2a40 nmethod 6050 0x000002acd3cb2690 code [0x000002acd3cb28a0, 0x000002acd3cb3c78]
Event: 90.395 Thread 0x000002ace20c2a40 6051       4       com.sun.javafx.tk.quantum.QuantumToolkit$$Lambda$108/0x0000000800c3a948::run (8 bytes)
Event: 90.396 Thread 0x000002ace20c2a40 nmethod 6051 0x000002acd3e3ba10 code [0x000002acd3e3bba0, 0x000002acd3e3bc98]
Event: 111.167 Thread 0x000002ace20c4340 6052       3       jdk.internal.module.Resources::toPackageName (39 bytes)
Event: 111.168 Thread 0x000002ace20c4340 nmethod 6052 0x000002accc934b10 code [0x000002accc934d40, 0x000002accc9353b8]
Event: 175.587 Thread 0x000002ace20c4340 6053       3       java.util.concurrent.ConcurrentHashMap$BaseIterator::<init> (21 bytes)
Event: 175.588 Thread 0x000002ace20c4340 nmethod 6053 0x000002acccb8ab90 code [0x000002acccb8ad40, 0x000002acccb8af18]
Event: 175.588 Thread 0x000002ace20c4340 6054       3       java.util.concurrent.ConcurrentHashMap$Traverser::<init> (36 bytes)
Event: 175.588 Thread 0x000002ace20c4340 nmethod 6054 0x000002accccbab10 code [0x000002accccbaca0, 0x000002accccbae98]

GC Heap History (20 events):
Event: 35.175 GC heap before
{Heap before GC invocations=62 (full 0):
 garbage-first heap   total 194560K, used 87667K [0x0000000082000000, 0x0000000100000000)
  region size 1024K, 3 young (3072K), 1 survivors (1024K)
 Metaspace       used 27427K, committed 27776K, reserved 1114112K
  class space    used 3585K, committed 3776K, reserved 1048576K
}
Event: 35.176 GC heap after
{Heap after GC invocations=63 (full 0):
 garbage-first heap   total 194560K, used 46704K [0x0000000082000000, 0x0000000100000000)
  region size 1024K, 1 young (1024K), 1 survivors (1024K)
 Metaspace       used 27427K, committed 27776K, reserved 1114112K
  class space    used 3585K, committed 3776K, reserved 1048576K
}
Event: 35.519 GC heap before
{Heap before GC invocations=63 (full 0):
 garbage-first heap   total 194560K, used 87664K [0x0000000082000000, 0x0000000100000000)
  region size 1024K, 3 young (3072K), 1 survivors (1024K)
 Metaspace       used 27431K, committed 27776K, reserved 1114112K
  class space    used 3585K, committed 3776K, reserved 1048576K
}
Event: 35.521 GC heap after
{Heap after GC invocations=64 (full 0):
 garbage-first heap   total 194560K, used 48757K [0x0000000082000000, 0x0000000100000000)
  region size 1024K, 1 young (1024K), 1 survivors (1024K)
 Metaspace       used 27431K, committed 27776K, reserved 1114112K
  class space    used 3585K, committed 3776K, reserved 1048576K
}
Event: 35.912 GC heap before
{Heap before GC invocations=64 (full 0):
 garbage-first heap   total 194560K, used 88693K [0x0000000082000000, 0x0000000100000000)
  region size 1024K, 3 young (3072K), 1 survivors (1024K)
 Metaspace       used 27452K, committed 27840K, reserved 1114112K
  class space    used 3585K, committed 3776K, reserved 1048576K
}
Event: 35.913 GC heap after
{Heap after GC invocations=65 (full 0):
 garbage-first heap   total 194560K, used 47732K [0x0000000082000000, 0x0000000100000000)
  region size 1024K, 1 young (1024K), 1 survivors (1024K)
 Metaspace       used 27452K, committed 27840K, reserved 1114112K
  class space    used 3585K, committed 3776K, reserved 1048576K
}
Event: 36.248 GC heap before
{Heap before GC invocations=65 (full 0):
 garbage-first heap   total 194560K, used 87668K [0x0000000082000000, 0x0000000100000000)
  region size 1024K, 3 young (3072K), 1 survivors (1024K)
 Metaspace       used 27452K, committed 27840K, reserved 1114112K
  class space    used 3585K, committed 3776K, reserved 1048576K
}
Event: 36.250 GC heap after
{Heap after GC invocations=66 (full 0):
 garbage-first heap   total 194560K, used 46715K [0x0000000082000000, 0x0000000100000000)
  region size 1024K, 1 young (1024K), 1 survivors (1024K)
 Metaspace       used 27452K, committed 27840K, reserved 1114112K
  class space    used 3585K, committed 3776K, reserved 1048576K
}
Event: 36.640 GC heap before
{Heap before GC invocations=66 (full 0):
 garbage-first heap   total 194560K, used 88699K [0x0000000082000000, 0x0000000100000000)
  region size 1024K, 3 young (3072K), 1 survivors (1024K)
 Metaspace       used 27452K, committed 27840K, reserved 1114112K
  class space    used 3585K, committed 3776K, reserved 1048576K
}
Event: 36.641 GC heap after
{Heap after GC invocations=67 (full 0):
 garbage-first heap   total 194560K, used 48768K [0x0000000082000000, 0x0000000100000000)
  region size 1024K, 1 young (1024K), 1 survivors (1024K)
 Metaspace       used 27452K, committed 27840K, reserved 1114112K
  class space    used 3585K, committed 3776K, reserved 1048576K
}
Event: 36.978 GC heap before
{Heap before GC invocations=67 (full 0):
 garbage-first heap   total 194560K, used 87680K [0x0000000082000000, 0x0000000100000000)
  region size 1024K, 3 young (3072K), 1 survivors (1024K)
 Metaspace       used 27462K, committed 27840K, reserved 1114112K
  class space    used 3585K, committed 3776K, reserved 1048576K
}
Event: 36.979 GC heap after
{Heap after GC invocations=68 (full 0):
 garbage-first heap   total 194560K, used 46725K [0x0000000082000000, 0x0000000100000000)
  region size 1024K, 1 young (1024K), 1 survivors (1024K)
 Metaspace       used 27462K, committed 27840K, reserved 1114112K
  class space    used 3585K, committed 3776K, reserved 1048576K
}
Event: 37.394 GC heap before
{Heap before GC invocations=68 (full 0):
 garbage-first heap   total 194560K, used 87685K [0x0000000082000000, 0x0000000100000000)
  region size 1024K, 3 young (3072K), 1 survivors (1024K)
 Metaspace       used 27469K, committed 27840K, reserved 1114112K
  class space    used 3585K, committed 3776K, reserved 1048576K
}
Event: 37.395 GC heap after
{Heap after GC invocations=69 (full 0):
 garbage-first heap   total 194560K, used 48783K [0x0000000082000000, 0x0000000100000000)
  region size 1024K, 1 young (1024K), 1 survivors (1024K)
 Metaspace       used 27469K, committed 27840K, reserved 1114112K
  class space    used 3585K, committed 3776K, reserved 1048576K
}
Event: 37.802 GC heap before
{Heap before GC invocations=69 (full 0):
 garbage-first heap   total 194560K, used 88719K [0x0000000082000000, 0x0000000100000000)
  region size 1024K, 3 young (3072K), 1 survivors (1024K)
 Metaspace       used 27469K, committed 27840K, reserved 1114112K
  class space    used 3585K, committed 3776K, reserved 1048576K
}
Event: 37.803 GC heap after
{Heap after GC invocations=70 (full 0):
 garbage-first heap   total 194560K, used 47767K [0x0000000082000000, 0x0000000100000000)
  region size 1024K, 1 young (1024K), 1 survivors (1024K)
 Metaspace       used 27469K, committed 27840K, reserved 1114112K
  class space    used 3585K, committed 3776K, reserved 1048576K
}
Event: 38.165 GC heap before
{Heap before GC invocations=70 (full 0):
 garbage-first heap   total 194560K, used 87703K [0x0000000082000000, 0x0000000100000000)
  region size 1024K, 3 young (3072K), 1 survivors (1024K)
 Metaspace       used 27470K, committed 27840K, reserved 1114112K
  class space    used 3585K, committed 3776K, reserved 1048576K
}
Event: 38.167 GC heap after
{Heap after GC invocations=71 (full 0):
 garbage-first heap   total 194560K, used 46750K [0x0000000082000000, 0x0000000100000000)
  region size 1024K, 1 young (1024K), 1 survivors (1024K)
 Metaspace       used 27470K, committed 27840K, reserved 1114112K
  class space    used 3585K, committed 3776K, reserved 1048576K
}
Event: 38.554 GC heap before
{Heap before GC invocations=71 (full 0):
 garbage-first heap   total 194560K, used 88734K [0x0000000082000000, 0x0000000100000000)
  region size 1024K, 3 young (3072K), 1 survivors (1024K)
 Metaspace       used 27471K, committed 27904K, reserved 1114112K
  class space    used 3585K, committed 3776K, reserved 1048576K
}
Event: 38.556 GC heap after
{Heap after GC invocations=72 (full 0):
 garbage-first heap   total 194560K, used 48799K [0x0000000082000000, 0x0000000100000000)
  region size 1024K, 1 young (1024K), 1 survivors (1024K)
 Metaspace       used 27471K, committed 27904K, reserved 1114112K
  class space    used 3585K, committed 3776K, reserved 1048576K
}

Deoptimization events (20 events):
Event: 28.143 Thread 0x000002ace6cf9c50 Uncommon trap: trap_request=0xfffffff4 fr.pc=0x000002acd3ed4300 relative=0x0000000000000540
Event: 28.143 Thread 0x000002ace6cf9c50 Uncommon trap: reason=null_check action=make_not_entrant pc=0x000002acd3ed4300 method=javafx.scene.Node$MiscProperties.getClip()Ljavafx/scene/Node; @ 20 c2
Event: 28.143 Thread 0x000002ace6cf9c50 DEOPT PACKING pc=0x000002acd3ed4300 sp=0x000000b3590fe0d0
Event: 28.143 Thread 0x000002ace6cf9c50 DEOPT UNPACKING pc=0x000002accc1c23a3 sp=0x000000b3590fdfc0 mode 2
Event: 28.143 Thread 0x000002ace6cf9c50 Uncommon trap: trap_request=0xfffffff4 fr.pc=0x000002acd3eb6c10 relative=0x0000000000000af0
Event: 28.143 Thread 0x000002ace6cf9c50 Uncommon trap: reason=null_check action=make_not_entrant pc=0x000002acd3eb6c10 method=javafx.scene.Node$MiscProperties.getClip()Ljavafx/scene/Node; @ 20 c2
Event: 28.143 Thread 0x000002ace6cf9c50 DEOPT PACKING pc=0x000002acd3eb6c10 sp=0x000000b3590fdff0
Event: 28.143 Thread 0x000002ace6cf9c50 DEOPT UNPACKING pc=0x000002accc1c23a3 sp=0x000000b3590fdd70 mode 2
Event: 28.144 Thread 0x000002ace705e0d0 Uncommon trap: trap_request=0xffffffc6 fr.pc=0x000002acd3e667d4 relative=0x0000000000000354
Event: 28.144 Thread 0x000002ace705e0d0 Uncommon trap: reason=bimorphic_or_optimized_type_check action=maybe_recompile pc=0x000002acd3e667d4 method=com.sun.javafx.sg.prism.NGNode.getContentBounds(Lcom/sun/javafx/geom/BaseBounds;Lcom/sun/javafx/geom/transform/BaseTransform;)Lcom/sun/javafx/geom/
Event: 28.144 Thread 0x000002ace705e0d0 DEOPT PACKING pc=0x000002acd3e667d4 sp=0x000000b3587fe250
Event: 28.144 Thread 0x000002ace705e0d0 DEOPT UNPACKING pc=0x000002accc1c23a3 sp=0x000000b3587fe1d0 mode 2
Event: 28.156 Thread 0x000002ace6cf9c50 Uncommon trap: trap_request=0xfffffff4 fr.pc=0x000002acd3e0f4f8 relative=0x00000000000000d8
Event: 28.156 Thread 0x000002ace6cf9c50 Uncommon trap: reason=null_check action=make_not_entrant pc=0x000002acd3e0f4f8 method=javafx.scene.Node$MiscProperties.getClip()Ljavafx/scene/Node; @ 20 c2
Event: 28.156 Thread 0x000002ace6cf9c50 DEOPT PACKING pc=0x000002acd3e0f4f8 sp=0x000000b3590fe080
Event: 28.156 Thread 0x000002ace6cf9c50 DEOPT UNPACKING pc=0x000002accc1c23a3 sp=0x000000b3590fdfb0 mode 2
Event: 28.975 Thread 0x000002ace6cf9c50 Uncommon trap: trap_request=0xfffffff4 fr.pc=0x000002acd3eb4c7c relative=0x000000000000071c
Event: 28.975 Thread 0x000002ace6cf9c50 Uncommon trap: reason=null_check action=make_not_entrant pc=0x000002acd3eb4c7c method=javafx.scene.Node$MiscProperties.getClip()Ljavafx/scene/Node; @ 20 c2
Event: 28.975 Thread 0x000002ace6cf9c50 DEOPT PACKING pc=0x000002acd3eb4c7c sp=0x000000b3590fde70
Event: 28.975 Thread 0x000002ace6cf9c50 DEOPT UNPACKING pc=0x000002accc1c23a3 sp=0x000000b3590fdd58 mode 2

Classes loaded (20 events):
Event: 25.320 Loading class java/time/chrono/Era done
Event: 25.320 Loading class java/time/chrono/IsoEra done
Event: 27.221 Loading class java/time/format/DateTimeFormatterBuilder$LocalizedPrinterParser
Event: 27.222 Loading class java/time/format/DateTimeFormatterBuilder$LocalizedPrinterParser done
Event: 27.222 Loading class sun/util/locale/provider/JavaTimeDateTimePatternImpl
Event: 27.223 Loading class sun/util/locale/provider/JavaTimeDateTimePatternImpl done
Event: 27.725 Loading class java/time/format/DateTimeFormatterBuilder$ReducedPrinterParser
Event: 27.725 Loading class java/time/format/DateTimeFormatterBuilder$ReducedPrinterParser done
Event: 27.726 Loading class java/text/ParsePosition
Event: 27.726 Loading class java/text/ParsePosition done
Event: 27.726 Loading class java/time/format/DateTimeParseContext
Event: 27.726 Loading class java/time/format/DateTimeParseContext done
Event: 27.726 Loading class java/time/format/Parsed
Event: 27.726 Loading class java/time/format/Parsed done
Event: 33.940 Loading class java/lang/Throwable$WrappedPrintStream
Event: 33.940 Loading class java/lang/Throwable$PrintStreamOrWriter
Event: 33.940 Loading class java/lang/Throwable$PrintStreamOrWriter done
Event: 33.940 Loading class java/lang/Throwable$WrappedPrintStream done
Event: 175.585 Loading class jdk/internal/misc/Signal$1
Event: 175.585 Loading class jdk/internal/misc/Signal$1 done

Classes unloaded (0 events):
No events

Classes redefined (0 events):
No events

Internal exceptions (20 events):
Event: 5.105 Thread 0x000002ace6cf9c50 Exception <a 'java/lang/NoSuchMethodError'{0x00000000873b49a0}: 'int java.lang.invoke.DirectMethodHandle$Holder.invokeVirtual(java.lang.Object, java.lang.Object)'> (0x00000000873b49a0) 
thrown [s\open\src\hotspot\share\interpreter\linkResolver.cpp, line 766]
Event: 5.271 Thread 0x000002ace6cf9c50 Exception <a 'java/lang/NoSuchMethodError'{0x000000008715be40}: 'int java.lang.invoke.DirectMethodHandle$Holder.invokeSpecial(java.lang.Object, java.lang.Object, int)'> (0x000000008715be40) 
thrown [s\open\src\hotspot\share\interpreter\linkResolver.cpp, line 766]
Event: 5.486 Thread 0x000002ace6cf9c50 Exception <a 'java/lang/NoSuchMethodError'{0x0000000086d5be48}: 'void java.lang.invoke.DirectMethodHandle$Holder.invokeSpecial(java.lang.Object, java.lang.Object, java.lang.Object, java.lang.Object, java.lang.Object, java.lang.Object)'> (0x0000000086d5be48) 
thrown [s\open\src\hotspot\share\interpreter\linkResolver.cpp, line 766]
Event: 5.741 Thread 0x000002ace6cf9c50 Exception <a 'java/lang/NoSuchMethodError'{0x00000000844128a8}: 'void java.lang.invoke.DirectMethodHandle$Holder.invokeSpecialIFC(java.lang.Object, java.lang.Object, java.lang.Object, java.lang.Object)'> (0x00000000844128a8) 
thrown [s\open\src\hotspot\share\interpreter\linkResolver.cpp, line 766]
Event: 6.563 Thread 0x000002ace6cf9c50 Exception <a 'java/lang/NoSuchMethodError'{0x000000008366f170}: 'java.lang.Object java.lang.invoke.DirectMethodHandle$Holder.newInvokeSpecial(java.lang.Object, java.lang.Object, int)'> (0x000000008366f170) 
thrown [s\open\src\hotspot\share\interpreter\linkResolver.cpp, line 766]
Event: 6.887 Thread 0x000002ace705e0d0 Exception <a 'java/lang/NoSuchMethodError'{0x0000000089d8d748}: 'int java.lang.invoke.DirectMethodHandle$Holder.invokeStaticInit(java.lang.Object, java.lang.Object)'> (0x0000000089d8d748) 
thrown [s\open\src\hotspot\share\interpreter\linkResolver.cpp, line 766]
Event: 7.186 Thread 0x000002ace705e0d0 Exception <a 'java/lang/NoSuchMethodError'{0x00000000867dc390}: 'java.lang.Object java.lang.invoke.DirectMethodHandle$Holder.invokeStaticInit(java.lang.Object, int)'> (0x00000000867dc390) 
thrown [s\open\src\hotspot\share\interpreter\linkResolver.cpp, line 766]
Event: 8.301 Thread 0x000002ace6cf9c50 Exception <a 'java/lang/NoSuchMethodError'{0x0000000086587f68}: 'long java.lang.invoke.DirectMethodHandle$Holder.invokeStatic(java.lang.Object, java.lang.Object, java.lang.Object)'> (0x0000000086587f68) 
thrown [s\open\src\hotspot\share\interpreter\linkResolver.cpp, line 766]
Event: 8.301 Thread 0x000002ace6cf9c50 Exception <a 'java/lang/NoSuchMethodError'{0x000000008658b968}: 'long java.lang.invoke.DirectMethodHandle$Holder.invokeStaticInit(java.lang.Object, java.lang.Object, java.lang.Object)'> (0x000000008658b968) 
thrown [s\open\src\hotspot\share\interpreter\linkResolver.cpp, line 766]
Event: 8.305 Thread 0x000002ace6cf9c50 Exception <a 'java/lang/NoSuchMethodError'{0x00000000865a4300}: 'java.lang.Object java.lang.invoke.DirectMethodHandle$Holder.newInvokeSpecial(java.lang.Object, java.lang.Object, long)'> (0x00000000865a4300) 
thrown [s\open\src\hotspot\share\interpreter\linkResolver.cpp, line 766]
Event: 8.305 Thread 0x000002ace6cf9c50 Exception <a 'java/lang/NoSuchMethodError'{0x00000000865a7e78}: 'java.lang.Object java.lang.invoke.Invokers$Holder.linkToTargetMethod(java.lang.Object, long, java.lang.Object)'> (0x00000000865a7e78) 
thrown [s\open\src\hotspot\share\interpreter\linkResolver.cpp, line 766]
Event: 24.047 Thread 0x000002ace6cf9c50 Exception <a 'java/lang/NoSuchMethodError'{0x000000008dc9c290}: 'java.lang.Object java.lang.invoke.DirectMethodHandle$Holder.newInvokeSpecial(java.lang.Object, java.lang.Object, int, int, int, int, int, java.lang.Object)'> (0x000000008dc9c290) 
thrown [s\open\src\hotspot\share\interpreter\linkResolver.cpp, line 766]
Event: 24.049 Thread 0x000002ace6cf9c50 Exception <a 'java/lang/NoSuchMethodError'{0x000000008dcaf270}: 'java.lang.Object java.lang.invoke.DirectMethodHandle$Holder.newInvokeSpecial(java.lang.Object, java.lang.Object, java.lang.Object, int, int, int, int, int)'> (0x000000008dcaf270) 
thrown [s\open\src\hotspot\share\interpreter\linkResolver.cpp, line 766]
Event: 24.050 Thread 0x000002ace6cf9c50 Exception <a 'java/lang/NoSuchMethodError'{0x000000008dcb6ad8}: 'java.lang.Object java.lang.invoke.Invokers$Holder.linkToTargetMethod(java.lang.Object, java.lang.Object, int, int, int, int, int, java.lang.Object)'> (0x000000008dcb6ad8) 
thrown [s\open\src\hotspot\share\interpreter\linkResolver.cpp, line 766]
Event: 25.331 Thread 0x000002ace6cf9c50 Implicit null exception at 0x000002acd3e13d4b to 0x000002acd3e1c550
Event: 26.718 Thread 0x000002ace6cf9c50 Implicit null exception at 0x000002acd3e3bcf0 to 0x000002acd3e3c360
Event: 28.143 Thread 0x000002ace6cf9c50 Implicit null exception at 0x000002acd3ed3e46 to 0x000002acd3ed42f0
Event: 28.143 Thread 0x000002ace6cf9c50 Implicit null exception at 0x000002acd3eb639a to 0x000002acd3eb6be0
Event: 28.156 Thread 0x000002ace6cf9c50 Implicit null exception at 0x000002acd3e0f49e to 0x000002acd3e0f4ec
Event: 28.975 Thread 0x000002ace6cf9c50 Implicit null exception at 0x000002acd3eb4777 to 0x000002acd3eb4c60

VM Operations (20 events):
Event: 35.913 Executing VM operation: G1TryInitiateConcMark done
Event: 36.248 Executing VM operation: G1TryInitiateConcMark
Event: 36.250 Executing VM operation: G1TryInitiateConcMark done
Event: 36.640 Executing VM operation: G1TryInitiateConcMark
Event: 36.641 Executing VM operation: G1TryInitiateConcMark done
Event: 36.978 Executing VM operation: G1TryInitiateConcMark
Event: 36.979 Executing VM operation: G1TryInitiateConcMark done
Event: 37.393 Executing VM operation: G1TryInitiateConcMark
Event: 37.395 Executing VM operation: G1TryInitiateConcMark done
Event: 37.802 Executing VM operation: G1TryInitiateConcMark
Event: 37.804 Executing VM operation: G1TryInitiateConcMark done
Event: 38.165 Executing VM operation: G1TryInitiateConcMark
Event: 38.167 Executing VM operation: G1TryInitiateConcMark done
Event: 38.554 Executing VM operation: G1TryInitiateConcMark
Event: 38.556 Executing VM operation: G1TryInitiateConcMark done
Event: 39.556 Executing VM operation: Cleanup
Event: 39.556 Executing VM operation: Cleanup done
Event: 47.559 Executing VM operation: Cleanup
Event: 47.559 Executing VM operation: Cleanup done
Event: 175.590 Executing VM operation: Exit

Events (20 events):
Event: 29.247 Thread 0x000002ace20e9a90 flushing nmethod 0x000002accd1dce90
Event: 29.247 Thread 0x000002ace20e9a90 flushing nmethod 0x000002accd1f4c10
Event: 29.247 Thread 0x000002ace20e9a90 flushing nmethod 0x000002accd1f9210
Event: 29.247 Thread 0x000002ace20e9a90 flushing nmethod 0x000002accd205810
Event: 29.247 Thread 0x000002ace20e9a90 flushing nmethod 0x000002accd206590
Event: 29.247 Thread 0x000002ace20e9a90 flushing nmethod 0x000002accd20ac90
Event: 29.248 Thread 0x000002ace20e9a90 flushing nmethod 0x000002accd240690
Event: 29.248 Thread 0x000002ace20e9a90 flushing nmethod 0x000002accd241c10
Event: 29.248 Thread 0x000002ace20e9a90 flushing nmethod 0x000002accd247410
Event: 29.248 Thread 0x000002ace20e9a90 flushing nmethod 0x000002accd24b510
Event: 29.248 Thread 0x000002ace20e9a90 flushing nmethod 0x000002accd281590
Event: 29.248 Thread 0x000002ace20e9a90 flushing nmethod 0x000002accd2aac10
Event: 29.248 Thread 0x000002ace20e9a90 flushing nmethod 0x000002accd334b10
Event: 29.248 Thread 0x000002ace20e9a90 flushing nmethod 0x000002accd335410
Event: 38.782 Thread 0x000002acf393cda0 Thread exited: 0x000002acf393cda0
Event: 175.585 Thread 0x000002acf3940760 Thread added: 0x000002acf3940760
Event: 175.586 Thread 0x000002acf393b590 Thread added: 0x000002acf393b590
Event: 175.586 Thread 0x000002acf3941100 Thread added: 0x000002acf3941100
Event: 175.587 Thread 0x000002acf3941100 Thread exited: 0x000002acf3941100
Event: 175.589 Thread 0x000002acf393b590 Thread exited: 0x000002acf393b590


Dynamic libraries:
0x00007ff624de0000 - 0x00007ff624df0000 	C:\Program Files\Java\jdk-18.0.1.1\bin\java.exe
0x00007ffe8bed0000 - 0x00007ffe8c0c8000 	C:\Windows\SYSTEM32\ntdll.dll
0x00007ffe8adf0000 - 0x00007ffe8aead000 	C:\Windows\System32\KERNEL32.DLL
0x00007ffe89630000 - 0x00007ffe89902000 	C:\Windows\System32\KERNELBASE.dll
0x00007ffe89980000 - 0x00007ffe89a80000 	C:\Windows\System32\ucrtbase.dll
0x00007ffe7cba0000 - 0x00007ffe7cbba000 	C:\Program Files\Java\jdk-18.0.1.1\bin\VCRUNTIME140.dll
0x00007ffe7cbc0000 - 0x00007ffe7cbd8000 	C:\Program Files\Java\jdk-18.0.1.1\bin\jli.dll
0x00007ffe89f30000 - 0x00007ffe89fde000 	C:\Windows\System32\ADVAPI32.dll
0x00007ffe8aa90000 - 0x00007ffe8ab2e000 	C:\Windows\System32\msvcrt.dll
0x00007ffe8bdf0000 - 0x00007ffe8be8c000 	C:\Windows\System32\sechost.dll
0x00007ffe8a6a0000 - 0x00007ffe8a7c5000 	C:\Windows\System32\RPCRT4.dll
0x00007ffe8abf0000 - 0x00007ffe8ad8d000 	C:\Windows\System32\USER32.dll
0x00007ffe89c60000 - 0x00007ffe89c82000 	C:\Windows\System32\win32u.dll
0x00007ffe7a100000 - 0x00007ffe7a39a000 	C:\Windows\WinSxS\amd64_microsoft.windows.common-controls_6595b64144ccf1df_6.0.19041.1110_none_60b5254171f9507e\COMCTL32.dll
0x00007ffe8afc0000 - 0x00007ffe8afeb000 	C:\Windows\System32\GDI32.dll
0x00007ffe89cc0000 - 0x00007ffe89dcf000 	C:\Windows\System32\gdi32full.dll
0x00007ffe89bc0000 - 0x00007ffe89c5d000 	C:\Windows\System32\msvcp_win.dll
0x00007ffe7e660000 - 0x00007ffe7e66a000 	C:\Windows\SYSTEM32\VERSION.dll
0x00007ffe8a470000 - 0x00007ffe8a4a0000 	C:\Windows\System32\IMM32.DLL
0x00007ffe7d720000 - 0x00007ffe7d72c000 	C:\Program Files\Java\jdk-18.0.1.1\bin\vcruntime140_1.dll
0x00007ffe63320000 - 0x00007ffe633ad000 	C:\Program Files\Java\jdk-18.0.1.1\bin\msvcp140.dll
0x00007ffe4dd10000 - 0x00007ffe4e920000 	C:\Program Files\Java\jdk-18.0.1.1\bin\server\jvm.dll
0x00007ffe8ab30000 - 0x00007ffe8ab38000 	C:\Windows\System32\PSAPI.DLL
0x00007ffe86dc0000 - 0x00007ffe86dc9000 	C:\Windows\SYSTEM32\WSOCK32.dll
0x00007ffe7d670000 - 0x00007ffe7d697000 	C:\Windows\SYSTEM32\WINMM.dll
0x00007ffe8a7d0000 - 0x00007ffe8a83b000 	C:\Windows\System32\WS2_32.dll
0x00007ffe874a0000 - 0x00007ffe874b2000 	C:\Windows\SYSTEM32\kernel.appcore.dll
0x00007ffe7d230000 - 0x00007ffe7d23a000 	C:\Program Files\Java\jdk-18.0.1.1\bin\jimage.dll
0x00007ffe767f0000 - 0x00007ffe769d4000 	C:\Windows\SYSTEM32\DBGHELP.DLL
0x00007ffe765d0000 - 0x00007ffe765fc000 	C:\Windows\SYSTEM32\dbgcore.DLL
0x00007ffe89a80000 - 0x00007ffe89b02000 	C:\Windows\System32\bcryptPrimitives.dll
0x00007ffe86db0000 - 0x00007ffe86dbe000 	C:\Program Files\Java\jdk-18.0.1.1\bin\instrument.dll
0x00007ffe7c3c0000 - 0x00007ffe7c3e5000 	C:\Program Files\Java\jdk-18.0.1.1\bin\java.dll
0x00007ffe5b7c0000 - 0x00007ffe5b896000 	C:\Program Files\Java\jdk-18.0.1.1\bin\jsvml.dll
0x00007ffe8b6a0000 - 0x00007ffe8bde3000 	C:\Windows\System32\SHELL32.dll
0x00007ffe876a0000 - 0x00007ffe87e31000 	C:\Windows\SYSTEM32\windows.storage.dll
0x00007ffe8a110000 - 0x00007ffe8a464000 	C:\Windows\System32\combase.dll
0x00007ffe88f60000 - 0x00007ffe88f90000 	C:\Windows\SYSTEM32\Wldp.dll
0x00007ffe8af10000 - 0x00007ffe8afbd000 	C:\Windows\System32\SHCORE.dll
0x00007ffe8aeb0000 - 0x00007ffe8af05000 	C:\Windows\System32\shlwapi.dll
0x00007ffe89520000 - 0x00007ffe8953f000 	C:\Windows\SYSTEM32\profapi.dll
0x00007ffe7a730000 - 0x00007ffe7a743000 	C:\Program Files\Java\jdk-18.0.1.1\bin\net.dll
0x00007ffe7c800000 - 0x00007ffe7c90d000 	C:\Windows\SYSTEM32\WINHTTP.dll
0x00007ffe88cc0000 - 0x00007ffe88d2a000 	C:\Windows\system32\mswsock.dll
0x00007ffe79be0000 - 0x00007ffe79bf6000 	C:\Program Files\Java\jdk-18.0.1.1\bin\nio.dll
0x00007ffe72f80000 - 0x00007ffe72f98000 	C:\Program Files\Java\jdk-18.0.1.1\bin\zip.dll
0x00007ffe73960000 - 0x00007ffe7397a000 	C:\Program Files\JetBrains\IntelliJ IDEA Community Edition 2022.1.1\bin\breakgen64.dll
0x000002acc47a0000 - 0x000002acc47a3000 	C:\Users\Admin\.openjfx\cache\19+11\amd64\api-ms-win-core-console-l1-1-0.dll
0x000002acc47b0000 - 0x000002acc47b3000 	C:\Users\Admin\.openjfx\cache\19+11\amd64\api-ms-win-core-console-l1-2-0.dll
0x000002acc47c0000 - 0x000002acc47c3000 	C:\Users\Admin\.openjfx\cache\19+11\amd64\api-ms-win-core-datetime-l1-1-0.dll
0x000002acc47d0000 - 0x000002acc47d3000 	C:\Users\Admin\.openjfx\cache\19+11\amd64\api-ms-win-core-debug-l1-1-0.dll
0x000002acc47e0000 - 0x000002acc47e3000 	C:\Users\Admin\.openjfx\cache\19+11\amd64\api-ms-win-core-errorhandling-l1-1-0.dll
0x000002acc47f0000 - 0x000002acc47f4000 	C:\Users\Admin\.openjfx\cache\19+11\amd64\api-ms-win-core-file-l1-1-0.dll
0x000002ace2270000 - 0x000002ace2273000 	C:\Users\Admin\.openjfx\cache\19+11\amd64\api-ms-win-core-file-l1-2-0.dll
0x000002ace2280000 - 0x000002ace2283000 	C:\Users\Admin\.openjfx\cache\19+11\amd64\api-ms-win-core-file-l2-1-0.dll
0x000002ace2290000 - 0x000002ace2293000 	C:\Users\Admin\.openjfx\cache\19+11\amd64\api-ms-win-core-handle-l1-1-0.dll
0x000002ace22a0000 - 0x000002ace22a3000 	C:\Users\Admin\.openjfx\cache\19+11\amd64\api-ms-win-core-heap-l1-1-0.dll
0x000002ace22b0000 - 0x000002ace22b3000 	C:\Users\Admin\.openjfx\cache\19+11\amd64\api-ms-win-core-interlocked-l1-1-0.dll
0x000002ace22c0000 - 0x000002ace22c3000 	C:\Users\Admin\.openjfx\cache\19+11\amd64\api-ms-win-core-libraryloader-l1-1-0.dll
0x000002ace22d0000 - 0x000002ace22d3000 	C:\Users\Admin\.openjfx\cache\19+11\amd64\api-ms-win-core-localization-l1-2-0.dll
0x000002ace22e0000 - 0x000002ace22e3000 	C:\Users\Admin\.openjfx\cache\19+11\amd64\api-ms-win-core-memory-l1-1-0.dll
0x000002ace22f0000 - 0x000002ace22f3000 	C:\Users\Admin\.openjfx\cache\19+11\amd64\api-ms-win-core-namedpipe-l1-1-0.dll
0x000002ace2300000 - 0x000002ace2303000 	C:\Users\Admin\.openjfx\cache\19+11\amd64\api-ms-win-core-processenvironment-l1-1-0.dll
0x000002ace2310000 - 0x000002ace2313000 	C:\Users\Admin\.openjfx\cache\19+11\amd64\api-ms-win-core-processthreads-l1-1-0.dll
0x000002ace2320000 - 0x000002ace2323000 	C:\Users\Admin\.openjfx\cache\19+11\amd64\api-ms-win-core-processthreads-l1-1-1.dll
0x000002ace2330000 - 0x000002ace2333000 	C:\Users\Admin\.openjfx\cache\19+11\amd64\api-ms-win-core-profile-l1-1-0.dll
0x000002ace2340000 - 0x000002ace2343000 	C:\Users\Admin\.openjfx\cache\19+11\amd64\api-ms-win-core-rtlsupport-l1-1-0.dll
0x000002ace2350000 - 0x000002ace2353000 	C:\Users\Admin\.openjfx\cache\19+11\amd64\api-ms-win-core-string-l1-1-0.dll
0x000002ace2360000 - 0x000002ace2363000 	C:\Users\Admin\.openjfx\cache\19+11\amd64\api-ms-win-core-synch-l1-1-0.dll
0x000002ace2370000 - 0x000002ace2373000 	C:\Users\Admin\.openjfx\cache\19+11\amd64\api-ms-win-core-synch-l1-2-0.dll
0x000002ace2380000 - 0x000002ace2383000 	C:\Users\Admin\.openjfx\cache\19+11\amd64\api-ms-win-core-sysinfo-l1-1-0.dll
0x000002ace2390000 - 0x000002ace2393000 	C:\Users\Admin\.openjfx\cache\19+11\amd64\api-ms-win-core-timezone-l1-1-0.dll
0x000002ace23a0000 - 0x000002ace23a3000 	C:\Users\Admin\.openjfx\cache\19+11\amd64\api-ms-win-core-util-l1-1-0.dll
0x000002ace23b0000 - 0x000002ace23b3000 	C:\Users\Admin\.openjfx\cache\19+11\amd64\api-ms-win-crt-conio-l1-1-0.dll
0x000002ace23c0000 - 0x000002ace23c4000 	C:\Users\Admin\.openjfx\cache\19+11\amd64\api-ms-win-crt-convert-l1-1-0.dll
0x000002ace23d0000 - 0x000002ace23d3000 	C:\Users\Admin\.openjfx\cache\19+11\amd64\api-ms-win-crt-environment-l1-1-0.dll
0x000002ace23e0000 - 0x000002ace23e3000 	C:\Users\Admin\.openjfx\cache\19+11\amd64\api-ms-win-crt-filesystem-l1-1-0.dll
0x000002ace23f0000 - 0x000002ace23f3000 	C:\Users\Admin\.openjfx\cache\19+11\amd64\api-ms-win-crt-heap-l1-1-0.dll
0x000002ace7fd0000 - 0x000002ace7fd3000 	C:\Users\Admin\.openjfx\cache\19+11\amd64\api-ms-win-crt-locale-l1-1-0.dll
0x000002ace7fe0000 - 0x000002ace7fe5000 	C:\Users\Admin\.openjfx\cache\19+11\amd64\api-ms-win-crt-math-l1-1-0.dll
0x000002ace7ff0000 - 0x000002ace7ff5000 	C:\Users\Admin\.openjfx\cache\19+11\amd64\api-ms-win-crt-multibyte-l1-1-0.dll
0x000002ace8000000 - 0x000002ace8010000 	C:\Users\Admin\.openjfx\cache\19+11\amd64\api-ms-win-crt-private-l1-1-0.dll
0x000002ace8010000 - 0x000002ace8013000 	C:\Users\Admin\.openjfx\cache\19+11\amd64\api-ms-win-crt-process-l1-1-0.dll
0x000002ace8020000 - 0x000002ace8024000 	C:\Users\Admin\.openjfx\cache\19+11\amd64\api-ms-win-crt-runtime-l1-1-0.dll
0x000002ace8030000 - 0x000002ace8034000 	C:\Users\Admin\.openjfx\cache\19+11\amd64\api-ms-win-crt-stdio-l1-1-0.dll
0x000002ace8040000 - 0x000002ace8044000 	C:\Users\Admin\.openjfx\cache\19+11\amd64\api-ms-win-crt-string-l1-1-0.dll
0x000002ace8050000 - 0x000002ace8053000 	C:\Users\Admin\.openjfx\cache\19+11\amd64\api-ms-win-crt-time-l1-1-0.dll
0x000002ace8060000 - 0x000002ace8063000 	C:\Users\Admin\.openjfx\cache\19+11\amd64\api-ms-win-crt-utility-l1-1-0.dll
0x00007ffe5a040000 - 0x00007ffe5a13c000 	C:\Users\Admin\.openjfx\cache\19+11\amd64\ucrtbase.dll
0x00007ffe6b880000 - 0x00007ffe6b89b000 	C:\Users\Admin\.openjfx\cache\19+11\amd64\vcruntime140.dll
0x00007ffe7cc00000 - 0x00007ffe7cc0c000 	C:\Users\Admin\.openjfx\cache\19+11\amd64\vcruntime140_1.dll
0x00007ffe69ef0000 - 0x00007ffe69f7e000 	C:\Users\Admin\.openjfx\cache\19+11\amd64\msvcp140.dll
0x00007ffe7c6c0000 - 0x00007ffe7c6c9000 	C:\Users\Admin\.openjfx\cache\19+11\amd64\msvcp140_1.dll
0x00007ffe69a20000 - 0x00007ffe69a50000 	C:\Users\Admin\.openjfx\cache\19+11\amd64\msvcp140_2.dll
0x00007ffe61830000 - 0x00007ffe6185c000 	C:\Users\Admin\.openjfx\cache\19+11\amd64\prism_d3d.dll
0x00007ffe7d2d0000 - 0x00007ffe7d49f000 	C:\Windows\system32\d3d9.dll
0x00007ffe871b0000 - 0x00007ffe871df000 	C:\Windows\SYSTEM32\dwmapi.dll
0x00007ffe86fc0000 - 0x00007ffe8705e000 	C:\Windows\system32\uxtheme.dll
0x00007ffe89dd0000 - 0x00007ffe89f26000 	C:\Windows\System32\crypt32.dll
0x00007ffe89910000 - 0x00007ffe89979000 	C:\Windows\System32\WINTRUST.DLL
0x00007ffe890f0000 - 0x00007ffe89102000 	C:\Windows\SYSTEM32\MSASN1.dll
0x00007ffe8aa70000 - 0x00007ffe8aa8d000 	C:\Windows\System32\imagehlp.dll
0x00007ffe88eb0000 - 0x00007ffe88ec8000 	C:\Windows\SYSTEM32\CRYPTSP.dll
0x00007ffe885e0000 - 0x00007ffe88614000 	C:\Windows\system32\rsaenh.dll
0x00007ffe89c90000 - 0x00007ffe89cb7000 	C:\Windows\System32\bcrypt.dll
0x00007ffe88ed0000 - 0x00007ffe88edc000 	C:\Windows\SYSTEM32\CRYPTBASE.dll
0x00007ffe5ccf0000 - 0x00007ffe5cd32000 	C:\Users\Admin\.openjfx\cache\19+11\amd64\glass.dll
0x00007ffe8a8a0000 - 0x00007ffe8a97a000 	C:\Windows\System32\COMDLG32.dll
0x00007ffe89fe0000 - 0x00007ffe8a10a000 	C:\Windows\System32\ole32.dll
0x00007ffe8a990000 - 0x00007ffe8aa5d000 	C:\Windows\System32\OLEAUT32.dll
0x00007ffe8a520000 - 0x00007ffe8a635000 	C:\Windows\System32\MSCTF.dll
0x00007ffe69dd0000 - 0x00007ffe69ebb000 	C:\Windows\System32\DriverStore\FileRepository\nvdmi.inf_amd64_b79991c48f5211ac\nvldumdx.dll
0x00007ffe3e710000 - 0x00007ffe3f91d000 	C:\Windows\System32\DriverStore\FileRepository\nvdmi.inf_amd64_b79991c48f5211ac\nvd3dumx.dll
0x00007ffe89450000 - 0x00007ffe8949b000 	C:\Windows\system32\powrprof.dll
0x00007ffe89430000 - 0x00007ffe89442000 	C:\Windows\SYSTEM32\UMPDC.dll
0x00007ffe66df0000 - 0x00007ffe67056000 	C:\Windows\system32\nvspcap64.dll
0x00007ffe88700000 - 0x00007ffe88733000 	C:\Windows\SYSTEM32\ntmarta.dll
0x00007ffe84aa0000 - 0x00007ffe84adb000 	C:\Windows\SYSTEM32\dxcore.dll
0x00007ffe895e0000 - 0x00007ffe8962e000 	C:\Windows\System32\cfgmgr32.dll
0x00007ffe4ed40000 - 0x00007ffe4f7ad000 	C:\Windows\SYSTEM32\igdumdim64.dll
0x00007ffe7e9c0000 - 0x00007ffe7ee25000 	C:\Windows\SYSTEM32\igdusc64.dll
0x00007ffe3af80000 - 0x00007ffe3e181000 	D:\Phi Long\HocTap\DuAn\identifyInformationWithPictures_ClientServer\Server\libs\x64\opencv_java455.dll
0x00007ffe5d190000 - 0x00007ffe5d214000 	C:\Windows\SYSTEM32\MF.dll
0x00007ffe73c40000 - 0x00007ffe73dfc000 	C:\Windows\SYSTEM32\MFPlat.DLL
0x00007ffe57300000 - 0x00007ffe5740a000 	C:\Windows\SYSTEM32\MFReadWrite.dll
0x00007ffe4d880000 - 0x00007ffe4dd0e000 	C:\Windows\SYSTEM32\MFCORE.DLL
0x00007ffe69ee0000 - 0x00007ffe69ee9000 	C:\Windows\SYSTEM32\ksuser.dll
0x00007ffe809a0000 - 0x00007ffe809d4000 	C:\Windows\SYSTEM32\RTWorkQ.DLL

dbghelp: loaded successfully - version: 4.0.5 - missing functions: none
symbol engine: initialized successfully - sym options: 0x614 - pdb path: .;C:\Program Files\Java\jdk-18.0.1.1\bin;C:\Windows\SYSTEM32;C:\Windows\WinSxS\amd64_microsoft.windows.common-controls_6595b64144ccf1df_6.0.19041.1110_none_60b5254171f9507e;C:\Program Files\Java\jdk-18.0.1.1\bin\server;C:\Program Files\JetBrains\IntelliJ IDEA Community Edition 2022.1.1\bin;C:\Users\Admin\.openjfx\cache\19+11\amd64;C:\Windows\System32\DriverStore\FileRepository\nvdmi.inf_amd64_b79991c48f5211ac;D:\Phi Long\HocTap\DuAn\identifyInformationWithPictures_ClientServer\Server\libs\x64;C:\Program Files\Common Files\Microsoft Shared\Ink;C:\Program Files\Intel\Media SDK;C:\Program Files (x86)\Common Files\Intel\OpenCL\bin\x64;C:\Program Files (x86)\Common Files\Intel\OpenCL\bin\x64\tbb

VM Arguments:
jvm_args: -Djava.library.path=D:\Phi Long\HocTap\DuAn\identifyInformationWithPictures_ClientServer\Server\libs\x64 -javaagent:C:\Program Files\JetBrains\IntelliJ IDEA Community Edition 2022.1.1\lib\idea_rt.jar=58817:C:\Program Files\JetBrains\IntelliJ IDEA Community Edition 2022.1.1\bin -Dfile.encoding=UTF-8 --module-path=C:\Users\Admin\.m2\repository\org\openjfx\javafx-graphics\19\javafx-graphics-19-win.jar;C:\Users\Admin\.m2\repository\org\openjfx\javafx-base\19\javafx-base-19-win.jar;D:\Phi Long\HocTap\DuAn\identifyInformationWithPictures_ClientServer\Entities\target\classes;C:\Users\Admin\.m2\repository\org\openjfx\javafx-controls\19\javafx-controls-19-win.jar;C:\Users\Admin\.m2\repository\org\openjfx\javafx-swing\20-ea+4\javafx-swing-20-ea+4-win.jar;C:\Users\Admin\.m2\repository\org\openjfx\javafx-fxml\19\javafx-fxml-19-win.jar;D:\Phi Long\HocTap\DuAn\identifyInformationWithPictures_ClientServer\Library\target\classes;D:\Phi Long\HocTap\DuAn\identifyInformationWithPictures_ClientServer\Server\target\classes;C:\Users\Admin\.m2\repository\mysql\mysql-connector-java\8.0.30\mysql-connector-java-8.0.30.jar;D:\Phi Long\HocTap\DuAn\identifyInformationWithPictures_ClientServer\Server\libs\opencv-455.jar -Djdk.module.main=com.example.server 
java_command: com.example.server/com.example.server.ServerApplication
java_class_path (initial): C:\Users\Admin\.m2\repository\org\openjfx\javafx-controls\19\javafx-controls-19.jar;C:\Users\Admin\.m2\repository\org\openjfx\javafx-graphics\19\javafx-graphics-19.jar;C:\Users\Admin\.m2\repository\org\openjfx\javafx-base\19\javafx-base-19.jar;C:\Users\Admin\.m2\repository\org\openjfx\javafx-fxml\19\javafx-fxml-19.jar;C:\Users\Admin\.m2\repository\org\openjfx\javafx-swing\20-ea+4\javafx-swing-20-ea+4.jar;C:\Users\Admin\.m2\repository\com\google\protobuf\protobuf-java\3.19.4\protobuf-java-3.19.4.jar;C:\Users\Admin\.m2\repository\com\nativelibs4java\bridj\0.7-20140918-2\bridj-0.7-20140918-2.jar
Launcher Type: SUN_STANDARD

[Global flags]
     intx CICompilerCount                          = 3                                         {product} {ergonomic}
     uint ConcGCThreads                            = 1                                         {product} {ergonomic}
     uint G1ConcRefinementThreads                  = 4                                         {product} {ergonomic}
   size_t G1HeapRegionSize                         = 1048576                                   {product} {ergonomic}
    uintx GCDrainStackTargetSize                   = 64                                        {product} {ergonomic}
   size_t InitialHeapSize                          = 132120576                                 {product} {ergonomic}
   size_t MarkStackSize                            = 4194304                                   {product} {ergonomic}
   size_t MaxHeapSize                              = 2113929216                                {product} {ergonomic}
   size_t MaxNewSize                               = 1267728384                                {product} {ergonomic}
   size_t MinHeapDeltaBytes                        = 1048576                                   {product} {ergonomic}
   size_t MinHeapSize                              = 8388608                                   {product} {ergonomic}
    uintx NonNMethodCodeHeapSize                   = 5832780                                {pd product} {ergonomic}
    uintx NonProfiledCodeHeapSize                  = 122912730                              {pd product} {ergonomic}
    uintx ProfiledCodeHeapSize                     = 122912730                              {pd product} {ergonomic}
    uintx ReservedCodeCacheSize                    = 251658240                              {pd product} {ergonomic}
     bool SegmentedCodeCache                       = true                                      {product} {ergonomic}
   size_t SoftMaxHeapSize                          = 2113929216                             {manageable} {ergonomic}
     bool UseCompressedClassPointers               = true                           {product lp64_product} {ergonomic}
     bool UseCompressedOops                        = true                           {product lp64_product} {ergonomic}
     bool UseG1GC                                  = true                                      {product} {ergonomic}
     bool UseLargePagesIndividualAllocation        = false                                  {pd product} {ergonomic}

Logging:
Log output configuration:
 #0: stdout all=off uptime,level,tags foldmultilines=false
 #1: stderr all=off uptime,level,tags foldmultilines=false

Environment Variables:
PATH=C:\Program Files\Java\jdk-18.0.1.1\bin;C:\Windows\system32;C:\Windows;C:\Windows\System32\Wbem;C:\Windows\System32\WindowsPowerShell\v1.0\;C:\Windows\System32\OpenSSH\;C:\Program Files (x86)\NVIDIA Corporation\PhysX\Common;C:\Program Files\dotnet\;C:\Users\Admin\AppData\Local\Microsoft\WindowsApps;;C:\Program Files\JetBrains\IntelliJ IDEA Community Edition 2022.1.1\bin;;C:\Users\Admin\.dotnet\tools
USERNAME=Admin
OS=Windows_NT
PROCESSOR_IDENTIFIER=Intel64 Family 6 Model 58 Stepping 9, GenuineIntel



---------------  S Y S T E M  ---------------

OS:
 Windows 10 , 64 bit Build 19041 (10.0.19041.1889)
OS uptime: 6 days 4:20 hours

CPU: total 4 (initial active 4) (2 cores per cpu, 2 threads per core) family 6 model 58 stepping 9 microcode 0x21, cx8, cmov, fxsr, ht, mmx, sse, sse2, sse3, ssse3, sse4.1, sse4.2, popcnt, tsc, tscinvbit, avx, erms, clmul, vzeroupper, clflush

Memory: 4k page, system-wide physical 8057M (1481M free)
TotalPageFile size 12592M (AvailPageFile size 1569M)
current process WorkingSet (physical memory assigned to process): 611M, peak: 615M
current process commit charge ("private bytes"): 772M, peak: 778M

vm_info: Java HotSpot(TM) 64-Bit Server VM (18.0.1.1+2-6) for windows-amd64 JRE (18.0.1.1+2-6), built on Apr 25 2022 21:53:15 by "mach5one" with MS VC++ 16.8 / 16.9 (VS2019)

END.
