#
# A fatal error has been detected by the Java Runtime Environment:
#
#  EXCEPTION_ACCESS_VIOLATION (0xc0000005) at pc=0x00007ffe8beffaad, pid=4080, tid=2964
#
# JRE version: Java(TM) SE Runtime Environment (18.0.1.1+2) (build 18.0.1.1+2-6)
# Java VM: Java HotSpot(TM) 64-Bit Server VM (18.0.1.1+2-6, mixed mode, sharing, tiered, compressed oops, compressed class ptrs, g1 gc, windows-amd64)
# Problematic frame:
# C  [ntdll.dll+0x2faad]
#
# No core dump will be written. Minidumps are not enabled by default on client versions of Windows
#
# If you would like to submit a bug report, please visit:
#   https://bugreport.java.com/bugreport/crash.jsp
#

---------------  S U M M A R Y ------------

Command Line: -Djava.library.path=D:\Phi Long\HocTap\DuAn\identifyInformationWithPictures_ClientServer\Server\libs\x64 -javaagent:C:\Program Files\JetBrains\IntelliJ IDEA Community Edition 2022.1.1\lib\idea_rt.jar=57601:C:\Program Files\JetBrains\IntelliJ IDEA Community Edition 2022.1.1\bin -Dfile.encoding=UTF-8 --module-path=C:\Users\Admin\.m2\repository\org\openjfx\javafx-swing\20-ea+4\javafx-swing-20-ea+4-win.jar;C:\Users\Admin\.m2\repository\org\openjfx\javafx-controls\19\javafx-controls-19-win.jar;C:\Users\Admin\.m2\repository\org\openjfx\javafx-base\19\javafx-base-19-win.jar;C:\Users\Admin\.m2\repository\org\openjfx\javafx-graphics\19\javafx-graphics-19-win.jar;D:\Phi Long\HocTap\DuAn\identifyInformationWithPictures_ClientServer\Library\target\classes;D:\Phi Long\HocTap\DuAn\identifyInformationWithPictures_ClientServer\Entities\target\classes;C:\Users\Admin\.m2\repository\org\openjfx\javafx-fxml\19\javafx-fxml-19-win.jar;C:\Users\Admin\.m2\repository\mysql\mysql-connector-java\8.0.30\mysql-connector-java-8.0.30.jar;D:\Phi Long\HocTap\DuAn\identifyInformationWithPictures_ClientServer\Server\target\classes;D:\Phi Long\HocTap\DuAn\identifyInformationWithPictures_ClientServer\Server\libs\opencv-455.jar -Djdk.module.main=com.example.server com.example.server/com.example.server.ServerApplication

Host: Intel(R) Core(TM) i3-3110M CPU @ 2.40GHz, 4 cores, 7G,  Windows 10 , 64 bit Build 19041 (10.0.19041.1889)
Time: Sun Nov  6 00:06:02 2022 SE Asia Standard Time elapsed time: 94.367513 seconds (0d 0h 1m 34s)

---------------  T H R E A D  ---------------

Current thread (0x0000029dc1275d80):  VMThread "VM Thread" [stack: 0x000000fb83b00000,0x000000fb83c00000] [id=2964]

Stack: [0x000000fb83b00000,0x000000fb83c00000],  sp=0x000000fb83bfeef0,  free space=1019k
Native frames: (J=compiled Java code, j=interpreted, Vv=VM code, C=native code)
C  [ntdll.dll+0x2faad]
C  0x00007ffe4d6a61e2


siginfo: EXCEPTION_ACCESS_VIOLATION (0xc0000005), writing address 0x0000000000000018


Register to memory mapping:

RIP=0x00007ffe8beffaad ntdll.dll
RAX=0x000000fb83197000 points into unknown readable memory: 0x0000000000000000 | 00 00 00 00 00 00 00 00
RBX=0x0 is NULL
RCX=0x0000000000000010 is an unknown value
RDX=0x0000029dc8907220 points into unknown readable memory: 0x00007ffe4d84ffa0 | a0 ff 84 4d fe 7f 00 00
RSP=0x000000fb83bfeef0 points into unknown readable memory: 0x00000000ce060000 | 00 00 06 ce 00 00 00 00
RBP=0x000000fb83bff450 points into unknown readable memory: 0x0000029dc10cadb0 | b0 ad 0c c1 9d 02 00 00
RSI=0x0000000000000010 is an unknown value
RDI=0x0000029dc8907220 points into unknown readable memory: 0x00007ffe4d84ffa0 | a0 ff 84 4d fe 7f 00 00
R8 =0x0 is NULL
R9 =0x00007ffe5afb1edd points into unknown readable memory: e9 de 57
R10=0x0000029da3b97e10 points into unknown readable memory: 0x0000029da3b90000 | 00 00 b9 a3 9d 02 00 00
R11=0x000000fb83bfef40 points into unknown readable memory: 0x0000029dd47ff8a0 | a0 f8 7f d4 9d 02 00 00
R12=0x0000029dc9053d80 points into unknown readable memory: 0xe8e54360a649b252 | 52 b2 49 a6 60 43 e5 e8
R13=0x0000000000000040 is an unknown value
R14=0x0000029dc90544b0 points into unknown readable memory: 0x0000f480a64a4da3 | a3 4d 4a a6 80 f4 00 00
R15=0x000000fb83bff100 points into unknown readable memory: 0x000000fb83bff120 | 20 f1 bf 83 fb 00 00 00


Registers:
RAX=0x000000fb83197000, RBX=0x0000000000000000, RCX=0x0000000000000010, RDX=0x0000029dc8907220
RSP=0x000000fb83bfeef0, RBP=0x000000fb83bff450, RSI=0x0000000000000010, RDI=0x0000029dc8907220
R8 =0x0000000000000000, R9 =0x00007ffe5afb1edd, R10=0x0000029da3b97e10, R11=0x000000fb83bfef40
R12=0x0000029dc9053d80, R13=0x0000000000000040, R14=0x0000029dc90544b0, R15=0x000000fb83bff100
RIP=0x00007ffe8beffaad, EFLAGS=0x0000000000010206

Top of Stack: (sp=0x000000fb83bfeef0)
0x000000fb83bfeef0:   00000000ce060000 00007ffe8bf2049d
0x000000fb83bfef00:   0000000000000000 0000000000000000
0x000000fb83bfef10:   0000029da3e6bd78 00007ffe4d6a61e2
0x000000fb83bfef20:   0000fe4ece06be99 00007ffe7b0019c4
0x000000fb83bfef30:   0000f47b25f5a043 0000000000000000
0x000000fb83bfef40:   0000029dd47ff8a0 00007ffe4d6a0e15
0x000000fb83bfef50:   0000000000000001 0000029dc8907220
0x000000fb83bfef60:   00000000ffffffff 0000000000000000
0x000000fb83bfef70:   0000029dd5a9b5a0 00007ffe3c58f42e
0x000000fb83bfef80:   0000029dd47ff360 0000000000000000
0x000000fb83bfef90:   0000000000000000 0000000000000000
0x000000fb83bfefa0:   0000000000000000 0000000000000000
0x000000fb83bfefb0:   0000000000000000 0000029dd47ff360
0x000000fb83bfefc0:   0000000000000000 0000000000000000
0x000000fb83bfefd0:   0000000000000000 0000000000000000
0x000000fb83bfefe0:   0000f47b25f5a223 0000000000000000 

Instructions: (pc=0x00007ffe8beffaad)
0x00007ffe8beff9ad:   48 b8 7f 7f 7f 7f 7f 7f 7f 7f 41 8b c8 48 0b cb
0x00007ffe8beff9bd:   48 23 c8 83 e6 1f 49 89 8c f4 40 a5 16 00 48 81
0x00007ffe8beff9cd:   c4 98 00 00 00 41 5f 41 5e 41 5d 41 5c 5f 5e 5b
0x00007ffe8beff9dd:   5d c3 cc 33 d2 41 8b c6 41 f7 f0 44 8b c8 e9 d6
0x00007ffe8beff9ed:   fc ff ff 41 8d 57 ff 41 85 d7 0f 84 93 38 08 00
0x00007ffe8beff9fd:   41 b8 00 10 00 00 41 b9 ff ff 00 00 e9 bc 38 08
0x00007ffe8beffa0d:   00 cc cc cc cc cc cc 48 8b c4 48 89 58 08 48 89
0x00007ffe8beffa1d:   68 10 48 89 70 18 48 89 78 20 41 56 48 83 ec 20
0x00007ffe8beffa2d:   40 8a ea 4c 8d 35 99 d1 13 00 48 8b f1 33 db 48
0x00007ffe8beffa3d:   8d 0d 9d d1 13 00 e8 58 00 00 00 4c 8b 05 81 d1
0x00007ffe8beffa4d:   13 00 4d 3b c6 0f 85 88 3b 08 00 48 85 db 75 33
0x00007ffe8beffa5d:   48 8d 0d 7c d1 13 00 e8 c7 f7 ff ff 48 85 db 0f
0x00007ffe8beffa6d:   85 a3 3b 08 00 33 c0 48 8b 5c 24 30 48 8b 6c 24
0x00007ffe8beffa7d:   38 48 8b 74 24 40 48 8b 7c 24 48 48 83 c4 20 41
0x00007ffe8beffa8d:   5e c3 cc f0 ff 43 3c eb c7 cc cc cc cc cc cc cc
0x00007ffe8beffa9d:   cc cc cc 48 83 ec 28 65 48 8b 04 25 30 00 00 00
0x00007ffe8beffaad:   f0 0f ba 71 08 00 48 8b 40 48 73 13 48 89 41 10
0x00007ffe8beffabd:   33 c0 c7 41 0c 01 00 00 00 48 83 c4 28 c3 cc 48
0x00007ffe8beffacd:   39 41 10 75 0b ff 41 0c 33 c0 48 83 c4 28 c3 cc
0x00007ffe8beffadd:   e8 0e 00 00 00 eb e2 cc cc cc cc cc cc cc cc cc
0x00007ffe8beffaed:   cc cc cc 48 89 5c 24 18 55 56 57 41 54 41 55 41
0x00007ffe8beffafd:   56 41 57 48 83 ec 20 8b 41 20 48 8b f1 48 0f ba
0x00007ffe8beffb0d:   e0 1a 0f 82 df 01 00 00 33 ff 40 32 ed 66 83 3c
0x00007ffe8beffb1d:   25 6a 03 fe 7f 01 76 19 48 8b 7e 20 48 8b c7 81
0x00007ffe8beffb2d:   e7 ff ff ff 00 25 00 00 00 02 48 85 c0 40 0f 95
0x00007ffe8beffb3d:   c5 45 32 ff b0 01 45 32 e4 41 bd 01 00 00 00 45
0x00007ffe8beffb4d:   33 c0 ba 6a 03 fe 7f 84 c0 0f 84 14 01 00 00 8b
0x00007ffe8beffb5d:   46 08 4c 8d 4e 08 45 84 e4 41 be 03 00 00 00 45
0x00007ffe8beffb6d:   0f 44 f5 41 84 c5 0f 85 e2 00 00 00 8d 0c bf 03
0x00007ffe8beffb7d:   c9 66 44 39 2a 0f 86 e8 00 00 00 4d 85 c9 74 0e
0x00007ffe8beffb8d:   80 3c 25 97 02 fe 7f 00 0f 85 a9 3a 08 00 0f b7
0x00007ffe8beffb9d:   1c 25 d6 02 fe 7f 83 fb 0c 0f 85 a2 00 00 00 b8 


Stack slot to memory mapping:
stack at sp + 0 slots: 0x00000000ce060000 is an unallocated location in the heap
stack at sp + 1 slots: 0x00007ffe8bf2049d ntdll.dll
stack at sp + 2 slots: 0x0 is NULL
stack at sp + 3 slots: 0x0 is NULL
stack at sp + 4 slots: 0x0000029da3e6bd78 points into unknown readable memory: 0x0000000000000000 | 00 00 00 00 00 00 00 00
stack at sp + 5 slots: 0x00007ffe4d6a61e2 points into unknown readable memory: 48 8b 13 48 8b 42
stack at sp + 6 slots: 0x0000fe4ece06be99 is an unknown value
stack at sp + 7 slots: 0x00007ffe7b0019c4 points into unknown readable memory: 48 81 c4 f8

VM_Operation (0x000000fb832fedf0): Exit, mode: safepoint, requested by thread 0x0000029dd53cbfd0


---------------  P R O C E S S  ---------------

Threads class SMR info:
_java_thread_list=0x0000029dc7ece890, length=23, elements={
0x0000029da5d0c150, 0x0000029dc12749a0, 0x0000029dc12754a0, 0x0000029dc12ae4b0,
0x0000029dc12b39d0, 0x0000029dc12b3ed0, 0x0000029dc12b7de0, 0x0000029dc7808580,
0x0000029dc7810ab0, 0x0000029dc7912200, 0x0000029dc8848ca0, 0x0000029dc7ef0630,
0x0000029dc8ee7360, 0x0000029dc8fdd7a0, 0x0000029dc907ab60, 0x0000029dcdc02430,
0x0000029dc935de90, 0x0000029dc935cf60, 0x0000029dc935edc0, 0x0000029dc935d980,
0x0000029dd53cb5b0, 0x0000029dd53cbfd0, 0x0000029dd53c69c0
}

Java Threads: ( => current thread )
  0x0000029da5d0c150 JavaThread "main" [_thread_blocked, id=4844, stack(0x000000fb83500000,0x000000fb83600000)]
  0x0000029dc12749a0 JavaThread "Reference Handler" daemon [_thread_blocked, id=13168, stack(0x000000fb83c00000,0x000000fb83d00000)]
  0x0000029dc12754a0 JavaThread "Finalizer" daemon [_thread_blocked, id=9016, stack(0x000000fb83d00000,0x000000fb83e00000)]
  0x0000029dc12ae4b0 JavaThread "Attach Listener" daemon [_thread_blocked, id=8900, stack(0x000000fb83f00000,0x000000fb84000000)]
  0x0000029dc12b39d0 JavaThread "Service Thread" daemon [_thread_blocked, id=9656, stack(0x000000fb84000000,0x000000fb84100000)]
  0x0000029dc12b3ed0 JavaThread "Monitor Deflation Thread" daemon [_thread_blocked, id=13952, stack(0x000000fb84100000,0x000000fb84200000)]
  0x0000029dc12b7de0 JavaThread "C2 CompilerThread0" daemon [_thread_blocked, id=11364, stack(0x000000fb84200000,0x000000fb84300000)]
  0x0000029dc7808580 JavaThread "C1 CompilerThread0" daemon [_thread_blocked, id=11980, stack(0x000000fb84300000,0x000000fb84400000)]
  0x0000029dc7810ab0 JavaThread "Sweeper thread" daemon [_thread_blocked, id=11280, stack(0x000000fb84400000,0x000000fb84500000)]
  0x0000029dc7912200 JavaThread "Common-Cleaner" daemon [_thread_blocked, id=1800, stack(0x000000fb84500000,0x000000fb84600000)]
  0x0000029dc8848ca0 JavaThread "Monitor Ctrl-Break" daemon [_thread_in_native, id=13456, stack(0x000000fb84700000,0x000000fb84800000)]
  0x0000029dc7ef0630 JavaThread "Notification Thread" daemon [_thread_blocked, id=4444, stack(0x000000fb84800000,0x000000fb84900000)]
  0x0000029dc8ee7360 JavaThread "QuantumRenderer-0" daemon [_thread_blocked, id=11788, stack(0x000000fb84d00000,0x000000fb84e00000)]
  0x0000029dc8fdd7a0 JavaThread "InvokeLaterDispatcher" daemon [_thread_blocked, id=2548, stack(0x000000fb84600000,0x000000fb84700000)]
  0x0000029dc907ab60 JavaThread "JavaFX Application Thread" [_thread_in_native, id=6076, stack(0x000000fb84f00000,0x000000fb85000000)]
  0x0000029dcdc02430 JavaThread "Thread-1" daemon [_thread_in_native, id=14068, stack(0x000000fb85100000,0x000000fb85200000)]
  0x0000029dc935de90 JavaThread "JavaFX-Launcher" [_thread_blocked, id=6880, stack(0x000000fb85200000,0x000000fb85300000)]
  0x0000029dc935cf60 JavaThread "Prism Font Disposer" daemon [_thread_blocked, id=7124, stack(0x000000fb85300000,0x000000fb85400000)]
  0x0000029dc935edc0 JavaThread "mysql-cj-abandoned-connection-cleanup" daemon [_thread_blocked, id=7360, stack(0x000000fb85400000,0x000000fb85500000)]
  0x0000029dc935d980 JavaThread "Cleaner-0" daemon [_thread_blocked, id=12072, stack(0x000000fb85b00000,0x000000fb85c00000)]
  0x0000029dd53cb5b0 JavaThread "Java2D Disposer" daemon [_thread_blocked, id=5256, stack(0x000000fb86a00000,0x000000fb86b00000)]
  0x0000029dd53cbfd0 JavaThread "SIGINT handler" daemon [_thread_blocked, id=13836, stack(0x000000fb83200000,0x000000fb83300000)]
  0x0000029dd53c69c0 JavaThread "Glass/Prism Shutdown Hook" [_thread_blocked, id=13388, stack(0x000000fb83400000,0x000000fb83500000)]

Other Threads:
=>0x0000029dc1275d80 VMThread "VM Thread" [stack: 0x000000fb83b00000,0x000000fb83c00000] [id=2964]
  0x0000029da5d734f0 WorkerThread "GC Thread#0" [stack: 0x000000fb83600000,0x000000fb83700000] [id=13720]
  0x0000029dc842f300 WorkerThread "GC Thread#1" [stack: 0x000000fb84a00000,0x000000fb84b00000] [id=10492]
  0x0000029dc8a2b840 WorkerThread "GC Thread#2" [stack: 0x000000fb84b00000,0x000000fb84c00000] [id=7200]
  0x0000029dc8b707f0 WorkerThread "GC Thread#3" [stack: 0x000000fb84c00000,0x000000fb84d00000] [id=6368]
  0x0000029dc10c7ea0 ConcurrentGCThread "G1 Main Marker" terminated
  0x0000029da5d7c8f0 WorkerThread "G1 Conc#0" [stack: 0x000000fb83800000,0x000000fb83900000] [id=8212]
  0x0000029dc11174b0 ConcurrentGCThread "G1 Refine#0" terminated
  0x0000029dce6b5ca0 ConcurrentGCThread "G1 Refine#1" terminated
  0x0000029dce6b68a0 ConcurrentGCThread "G1 Refine#2" terminated
  0x0000029dc11177b0 ConcurrentGCThread "G1 Service" terminated

Threads with active compile tasks:

VM state: at safepoint (shutting down)

VM Mutex/Monitor currently owned by a thread:  ([mutex/lock_event])
[0x0000029da5d03ae0] Threads_lock - owner thread: 0x0000029dc1275d80
[0x0000029da5d04c20] Heap_lock - owner thread: 0x0000029dd53cbfd0

Heap address: 0x0000000082000000, size: 2016 MB, Compressed Oops mode: 32-bit

CDS archive(s) mapped at: [0x0000000800000000-0x0000000800ba0000-0x0000000800ba0000), size 12189696, SharedBaseAddress: 0x0000000800000000, ArchiveRelocationMode: 0.
Compressed class space mapped at: 0x0000000800c00000-0x0000000840c00000, reserved size: 1073741824
Narrow klass base: 0x0000000800000000, Narrow klass shift: 0, Narrow klass range: 0x100000000

GC Precious Log:
 CardTable entry size: 512
 Card Set container configuration: InlinePtr #cards 5 size 8 Array Of Cards #cards 12 size 40 Howl #buckets 4 coarsen threshold 1843 Howl Bitmap #cards 512 size 80 coarsen threshold 460 Card regions per heap region 1 cards per card region 2048
 CPUs: 4 total, 4 available
 Memory: 8057M
 Large Page Support: Disabled
 NUMA Support: Disabled
 Compressed Oops: Enabled (32-bit)
 Heap Region Size: 1M
 Heap Min Capacity: 8M
 Heap Initial Capacity: 126M
 Heap Max Capacity: 2016M
 Pre-touch: Disabled
 Parallel Workers: 4
 Concurrent Workers: 1
 Concurrent Refinement Workers: 4
 Periodic GC: Disabled

Heap:
 garbage-first heap   total 218112K, used 98152K [0x0000000082000000, 0x0000000100000000)
  region size 1024K, 6 young (6144K), 1 survivors (1024K)
 Metaspace       used 26057K, committed 26368K, reserved 1114112K
  class space    used 3476K, committed 3648K, reserved 1048576K

Heap Regions: E=young(eden), S=young(survivor), O=old, HS=humongous(starts), HC=humongous(continues), CS=collection set, F=free, OA=open archive, CA=closed archive, TAMS=top-at-mark-start (previous, next)
|   0|0x0000000082000000, 0x0000000082100000, 0x0000000082100000|100%| O|  |TAMS 0x0000000082100000, 0x0000000082100000| Untracked 
|   1|0x0000000082100000, 0x0000000082200000, 0x0000000082200000|100%| O|  |TAMS 0x0000000082200000, 0x0000000082200000| Untracked 
|   2|0x0000000082200000, 0x0000000082300000, 0x0000000082300000|100%| O|  |TAMS 0x0000000082300000, 0x0000000082300000| Untracked 
|   3|0x0000000082300000, 0x0000000082400000, 0x0000000082400000|100%| O|  |TAMS 0x0000000082400000, 0x0000000082400000| Untracked 
|   4|0x0000000082400000, 0x0000000082500000, 0x0000000082500000|100%| O|  |TAMS 0x0000000082500000, 0x0000000082500000| Untracked 
|   5|0x0000000082500000, 0x0000000082600000, 0x0000000082600000|100%| O|  |TAMS 0x0000000082600000, 0x0000000082600000| Untracked 
|   6|0x0000000082600000, 0x000000008266f000, 0x0000000082700000| 43%| O|  |TAMS 0x000000008266f000, 0x000000008266f000| Untracked 
|   7|0x0000000082700000, 0x0000000082800000, 0x0000000082800000|100%|HS|  |TAMS 0x0000000082800000, 0x0000000082800000| Complete 
|   8|0x0000000082800000, 0x0000000082900000, 0x0000000082900000|100%|HC|  |TAMS 0x0000000082900000, 0x0000000082900000| Complete 
|   9|0x0000000082900000, 0x0000000082a00000, 0x0000000082a00000|100%| O|  |TAMS 0x0000000082a00000, 0x0000000082a00000| Untracked 
|  10|0x0000000082a00000, 0x0000000082b00000, 0x0000000082b00000|100%| O|  |TAMS 0x0000000082b00000, 0x0000000082b00000| Untracked 
|  11|0x0000000082b00000, 0x0000000082c00000, 0x0000000082c00000|100%| O|  |TAMS 0x0000000082c00000, 0x0000000082c00000| Untracked 
|  12|0x0000000082c00000, 0x0000000082d00000, 0x0000000082d00000|100%| O|  |TAMS 0x0000000082d00000, 0x0000000082d00000| Untracked 
|  13|0x0000000082d00000, 0x0000000082e00000, 0x0000000082e00000|100%| O|  |TAMS 0x0000000082e00000, 0x0000000082e00000| Untracked 
|  14|0x0000000082e00000, 0x0000000082f00000, 0x0000000082f00000|100%| O|  |TAMS 0x0000000082f00000, 0x0000000082f00000| Untracked 
|  15|0x0000000082f00000, 0x0000000083000000, 0x0000000083000000|100%|HS|  |TAMS 0x0000000082f00000, 0x0000000082f00000| Complete 
|  16|0x0000000083000000, 0x0000000083100000, 0x0000000083100000|100%|HS|  |TAMS 0x0000000083000000, 0x0000000083000000| Complete 
|  17|0x0000000083100000, 0x0000000083200000, 0x0000000083200000|100%|HS|  |TAMS 0x0000000083100000, 0x0000000083100000| Complete 
|  18|0x0000000083200000, 0x0000000083300000, 0x0000000083300000|100%|HC|  |TAMS 0x0000000083200000, 0x0000000083200000| Complete 
|  19|0x0000000083300000, 0x0000000083400000, 0x0000000083400000|100%|HS|  |TAMS 0x0000000083300000, 0x0000000083300000| Complete 
|  20|0x0000000083400000, 0x0000000083500000, 0x0000000083500000|100%|HS|  |TAMS 0x0000000083400000, 0x0000000083500000| Complete 
|  21|0x0000000083500000, 0x0000000083600000, 0x0000000083600000|100%|HS|  |TAMS 0x0000000083500000, 0x0000000083600000| Complete 
|  22|0x0000000083600000, 0x0000000083700000, 0x0000000083700000|100%|HC|  |TAMS 0x0000000083600000, 0x0000000083700000| Complete 
|  23|0x0000000083700000, 0x0000000083800000, 0x0000000083800000|100%| O|  |TAMS 0x0000000083800000, 0x0000000083800000| Untracked 
|  24|0x0000000083800000, 0x0000000083900000, 0x0000000083900000|100%| O|  |TAMS 0x0000000083900000, 0x0000000083900000| Untracked 
|  25|0x0000000083900000, 0x0000000083a00000, 0x0000000083a00000|100%| O|  |TAMS 0x0000000083a00000, 0x0000000083a00000| Untracked 
|  26|0x0000000083a00000, 0x0000000083b00000, 0x0000000083b00000|100%| O|  |TAMS 0x0000000083b00000, 0x0000000083b00000| Untracked 
|  27|0x0000000083b00000, 0x0000000083c00000, 0x0000000083c00000|100%| O|  |TAMS 0x0000000083b91a00, 0x0000000083b91a00| Untracked 
|  28|0x0000000083c00000, 0x0000000083d00000, 0x0000000083d00000|100%|HS|  |TAMS 0x0000000083c00000, 0x0000000083c00000| Complete 
|  29|0x0000000083d00000, 0x0000000083e00000, 0x0000000083e00000|100%|HC|  |TAMS 0x0000000083d00000, 0x0000000083d00000| Complete 
|  30|0x0000000083e00000, 0x0000000083f00000, 0x0000000083f00000|100%|HS|  |TAMS 0x0000000083e00000, 0x0000000083e00000| Complete 
|  31|0x0000000083f00000, 0x0000000084000000, 0x0000000084000000|100%|HS|  |TAMS 0x0000000083f00000, 0x0000000083f00000| Complete 
|  32|0x0000000084000000, 0x0000000084100000, 0x0000000084100000|100%|HC|  |TAMS 0x0000000084000000, 0x0000000084000000| Complete 
|  33|0x0000000084100000, 0x0000000084200000, 0x0000000084200000|100%|HS|  |TAMS 0x0000000084100000, 0x0000000084100000| Complete 
|  34|0x0000000084200000, 0x0000000084300000, 0x0000000084300000|100%|HS|  |TAMS 0x0000000084200000, 0x0000000084300000| Complete 
|  35|0x0000000084300000, 0x0000000084400000, 0x0000000084400000|100%|HS|  |TAMS 0x0000000084300000, 0x0000000084400000| Complete 
|  36|0x0000000084400000, 0x0000000084500000, 0x0000000084500000|100%|HC|  |TAMS 0x0000000084400000, 0x0000000084500000| Complete 
|  37|0x0000000084500000, 0x0000000084600000, 0x0000000084600000|100%|HS|  |TAMS 0x0000000084500000, 0x0000000084500000| Complete 
|  38|0x0000000084600000, 0x0000000084700000, 0x0000000084700000|100%|HC|  |TAMS 0x0000000084600000, 0x0000000084600000| Complete 
|  39|0x0000000084700000, 0x0000000084800000, 0x0000000084800000|100%|HS|  |TAMS 0x0000000084700000, 0x0000000084700000| Complete 
|  40|0x0000000084800000, 0x0000000084900000, 0x0000000084900000|100%|HS|  |TAMS 0x0000000084800000, 0x0000000084800000| Complete 
|  41|0x0000000084900000, 0x0000000084a00000, 0x0000000084a00000|100%|HC|  |TAMS 0x0000000084900000, 0x0000000084900000| Complete 
|  42|0x0000000084a00000, 0x0000000084b00000, 0x0000000084b00000|100%|HS|  |TAMS 0x0000000084a00000, 0x0000000084a00000| Complete 
|  43|0x0000000084b00000, 0x0000000084c00000, 0x0000000084c00000|100%|HS|  |TAMS 0x0000000084b00000, 0x0000000084c00000| Complete 
|  44|0x0000000084c00000, 0x0000000084d00000, 0x0000000084d00000|100%|HS|  |TAMS 0x0000000084c00000, 0x0000000084d00000| Complete 
|  45|0x0000000084d00000, 0x0000000084e00000, 0x0000000084e00000|100%|HC|  |TAMS 0x0000000084d00000, 0x0000000084e00000| Complete 
|  46|0x0000000084e00000, 0x0000000084f00000, 0x0000000084f00000|100%|HS|  |TAMS 0x0000000084e00000, 0x0000000084e00000| Complete 
|  47|0x0000000084f00000, 0x0000000085000000, 0x0000000085000000|100%|HC|  |TAMS 0x0000000084f00000, 0x0000000084f00000| Complete 
|  48|0x0000000085000000, 0x0000000085100000, 0x0000000085100000|100%|HS|  |TAMS 0x0000000085000000, 0x0000000085000000| Complete 
|  49|0x0000000085100000, 0x0000000085200000, 0x0000000085200000|100%|HS|  |TAMS 0x0000000085100000, 0x0000000085100000| Complete 
|  50|0x0000000085200000, 0x0000000085300000, 0x0000000085300000|100%|HS|  |TAMS 0x0000000085200000, 0x0000000085300000| Complete 
|  51|0x0000000085300000, 0x0000000085400000, 0x0000000085400000|100%|HS|  |TAMS 0x0000000085300000, 0x0000000085400000| Complete 
|  52|0x0000000085400000, 0x0000000085500000, 0x0000000085500000|100%|HC|  |TAMS 0x0000000085400000, 0x0000000085500000| Complete 
|  53|0x0000000085500000, 0x0000000085600000, 0x0000000085600000|100%|HS|  |TAMS 0x0000000085500000, 0x0000000085500000| Complete 
|  54|0x0000000085600000, 0x0000000085700000, 0x0000000085700000|100%|HC|  |TAMS 0x0000000085600000, 0x0000000085600000| Complete 
|  55|0x0000000085700000, 0x0000000085800000, 0x0000000085800000|100%|HS|  |TAMS 0x0000000085700000, 0x0000000085700000| Complete 
|  56|0x0000000085800000, 0x0000000085900000, 0x0000000085900000|100%|HC|  |TAMS 0x0000000085800000, 0x0000000085800000| Complete 
|  57|0x0000000085900000, 0x0000000085a00000, 0x0000000085a00000|100%|HS|  |TAMS 0x0000000085900000, 0x0000000085900000| Complete 
|  58|0x0000000085a00000, 0x0000000085b00000, 0x0000000085b00000|100%|HS|  |TAMS 0x0000000085a00000, 0x0000000085b00000| Complete 
|  59|0x0000000085b00000, 0x0000000085c00000, 0x0000000085c00000|100%|HS|  |TAMS 0x0000000085b00000, 0x0000000085c00000| Complete 
|  60|0x0000000085c00000, 0x0000000085d00000, 0x0000000085d00000|100%|HC|  |TAMS 0x0000000085c00000, 0x0000000085d00000| Complete 
|  61|0x0000000085d00000, 0x0000000085e00000, 0x0000000085e00000|100%|HS|  |TAMS 0x0000000085d00000, 0x0000000085d00000| Complete 
|  62|0x0000000085e00000, 0x0000000085f00000, 0x0000000085f00000|100%|HC|  |TAMS 0x0000000085e00000, 0x0000000085e00000| Complete 
|  63|0x0000000085f00000, 0x0000000086000000, 0x0000000086000000|100%|HS|  |TAMS 0x0000000085f00000, 0x0000000085f00000| Complete 
|  64|0x0000000086000000, 0x0000000086100000, 0x0000000086100000|100%|HC|  |TAMS 0x0000000086000000, 0x0000000086000000| Complete 
|  65|0x0000000086100000, 0x0000000086200000, 0x0000000086200000|100%|HS|  |TAMS 0x0000000086100000, 0x0000000086100000| Complete 
|  66|0x0000000086200000, 0x0000000086300000, 0x0000000086300000|100%|HS|  |TAMS 0x0000000086200000, 0x0000000086200000| Complete 
|  67|0x0000000086300000, 0x0000000086400000, 0x0000000086400000|100%|HS|  |TAMS 0x0000000086300000, 0x0000000086400000| Complete 
|  68|0x0000000086400000, 0x0000000086500000, 0x0000000086500000|100%|HS|  |TAMS 0x0000000086400000, 0x0000000086500000| Complete 
|  69|0x0000000086500000, 0x0000000086600000, 0x0000000086600000|100%|HC|  |TAMS 0x0000000086500000, 0x0000000086600000| Complete 
|  70|0x0000000086600000, 0x0000000086700000, 0x0000000086700000|100%|HS|  |TAMS 0x0000000086600000, 0x0000000086600000| Complete 
|  71|0x0000000086700000, 0x0000000086800000, 0x0000000086800000|100%|HC|  |TAMS 0x0000000086700000, 0x0000000086700000| Complete 
|  72|0x0000000086800000, 0x0000000086900000, 0x0000000086900000|100%|HS|  |TAMS 0x0000000086800000, 0x0000000086800000| Complete 
|  73|0x0000000086900000, 0x0000000086a00000, 0x0000000086a00000|100%|HC|  |TAMS 0x0000000086900000, 0x0000000086900000| Complete 
|  74|0x0000000086a00000, 0x0000000086b00000, 0x0000000086b00000|100%|HS|  |TAMS 0x0000000086a00000, 0x0000000086b00000| Complete 
|  75|0x0000000086b00000, 0x0000000086c00000, 0x0000000086c00000|100%|HS|  |TAMS 0x0000000086b00000, 0x0000000086c00000| Complete 
|  76|0x0000000086c00000, 0x0000000086d00000, 0x0000000086d00000|100%|HC|  |TAMS 0x0000000086c00000, 0x0000000086d00000| Complete 
|  77|0x0000000086d00000, 0x0000000086e00000, 0x0000000086e00000|100%|HS|  |TAMS 0x0000000086d00000, 0x0000000086d00000| Complete 
|  78|0x0000000086e00000, 0x0000000086f00000, 0x0000000086f00000|100%|HS|  |TAMS 0x0000000086e00000, 0x0000000086e00000| Complete 
|  79|0x0000000086f00000, 0x0000000087000000, 0x0000000087000000|100%|HS|  |TAMS 0x0000000086f00000, 0x0000000086f00000| Complete 
|  80|0x0000000087000000, 0x0000000087100000, 0x0000000087100000|100%|HC|  |TAMS 0x0000000087000000, 0x0000000087000000| Complete 
|  81|0x0000000087100000, 0x0000000087100000, 0x0000000087200000|  0%| F|  |TAMS 0x0000000087100000, 0x0000000087100000| Untracked 
|  82|0x0000000087200000, 0x0000000087300000, 0x0000000087300000|100%|HS|  |TAMS 0x0000000087200000, 0x0000000087300000| Complete 
|  83|0x0000000087300000, 0x0000000087400000, 0x0000000087400000|100%|HS|  |TAMS 0x0000000087300000, 0x0000000087300000| Complete 
|  84|0x0000000087400000, 0x0000000087500000, 0x0000000087500000|100%|HC|  |TAMS 0x0000000087400000, 0x0000000087400000| Complete 
|  85|0x0000000087500000, 0x0000000087500000, 0x0000000087600000|  0%| F|  |TAMS 0x0000000087500000, 0x0000000087500000| Untracked 
|  86|0x0000000087600000, 0x0000000087700000, 0x0000000087700000|100%|HS|  |TAMS 0x0000000087600000, 0x0000000087700000| Complete 
|  87|0x0000000087700000, 0x0000000087800000, 0x0000000087800000|100%|HC|  |TAMS 0x0000000087700000, 0x0000000087800000| Complete 
|  88|0x0000000087800000, 0x0000000087900000, 0x0000000087900000|100%|HS|  |TAMS 0x0000000087800000, 0x0000000087900000| Complete 
|  89|0x0000000087900000, 0x0000000087a00000, 0x0000000087a00000|100%|HC|  |TAMS 0x0000000087900000, 0x0000000087a00000| Complete 
|  90|0x0000000087a00000, 0x0000000087a55800, 0x0000000087b00000| 33%| O|  |TAMS 0x0000000087a00000, 0x0000000087a00000| Untracked 
|  91|0x0000000087b00000, 0x0000000087b00000, 0x0000000087c00000|  0%| F|  |TAMS 0x0000000087b00000, 0x0000000087b00000| Untracked 
|  92|0x0000000087c00000, 0x0000000087c00000, 0x0000000087d00000|  0%| F|  |TAMS 0x0000000087c00000, 0x0000000087c00000| Untracked 
|  93|0x0000000087d00000, 0x0000000087e00000, 0x0000000087e00000|100%|HS|  |TAMS 0x0000000087d00000, 0x0000000087e00000| Complete 
|  94|0x0000000087e00000, 0x0000000087f00000, 0x0000000087f00000|100%|HC|  |TAMS 0x0000000087e00000, 0x0000000087f00000| Complete 
|  95|0x0000000087f00000, 0x0000000087f00000, 0x0000000088000000|  0%| F|  |TAMS 0x0000000087f00000, 0x0000000087f00000| Untracked 
|  96|0x0000000088000000, 0x0000000088000000, 0x0000000088100000|  0%| F|  |TAMS 0x0000000088000000, 0x0000000088000000| Untracked 
|  97|0x0000000088100000, 0x0000000088100000, 0x0000000088200000|  0%| F|  |TAMS 0x0000000088100000, 0x0000000088100000| Untracked 
|  98|0x0000000088200000, 0x0000000088200000, 0x0000000088300000|  0%| F|  |TAMS 0x0000000088200000, 0x0000000088200000| Untracked 
|  99|0x0000000088300000, 0x0000000088300000, 0x0000000088400000|  0%| F|  |TAMS 0x0000000088300000, 0x0000000088300000| Untracked 
| 100|0x0000000088400000, 0x0000000088400000, 0x0000000088500000|  0%| F|  |TAMS 0x0000000088400000, 0x0000000088400000| Untracked 
| 101|0x0000000088500000, 0x0000000088500000, 0x0000000088600000|  0%| F|  |TAMS 0x0000000088500000, 0x0000000088500000| Untracked 
| 102|0x0000000088600000, 0x0000000088600000, 0x0000000088700000|  0%| F|  |TAMS 0x0000000088600000, 0x0000000088600000| Untracked 
| 103|0x0000000088700000, 0x0000000088700000, 0x0000000088800000|  0%| F|  |TAMS 0x0000000088700000, 0x0000000088700000| Untracked 
| 104|0x0000000088800000, 0x0000000088800000, 0x0000000088900000|  0%| F|  |TAMS 0x0000000088800000, 0x0000000088800000| Untracked 
| 105|0x0000000088900000, 0x0000000088900000, 0x0000000088a00000|  0%| F|  |TAMS 0x0000000088900000, 0x0000000088900000| Untracked 
| 106|0x0000000088a00000, 0x0000000088a00000, 0x0000000088b00000|  0%| F|  |TAMS 0x0000000088a00000, 0x0000000088a00000| Untracked 
| 107|0x0000000088b00000, 0x0000000088b00000, 0x0000000088c00000|  0%| F|  |TAMS 0x0000000088b00000, 0x0000000088b00000| Untracked 
| 108|0x0000000088c00000, 0x0000000088c00000, 0x0000000088d00000|  0%| F|  |TAMS 0x0000000088c00000, 0x0000000088c00000| Untracked 
| 109|0x0000000088d00000, 0x0000000088d00000, 0x0000000088e00000|  0%| F|  |TAMS 0x0000000088d00000, 0x0000000088d00000| Untracked 
| 110|0x0000000088e00000, 0x0000000088e00000, 0x0000000088f00000|  0%| F|  |TAMS 0x0000000088e00000, 0x0000000088e00000| Untracked 
| 111|0x0000000088f00000, 0x0000000088f00000, 0x0000000089000000|  0%| F|  |TAMS 0x0000000088f00000, 0x0000000088f00000| Untracked 
| 112|0x0000000089000000, 0x0000000089000000, 0x0000000089100000|  0%| F|  |TAMS 0x0000000089000000, 0x0000000089000000| Untracked 
| 113|0x0000000089100000, 0x0000000089100000, 0x0000000089200000|  0%| F|  |TAMS 0x0000000089100000, 0x0000000089100000| Untracked 
| 114|0x0000000089200000, 0x0000000089200000, 0x0000000089300000|  0%| F|  |TAMS 0x0000000089200000, 0x0000000089200000| Untracked 
| 115|0x0000000089300000, 0x0000000089300000, 0x0000000089400000|  0%| F|  |TAMS 0x0000000089300000, 0x0000000089300000| Untracked 
| 116|0x0000000089400000, 0x0000000089400000, 0x0000000089500000|  0%| F|  |TAMS 0x0000000089400000, 0x0000000089400000| Untracked 
| 117|0x0000000089500000, 0x0000000089500000, 0x0000000089600000|  0%| F|  |TAMS 0x0000000089500000, 0x0000000089500000| Untracked 
| 118|0x0000000089600000, 0x0000000089600000, 0x0000000089700000|  0%| F|  |TAMS 0x0000000089600000, 0x0000000089600000| Untracked 
| 119|0x0000000089700000, 0x0000000089700000, 0x0000000089800000|  0%| F|  |TAMS 0x0000000089700000, 0x0000000089700000| Untracked 
| 120|0x0000000089800000, 0x0000000089800000, 0x0000000089900000|  0%| F|  |TAMS 0x0000000089800000, 0x0000000089800000| Untracked 
| 121|0x0000000089900000, 0x0000000089900000, 0x0000000089a00000|  0%| F|  |TAMS 0x0000000089900000, 0x0000000089900000| Untracked 
| 122|0x0000000089a00000, 0x0000000089a00000, 0x0000000089b00000|  0%| F|  |TAMS 0x0000000089a00000, 0x0000000089a00000| Untracked 
| 123|0x0000000089b00000, 0x0000000089b00000, 0x0000000089c00000|  0%| F|  |TAMS 0x0000000089b00000, 0x0000000089b00000| Untracked 
| 124|0x0000000089c00000, 0x0000000089c00000, 0x0000000089d00000|  0%| F|  |TAMS 0x0000000089c00000, 0x0000000089c00000| Untracked 
| 125|0x0000000089d00000, 0x0000000089d00000, 0x0000000089e00000|  0%| F|  |TAMS 0x0000000089d00000, 0x0000000089d00000| Untracked 
| 126|0x0000000089e00000, 0x0000000089e00000, 0x0000000089f00000|  0%| F|  |TAMS 0x0000000089e00000, 0x0000000089e00000| Untracked 
| 127|0x0000000089f00000, 0x0000000089f00000, 0x000000008a000000|  0%| F|  |TAMS 0x0000000089f00000, 0x0000000089f00000| Untracked 
| 128|0x000000008a000000, 0x000000008a000000, 0x000000008a100000|  0%| F|  |TAMS 0x000000008a000000, 0x000000008a000000| Untracked 
| 129|0x000000008a100000, 0x000000008a100000, 0x000000008a200000|  0%| F|  |TAMS 0x000000008a100000, 0x000000008a100000| Untracked 
| 130|0x000000008a200000, 0x000000008a200000, 0x000000008a300000|  0%| F|  |TAMS 0x000000008a200000, 0x000000008a200000| Untracked 
| 131|0x000000008a300000, 0x000000008a300000, 0x000000008a400000|  0%| F|  |TAMS 0x000000008a300000, 0x000000008a300000| Untracked 
| 132|0x000000008a400000, 0x000000008a400000, 0x000000008a500000|  0%| F|  |TAMS 0x000000008a400000, 0x000000008a400000| Untracked 
| 133|0x000000008a500000, 0x000000008a500000, 0x000000008a600000|  0%| F|  |TAMS 0x000000008a500000, 0x000000008a500000| Untracked 
| 134|0x000000008a600000, 0x000000008a600000, 0x000000008a700000|  0%| F|  |TAMS 0x000000008a600000, 0x000000008a600000| Untracked 
| 135|0x000000008a700000, 0x000000008a700000, 0x000000008a800000|  0%| F|  |TAMS 0x000000008a700000, 0x000000008a700000| Untracked 
| 136|0x000000008a800000, 0x000000008a800000, 0x000000008a900000|  0%| F|  |TAMS 0x000000008a800000, 0x000000008a800000| Untracked 
| 137|0x000000008a900000, 0x000000008a900000, 0x000000008aa00000|  0%| F|  |TAMS 0x000000008a900000, 0x000000008a900000| Untracked 
| 138|0x000000008aa00000, 0x000000008aa00000, 0x000000008ab00000|  0%| F|  |TAMS 0x000000008aa00000, 0x000000008aa00000| Untracked 
| 139|0x000000008ab00000, 0x000000008ab00000, 0x000000008ac00000|  0%| F|  |TAMS 0x000000008ab00000, 0x000000008ab00000| Untracked 
| 140|0x000000008ac00000, 0x000000008ac00000, 0x000000008ad00000|  0%| F|  |TAMS 0x000000008ac00000, 0x000000008ac00000| Untracked 
| 141|0x000000008ad00000, 0x000000008ad00000, 0x000000008ae00000|  0%| F|  |TAMS 0x000000008ad00000, 0x000000008ad00000| Untracked 
| 142|0x000000008ae00000, 0x000000008ae00000, 0x000000008af00000|  0%| F|  |TAMS 0x000000008ae00000, 0x000000008ae00000| Untracked 
| 143|0x000000008af00000, 0x000000008af00000, 0x000000008b000000|  0%| F|  |TAMS 0x000000008af00000, 0x000000008af00000| Untracked 
| 144|0x000000008b000000, 0x000000008b000000, 0x000000008b100000|  0%| F|  |TAMS 0x000000008b000000, 0x000000008b000000| Untracked 
| 145|0x000000008b100000, 0x000000008b100000, 0x000000008b200000|  0%| F|  |TAMS 0x000000008b100000, 0x000000008b100000| Untracked 
| 146|0x000000008b200000, 0x000000008b200000, 0x000000008b300000|  0%| F|  |TAMS 0x000000008b200000, 0x000000008b200000| Untracked 
| 147|0x000000008b300000, 0x000000008b300000, 0x000000008b400000|  0%| F|  |TAMS 0x000000008b300000, 0x000000008b300000| Untracked 
| 148|0x000000008b400000, 0x000000008b400000, 0x000000008b500000|  0%| F|  |TAMS 0x000000008b400000, 0x000000008b400000| Untracked 
| 149|0x000000008b500000, 0x000000008b500000, 0x000000008b600000|  0%| F|  |TAMS 0x000000008b500000, 0x000000008b500000| Untracked 
| 150|0x000000008b600000, 0x000000008b600000, 0x000000008b700000|  0%| F|  |TAMS 0x000000008b600000, 0x000000008b600000| Untracked 
| 151|0x000000008b700000, 0x000000008b700000, 0x000000008b800000|  0%| F|  |TAMS 0x000000008b700000, 0x000000008b700000| Untracked 
| 152|0x000000008b800000, 0x000000008b800000, 0x000000008b900000|  0%| F|  |TAMS 0x000000008b800000, 0x000000008b800000| Untracked 
| 153|0x000000008b900000, 0x000000008b900000, 0x000000008ba00000|  0%| F|  |TAMS 0x000000008b900000, 0x000000008b900000| Untracked 
| 154|0x000000008ba00000, 0x000000008ba00000, 0x000000008bb00000|  0%| F|  |TAMS 0x000000008ba00000, 0x000000008ba00000| Untracked 
| 155|0x000000008bb00000, 0x000000008bb00000, 0x000000008bc00000|  0%| F|  |TAMS 0x000000008bb00000, 0x000000008bb00000| Untracked 
| 156|0x000000008bc00000, 0x000000008bc00000, 0x000000008bd00000|  0%| F|  |TAMS 0x000000008bc00000, 0x000000008bc00000| Untracked 
| 157|0x000000008bd00000, 0x000000008bd00000, 0x000000008be00000|  0%| F|  |TAMS 0x000000008bd00000, 0x000000008bd00000| Untracked 
| 158|0x000000008be00000, 0x000000008be00000, 0x000000008bf00000|  0%| F|  |TAMS 0x000000008be00000, 0x000000008be00000| Untracked 
| 159|0x000000008bf00000, 0x000000008bf00000, 0x000000008c000000|  0%| F|  |TAMS 0x000000008bf00000, 0x000000008bf00000| Untracked 
| 160|0x000000008c000000, 0x000000008c000000, 0x000000008c100000|  0%| F|  |TAMS 0x000000008c000000, 0x000000008c000000| Untracked 
| 161|0x000000008c100000, 0x000000008c100000, 0x000000008c200000|  0%| F|  |TAMS 0x000000008c100000, 0x000000008c100000| Untracked 
| 162|0x000000008c200000, 0x000000008c200000, 0x000000008c300000|  0%| F|  |TAMS 0x000000008c200000, 0x000000008c200000| Untracked 
| 163|0x000000008c300000, 0x000000008c300000, 0x000000008c400000|  0%| F|  |TAMS 0x000000008c300000, 0x000000008c300000| Untracked 
| 164|0x000000008c400000, 0x000000008c400000, 0x000000008c500000|  0%| F|  |TAMS 0x000000008c400000, 0x000000008c400000| Untracked 
| 165|0x000000008c500000, 0x000000008c500000, 0x000000008c600000|  0%| F|  |TAMS 0x000000008c500000, 0x000000008c500000| Untracked 
| 166|0x000000008c600000, 0x000000008c600000, 0x000000008c700000|  0%| F|  |TAMS 0x000000008c600000, 0x000000008c600000| Untracked 
| 167|0x000000008c700000, 0x000000008c700000, 0x000000008c800000|  0%| F|  |TAMS 0x000000008c700000, 0x000000008c700000| Untracked 
| 168|0x000000008c800000, 0x000000008c800000, 0x000000008c900000|  0%| F|  |TAMS 0x000000008c800000, 0x000000008c800000| Untracked 
| 169|0x000000008c900000, 0x000000008c900000, 0x000000008ca00000|  0%| F|  |TAMS 0x000000008c900000, 0x000000008c900000| Untracked 
| 170|0x000000008ca00000, 0x000000008ca00000, 0x000000008cb00000|  0%| F|  |TAMS 0x000000008ca00000, 0x000000008ca00000| Untracked 
| 171|0x000000008cb00000, 0x000000008cb00000, 0x000000008cc00000|  0%| F|  |TAMS 0x000000008cb00000, 0x000000008cb00000| Untracked 
| 172|0x000000008cc00000, 0x000000008cc00000, 0x000000008cd00000|  0%| F|  |TAMS 0x000000008cc00000, 0x000000008cc00000| Untracked 
| 173|0x000000008cd00000, 0x000000008cd00000, 0x000000008ce00000|  0%| F|  |TAMS 0x000000008cd00000, 0x000000008cd00000| Untracked 
| 174|0x000000008ce00000, 0x000000008ce00000, 0x000000008cf00000|  0%| F|  |TAMS 0x000000008ce00000, 0x000000008ce00000| Untracked 
| 175|0x000000008cf00000, 0x000000008cf00000, 0x000000008d000000|  0%| F|  |TAMS 0x000000008cf00000, 0x000000008cf00000| Untracked 
| 176|0x000000008d000000, 0x000000008d000000, 0x000000008d100000|  0%| F|  |TAMS 0x000000008d000000, 0x000000008d000000| Untracked 
| 177|0x000000008d100000, 0x000000008d100000, 0x000000008d200000|  0%| F|  |TAMS 0x000000008d100000, 0x000000008d100000| Untracked 
| 178|0x000000008d200000, 0x000000008d200000, 0x000000008d300000|  0%| F|  |TAMS 0x000000008d200000, 0x000000008d200000| Untracked 
| 179|0x000000008d300000, 0x000000008d300000, 0x000000008d400000|  0%| F|  |TAMS 0x000000008d300000, 0x000000008d300000| Untracked 
| 180|0x000000008d400000, 0x000000008d400000, 0x000000008d500000|  0%| F|  |TAMS 0x000000008d400000, 0x000000008d400000| Untracked 
| 181|0x000000008d500000, 0x000000008d500000, 0x000000008d600000|  0%| F|  |TAMS 0x000000008d500000, 0x000000008d500000| Untracked 
| 182|0x000000008d600000, 0x000000008d600000, 0x000000008d700000|  0%| F|  |TAMS 0x000000008d600000, 0x000000008d600000| Untracked 
| 183|0x000000008d700000, 0x000000008d700000, 0x000000008d800000|  0%| F|  |TAMS 0x000000008d700000, 0x000000008d700000| Untracked 
| 184|0x000000008d800000, 0x000000008d800000, 0x000000008d900000|  0%| F|  |TAMS 0x000000008d800000, 0x000000008d800000| Untracked 
| 185|0x000000008d900000, 0x000000008d900000, 0x000000008da00000|  0%| F|  |TAMS 0x000000008d900000, 0x000000008d900000| Untracked 
| 186|0x000000008da00000, 0x000000008da00000, 0x000000008db00000|  0%| F|  |TAMS 0x000000008da00000, 0x000000008da00000| Untracked 
| 187|0x000000008db00000, 0x000000008db00000, 0x000000008dc00000|  0%| F|  |TAMS 0x000000008db00000, 0x000000008db00000| Untracked 
| 188|0x000000008dc00000, 0x000000008dc00000, 0x000000008dd00000|  0%| F|  |TAMS 0x000000008dc00000, 0x000000008dc00000| Untracked 
| 189|0x000000008dd00000, 0x000000008dd00000, 0x000000008de00000|  0%| F|  |TAMS 0x000000008dd00000, 0x000000008dd00000| Untracked 
| 190|0x000000008de00000, 0x000000008de00000, 0x000000008df00000|  0%| F|  |TAMS 0x000000008de00000, 0x000000008de00000| Untracked 
| 191|0x000000008df00000, 0x000000008df00000, 0x000000008e000000|  0%| F|  |TAMS 0x000000008df00000, 0x000000008df00000| Untracked 
| 192|0x000000008e000000, 0x000000008e000000, 0x000000008e100000|  0%| F|  |TAMS 0x000000008e000000, 0x000000008e000000| Untracked 
| 193|0x000000008e100000, 0x000000008e100000, 0x000000008e200000|  0%| F|  |TAMS 0x000000008e100000, 0x000000008e100000| Untracked 
| 194|0x000000008e200000, 0x000000008e200000, 0x000000008e300000|  0%| F|  |TAMS 0x000000008e200000, 0x000000008e200000| Untracked 
| 195|0x000000008e300000, 0x000000008e300000, 0x000000008e400000|  0%| F|  |TAMS 0x000000008e300000, 0x000000008e300000| Untracked 
| 196|0x000000008e400000, 0x000000008e400000, 0x000000008e500000|  0%| F|  |TAMS 0x000000008e400000, 0x000000008e400000| Untracked 
| 197|0x000000008e500000, 0x000000008e500000, 0x000000008e600000|  0%| F|  |TAMS 0x000000008e500000, 0x000000008e500000| Untracked 
| 198|0x000000008e600000, 0x000000008e600000, 0x000000008e700000|  0%| F|  |TAMS 0x000000008e600000, 0x000000008e600000| Untracked 
| 199|0x000000008e700000, 0x000000008e700000, 0x000000008e800000|  0%| F|  |TAMS 0x000000008e700000, 0x000000008e700000| Untracked 
| 200|0x000000008e800000, 0x000000008e800000, 0x000000008e900000|  0%| F|  |TAMS 0x000000008e800000, 0x000000008e800000| Untracked 
| 201|0x000000008e900000, 0x000000008e900000, 0x000000008ea00000|  0%| F|  |TAMS 0x000000008e900000, 0x000000008e900000| Untracked 
| 202|0x000000008ea00000, 0x000000008ea00000, 0x000000008eb00000|  0%| F|  |TAMS 0x000000008ea00000, 0x000000008ea00000| Untracked 
| 203|0x000000008eb00000, 0x000000008eb00000, 0x000000008ec00000|  0%| F|  |TAMS 0x000000008eb00000, 0x000000008eb00000| Untracked 
| 204|0x000000008ec00000, 0x000000008ec00000, 0x000000008ed00000|  0%| F|  |TAMS 0x000000008ec00000, 0x000000008ec00000| Untracked 
| 205|0x000000008ed00000, 0x000000008ee00000, 0x000000008ee00000|100%| E|  |TAMS 0x000000008ed00000, 0x000000008ed00000| Complete 
| 206|0x000000008ee00000, 0x000000008ef00000, 0x000000008ef00000|100%| E|CS|TAMS 0x000000008ee00000, 0x000000008ee00000| Complete 
| 207|0x000000008ef00000, 0x000000008f000000, 0x000000008f000000|100%| E|CS|TAMS 0x000000008ef00000, 0x000000008ef00000| Complete 
| 208|0x000000008f000000, 0x000000008f0158e0, 0x000000008f100000|  8%| S|CS|TAMS 0x000000008f000000, 0x000000008f000000| Complete 
| 209|0x000000008f100000, 0x000000008f200000, 0x000000008f200000|100%| E|CS|TAMS 0x000000008f100000, 0x000000008f100000| Complete 
| 210|0x000000008f200000, 0x000000008f300000, 0x000000008f300000|100%| E|CS|TAMS 0x000000008f200000, 0x000000008f200000| Complete 
|2014|0x00000000ffe00000, 0x00000000fff00000, 0x00000000fff00000|100%| O|  |TAMS 0x00000000fff00000, 0x00000000fff00000| Untracked 
|2015|0x00000000fff00000, 0x0000000100000000, 0x0000000100000000|100%| O|  |TAMS 0x0000000100000000, 0x0000000100000000| Untracked 

Card table byte_map: [0x0000029dbc9e0000,0x0000029dbcdd0000] _byte_map_base: 0x0000029dbc5d0000

Marking Bits (Prev, Next): (CMBitMap*) 0x0000029da5d739a0, (CMBitMap*) 0x0000029da5d73960
 Prev Bits: [0x0000029dbf140000, 0x0000029dc10c0000)
 Next Bits: [0x0000029dbd1c0000, 0x0000029dbf140000)

Polling page: 0x0000029da3b80000

Metaspace:

Usage:
  Non-class:     22.05 MB used.
      Class:      3.40 MB used.
       Both:     25.45 MB used.

Virtual space:
  Non-class space:       64.00 MB reserved,      22.19 MB ( 35%) committed,  1 nodes.
      Class space:        1.00 GB reserved,       3.56 MB ( <1%) committed,  1 nodes.
             Both:        1.06 GB reserved,      25.75 MB (  2%) committed. 

Chunk freelists:
   Non-Class:  1.81 MB
       Class:  430.00 KB
        Both:  2.23 MB

MaxMetaspaceSize: unlimited
CompressedClassSpaceSize: 1.00 GB
Initial GC threshold: 21.00 MB
Current GC threshold: 42.75 MB
CDS: on
MetaspaceReclaimPolicy: balanced
 - commit_granule_bytes: 65536.
 - commit_granule_words: 8192.
 - virtual_space_node_default_size: 8388608.
 - enlarge_chunks_in_place: 1.
 - new_chunks_are_fully_committed: 0.
 - uncommit_free_chunks: 1.
 - use_allocation_guard: 0.


Internal statistics:

num_allocs_failed_limit: 3.
num_arena_births: 406.
num_arena_deaths: 0.
num_vsnodes_births: 2.
num_vsnodes_deaths: 0.
num_space_committed: 412.
num_space_uncommitted: 0.
num_chunks_returned_to_freelist: 3.
num_chunks_taken_from_freelist: 1225.
num_chunk_merges: 3.
num_chunk_splits: 838.
num_chunks_enlarged: 632.
num_inconsistent_stats: 0.

CodeHeap 'non-profiled nmethods': size=120000Kb used=2151Kb max_used=2151Kb free=117848Kb
 bounds [0x0000029db50c0000, 0x0000029db5330000, 0x0000029dbc5f0000]
CodeHeap 'profiled nmethods': size=120000Kb used=10461Kb max_used=10461Kb free=109539Kb
 bounds [0x0000029dadb90000, 0x0000029dae5d0000, 0x0000029db50c0000]
CodeHeap 'non-nmethods': size=5760Kb used=1738Kb max_used=1815Kb free=4022Kb
 bounds [0x0000029dad5f0000, 0x0000029dad860000, 0x0000029dadb90000]
 total_blobs=5917 nmethods=4740 adapters=1088
 compilation: enabled
              stopped_count=0, restarted_count=0
 full_count=0

Compilation events (20 events):
Event: 27.241 Thread 0x0000029dc7808580 nmethod 4742 0x0000029dae5c2b10 code [0x0000029dae5c2cc0, 0x0000029dae5c2f68]
Event: 27.241 Thread 0x0000029dc12b7de0 nmethod 4740 0x0000029db52d7890 code [0x0000029db52d7a20, 0x0000029db52d7c58]
Event: 27.241 Thread 0x0000029dc12b7de0 4741       4       com.sun.javafx.text.TextRun::getGlyphCode (46 bytes)
Event: 27.243 Thread 0x0000029dc12b7de0 nmethod 4741 0x0000029db52d7e10 code [0x0000029db52d7fa0, 0x0000029db52d8098]
Event: 27.243 Thread 0x0000029dc7808580 4743       3       com.sun.javafx.geom.Path2D::<init> (8 bytes)
Event: 27.244 Thread 0x0000029dc7808580 nmethod 4743 0x0000029dae5c3090 code [0x0000029dae5c3260, 0x0000029dae5c3718]
Event: 34.348 Thread 0x0000029dc7808580 4744  s!   3       jdk.internal.loader.URLClassPath::getLoader (194 bytes)
Event: 34.349 Thread 0x0000029dc7808580 nmethod 4744 0x0000029dae5c3890 code [0x0000029dae5c3b80, 0x0000029dae5c4fb8]
Event: 39.379 Thread 0x0000029dc7808580 4745   !   3       jdk.internal.loader.URLClassPath$JarLoader::ensureOpen (36 bytes)
Event: 39.379 Thread 0x0000029dc7808580 nmethod 4745 0x0000029dae5c5710 code [0x0000029dae5c58e0, 0x0000029dae5c5db8]
Event: 49.381 Thread 0x0000029dc7808580 4746   !   3       jdk.internal.loader.URLClassPath$JarLoader::getResource (65 bytes)
Event: 49.382 Thread 0x0000029dc7808580 nmethod 4746 0x0000029dae5c5f90 code [0x0000029dae5c61e0, 0x0000029dae5c6c68]
Event: 79.448 Thread 0x0000029dc7808580 4747       3       jdk.internal.loader.URLClassPath$JarLoader::findResource (18 bytes)
Event: 79.448 Thread 0x0000029dc7808580 nmethod 4747 0x0000029dae5c6f90 code [0x0000029dae5c7140, 0x0000029dae5c7328]
Event: 87.325 Thread 0x0000029dc12b7de0 4748       4       com.sun.javafx.tk.quantum.QuantumToolkit::postPulse (133 bytes)
Event: 87.331 Thread 0x0000029dc12b7de0 nmethod 4748 0x0000029db52d8190 code [0x0000029db52d8340, 0x0000029db52d8918]
Event: 88.382 Thread 0x0000029dc12b7de0 4749       4       com.sun.javafx.tk.quantum.QuantumToolkit$$Lambda$108/0x0000000800c3afe0::run (8 bytes)
Event: 88.388 Thread 0x0000029dc12b7de0 nmethod 4749 0x0000029db52d8c90 code [0x0000029db52d8e60, 0x0000029db52d9488]
Event: 93.881 Thread 0x0000029dc12b7de0 4750       4       java.lang.StringUTF16::compress (20 bytes)
Event: 93.883 Thread 0x0000029dc12b7de0 nmethod 4750 0x0000029db52d9890 code [0x0000029db52d9a20, 0x0000029db52d9c58]

GC Heap History (20 events):
Event: 17.759 GC heap before
{Heap before GC invocations=18 (full 0):
 garbage-first heap   total 60416K, used 33537K [0x0000000082000000, 0x0000000100000000)
  region size 1024K, 2 young (2048K), 1 survivors (1024K)
 Metaspace       used 25887K, committed 26240K, reserved 1114112K
  class space    used 3472K, committed 3648K, reserved 1048576K
}
Event: 17.762 GC heap after
{Heap after GC invocations=19 (full 0):
 garbage-first heap   total 72704K, used 27397K [0x0000000082000000, 0x0000000100000000)
  region size 1024K, 1 young (1024K), 1 survivors (1024K)
 Metaspace       used 25887K, committed 26240K, reserved 1114112K
  class space    used 3472K, committed 3648K, reserved 1048576K
}
Event: 17.764 GC heap before
{Heap before GC invocations=19 (full 0):
 garbage-first heap   total 72704K, used 31493K [0x0000000082000000, 0x0000000100000000)
  region size 1024K, 2 young (2048K), 1 survivors (1024K)
 Metaspace       used 25887K, committed 26240K, reserved 1114112K
  class space    used 3472K, committed 3648K, reserved 1048576K
}
Event: 17.767 GC heap after
{Heap after GC invocations=20 (full 0):
 garbage-first heap   total 72704K, used 27421K [0x0000000082000000, 0x0000000100000000)
  region size 1024K, 1 young (1024K), 1 survivors (1024K)
 Metaspace       used 25887K, committed 26240K, reserved 1114112K
  class space    used 3472K, committed 3648K, reserved 1048576K
}
Event: 17.990 GC heap before
{Heap before GC invocations=20 (full 0):
 garbage-first heap   total 72704K, used 31517K [0x0000000082000000, 0x0000000100000000)
  region size 1024K, 2 young (2048K), 1 survivors (1024K)
 Metaspace       used 25887K, committed 26240K, reserved 1114112K
  class space    used 3472K, committed 3648K, reserved 1048576K
}
Event: 17.993 GC heap after
{Heap after GC invocations=21 (full 0):
 garbage-first heap   total 72704K, used 27429K [0x0000000082000000, 0x0000000100000000)
  region size 1024K, 1 young (1024K), 1 survivors (1024K)
 Metaspace       used 25887K, committed 26240K, reserved 1114112K
  class space    used 3472K, committed 3648K, reserved 1048576K
}
Event: 18.237 GC heap before
{Heap before GC invocations=21 (full 0):
 garbage-first heap   total 72704K, used 32549K [0x0000000082000000, 0x0000000100000000)
  region size 1024K, 2 young (2048K), 1 survivors (1024K)
 Metaspace       used 25887K, committed 26240K, reserved 1114112K
  class space    used 3472K, committed 3648K, reserved 1048576K
}
Event: 18.239 GC heap after
{Heap after GC invocations=22 (full 0):
 garbage-first heap   total 72704K, used 28441K [0x0000000082000000, 0x0000000100000000)
  region size 1024K, 1 young (1024K), 1 survivors (1024K)
 Metaspace       used 25887K, committed 26240K, reserved 1114112K
  class space    used 3472K, committed 3648K, reserved 1048576K
}
Event: 18.241 GC heap before
{Heap before GC invocations=22 (full 0):
 garbage-first heap   total 72704K, used 31513K [0x0000000082000000, 0x0000000100000000)
  region size 1024K, 2 young (2048K), 1 survivors (1024K)
 Metaspace       used 25887K, committed 26240K, reserved 1114112K
  class space    used 3472K, committed 3648K, reserved 1048576K
}
Event: 18.243 GC heap after
{Heap after GC invocations=23 (full 0):
 garbage-first heap   total 72704K, used 27418K [0x0000000082000000, 0x0000000100000000)
  region size 1024K, 1 young (1024K), 1 survivors (1024K)
 Metaspace       used 25887K, committed 26240K, reserved 1114112K
  class space    used 3472K, committed 3648K, reserved 1048576K
}
Event: 18.446 GC heap before
{Heap before GC invocations=23 (full 0):
 garbage-first heap   total 72704K, used 31514K [0x0000000082000000, 0x0000000100000000)
  region size 1024K, 2 young (2048K), 1 survivors (1024K)
 Metaspace       used 25887K, committed 26240K, reserved 1114112K
  class space    used 3472K, committed 3648K, reserved 1048576K
}
Event: 18.448 GC heap after
{Heap after GC invocations=24 (full 0):
 garbage-first heap   total 72704K, used 27439K [0x0000000082000000, 0x0000000100000000)
  region size 1024K, 1 young (1024K), 1 survivors (1024K)
 Metaspace       used 25887K, committed 26240K, reserved 1114112K
  class space    used 3472K, committed 3648K, reserved 1048576K
}
Event: 18.674 GC heap before
{Heap before GC invocations=24 (full 0):
 garbage-first heap   total 72704K, used 32559K [0x0000000082000000, 0x0000000100000000)
  region size 1024K, 2 young (2048K), 1 survivors (1024K)
 Metaspace       used 25887K, committed 26240K, reserved 1114112K
  class space    used 3472K, committed 3648K, reserved 1048576K
}
Event: 18.678 GC heap after
{Heap after GC invocations=25 (full 0):
 garbage-first heap   total 218112K, used 28438K [0x0000000082000000, 0x0000000100000000)
  region size 1024K, 1 young (1024K), 1 survivors (1024K)
 Metaspace       used 25887K, committed 26240K, reserved 1114112K
  class space    used 3472K, committed 3648K, reserved 1048576K
}
Event: 20.853 GC heap before
{Heap before GC invocations=25 (full 0):
 garbage-first heap   total 218112K, used 97046K [0x0000000082000000, 0x0000000100000000)
  region size 1024K, 2 young (2048K), 1 survivors (1024K)
 Metaspace       used 25897K, committed 26240K, reserved 1114112K
  class space    used 3472K, committed 3648K, reserved 1048576K
}
Event: 20.857 GC heap after
{Heap after GC invocations=26 (full 0):
 garbage-first heap   total 218112K, used 59234K [0x0000000082000000, 0x0000000100000000)
  region size 1024K, 1 young (1024K), 1 survivors (1024K)
 Metaspace       used 25897K, committed 26240K, reserved 1114112K
  class space    used 3472K, committed 3648K, reserved 1048576K
}
Event: 22.078 GC heap before
{Heap before GC invocations=26 (full 0):
 garbage-first heap   total 218112K, used 99170K [0x0000000082000000, 0x0000000100000000)
  region size 1024K, 3 young (3072K), 1 survivors (1024K)
 Metaspace       used 25901K, committed 26240K, reserved 1114112K
  class space    used 3472K, committed 3648K, reserved 1048576K
}
Event: 22.080 GC heap after
{Heap after GC invocations=27 (full 0):
 garbage-first heap   total 218112K, used 45846K [0x0000000082000000, 0x0000000100000000)
  region size 1024K, 1 young (1024K), 1 survivors (1024K)
 Metaspace       used 25901K, committed 26240K, reserved 1114112K
  class space    used 3472K, committed 3648K, reserved 1048576K
}
Event: 23.614 GC heap before
{Heap before GC invocations=27 (full 0):
 garbage-first heap   total 218112K, used 98070K [0x0000000082000000, 0x0000000100000000)
  region size 1024K, 3 young (3072K), 1 survivors (1024K)
 Metaspace       used 25903K, committed 26240K, reserved 1114112K
  class space    used 3472K, committed 3648K, reserved 1048576K
}
Event: 23.617 GC heap after
{Heap after GC invocations=28 (full 0):
 garbage-first heap   total 218112K, used 51048K [0x0000000082000000, 0x0000000100000000)
  region size 1024K, 1 young (1024K), 1 survivors (1024K)
 Metaspace       used 25903K, committed 26240K, reserved 1114112K
  class space    used 3472K, committed 3648K, reserved 1048576K
}

Deoptimization events (20 events):
Event: 17.767 Thread 0x0000029dd41b6e30 DEOPT PACKING pc=0x0000029dae54b489 sp=0x000000fb85ffe950
Event: 17.767 Thread 0x0000029dd41b6e30 DEOPT UNPACKING pc=0x0000029dad642b43 sp=0x000000fb85ffddf8 mode 0
Event: 17.994 Thread 0x0000029dd41b6e30 DEOPT PACKING pc=0x0000029dae54b489 sp=0x000000fb85ffe950
Event: 17.994 Thread 0x0000029dd41b6e30 DEOPT UNPACKING pc=0x0000029dad642b43 sp=0x000000fb85ffddf8 mode 0
Event: 18.244 Thread 0x0000029dd41b6e30 DEOPT PACKING pc=0x0000029dae54b489 sp=0x000000fb85ffe950
Event: 18.244 Thread 0x0000029dd41b6e30 DEOPT UNPACKING pc=0x0000029dad642b43 sp=0x000000fb85ffddf8 mode 0
Event: 20.864 Thread 0x0000029dc8ee7360 Uncommon trap: trap_request=0xffffff45 fr.pc=0x0000029db52837f4 relative=0x0000000000000914
Event: 20.864 Thread 0x0000029dc8ee7360 Uncommon trap: reason=unstable_if action=reinterpret pc=0x0000029db52837f4 method=java.util.WeakHashMap.expungeStaleEntries()V @ 66 c2
Event: 20.864 Thread 0x0000029dc8ee7360 DEOPT PACKING pc=0x0000029db52837f4 sp=0x000000fb84dfe550
Event: 20.864 Thread 0x0000029dc8ee7360 DEOPT UNPACKING pc=0x0000029dad6423a3 sp=0x000000fb84dfe410 mode 2
Event: 22.095 Thread 0x0000029dc8ee7360 Uncommon trap: trap_request=0xffffff45 fr.pc=0x0000029db51ef1e4 relative=0x00000000000006a4
Event: 22.095 Thread 0x0000029dc8ee7360 Uncommon trap: reason=unstable_if action=reinterpret pc=0x0000029db51ef1e4 method=java.util.WeakHashMap.expungeStaleEntries()V @ 66 c2
Event: 22.095 Thread 0x0000029dc8ee7360 DEOPT PACKING pc=0x0000029db51ef1e4 sp=0x000000fb84dfe4e0
Event: 22.096 Thread 0x0000029dc8ee7360 DEOPT UNPACKING pc=0x0000029dad6423a3 sp=0x000000fb84dfe418 mode 2
Event: 24.349 Thread 0x0000029dc8ee7360 DEOPT PACKING pc=0x0000029dae4fcefc sp=0x000000fb84dfded0
Event: 24.349 Thread 0x0000029dc8ee7360 DEOPT UNPACKING pc=0x0000029dad642b43 sp=0x000000fb84dfd308 mode 0
Event: 25.156 Thread 0x0000029dc907ab60 Uncommon trap: trap_request=0xffffff45 fr.pc=0x0000029db5290fac relative=0x000000000000064c
Event: 25.156 Thread 0x0000029dc907ab60 Uncommon trap: reason=unstable_if action=reinterpret pc=0x0000029db5290fac method=javafx.scene.Node.updateBounds()V @ 27 c2
Event: 25.156 Thread 0x0000029dc907ab60 DEOPT PACKING pc=0x0000029db5290fac sp=0x000000fb84ffdf90
Event: 25.156 Thread 0x0000029dc907ab60 DEOPT UNPACKING pc=0x0000029dad6423a3 sp=0x000000fb84ffdee0 mode 2

Classes loaded (20 events):
Event: 16.060 Loading class sun/java2d/loops/GraphicsPrimitiveMgr$PrimitiveSpec
Event: 16.060 Loading class sun/java2d/loops/GraphicsPrimitiveMgr$PrimitiveSpec done
Event: 16.063 Loading class sun/java2d/loops/DrawGlyphListColor
Event: 16.064 Loading class sun/java2d/loops/DrawGlyphListColor done
Event: 16.064 Loading class sun/java2d/loops/DrawGlyphListColor$General
Event: 16.064 Loading class sun/java2d/loops/DrawGlyphListColor$General done
Event: 16.064 Loading class sun/java2d/loops/Blit$GeneralMaskBlit
Event: 16.064 Loading class sun/java2d/loops/Blit$GeneralMaskBlit done
Event: 16.064 Loading class sun/awt/image/BufferedImageGraphicsConfig
Event: 16.065 Loading class sun/awt/image/BufferedImageGraphicsConfig done
Event: 16.065 Loading class sun/awt/image/BufferedImageDevice
Event: 16.065 Loading class java/awt/GraphicsDevice
Event: 16.065 Loading class java/awt/GraphicsDevice done
Event: 16.065 Loading class sun/awt/image/BufferedImageDevice done
Event: 16.066 Loading class java/awt/image/MultiResolutionImage
Event: 16.066 Loading class java/awt/image/MultiResolutionImage done
Event: 16.066 Loading class sun/awt/image/ToolkitImage
Event: 16.066 Loading class sun/awt/image/ToolkitImage done
Event: 93.876 Loading class jdk/internal/misc/Signal$1
Event: 93.876 Loading class jdk/internal/misc/Signal$1 done

Classes unloaded (0 events):
No events

Classes redefined (0 events):
No events

Internal exceptions (20 events):
Event: 5.457 Thread 0x0000029dc907ab60 Implicit null exception at 0x0000029db512b48c to 0x0000029db512b6e0
Event: 5.507 Thread 0x0000029dc907ab60 Exception <a 'java/lang/ClassNotFoundException'{0x00000000899aae18}: com/sun/javafx/scene/control/skin/resources/controls-nt> (0x00000000899aae18) 
thrown [s\open\src\hotspot\share\prims\jni.cpp, line 535]
Event: 5.507 Thread 0x0000029dc907ab60 Exception <a 'java/lang/ClassNotFoundException'{0x00000000899b33e0}: com/sun/javafx/scene/control/skin/resources/controls-nt_en> (0x00000000899b33e0) 
thrown [s\open\src\hotspot\share\prims\jni.cpp, line 535]
Event: 5.508 Thread 0x0000029dc907ab60 Exception <a 'java/lang/ClassNotFoundException'{0x00000000899b4380}: com/sun/javafx/scene/control/skin/resources/controls-nt_en_US> (0x00000000899b4380) 
thrown [s\open\src\hotspot\share\prims\jni.cpp, line 535]
Event: 7.406 Thread 0x0000029dc907ab60 Exception <a 'java/lang/ClassNotFoundException'{0x00000000895ef638}: com/sun/javafx/scene/control/skin/resources/controls> (0x00000000895ef638) 
thrown [s\open\src\hotspot\share\prims\jni.cpp, line 535]
Event: 7.408 Thread 0x0000029dc907ab60 Exception <a 'java/lang/ClassNotFoundException'{0x00000000895fd820}: com/sun/javafx/scene/control/skin/resources/controls_en> (0x00000000895fd820) 
thrown [s\open\src\hotspot\share\prims\jni.cpp, line 535]
Event: 7.409 Thread 0x0000029dc907ab60 Exception <a 'java/lang/ClassNotFoundException'{0x00000000895fe7b8}: com/sun/javafx/scene/control/skin/resources/controls_en_US> (0x00000000895fe7b8) 
thrown [s\open\src\hotspot\share\prims\jni.cpp, line 535]
Event: 7.488 Thread 0x0000029dc907ab60 Exception <a 'java/lang/NoSuchMethodError'{0x0000000089336f58}: 'java.lang.Object java.lang.invoke.DirectMethodHandle$Holder.invokeInterface(java.lang.Object, java.lang.Object, java.lang.Object)'> (0x0000000089336f58) 
thrown [s\open\src\hotspot\share\interpreter\linkResolver.cpp, line 766]
Event: 7.489 Thread 0x0000029dc907ab60 Exception <a 'java/lang/IncompatibleClassChangeError'{0x000000008933a618}: Found class java.lang.Object, but interface was expected> (0x000000008933a618) 
thrown [s\open\src\hotspot\share\interpreter\linkResolver.cpp, line 833]
Event: 7.696 Thread 0x0000029dc907ab60 Exception <a 'java/lang/NoSuchMethodError'{0x00000000891d6a00}: 'int java.lang.invoke.DirectMethodHandle$Holder.invokeVirtual(java.lang.Object, java.lang.Object)'> (0x00000000891d6a00) 
thrown [s\open\src\hotspot\share\interpreter\linkResolver.cpp, line 766]
Event: 8.250 Thread 0x0000029dc907ab60 Exception <a 'java/lang/NoSuchMethodError'{0x0000000088fbab20}: 'int java.lang.invoke.DirectMethodHandle$Holder.invokeSpecial(java.lang.Object, java.lang.Object, int)'> (0x0000000088fbab20) 
thrown [s\open\src\hotspot\share\interpreter\linkResolver.cpp, line 766]
Event: 8.914 Thread 0x0000029dc907ab60 Exception <a 'java/lang/NoSuchMethodError'{0x0000000088b5cc80}: 'void java.lang.invoke.DirectMethodHandle$Holder.invokeSpecial(java.lang.Object, java.lang.Object, java.lang.Object, java.lang.Object, java.lang.Object, java.lang.Object)'> (0x0000000088b5cc80) 
thrown [s\open\src\hotspot\share\interpreter\linkResolver.cpp, line 766]
Event: 9.371 Thread 0x0000029dc907ab60 Exception <a 'java/lang/NoSuchMethodError'{0x000000008470f490}: 'void java.lang.invoke.DirectMethodHandle$Holder.invokeSpecialIFC(java.lang.Object, java.lang.Object, java.lang.Object, java.lang.Object)'> (0x000000008470f490) 
thrown [s\open\src\hotspot\share\interpreter\linkResolver.cpp, line 766]
Event: 10.413 Thread 0x0000029dc907ab60 Exception <a 'java/lang/NoSuchMethodError'{0x00000000839302a8}: 'java.lang.Object java.lang.invoke.DirectMethodHandle$Holder.newInvokeSpecial(java.lang.Object, java.lang.Object, int)'> (0x00000000839302a8) 
thrown [s\open\src\hotspot\share\interpreter\linkResolver.cpp, line 766]
Event: 11.032 Thread 0x0000029dc8ee7360 Exception <a 'java/lang/NoSuchMethodError'{0x0000000083698188}: 'int java.lang.invoke.DirectMethodHandle$Holder.invokeStaticInit(java.lang.Object, java.lang.Object)'> (0x0000000083698188) 
thrown [s\open\src\hotspot\share\interpreter\linkResolver.cpp, line 766]
Event: 11.372 Thread 0x0000029dc8ee7360 Exception <a 'java/lang/NoSuchMethodError'{0x0000000089d058b8}: 'java.lang.Object java.lang.invoke.DirectMethodHandle$Holder.invokeStaticInit(java.lang.Object, int)'> (0x0000000089d058b8) 
thrown [s\open\src\hotspot\share\interpreter\linkResolver.cpp, line 766]
Event: 14.273 Thread 0x0000029dc907ab60 Exception <a 'java/lang/NoSuchMethodError'{0x0000000088794f48}: 'long java.lang.invoke.DirectMethodHandle$Holder.invokeStatic(java.lang.Object, java.lang.Object, java.lang.Object)'> (0x0000000088794f48) 
thrown [s\open\src\hotspot\share\interpreter\linkResolver.cpp, line 766]
Event: 14.274 Thread 0x0000029dc907ab60 Exception <a 'java/lang/NoSuchMethodError'{0x00000000887cde78}: 'long java.lang.invoke.DirectMethodHandle$Holder.invokeStaticInit(java.lang.Object, java.lang.Object, java.lang.Object)'> (0x00000000887cde78) 
thrown [s\open\src\hotspot\share\interpreter\linkResolver.cpp, line 766]
Event: 14.278 Thread 0x0000029dc907ab60 Exception <a 'java/lang/NoSuchMethodError'{0x00000000887e65b8}: 'java.lang.Object java.lang.invoke.DirectMethodHandle$Holder.newInvokeSpecial(java.lang.Object, java.lang.Object, long)'> (0x00000000887e65b8) 
thrown [s\open\src\hotspot\share\interpreter\linkResolver.cpp, line 766]
Event: 14.278 Thread 0x0000029dc907ab60 Exception <a 'java/lang/NoSuchMethodError'{0x00000000887ea130}: 'java.lang.Object java.lang.invoke.Invokers$Holder.linkToTargetMethod(java.lang.Object, long, java.lang.Object)'> (0x00000000887ea130) 
thrown [s\open\src\hotspot\share\interpreter\linkResolver.cpp, line 766]

VM Operations (20 events):
Event: 18.448 Executing VM operation: G1TryInitiateConcMark done
Event: 18.674 Executing VM operation: G1TryInitiateConcMark
Event: 18.678 Executing VM operation: G1TryInitiateConcMark done
Event: 19.679 Executing VM operation: Cleanup
Event: 19.679 Executing VM operation: Cleanup done
Event: 20.853 Executing VM operation: G1TryInitiateConcMark
Event: 20.857 Executing VM operation: G1TryInitiateConcMark done
Event: 22.078 Executing VM operation: G1TryInitiateConcMark
Event: 22.080 Executing VM operation: G1TryInitiateConcMark done
Event: 23.080 Executing VM operation: Cleanup
Event: 23.081 Executing VM operation: Cleanup done
Event: 23.614 Executing VM operation: G1TryInitiateConcMark
Event: 23.617 Executing VM operation: G1TryInitiateConcMark done
Event: 24.617 Executing VM operation: Cleanup
Event: 24.617 Executing VM operation: Cleanup done
Event: 26.618 Executing VM operation: Cleanup
Event: 26.618 Executing VM operation: Cleanup done
Event: 27.619 Executing VM operation: Cleanup
Event: 27.619 Executing VM operation: Cleanup done
Event: 93.884 Executing VM operation: Exit

Events (20 events):
Event: 4.864 Thread 0x0000029dce1e30b0 Thread exited: 0x0000029dce1e30b0
Event: 5.071 Thread 0x0000029da5d0cf10 Thread added: 0x0000029da5d0cf10
Event: 5.820 Thread 0x0000029da5d0cf10 Thread exited: 0x0000029da5d0cf10
Event: 7.733 Thread 0x0000029dc7876b20 Thread added: 0x0000029dc7876b20
Event: 8.756 Thread 0x0000029dc7876b20 Thread exited: 0x0000029dc7876b20
Event: 9.503 Thread 0x0000029dce6b4060 Thread added: 0x0000029dce6b4060
Event: 11.102 Thread 0x0000029dc935d980 Thread added: 0x0000029dc935d980
Event: 11.119 Thread 0x0000029dce6b4060 Thread exited: 0x0000029dce6b4060
Event: 14.564 Thread 0x0000029dce6b2b20 Thread added: 0x0000029dce6b2b20
Event: 14.983 Thread 0x0000029dd41b6e30 Thread added: 0x0000029dd41b6e30
Event: 14.984 Thread 0x0000029dce6b2b20 Thread exited: 0x0000029dce6b2b20
Event: 15.068 Thread 0x0000029dce6b3070 Thread added: 0x0000029dce6b3070
Event: 16.040 Thread 0x0000029dd53cb5b0 Thread added: 0x0000029dd53cb5b0
Event: 17.262 Thread 0x0000029dce6b3070 Thread exited: 0x0000029dce6b3070
Event: 24.682 Thread 0x0000029dd41b6e30 Thread exited: 0x0000029dd41b6e30
Event: 93.876 Thread 0x0000029dd53cbfd0 Thread added: 0x0000029dd53cbfd0
Event: 93.877 Thread 0x0000029dd53c5fa0 Thread added: 0x0000029dd53c5fa0
Event: 93.877 Thread 0x0000029dd53c69c0 Thread added: 0x0000029dd53c69c0
Event: 93.879 Thread 0x0000029dd53c5fa0 Thread exited: 0x0000029dd53c5fa0
Event: 93.884 Thread 0x0000029dc12adc90 Thread exited: 0x0000029dc12adc90


Dynamic libraries:
0x00007ff624de0000 - 0x00007ff624df0000 	C:\Program Files\Java\jdk-18.0.1.1\bin\java.exe
0x00007ffe8bed0000 - 0x00007ffe8c0c8000 	C:\Windows\SYSTEM32\ntdll.dll
0x00007ffe8adf0000 - 0x00007ffe8aead000 	C:\Windows\System32\KERNEL32.DLL
0x00007ffe89630000 - 0x00007ffe89902000 	C:\Windows\System32\KERNELBASE.dll
0x00007ffe86de0000 - 0x00007ffe86e71000 	C:\Windows\SYSTEM32\apphelp.dll
0x00007ffe4d870000 - 0x00007ffe4dd04000 	C:\Windows\SYSTEM32\AcLayers.DLL
0x00007ffe8aa90000 - 0x00007ffe8ab2e000 	C:\Windows\System32\msvcrt.dll
0x00007ffe8abf0000 - 0x00007ffe8ad8d000 	C:\Windows\System32\USER32.dll
0x00007ffe89c60000 - 0x00007ffe89c82000 	C:\Windows\System32\win32u.dll
0x00007ffe8afc0000 - 0x00007ffe8afeb000 	C:\Windows\System32\GDI32.dll
0x00007ffe89cc0000 - 0x00007ffe89dcf000 	C:\Windows\System32\gdi32full.dll
0x00007ffe89bc0000 - 0x00007ffe89c5d000 	C:\Windows\System32\msvcp_win.dll
0x00007ffe89980000 - 0x00007ffe89a80000 	C:\Windows\System32\ucrtbase.dll
0x00007ffe8aeb0000 - 0x00007ffe8af05000 	C:\Windows\System32\SHLWAPI.dll
0x00007ffe89f30000 - 0x00007ffe89fde000 	C:\Windows\System32\ADVAPI32.dll
0x00007ffe8bdf0000 - 0x00007ffe8be8c000 	C:\Windows\System32\sechost.dll
0x00007ffe8a6a0000 - 0x00007ffe8a7c5000 	C:\Windows\System32\RPCRT4.dll
0x0000029da3af0000 - 0x0000029da3af3000 	C:\Windows\SYSTEM32\sfc.dll
0x00007ffe7d510000 - 0x00007ffe7d5a8000 	C:\Windows\SYSTEM32\WINSPOOL.DRV
0x00007ffe657b0000 - 0x00007ffe657c2000 	C:\Windows\SYSTEM32\sfc_os.DLL
0x00007ffe8a470000 - 0x00007ffe8a4a0000 	C:\Windows\System32\IMM32.DLL
0x00007ffe7cbc0000 - 0x00007ffe7cbd8000 	C:\Program Files\Java\jdk-18.0.1.1\bin\jli.dll
0x00007ffe7cba0000 - 0x00007ffe7cbba000 	C:\Program Files\Java\jdk-18.0.1.1\bin\VCRUNTIME140.dll
0x00007ffe7a100000 - 0x00007ffe7a39a000 	C:\Windows\WinSxS\amd64_microsoft.windows.common-controls_6595b64144ccf1df_6.0.19041.1110_none_60b5254171f9507e\COMCTL32.dll
0x00007ffe7e660000 - 0x00007ffe7e66a000 	C:\Windows\SYSTEM32\VERSION.dll
0x00007ffe7d720000 - 0x00007ffe7d72c000 	C:\Program Files\Java\jdk-18.0.1.1\bin\vcruntime140_1.dll
0x00007ffe63320000 - 0x00007ffe633ad000 	C:\Program Files\Java\jdk-18.0.1.1\bin\msvcp140.dll
0x00007ffe4dd10000 - 0x00007ffe4e920000 	C:\Program Files\Java\jdk-18.0.1.1\bin\server\jvm.dll
0x00007ffe8ab30000 - 0x00007ffe8ab38000 	C:\Windows\System32\PSAPI.DLL
0x00007ffe7d670000 - 0x00007ffe7d697000 	C:\Windows\SYSTEM32\WINMM.dll
0x00007ffe86dc0000 - 0x00007ffe86dc9000 	C:\Windows\SYSTEM32\WSOCK32.dll
0x00007ffe8a7d0000 - 0x00007ffe8a83b000 	C:\Windows\System32\WS2_32.dll
0x00007ffe874a0000 - 0x00007ffe874b2000 	C:\Windows\SYSTEM32\kernel.appcore.dll
0x00007ffe7d230000 - 0x00007ffe7d23a000 	C:\Program Files\Java\jdk-18.0.1.1\bin\jimage.dll
0x00007ffe767f0000 - 0x00007ffe769d4000 	C:\Windows\SYSTEM32\DBGHELP.DLL
0x00007ffe765d0000 - 0x00007ffe765fc000 	C:\Windows\SYSTEM32\dbgcore.DLL
0x00007ffe89a80000 - 0x00007ffe89b02000 	C:\Windows\System32\bcryptPrimitives.dll
0x00007ffe82430000 - 0x00007ffe8243e000 	C:\Program Files\Java\jdk-18.0.1.1\bin\instrument.dll
0x00007ffe7c3c0000 - 0x00007ffe7c3e5000 	C:\Program Files\Java\jdk-18.0.1.1\bin\java.dll
0x00007ffe5b7c0000 - 0x00007ffe5b896000 	C:\Program Files\Java\jdk-18.0.1.1\bin\jsvml.dll
0x00007ffe8b6a0000 - 0x00007ffe8bde3000 	C:\Windows\System32\SHELL32.dll
0x00007ffe876a0000 - 0x00007ffe87e31000 	C:\Windows\SYSTEM32\windows.storage.dll
0x00007ffe8a110000 - 0x00007ffe8a464000 	C:\Windows\System32\combase.dll
0x00007ffe88f60000 - 0x00007ffe88f90000 	C:\Windows\SYSTEM32\Wldp.dll
0x00007ffe8af10000 - 0x00007ffe8afbd000 	C:\Windows\System32\SHCORE.dll
0x00007ffe89520000 - 0x00007ffe8953f000 	C:\Windows\SYSTEM32\profapi.dll
0x00007ffe7a730000 - 0x00007ffe7a743000 	C:\Program Files\Java\jdk-18.0.1.1\bin\net.dll
0x00007ffe7c800000 - 0x00007ffe7c90d000 	C:\Windows\SYSTEM32\WINHTTP.dll
0x00007ffe88cc0000 - 0x00007ffe88d2a000 	C:\Windows\system32\mswsock.dll
0x00007ffe79be0000 - 0x00007ffe79bf6000 	C:\Program Files\Java\jdk-18.0.1.1\bin\nio.dll
0x00007ffe72f80000 - 0x00007ffe72f98000 	C:\Program Files\Java\jdk-18.0.1.1\bin\zip.dll
0x00007ffe6b880000 - 0x00007ffe6b89a000 	C:\Program Files\JetBrains\IntelliJ IDEA Community Edition 2022.1.1\bin\breakgen64.dll
0x0000029da5c00000 - 0x0000029da5c03000 	C:\Users\Admin\.openjfx\cache\19+11\amd64\api-ms-win-core-console-l1-1-0.dll
0x0000029da5c10000 - 0x0000029da5c13000 	C:\Users\Admin\.openjfx\cache\19+11\amd64\api-ms-win-core-console-l1-2-0.dll
0x0000029da5c20000 - 0x0000029da5c23000 	C:\Users\Admin\.openjfx\cache\19+11\amd64\api-ms-win-core-datetime-l1-1-0.dll
0x0000029da5c30000 - 0x0000029da5c33000 	C:\Users\Admin\.openjfx\cache\19+11\amd64\api-ms-win-core-debug-l1-1-0.dll
0x0000029da5c40000 - 0x0000029da5c43000 	C:\Users\Admin\.openjfx\cache\19+11\amd64\api-ms-win-core-errorhandling-l1-1-0.dll
0x0000029da5c50000 - 0x0000029da5c54000 	C:\Users\Admin\.openjfx\cache\19+11\amd64\api-ms-win-core-file-l1-1-0.dll
0x0000029da5c60000 - 0x0000029da5c63000 	C:\Users\Admin\.openjfx\cache\19+11\amd64\api-ms-win-core-file-l1-2-0.dll
0x0000029da5c70000 - 0x0000029da5c73000 	C:\Users\Admin\.openjfx\cache\19+11\amd64\api-ms-win-core-file-l2-1-0.dll
0x0000029dc3700000 - 0x0000029dc3703000 	C:\Users\Admin\.openjfx\cache\19+11\amd64\api-ms-win-core-handle-l1-1-0.dll
0x0000029dc3710000 - 0x0000029dc3713000 	C:\Users\Admin\.openjfx\cache\19+11\amd64\api-ms-win-core-heap-l1-1-0.dll
0x0000029dc3720000 - 0x0000029dc3723000 	C:\Users\Admin\.openjfx\cache\19+11\amd64\api-ms-win-core-interlocked-l1-1-0.dll
0x0000029dc3730000 - 0x0000029dc3733000 	C:\Users\Admin\.openjfx\cache\19+11\amd64\api-ms-win-core-libraryloader-l1-1-0.dll
0x0000029dc3740000 - 0x0000029dc3743000 	C:\Users\Admin\.openjfx\cache\19+11\amd64\api-ms-win-core-localization-l1-2-0.dll
0x0000029dc3750000 - 0x0000029dc3753000 	C:\Users\Admin\.openjfx\cache\19+11\amd64\api-ms-win-core-memory-l1-1-0.dll
0x0000029dc3760000 - 0x0000029dc3763000 	C:\Users\Admin\.openjfx\cache\19+11\amd64\api-ms-win-core-namedpipe-l1-1-0.dll
0x0000029dc3770000 - 0x0000029dc3773000 	C:\Users\Admin\.openjfx\cache\19+11\amd64\api-ms-win-core-processenvironment-l1-1-0.dll
0x0000029dc3780000 - 0x0000029dc3783000 	C:\Users\Admin\.openjfx\cache\19+11\amd64\api-ms-win-core-processthreads-l1-1-0.dll
0x0000029dc3790000 - 0x0000029dc3793000 	C:\Users\Admin\.openjfx\cache\19+11\amd64\api-ms-win-core-processthreads-l1-1-1.dll
0x0000029dc37a0000 - 0x0000029dc37a3000 	C:\Users\Admin\.openjfx\cache\19+11\amd64\api-ms-win-core-profile-l1-1-0.dll
0x0000029dc37b0000 - 0x0000029dc37b3000 	C:\Users\Admin\.openjfx\cache\19+11\amd64\api-ms-win-core-rtlsupport-l1-1-0.dll
0x0000029dc37e0000 - 0x0000029dc37e3000 	C:\Users\Admin\.openjfx\cache\19+11\amd64\api-ms-win-core-string-l1-1-0.dll
0x0000029dc37f0000 - 0x0000029dc37f3000 	C:\Users\Admin\.openjfx\cache\19+11\amd64\api-ms-win-core-synch-l1-1-0.dll
0x0000029dc93d0000 - 0x0000029dc93d3000 	C:\Users\Admin\.openjfx\cache\19+11\amd64\api-ms-win-core-synch-l1-2-0.dll
0x0000029dc93e0000 - 0x0000029dc93e3000 	C:\Users\Admin\.openjfx\cache\19+11\amd64\api-ms-win-core-sysinfo-l1-1-0.dll
0x0000029dc37c0000 - 0x0000029dc37c3000 	C:\Users\Admin\.openjfx\cache\19+11\amd64\api-ms-win-core-timezone-l1-1-0.dll
0x0000029dc37d0000 - 0x0000029dc37d3000 	C:\Users\Admin\.openjfx\cache\19+11\amd64\api-ms-win-core-util-l1-1-0.dll
0x0000029dc93f0000 - 0x0000029dc93f3000 	C:\Users\Admin\.openjfx\cache\19+11\amd64\api-ms-win-crt-conio-l1-1-0.dll
0x0000029dc9420000 - 0x0000029dc9424000 	C:\Users\Admin\.openjfx\cache\19+11\amd64\api-ms-win-crt-convert-l1-1-0.dll
0x0000029dc9400000 - 0x0000029dc9403000 	C:\Users\Admin\.openjfx\cache\19+11\amd64\api-ms-win-crt-environment-l1-1-0.dll
0x0000029dc9410000 - 0x0000029dc9413000 	C:\Users\Admin\.openjfx\cache\19+11\amd64\api-ms-win-crt-filesystem-l1-1-0.dll
0x0000029dc9430000 - 0x0000029dc9433000 	C:\Users\Admin\.openjfx\cache\19+11\amd64\api-ms-win-crt-heap-l1-1-0.dll
0x0000029dc9440000 - 0x0000029dc9443000 	C:\Users\Admin\.openjfx\cache\19+11\amd64\api-ms-win-crt-locale-l1-1-0.dll
0x0000029dc9450000 - 0x0000029dc9455000 	C:\Users\Admin\.openjfx\cache\19+11\amd64\api-ms-win-crt-math-l1-1-0.dll
0x0000029dc9460000 - 0x0000029dc9465000 	C:\Users\Admin\.openjfx\cache\19+11\amd64\api-ms-win-crt-multibyte-l1-1-0.dll
0x0000029dc9470000 - 0x0000029dc9480000 	C:\Users\Admin\.openjfx\cache\19+11\amd64\api-ms-win-crt-private-l1-1-0.dll
0x0000029dc9480000 - 0x0000029dc9483000 	C:\Users\Admin\.openjfx\cache\19+11\amd64\api-ms-win-crt-process-l1-1-0.dll
0x0000029dc9490000 - 0x0000029dc9494000 	C:\Users\Admin\.openjfx\cache\19+11\amd64\api-ms-win-crt-runtime-l1-1-0.dll
0x0000029dc94a0000 - 0x0000029dc94a4000 	C:\Users\Admin\.openjfx\cache\19+11\amd64\api-ms-win-crt-stdio-l1-1-0.dll
0x0000029dc94b0000 - 0x0000029dc94b4000 	C:\Users\Admin\.openjfx\cache\19+11\amd64\api-ms-win-crt-string-l1-1-0.dll
0x0000029dc94c0000 - 0x0000029dc94c3000 	C:\Users\Admin\.openjfx\cache\19+11\amd64\api-ms-win-crt-time-l1-1-0.dll
0x0000029dc94d0000 - 0x0000029dc94d3000 	C:\Users\Admin\.openjfx\cache\19+11\amd64\api-ms-win-crt-utility-l1-1-0.dll
0x00007ffe5ceb0000 - 0x00007ffe5cfac000 	C:\Users\Admin\.openjfx\cache\19+11\amd64\ucrtbase.dll
0x00007ffe69a40000 - 0x00007ffe69a5b000 	C:\Users\Admin\.openjfx\cache\19+11\amd64\vcruntime140.dll
0x00007ffe82420000 - 0x00007ffe8242c000 	C:\Users\Admin\.openjfx\cache\19+11\amd64\vcruntime140_1.dll
0x00007ffe5ce20000 - 0x00007ffe5ceae000 	C:\Users\Admin\.openjfx\cache\19+11\amd64\msvcp140.dll
0x00007ffe7cc00000 - 0x00007ffe7cc09000 	C:\Users\Admin\.openjfx\cache\19+11\amd64\msvcp140_1.dll
0x00007ffe68650000 - 0x00007ffe68680000 	C:\Users\Admin\.openjfx\cache\19+11\amd64\msvcp140_2.dll
0x00007ffe672b0000 - 0x00007ffe672dc000 	C:\Users\Admin\.openjfx\cache\19+11\amd64\prism_d3d.dll
0x00007ffe7d2d0000 - 0x00007ffe7d49f000 	C:\Windows\system32\d3d9.dll
0x00007ffe871b0000 - 0x00007ffe871df000 	C:\Windows\SYSTEM32\dwmapi.dll
0x00007ffe86fc0000 - 0x00007ffe8705e000 	C:\Windows\system32\uxtheme.dll
0x00007ffe89dd0000 - 0x00007ffe89f26000 	C:\Windows\System32\crypt32.dll
0x00007ffe89910000 - 0x00007ffe89979000 	C:\Windows\System32\WINTRUST.DLL
0x00007ffe890f0000 - 0x00007ffe89102000 	C:\Windows\SYSTEM32\MSASN1.dll
0x00007ffe8aa70000 - 0x00007ffe8aa8d000 	C:\Windows\System32\imagehlp.dll
0x00007ffe88eb0000 - 0x00007ffe88ec8000 	C:\Windows\SYSTEM32\CRYPTSP.dll
0x00007ffe885e0000 - 0x00007ffe88614000 	C:\Windows\system32\rsaenh.dll
0x00007ffe89c90000 - 0x00007ffe89cb7000 	C:\Windows\System32\bcrypt.dll
0x00007ffe88ed0000 - 0x00007ffe88edc000 	C:\Windows\SYSTEM32\CRYPTBASE.dll
0x00007ffe67260000 - 0x00007ffe672a2000 	C:\Users\Admin\.openjfx\cache\19+11\amd64\glass.dll
0x00007ffe8a8a0000 - 0x00007ffe8a97a000 	C:\Windows\System32\COMDLG32.dll
0x00007ffe89fe0000 - 0x00007ffe8a10a000 	C:\Windows\System32\ole32.dll
0x00007ffe8a990000 - 0x00007ffe8aa5d000 	C:\Windows\System32\OLEAUT32.dll
0x00007ffe8a520000 - 0x00007ffe8a635000 	C:\Windows\System32\MSCTF.dll
0x00007ffe69dd0000 - 0x00007ffe69ebb000 	C:\Windows\System32\DriverStore\FileRepository\nvdmi.inf_amd64_b79991c48f5211ac\nvldumdx.dll
0x00007ffe3e710000 - 0x00007ffe3f91d000 	C:\Windows\System32\DriverStore\FileRepository\nvdmi.inf_amd64_b79991c48f5211ac\nvd3dumx.dll
0x00007ffe89450000 - 0x00007ffe8949b000 	C:\Windows\system32\powrprof.dll
0x00007ffe89430000 - 0x00007ffe89442000 	C:\Windows\SYSTEM32\UMPDC.dll
0x00007ffe66df0000 - 0x00007ffe67056000 	C:\Windows\system32\nvspcap64.dll
0x00007ffe88700000 - 0x00007ffe88733000 	C:\Windows\SYSTEM32\ntmarta.dll
0x00007ffe84aa0000 - 0x00007ffe84adb000 	C:\Windows\SYSTEM32\dxcore.dll
0x00007ffe895e0000 - 0x00007ffe8962e000 	C:\Windows\System32\cfgmgr32.dll
0x00007ffe4ed40000 - 0x00007ffe4f7ad000 	C:\Windows\SYSTEM32\igdumdim64.dll
0x00007ffe7e9c0000 - 0x00007ffe7ee25000 	C:\Windows\SYSTEM32\igdusc64.dll
0x00007ffe3af80000 - 0x00007ffe3e181000 	D:\Phi Long\HocTap\DuAn\identifyInformationWithPictures_ClientServer\Server\libs\x64\opencv_java455.dll
0x00007ffe5d190000 - 0x00007ffe5d214000 	C:\Windows\SYSTEM32\MF.dll

dbghelp: loaded successfully - version: 4.0.5 - missing functions: none
symbol engine: initialized successfully - sym options: 0x614 - pdb path: .;C:\Program Files\Java\jdk-18.0.1.1\bin;C:\Windows\SYSTEM32;C:\Windows\WinSxS\amd64_microsoft.windows.common-controls_6595b64144ccf1df_6.0.19041.1110_none_60b5254171f9507e;C:\Program Files\Java\jdk-18.0.1.1\bin\server;C:\Program Files\JetBrains\IntelliJ IDEA Community Edition 2022.1.1\bin;C:\Users\Admin\.openjfx\cache\19+11\amd64;C:\Windows\System32\DriverStore\FileRepository\nvdmi.inf_amd64_b79991c48f5211ac;D:\Phi Long\HocTap\DuAn\identifyInformationWithPictures_ClientServer\Server\libs\x64;C:\Program Files\Common Files\Microsoft Shared\Ink;C:\Program Files\Intel\Media SDK;C:\Program Files (x86)\Common Files\Intel\OpenCL\bin\x64;C:\Program Files (x86)\Common Files\Intel\OpenCL\bin\x64\tbb

VM Arguments:
jvm_args: -Djava.library.path=D:\Phi Long\HocTap\DuAn\identifyInformationWithPictures_ClientServer\Server\libs\x64 -javaagent:C:\Program Files\JetBrains\IntelliJ IDEA Community Edition 2022.1.1\lib\idea_rt.jar=57601:C:\Program Files\JetBrains\IntelliJ IDEA Community Edition 2022.1.1\bin -Dfile.encoding=UTF-8 --module-path=C:\Users\Admin\.m2\repository\org\openjfx\javafx-swing\20-ea+4\javafx-swing-20-ea+4-win.jar;C:\Users\Admin\.m2\repository\org\openjfx\javafx-controls\19\javafx-controls-19-win.jar;C:\Users\Admin\.m2\repository\org\openjfx\javafx-base\19\javafx-base-19-win.jar;C:\Users\Admin\.m2\repository\org\openjfx\javafx-graphics\19\javafx-graphics-19-win.jar;D:\Phi Long\HocTap\DuAn\identifyInformationWithPictures_ClientServer\Library\target\classes;D:\Phi Long\HocTap\DuAn\identifyInformationWithPictures_ClientServer\Entities\target\classes;C:\Users\Admin\.m2\repository\org\openjfx\javafx-fxml\19\javafx-fxml-19-win.jar;C:\Users\Admin\.m2\repository\mysql\mysql-connector-java\8.0.30\mysql-connector-java-8.0.30.jar;D:\Phi Long\HocTap\DuAn\identifyInformationWithPictures_ClientServer\Server\target\classes;D:\Phi Long\HocTap\DuAn\identifyInformationWithPictures_ClientServer\Server\libs\opencv-455.jar -Djdk.module.main=com.example.server 
java_command: com.example.server/com.example.server.ServerApplication
java_class_path (initial): C:\Users\Admin\.m2\repository\org\openjfx\javafx-controls\19\javafx-controls-19.jar;C:\Users\Admin\.m2\repository\org\openjfx\javafx-graphics\19\javafx-graphics-19.jar;C:\Users\Admin\.m2\repository\org\openjfx\javafx-base\19\javafx-base-19.jar;C:\Users\Admin\.m2\repository\org\openjfx\javafx-fxml\19\javafx-fxml-19.jar;C:\Users\Admin\.m2\repository\org\openjfx\javafx-swing\20-ea+4\javafx-swing-20-ea+4.jar;C:\Users\Admin\.m2\repository\com\google\protobuf\protobuf-java\3.19.4\protobuf-java-3.19.4.jar;C:\Users\Admin\.m2\repository\com\nativelibs4java\bridj\0.7-20140918-2\bridj-0.7-20140918-2.jar
Launcher Type: SUN_STANDARD

[Global flags]
     intx CICompilerCount                          = 3                                         {product} {ergonomic}
     uint ConcGCThreads                            = 1                                         {product} {ergonomic}
     uint G1ConcRefinementThreads                  = 4                                         {product} {ergonomic}
   size_t G1HeapRegionSize                         = 1048576                                   {product} {ergonomic}
    uintx GCDrainStackTargetSize                   = 64                                        {product} {ergonomic}
   size_t InitialHeapSize                          = 132120576                                 {product} {ergonomic}
   size_t MarkStackSize                            = 4194304                                   {product} {ergonomic}
   size_t MaxHeapSize                              = 2113929216                                {product} {ergonomic}
   size_t MaxNewSize                               = 1267728384                                {product} {ergonomic}
   size_t MinHeapDeltaBytes                        = 1048576                                   {product} {ergonomic}
   size_t MinHeapSize                              = 8388608                                   {product} {ergonomic}
    uintx NonNMethodCodeHeapSize                   = 5832780                                {pd product} {ergonomic}
    uintx NonProfiledCodeHeapSize                  = 122912730                              {pd product} {ergonomic}
    uintx ProfiledCodeHeapSize                     = 122912730                              {pd product} {ergonomic}
    uintx ReservedCodeCacheSize                    = 251658240                              {pd product} {ergonomic}
     bool SegmentedCodeCache                       = true                                      {product} {ergonomic}
   size_t SoftMaxHeapSize                          = 2113929216                             {manageable} {ergonomic}
     bool UseCompressedClassPointers               = true                           {product lp64_product} {ergonomic}
     bool UseCompressedOops                        = true                           {product lp64_product} {ergonomic}
     bool UseG1GC                                  = true                                      {product} {ergonomic}
     bool UseLargePagesIndividualAllocation        = false                                  {pd product} {ergonomic}

Logging:
Log output configuration:
 #0: stdout all=off uptime,level,tags foldmultilines=false
 #1: stderr all=off uptime,level,tags foldmultilines=false

Environment Variables:
PATH=C:\Program Files\Java\jdk-18.0.1.1\bin;C:\Windows\system32;C:\Windows;C:\Windows\System32\Wbem;C:\Windows\System32\WindowsPowerShell\v1.0\;C:\Windows\System32\OpenSSH\;C:\Program Files (x86)\NVIDIA Corporation\PhysX\Common;C:\Program Files\dotnet\;C:\Users\Admin\AppData\Local\Microsoft\WindowsApps;;C:\Program Files\JetBrains\IntelliJ IDEA Community Edition 2022.1.1\bin;;C:\Users\Admin\.dotnet\tools
USERNAME=Admin
OS=Windows_NT
PROCESSOR_IDENTIFIER=Intel64 Family 6 Model 58 Stepping 9, GenuineIntel



---------------  S Y S T E M  ---------------

OS:
 Windows 10 , 64 bit Build 19041 (10.0.19041.1889)
OS uptime: 6 days 1:18 hours

CPU: total 4 (initial active 4) (2 cores per cpu, 2 threads per core) family 6 model 58 stepping 9 microcode 0x21, cx8, cmov, fxsr, ht, mmx, sse, sse2, sse3, ssse3, sse4.1, sse4.2, popcnt, tsc, tscinvbit, avx, erms, clmul, vzeroupper, clflush

Memory: 4k page, system-wide physical 8057M (1434M free)
TotalPageFile size 12201M (AvailPageFile size 1843M)
current process WorkingSet (physical memory assigned to process): 415M, peak: 534M
current process commit charge ("private bytes"): 598M, peak: 718M

vm_info: Java HotSpot(TM) 64-Bit Server VM (18.0.1.1+2-6) for windows-amd64 JRE (18.0.1.1+2-6), built on Apr 25 2022 21:53:15 by "mach5one" with MS VC++ 16.8 / 16.9 (VS2019)

END.
