#
# A fatal error has been detected by the Java Runtime Environment:
#
#  EXCEPTION_ACCESS_VIOLATION (0xc0000005) at pc=0x00007ffe8beffaad, pid=9788, tid=10204
#
# JRE version: Java(TM) SE Runtime Environment (18.0.1.1+2) (build 18.0.1.1+2-6)
# Java VM: Java HotSpot(TM) 64-Bit Server VM (18.0.1.1+2-6, mixed mode, sharing, tiered, compressed oops, compressed class ptrs, g1 gc, windows-amd64)
# Problematic frame:
# C  [ntdll.dll+0x2faad]
#
# No core dump will be written. Minidumps are not enabled by default on client versions of Windows
#
# If you would like to submit a bug report, please visit:
#   https://bugreport.java.com/bugreport/crash.jsp
#

---------------  S U M M A R Y ------------

Command Line: -Djava.library.path=D:\Phi Long\HocTap\DuAn\identifyInformationWithPictures_ClientServer\Server\libs\x64 -javaagent:C:\Program Files\JetBrains\IntelliJ IDEA Community Edition 2022.1.1\lib\idea_rt.jar=58027:C:\Program Files\JetBrains\IntelliJ IDEA Community Edition 2022.1.1\bin -Dfile.encoding=UTF-8 --module-path=C:\Users\Admin\.m2\repository\org\openjfx\javafx-controls\19\javafx-controls-19-win.jar;C:\Users\Admin\.m2\repository\org\openjfx\javafx-base\19\javafx-base-19-win.jar;C:\Users\Admin\.m2\repository\org\openjfx\javafx-graphics\19\javafx-graphics-19-win.jar;D:\Phi Long\HocTap\DuAn\identifyInformationWithPictures_ClientServer\Entities\target\classes;C:\Users\Admin\.m2\repository\org\openjfx\javafx-fxml\19\javafx-fxml-19-win.jar;C:\Users\Admin\.m2\repository\org\openjfx\javafx-swing\20-ea+4\javafx-swing-20-ea+4-win.jar;C:\Users\Admin\.m2\repository\mysql\mysql-connector-java\8.0.30\mysql-connector-java-8.0.30.jar;D:\Phi Long\HocTap\DuAn\identifyInformationWithPictures_ClientServer\Server\libs\opencv-455.jar;D:\Phi Long\HocTap\DuAn\identifyInformationWithPictures_ClientServer\Library\target\classes;D:\Phi Long\HocTap\DuAn\identifyInformationWithPictures_ClientServer\Server\target\classes -Djdk.module.main=com.example.server com.example.server/com.example.server.ServerApplication

Host: Intel(R) Core(TM) i3-3110M CPU @ 2.40GHz, 4 cores, 7G,  Windows 10 , 64 bit Build 19041 (10.0.19041.1889)
Time: Sun Nov  6 00:52:17 2022 SE Asia Standard Time elapsed time: 123.463159 seconds (0d 0h 2m 3s)

---------------  T H R E A D  ---------------

Current thread (0x0000024474997d80):  VMThread "VM Thread" [stack: 0x0000004a18100000,0x0000004a18200000] [id=10204]

Stack: [0x0000004a18100000,0x0000004a18200000],  sp=0x0000004a181feef0,  free space=1019k
Native frames: (J=compiled Java code, j=interpreted, Vv=VM code, C=native code)
C  [ntdll.dll+0x2faad]
C  0x00007ffe4d6b61e2


siginfo: EXCEPTION_ACCESS_VIOLATION (0xc0000005), writing address 0x0000000000000018


Register to memory mapping:

RIP=0x00007ffe8beffaad ntdll.dll
RAX=0x0000004a17642000 points into unknown readable memory: 0x0000000000000000 | 00 00 00 00 00 00 00 00
RBX=0x0 is NULL
RCX=0x0000000000000010 is an unknown value
RDX=0x00000244049c9830 points into unknown readable memory: 0x00007ffe4d85ffa0 | a0 ff 85 4d fe 7f 00 00
RSP=0x0000004a181feef0 points into unknown readable memory: 0x000002447a4e3e60 | 60 3e 4e 7a 44 02 00 00
RBP=0x0000004a181ff450 points into unknown readable memory: 0x00000244749909e0 | e0 09 99 74 44 02 00 00
RSI=0x0000000000000010 is an unknown value
RDI=0x00000244049c9830 points into unknown readable memory: 0x00007ffe4d85ffa0 | a0 ff 85 4d fe 7f 00 00
R8 =0x000000000000003a is an unknown value
R9 =0x000000000000003a is an unknown value
R10=0x0000000000000038 is an unknown value
R11=0x0000004a181fef40 points into unknown readable memory: 0x00000244790c2070 | 70 20 0c 79 44 02 00 00
R12=0x000002447a513c40 points into unknown readable memory: 0xf8f4b628ff58bf65 | 65 bf 58 ff 28 b6 f4 f8
R13=0x0000000000000040 is an unknown value
R14=0x000002447a514370 points into unknown readable memory: 0x0000c4f30f58be9a | 9a be 58 0f f3 c4 00 00
R15=0x0000004a181ff100 points into unknown readable memory: 0x0000004a181ff120 | 20 f1 1f 18 4a 00 00 00


Registers:
RAX=0x0000004a17642000, RBX=0x0000000000000000, RCX=0x0000000000000010, RDX=0x00000244049c9830
RSP=0x0000004a181feef0, RBP=0x0000004a181ff450, RSI=0x0000000000000010, RDI=0x00000244049c9830
R8 =0x000000000000003a, R9 =0x000000000000003a, R10=0x0000000000000038, R11=0x0000004a181fef40
R12=0x000002447a513c40, R13=0x0000000000000040, R14=0x000002447a514370, R15=0x0000004a181ff100
RIP=0x00007ffe8beffaad, EFLAGS=0x0000000000010206

Top of Stack: (sp=0x0000004a181feef0)
0x0000004a181feef0:   000002447a4e3e60 00007ffe8bef6491
0x0000004a181fef00:   0000024454f80000 0000000000000000
0x0000004a181fef10:   000002447a4e3b80 00007ffe4d6b61e2
0x0000004a181fef20:   0000024400000014 0000000000000014
0x0000004a181fef30:   0000c4b91747537a 000002447ad95060
0x0000004a181fef40:   00000244790c2070 00007ffe4d6b0e15
0x0000004a181fef50:   0000000000000042 00000244049c9830
0x0000004a181fef60:   00000000ffffffff 000002440044a8a0
0x0000004a181fef70:   0000024404ce1ab0 00007ffe3c58f42e
0x0000004a181fef80:   00000244790c2520 0000000000000000
0x0000004a181fef90:   0000024400000000 0000024400000004
0x0000004a181fefa0:   0000000000000000 0000024479418af0
0x0000004a181fefb0:   0000000000000000 00000244790c2520
0x0000004a181fefc0:   000002447a4ecf60 00007ffe00000026
0x0000004a181fefd0:   0000000000000014 000002447a52a030
0x0000004a181fefe0:   0000c4b91747511a 0000000000000042 

Instructions: (pc=0x00007ffe8beffaad)
0x00007ffe8beff9ad:   48 b8 7f 7f 7f 7f 7f 7f 7f 7f 41 8b c8 48 0b cb
0x00007ffe8beff9bd:   48 23 c8 83 e6 1f 49 89 8c f4 40 a5 16 00 48 81
0x00007ffe8beff9cd:   c4 98 00 00 00 41 5f 41 5e 41 5d 41 5c 5f 5e 5b
0x00007ffe8beff9dd:   5d c3 cc 33 d2 41 8b c6 41 f7 f0 44 8b c8 e9 d6
0x00007ffe8beff9ed:   fc ff ff 41 8d 57 ff 41 85 d7 0f 84 93 38 08 00
0x00007ffe8beff9fd:   41 b8 00 10 00 00 41 b9 ff ff 00 00 e9 bc 38 08
0x00007ffe8beffa0d:   00 cc cc cc cc cc cc 48 8b c4 48 89 58 08 48 89
0x00007ffe8beffa1d:   68 10 48 89 70 18 48 89 78 20 41 56 48 83 ec 20
0x00007ffe8beffa2d:   40 8a ea 4c 8d 35 99 d1 13 00 48 8b f1 33 db 48
0x00007ffe8beffa3d:   8d 0d 9d d1 13 00 e8 58 00 00 00 4c 8b 05 81 d1
0x00007ffe8beffa4d:   13 00 4d 3b c6 0f 85 88 3b 08 00 48 85 db 75 33
0x00007ffe8beffa5d:   48 8d 0d 7c d1 13 00 e8 c7 f7 ff ff 48 85 db 0f
0x00007ffe8beffa6d:   85 a3 3b 08 00 33 c0 48 8b 5c 24 30 48 8b 6c 24
0x00007ffe8beffa7d:   38 48 8b 74 24 40 48 8b 7c 24 48 48 83 c4 20 41
0x00007ffe8beffa8d:   5e c3 cc f0 ff 43 3c eb c7 cc cc cc cc cc cc cc
0x00007ffe8beffa9d:   cc cc cc 48 83 ec 28 65 48 8b 04 25 30 00 00 00
0x00007ffe8beffaad:   f0 0f ba 71 08 00 48 8b 40 48 73 13 48 89 41 10
0x00007ffe8beffabd:   33 c0 c7 41 0c 01 00 00 00 48 83 c4 28 c3 cc 48
0x00007ffe8beffacd:   39 41 10 75 0b ff 41 0c 33 c0 48 83 c4 28 c3 cc
0x00007ffe8beffadd:   e8 0e 00 00 00 eb e2 cc cc cc cc cc cc cc cc cc
0x00007ffe8beffaed:   cc cc cc 48 89 5c 24 18 55 56 57 41 54 41 55 41
0x00007ffe8beffafd:   56 41 57 48 83 ec 20 8b 41 20 48 8b f1 48 0f ba
0x00007ffe8beffb0d:   e0 1a 0f 82 df 01 00 00 33 ff 40 32 ed 66 83 3c
0x00007ffe8beffb1d:   25 6a 03 fe 7f 01 76 19 48 8b 7e 20 48 8b c7 81
0x00007ffe8beffb2d:   e7 ff ff ff 00 25 00 00 00 02 48 85 c0 40 0f 95
0x00007ffe8beffb3d:   c5 45 32 ff b0 01 45 32 e4 41 bd 01 00 00 00 45
0x00007ffe8beffb4d:   33 c0 ba 6a 03 fe 7f 84 c0 0f 84 14 01 00 00 8b
0x00007ffe8beffb5d:   46 08 4c 8d 4e 08 45 84 e4 41 be 03 00 00 00 45
0x00007ffe8beffb6d:   0f 44 f5 41 84 c5 0f 85 e2 00 00 00 8d 0c bf 03
0x00007ffe8beffb7d:   c9 66 44 39 2a 0f 86 e8 00 00 00 4d 85 c9 74 0e
0x00007ffe8beffb8d:   80 3c 25 97 02 fe 7f 00 0f 85 a9 3a 08 00 0f b7
0x00007ffe8beffb9d:   1c 25 d6 02 fe 7f 83 fb 0c 0f 85 a2 00 00 00 b8 


Stack slot to memory mapping:
stack at sp + 0 slots: 0x000002447a4e3e60 points into unknown readable memory: 0x0000000000000000 | 00 00 00 00 00 00 00 00
stack at sp + 1 slots: 0x00007ffe8bef6491 ntdll.dll
stack at sp + 2 slots: 0x0000024454f80000 points into unknown readable memory: 0x0000000000000000 | 00 00 00 00 00 00 00 00
stack at sp + 3 slots: 0x0 is NULL
stack at sp + 4 slots: 0x000002447a4e3b80 points into unknown readable memory: 0x78666176616a4c3b | 3b 4c 6a 61 76 61 66 78
stack at sp + 5 slots: 0x00007ffe4d6b61e2 points into unknown readable memory: 48 8b 13 48 8b 42
stack at sp + 6 slots: 0x0000024400000014 is an unknown value
stack at sp + 7 slots: 0x0000000000000014 is an unknown value

VM_Operation (0x0000004a178fed80): Exit, mode: safepoint, requested by thread 0x0000024479ae73d0


---------------  P R O C E S S  ---------------

Threads class SMR info:
_java_thread_list=0x0000024478d55f60, length=23, elements={
0x0000024457120840, 0x000002447499bd90, 0x000002447499cc70, 0x00000244749ac3b0,
0x00000244749aaba0, 0x00000244749ab070, 0x00000244749ab540, 0x00000244749e3b70,
0x00000244749f0400, 0x0000024474a0a6e0, 0x00000244749aba10, 0x00000244749abee0,
0x0000024478d94460, 0x0000024478d94930, 0x0000024478d95c70, 0x0000024478d97e20,
0x0000024478d957a0, 0x0000024478d99160, 0x0000024478d96ae0, 0x0000024478d96140,
0x0000024478d952d0, 0x0000024479ae78a0, 0x0000024479ae73d0
}

Java Threads: ( => current thread )
  0x0000024457120840 JavaThread "main" [_thread_blocked, id=11948, stack(0x0000004a17b00000,0x0000004a17c00000)]
  0x000002447499bd90 JavaThread "Reference Handler" daemon [_thread_blocked, id=2156, stack(0x0000004a18200000,0x0000004a18300000)]
  0x000002447499cc70 JavaThread "Finalizer" daemon [_thread_blocked, id=8140, stack(0x0000004a18300000,0x0000004a18400000)]
  0x00000244749ac3b0 JavaThread "Signal Dispatcher" daemon [_thread_blocked, id=13180, stack(0x0000004a18400000,0x0000004a18500000)]
  0x00000244749aaba0 JavaThread "Attach Listener" daemon [_thread_blocked, id=6772, stack(0x0000004a18500000,0x0000004a18600000)]
  0x00000244749ab070 JavaThread "Service Thread" daemon [_thread_blocked, id=12500, stack(0x0000004a18600000,0x0000004a18700000)]
  0x00000244749ab540 JavaThread "Monitor Deflation Thread" daemon [_thread_blocked, id=13908, stack(0x0000004a18700000,0x0000004a18800000)]
  0x00000244749e3b70 JavaThread "C2 CompilerThread0" daemon [_thread_blocked, id=14296, stack(0x0000004a18800000,0x0000004a18900000)]
  0x00000244749f0400 JavaThread "C1 CompilerThread0" daemon [_thread_blocked, id=11128, stack(0x0000004a18900000,0x0000004a18a00000)]
  0x0000024474a0a6e0 JavaThread "Sweeper thread" daemon [_thread_blocked, id=13492, stack(0x0000004a18a00000,0x0000004a18b00000)]
  0x00000244749aba10 JavaThread "Common-Cleaner" daemon [_thread_blocked, id=8488, stack(0x0000004a18b00000,0x0000004a18c00000)]
  0x00000244749abee0 JavaThread "Monitor Ctrl-Break" daemon [_thread_in_native, id=12028, stack(0x0000004a18e00000,0x0000004a18f00000)]
  0x0000024478d94460 JavaThread "Notification Thread" daemon [_thread_blocked, id=13356, stack(0x0000004a18f00000,0x0000004a19000000)]
  0x0000024478d94930 JavaThread "QuantumRenderer-0" daemon [_thread_blocked, id=5248, stack(0x0000004a18c00000,0x0000004a18d00000)]
  0x0000024478d95c70 JavaThread "InvokeLaterDispatcher" daemon [_thread_blocked, id=11100, stack(0x0000004a19400000,0x0000004a19500000)]
  0x0000024478d97e20 JavaThread "JavaFX Application Thread" [_thread_in_native, id=13608, stack(0x0000004a19500000,0x0000004a19600000)]
  0x0000024478d957a0 JavaThread "Thread-1" daemon [_thread_in_native, id=5516, stack(0x0000004a19700000,0x0000004a19800000)]
  0x0000024478d99160 JavaThread "JavaFX-Launcher" [_thread_blocked, id=1760, stack(0x0000004a19800000,0x0000004a19900000)]
  0x0000024478d96ae0 JavaThread "Prism Font Disposer" daemon [_thread_blocked, id=6932, stack(0x0000004a19900000,0x0000004a19a00000)]
  0x0000024478d96140 JavaThread "mysql-cj-abandoned-connection-cleanup" daemon [_thread_blocked, id=10172, stack(0x0000004a19b00000,0x0000004a19c00000)]
  0x0000024478d952d0 JavaThread "Cleaner-0" daemon [_thread_blocked, id=4272, stack(0x0000004a1a000000,0x0000004a1a100000)]
  0x0000024479ae78a0 JavaThread "Java2D Disposer" daemon [_thread_blocked, id=14104, stack(0x0000004a1ad00000,0x0000004a1ae00000)]
  0x0000024479ae73d0 JavaThread "SIGINT handler" daemon [_thread_blocked, id=808, stack(0x0000004a17800000,0x0000004a17900000)]

Other Threads:
=>0x0000024474997d80 VMThread "VM Thread" [stack: 0x0000004a18100000,0x0000004a18200000] [id=10204]
  0x000002445717f310 WorkerThread "GC Thread#0" [stack: 0x0000004a17c00000,0x0000004a17d00000] [id=13080]
  0x0000024479eec310 WorkerThread "GC Thread#1" [stack: 0x0000004a18d00000,0x0000004a18e00000] [id=6468]
  0x0000024478f204b0 WorkerThread "GC Thread#2" [stack: 0x0000004a19100000,0x0000004a19200000] [id=13284]
  0x0000024479d4a690 WorkerThread "GC Thread#3" [stack: 0x0000004a19200000,0x0000004a19300000] [id=8220]
  0x000002445718fe40 ConcurrentGCThread "G1 Main Marker" terminated
  0x0000024457191fe0 WorkerThread "G1 Conc#0" [stack: 0x0000004a17e00000,0x0000004a17f00000] [id=3380]
  0x00000244571d3a20 ConcurrentGCThread "G1 Refine#0" terminated
  0x000002447a3d7500 ConcurrentGCThread "G1 Refine#1" terminated
  0x00000244571d4330 ConcurrentGCThread "G1 Service" terminated

Threads with active compile tasks:
C2 CompilerThread0  
[error occurred during error reporting (printing all threads), id 0xc0000005, EXCEPTION_ACCESS_VIOLATION (0xc0000005) at pc=0x00007ffe4e4be8a3]

VM state: at safepoint (shutting down)

VM Mutex/Monitor currently owned by a thread:  ([mutex/lock_event])
[0x000002445711c450] Threads_lock - owner thread: 0x0000024474997d80
[0x000002445711cd50] Heap_lock - owner thread: 0x0000024479ae73d0

Heap address: 0x0000000082000000, size: 2016 MB, Compressed Oops mode: 32-bit

CDS archive(s) mapped at: [0x0000000800000000-0x0000000800ba0000-0x0000000800ba0000), size 12189696, SharedBaseAddress: 0x0000000800000000, ArchiveRelocationMode: 0.
Compressed class space mapped at: 0x0000000800c00000-0x0000000840c00000, reserved size: 1073741824
Narrow klass base: 0x0000000800000000, Narrow klass shift: 0, Narrow klass range: 0x100000000

GC Precious Log:
 CardTable entry size: 512
 Card Set container configuration: InlinePtr #cards 5 size 8 Array Of Cards #cards 12 size 40 Howl #buckets 4 coarsen threshold 1843 Howl Bitmap #cards 512 size 80 coarsen threshold 460 Card regions per heap region 1 cards per card region 2048
 CPUs: 4 total, 4 available
 Memory: 8057M
 Large Page Support: Disabled
 NUMA Support: Disabled
 Compressed Oops: Enabled (32-bit)
 Heap Region Size: 1M
 Heap Min Capacity: 8M
 Heap Initial Capacity: 126M
 Heap Max Capacity: 2016M
 Pre-touch: Disabled
 Parallel Workers: 4
 Concurrent Workers: 1
 Concurrent Refinement Workers: 4
 Periodic GC: Disabled

Heap:
 garbage-first heap   total 239616K, used 83651K [0x0000000082000000, 0x0000000100000000)
  region size 1024K, 5 young (5120K), 1 survivors (1024K)
 Metaspace       used 26084K, committed 26432K, reserved 1114112K
  class space    used 3476K, committed 3648K, reserved 1048576K

Heap Regions: E=young(eden), S=young(survivor), O=old, HS=humongous(starts), HC=humongous(continues), CS=collection set, F=free, OA=open archive, CA=closed archive, TAMS=top-at-mark-start (previous, next)
|   0|0x0000000082000000, 0x0000000082100000, 0x0000000082100000|100%| O|  |TAMS 0x0000000082100000, 0x0000000082100000| Untracked 
|   1|0x0000000082100000, 0x0000000082200000, 0x0000000082200000|100%| O|  |TAMS 0x0000000082200000, 0x0000000082200000| Untracked 
|   2|0x0000000082200000, 0x0000000082300000, 0x0000000082300000|100%| O|  |TAMS 0x0000000082300000, 0x0000000082300000| Untracked 
|   3|0x0000000082300000, 0x000000008234ea00, 0x0000000082400000| 30%| O|  |TAMS 0x000000008234ea00, 0x000000008234ea00| Untracked 
|   4|0x0000000082400000, 0x0000000082500000, 0x0000000082500000|100%| O|  |TAMS 0x0000000082500000, 0x0000000082500000| Untracked 
|   5|0x0000000082500000, 0x0000000082600000, 0x0000000082600000|100%| O|  |TAMS 0x0000000082600000, 0x0000000082600000| Untracked 
|   6|0x0000000082600000, 0x0000000082700000, 0x0000000082700000|100%| O|  |TAMS 0x0000000082700000, 0x0000000082700000| Untracked 
|   7|0x0000000082700000, 0x0000000082800000, 0x0000000082800000|100%| O|  |TAMS 0x0000000082800000, 0x0000000082800000| Untracked 
|   8|0x0000000082800000, 0x0000000082900000, 0x0000000082900000|100%| O|  |TAMS 0x0000000082900000, 0x0000000082900000| Untracked 
|   9|0x0000000082900000, 0x0000000082a00000, 0x0000000082a00000|100%| O|  |TAMS 0x0000000082a00000, 0x0000000082a00000| Untracked 
|  10|0x0000000082a00000, 0x0000000082b00000, 0x0000000082b00000|100%| O|  |TAMS 0x0000000082b00000, 0x0000000082b00000| Untracked 
|  11|0x0000000082b00000, 0x0000000082c00000, 0x0000000082c00000|100%| O|  |TAMS 0x0000000082c00000, 0x0000000082c00000| Untracked 
|  12|0x0000000082c00000, 0x0000000082d00000, 0x0000000082d00000|100%| O|  |TAMS 0x0000000082d00000, 0x0000000082d00000| Untracked 
|  13|0x0000000082d00000, 0x0000000082e00000, 0x0000000082e00000|100%| O|  |TAMS 0x0000000082e00000, 0x0000000082e00000| Untracked 
|  14|0x0000000082e00000, 0x0000000082f00000, 0x0000000082f00000|100%|HS|  |TAMS 0x0000000082f00000, 0x0000000082f00000| Complete 
|  15|0x0000000082f00000, 0x0000000083000000, 0x0000000083000000|100%|HC|  |TAMS 0x0000000083000000, 0x0000000083000000| Complete 
|  16|0x0000000083000000, 0x0000000083100000, 0x0000000083100000|100%| O|  |TAMS 0x0000000083100000, 0x0000000083100000| Untracked 
|  17|0x0000000083100000, 0x0000000083151000, 0x0000000083200000| 31%| O|  |TAMS 0x000000008314a600, 0x0000000083151000| Untracked 
|  18|0x0000000083200000, 0x0000000083300000, 0x0000000083300000|100%|HS|  |TAMS 0x0000000083200000, 0x0000000083300000| Complete 
|  19|0x0000000083300000, 0x0000000083400000, 0x0000000083400000|100%|HS|  |TAMS 0x0000000083400000, 0x0000000083400000| Complete 
|  20|0x0000000083400000, 0x0000000083500000, 0x0000000083500000|100%|HC|  |TAMS 0x0000000083500000, 0x0000000083500000| Complete 
|  21|0x0000000083500000, 0x0000000083600000, 0x0000000083600000|100%|HS|  |TAMS 0x0000000083500000, 0x0000000083600000| Complete 
|  22|0x0000000083600000, 0x0000000083700000, 0x0000000083700000|100%|HC|  |TAMS 0x0000000083600000, 0x0000000083700000| Complete 
|  23|0x0000000083700000, 0x0000000083800000, 0x0000000083800000|100%|HS|  |TAMS 0x0000000083700000, 0x0000000083700000| Complete 
|  24|0x0000000083800000, 0x0000000083900000, 0x0000000083900000|100%| O|  |TAMS 0x0000000083900000, 0x0000000083900000| Untracked 
|  25|0x0000000083900000, 0x0000000083a00000, 0x0000000083a00000|100%| O|  |TAMS 0x0000000083a00000, 0x0000000083a00000| Untracked 
|  26|0x0000000083a00000, 0x0000000083b00000, 0x0000000083b00000|100%| O|  |TAMS 0x0000000083b00000, 0x0000000083b00000| Untracked 
|  27|0x0000000083b00000, 0x0000000083c00000, 0x0000000083c00000|100%| O|  |TAMS 0x0000000083c00000, 0x0000000083c00000| Untracked 
|  28|0x0000000083c00000, 0x0000000083d00000, 0x0000000083d00000|100%| O|  |TAMS 0x0000000083d00000, 0x0000000083d00000| Untracked 
|  29|0x0000000083d00000, 0x0000000083e00000, 0x0000000083e00000|100%|HS|  |TAMS 0x0000000083d00000, 0x0000000083d00000| Complete 
|  30|0x0000000083e00000, 0x0000000083f00000, 0x0000000083f00000|100%|HC|  |TAMS 0x0000000083e00000, 0x0000000083e00000| Complete 
|  31|0x0000000083f00000, 0x0000000084000000, 0x0000000084000000|100%|HS|  |TAMS 0x0000000083f00000, 0x0000000083f00000| Complete 
|  32|0x0000000084000000, 0x0000000084100000, 0x0000000084100000|100%|HS|  |TAMS 0x0000000084000000, 0x0000000084100000| Complete 
|  33|0x0000000084100000, 0x0000000084200000, 0x0000000084200000|100%|HS|  |TAMS 0x0000000084100000, 0x0000000084100000| Complete 
|  34|0x0000000084200000, 0x0000000084300000, 0x0000000084300000|100%|HC|  |TAMS 0x0000000084200000, 0x0000000084200000| Complete 
|  35|0x0000000084300000, 0x0000000084400000, 0x0000000084400000|100%|HS|  |TAMS 0x0000000084300000, 0x0000000084400000| Complete 
|  36|0x0000000084400000, 0x0000000084500000, 0x0000000084500000|100%|HC|  |TAMS 0x0000000084400000, 0x0000000084500000| Complete 
|  37|0x0000000084500000, 0x0000000084600000, 0x0000000084600000|100%|HS|  |TAMS 0x0000000084500000, 0x0000000084500000| Complete 
|  38|0x0000000084600000, 0x0000000084700000, 0x0000000084700000|100%|HC|  |TAMS 0x0000000084600000, 0x0000000084600000| Complete 
|  39|0x0000000084700000, 0x0000000084800000, 0x0000000084800000|100%|HS|  |TAMS 0x0000000084700000, 0x0000000084700000| Complete 
|  40|0x0000000084800000, 0x0000000084900000, 0x0000000084900000|100%|HS|  |TAMS 0x0000000084800000, 0x0000000084800000| Complete 
|  41|0x0000000084900000, 0x0000000084a00000, 0x0000000084a00000|100%|HS|  |TAMS 0x0000000084900000, 0x0000000084a00000| Complete 
|  42|0x0000000084a00000, 0x0000000084b00000, 0x0000000084b00000|100%|HS|  |TAMS 0x0000000084a00000, 0x0000000084a00000| Complete 
|  43|0x0000000084b00000, 0x0000000084c00000, 0x0000000084c00000|100%|HC|  |TAMS 0x0000000084b00000, 0x0000000084b00000| Complete 
|  44|0x0000000084c00000, 0x0000000084d00000, 0x0000000084d00000|100%|HS|  |TAMS 0x0000000084c00000, 0x0000000084d00000| Complete 
|  45|0x0000000084d00000, 0x0000000084e00000, 0x0000000084e00000|100%|HC|  |TAMS 0x0000000084d00000, 0x0000000084e00000| Complete 
|  46|0x0000000084e00000, 0x0000000084f00000, 0x0000000084f00000|100%|HS|  |TAMS 0x0000000084e00000, 0x0000000084e00000| Complete 
|  47|0x0000000084f00000, 0x0000000085000000, 0x0000000085000000|100%|HC|  |TAMS 0x0000000084f00000, 0x0000000084f00000| Complete 
|  48|0x0000000085000000, 0x0000000085100000, 0x0000000085100000|100%|HS|  |TAMS 0x0000000085000000, 0x0000000085000000| Complete 
|  49|0x0000000085100000, 0x0000000085200000, 0x0000000085200000|100%|HS|  |TAMS 0x0000000085100000, 0x0000000085100000| Complete 
|  50|0x0000000085200000, 0x0000000085300000, 0x0000000085300000|100%|HS|  |TAMS 0x0000000085200000, 0x0000000085300000| Complete 
|  51|0x0000000085300000, 0x0000000085400000, 0x0000000085400000|100%|HS|  |TAMS 0x0000000085300000, 0x0000000085300000| Complete 
|  52|0x0000000085400000, 0x0000000085500000, 0x0000000085500000|100%|HC|  |TAMS 0x0000000085400000, 0x0000000085400000| Complete 
|  53|0x0000000085500000, 0x0000000085600000, 0x0000000085600000|100%|HS|  |TAMS 0x0000000085500000, 0x0000000085600000| Complete 
|  54|0x0000000085600000, 0x0000000085700000, 0x0000000085700000|100%|HC|  |TAMS 0x0000000085600000, 0x0000000085700000| Complete 
|  55|0x0000000085700000, 0x0000000085800000, 0x0000000085800000|100%|HS|  |TAMS 0x0000000085700000, 0x0000000085700000| Complete 
|  56|0x0000000085800000, 0x0000000085900000, 0x0000000085900000|100%|HC|  |TAMS 0x0000000085800000, 0x0000000085800000| Complete 
|  57|0x0000000085900000, 0x0000000085a00000, 0x0000000085a00000|100%|HS|  |TAMS 0x0000000085900000, 0x0000000085900000| Complete 
|  58|0x0000000085a00000, 0x0000000085b00000, 0x0000000085b00000|100%|HS|  |TAMS 0x0000000085a00000, 0x0000000085a00000| Complete 
|  59|0x0000000085b00000, 0x0000000085c00000, 0x0000000085c00000|100%|HS|  |TAMS 0x0000000085b00000, 0x0000000085c00000| Complete 
|  60|0x0000000085c00000, 0x0000000085d00000, 0x0000000085d00000|100%|HS|  |TAMS 0x0000000085c00000, 0x0000000085c00000| Complete 
|  61|0x0000000085d00000, 0x0000000085e00000, 0x0000000085e00000|100%|HC|  |TAMS 0x0000000085d00000, 0x0000000085d00000| Complete 
|  62|0x0000000085e00000, 0x0000000085f00000, 0x0000000085f00000|100%|HS|  |TAMS 0x0000000085e00000, 0x0000000085f00000| Complete 
|  63|0x0000000085f00000, 0x0000000086000000, 0x0000000086000000|100%|HC|  |TAMS 0x0000000085f00000, 0x0000000086000000| Complete 
|  64|0x0000000086000000, 0x0000000086100000, 0x0000000086100000|100%|HS|  |TAMS 0x0000000086000000, 0x0000000086000000| Complete 
|  65|0x0000000086100000, 0x0000000086200000, 0x0000000086200000|100%|HC|  |TAMS 0x0000000086100000, 0x0000000086100000| Complete 
|  66|0x0000000086200000, 0x0000000086200000, 0x0000000086300000|  0%| F|  |TAMS 0x0000000086200000, 0x0000000086200000| Untracked 
|  67|0x0000000086300000, 0x0000000086300000, 0x0000000086400000|  0%| F|  |TAMS 0x0000000086300000, 0x0000000086300000| Untracked 
|  68|0x0000000086400000, 0x0000000086500000, 0x0000000086500000|100%|HS|  |TAMS 0x0000000086400000, 0x0000000086500000| Complete 
|  69|0x0000000086500000, 0x0000000086500000, 0x0000000086600000|  0%| F|  |TAMS 0x0000000086500000, 0x0000000086500000| Untracked 
|  70|0x0000000086600000, 0x0000000086600000, 0x0000000086700000|  0%| F|  |TAMS 0x0000000086600000, 0x0000000086600000| Untracked 
|  71|0x0000000086700000, 0x0000000086800000, 0x0000000086800000|100%|HS|  |TAMS 0x0000000086700000, 0x0000000086800000| Complete 
|  72|0x0000000086800000, 0x0000000086900000, 0x0000000086900000|100%|HC|  |TAMS 0x0000000086800000, 0x0000000086900000| Complete 
|  73|0x0000000086900000, 0x0000000086900000, 0x0000000086a00000|  0%| F|  |TAMS 0x0000000086900000, 0x0000000086900000| Untracked 
|  74|0x0000000086a00000, 0x0000000086a00000, 0x0000000086b00000|  0%| F|  |TAMS 0x0000000086a00000, 0x0000000086a00000| Untracked 
|  75|0x0000000086b00000, 0x0000000086b00000, 0x0000000086c00000|  0%| F|  |TAMS 0x0000000086b00000, 0x0000000086b00000| Untracked 
|  76|0x0000000086c00000, 0x0000000086c00000, 0x0000000086d00000|  0%| F|  |TAMS 0x0000000086c00000, 0x0000000086c00000| Untracked 
|  77|0x0000000086d00000, 0x0000000086d00000, 0x0000000086e00000|  0%| F|  |TAMS 0x0000000086d00000, 0x0000000086d00000| Untracked 
|  78|0x0000000086e00000, 0x0000000086e00000, 0x0000000086f00000|  0%| F|  |TAMS 0x0000000086e00000, 0x0000000086e00000| Untracked 
|  79|0x0000000086f00000, 0x0000000087000000, 0x0000000087000000|100%|HS|  |TAMS 0x0000000086f00000, 0x0000000087000000| Complete 
|  80|0x0000000087000000, 0x0000000087100000, 0x0000000087100000|100%|HS|  |TAMS 0x0000000087000000, 0x0000000087100000| Complete 
|  81|0x0000000087100000, 0x0000000087200000, 0x0000000087200000|100%|HC|  |TAMS 0x0000000087100000, 0x0000000087200000| Complete 
|  82|0x0000000087200000, 0x0000000087200000, 0x0000000087300000|  0%| F|  |TAMS 0x0000000087200000, 0x0000000087200000| Untracked 
|  83|0x0000000087300000, 0x0000000087300000, 0x0000000087400000|  0%| F|  |TAMS 0x0000000087300000, 0x0000000087300000| Untracked 
|  84|0x0000000087400000, 0x0000000087400000, 0x0000000087500000|  0%| F|  |TAMS 0x0000000087400000, 0x0000000087400000| Untracked 
|  85|0x0000000087500000, 0x0000000087500000, 0x0000000087600000|  0%| F|  |TAMS 0x0000000087500000, 0x0000000087500000| Untracked 
|  86|0x0000000087600000, 0x0000000087600000, 0x0000000087700000|  0%| F|  |TAMS 0x0000000087600000, 0x0000000087600000| Untracked 
|  87|0x0000000087700000, 0x0000000087700000, 0x0000000087800000|  0%| F|  |TAMS 0x0000000087700000, 0x0000000087700000| Untracked 
|  88|0x0000000087800000, 0x0000000087900000, 0x0000000087900000|100%|HS|  |TAMS 0x0000000087800000, 0x0000000087900000| Complete 
|  89|0x0000000087900000, 0x0000000087a00000, 0x0000000087a00000|100%|HS|  |TAMS 0x0000000087900000, 0x0000000087a00000| Complete 
|  90|0x0000000087a00000, 0x0000000087b00000, 0x0000000087b00000|100%|HC|  |TAMS 0x0000000087a00000, 0x0000000087b00000| Complete 
|  91|0x0000000087b00000, 0x0000000087c00000, 0x0000000087c00000|100%|HS|  |TAMS 0x0000000087b00000, 0x0000000087c00000| Complete 
|  92|0x0000000087c00000, 0x0000000087d00000, 0x0000000087d00000|100%|HC|  |TAMS 0x0000000087c00000, 0x0000000087d00000| Complete 
|  93|0x0000000087d00000, 0x0000000087d00000, 0x0000000087e00000|  0%| F|  |TAMS 0x0000000087d00000, 0x0000000087d00000| Untracked 
|  94|0x0000000087e00000, 0x0000000087f00000, 0x0000000087f00000|100%|HS|  |TAMS 0x0000000087e00000, 0x0000000087f00000| Complete 
|  95|0x0000000087f00000, 0x0000000087f00000, 0x0000000088000000|  0%| F|  |TAMS 0x0000000087f00000, 0x0000000087f00000| Untracked 
|  96|0x0000000088000000, 0x0000000088000000, 0x0000000088100000|  0%| F|  |TAMS 0x0000000088000000, 0x0000000088000000| Untracked 
|  97|0x0000000088100000, 0x0000000088100000, 0x0000000088200000|  0%| F|  |TAMS 0x0000000088100000, 0x0000000088100000| Untracked 
|  98|0x0000000088200000, 0x0000000088200000, 0x0000000088300000|  0%| F|  |TAMS 0x0000000088200000, 0x0000000088200000| Untracked 
|  99|0x0000000088300000, 0x0000000088300000, 0x0000000088400000|  0%| F|  |TAMS 0x0000000088300000, 0x0000000088300000| Untracked 
| 100|0x0000000088400000, 0x0000000088400000, 0x0000000088500000|  0%| F|  |TAMS 0x0000000088400000, 0x0000000088400000| Untracked 
| 101|0x0000000088500000, 0x0000000088500000, 0x0000000088600000|  0%| F|  |TAMS 0x0000000088500000, 0x0000000088500000| Untracked 
| 102|0x0000000088600000, 0x0000000088600000, 0x0000000088700000|  0%| F|  |TAMS 0x0000000088600000, 0x0000000088600000| Untracked 
| 103|0x0000000088700000, 0x0000000088700000, 0x0000000088800000|  0%| F|  |TAMS 0x0000000088700000, 0x0000000088700000| Untracked 
| 104|0x0000000088800000, 0x0000000088800000, 0x0000000088900000|  0%| F|  |TAMS 0x0000000088800000, 0x0000000088800000| Untracked 
| 105|0x0000000088900000, 0x0000000088a00000, 0x0000000088a00000|100%|HS|  |TAMS 0x0000000088900000, 0x0000000088a00000| Complete 
| 106|0x0000000088a00000, 0x0000000088b00000, 0x0000000088b00000|100%|HC|  |TAMS 0x0000000088a00000, 0x0000000088b00000| Complete 
| 107|0x0000000088b00000, 0x0000000088b00000, 0x0000000088c00000|  0%| F|  |TAMS 0x0000000088b00000, 0x0000000088b00000| Untracked 
| 108|0x0000000088c00000, 0x0000000088c00000, 0x0000000088d00000|  0%| F|  |TAMS 0x0000000088c00000, 0x0000000088c00000| Untracked 
| 109|0x0000000088d00000, 0x0000000088d00000, 0x0000000088e00000|  0%| F|  |TAMS 0x0000000088d00000, 0x0000000088d00000| Untracked 
| 110|0x0000000088e00000, 0x0000000088e00000, 0x0000000088f00000|  0%| F|  |TAMS 0x0000000088e00000, 0x0000000088e00000| Untracked 
| 111|0x0000000088f00000, 0x0000000088f00000, 0x0000000089000000|  0%| F|  |TAMS 0x0000000088f00000, 0x0000000088f00000| Untracked 
| 112|0x0000000089000000, 0x0000000089000000, 0x0000000089100000|  0%| F|  |TAMS 0x0000000089000000, 0x0000000089000000| Untracked 
| 113|0x0000000089100000, 0x0000000089100000, 0x0000000089200000|  0%| F|  |TAMS 0x0000000089100000, 0x0000000089100000| Untracked 
| 114|0x0000000089200000, 0x0000000089200000, 0x0000000089300000|  0%| F|  |TAMS 0x0000000089200000, 0x0000000089200000| Untracked 
| 115|0x0000000089300000, 0x0000000089300000, 0x0000000089400000|  0%| F|  |TAMS 0x0000000089300000, 0x0000000089300000| Untracked 
| 116|0x0000000089400000, 0x0000000089400000, 0x0000000089500000|  0%| F|  |TAMS 0x0000000089400000, 0x0000000089400000| Untracked 
| 117|0x0000000089500000, 0x0000000089500000, 0x0000000089600000|  0%| F|  |TAMS 0x0000000089500000, 0x0000000089500000| Untracked 
| 118|0x0000000089600000, 0x0000000089600000, 0x0000000089700000|  0%| F|  |TAMS 0x0000000089600000, 0x0000000089600000| Untracked 
| 119|0x0000000089700000, 0x0000000089700000, 0x0000000089800000|  0%| F|  |TAMS 0x0000000089700000, 0x0000000089700000| Untracked 
| 120|0x0000000089800000, 0x0000000089800000, 0x0000000089900000|  0%| F|  |TAMS 0x0000000089800000, 0x0000000089800000| Untracked 
| 121|0x0000000089900000, 0x0000000089900000, 0x0000000089a00000|  0%| F|  |TAMS 0x0000000089900000, 0x0000000089900000| Untracked 
| 122|0x0000000089a00000, 0x0000000089a00000, 0x0000000089b00000|  0%| F|  |TAMS 0x0000000089a00000, 0x0000000089a00000| Untracked 
| 123|0x0000000089b00000, 0x0000000089b00000, 0x0000000089c00000|  0%| F|  |TAMS 0x0000000089b00000, 0x0000000089b00000| Untracked 
| 124|0x0000000089c00000, 0x0000000089c00000, 0x0000000089d00000|  0%| F|  |TAMS 0x0000000089c00000, 0x0000000089c00000| Untracked 
| 125|0x0000000089d00000, 0x0000000089d00000, 0x0000000089e00000|  0%| F|  |TAMS 0x0000000089d00000, 0x0000000089d00000| Untracked 
| 126|0x0000000089e00000, 0x0000000089e00000, 0x0000000089f00000|  0%| F|  |TAMS 0x0000000089e00000, 0x0000000089e00000| Untracked 
| 127|0x0000000089f00000, 0x0000000089f00000, 0x000000008a000000|  0%| F|  |TAMS 0x0000000089f00000, 0x0000000089f00000| Untracked 
| 128|0x000000008a000000, 0x000000008a000000, 0x000000008a100000|  0%| F|  |TAMS 0x000000008a000000, 0x000000008a000000| Untracked 
| 129|0x000000008a100000, 0x000000008a100000, 0x000000008a200000|  0%| F|  |TAMS 0x000000008a100000, 0x000000008a100000| Untracked 
| 130|0x000000008a200000, 0x000000008a200000, 0x000000008a300000|  0%| F|  |TAMS 0x000000008a200000, 0x000000008a200000| Untracked 
| 131|0x000000008a300000, 0x000000008a300000, 0x000000008a400000|  0%| F|  |TAMS 0x000000008a300000, 0x000000008a300000| Untracked 
| 132|0x000000008a400000, 0x000000008a400000, 0x000000008a500000|  0%| F|  |TAMS 0x000000008a400000, 0x000000008a400000| Untracked 
| 133|0x000000008a500000, 0x000000008a500000, 0x000000008a600000|  0%| F|  |TAMS 0x000000008a500000, 0x000000008a500000| Untracked 
| 134|0x000000008a600000, 0x000000008a600000, 0x000000008a700000|  0%| F|  |TAMS 0x000000008a600000, 0x000000008a600000| Untracked 
| 135|0x000000008a700000, 0x000000008a700000, 0x000000008a800000|  0%| F|  |TAMS 0x000000008a700000, 0x000000008a700000| Untracked 
| 136|0x000000008a800000, 0x000000008a800000, 0x000000008a900000|  0%| F|  |TAMS 0x000000008a800000, 0x000000008a800000| Untracked 
| 137|0x000000008a900000, 0x000000008a900000, 0x000000008aa00000|  0%| F|  |TAMS 0x000000008a900000, 0x000000008a900000| Untracked 
| 138|0x000000008aa00000, 0x000000008aa00000, 0x000000008ab00000|  0%| F|  |TAMS 0x000000008aa00000, 0x000000008aa00000| Untracked 
| 139|0x000000008ab00000, 0x000000008ab00000, 0x000000008ac00000|  0%| F|  |TAMS 0x000000008ab00000, 0x000000008ab00000| Untracked 
| 140|0x000000008ac00000, 0x000000008ac00000, 0x000000008ad00000|  0%| F|  |TAMS 0x000000008ac00000, 0x000000008ac00000| Untracked 
| 141|0x000000008ad00000, 0x000000008ad00000, 0x000000008ae00000|  0%| F|  |TAMS 0x000000008ad00000, 0x000000008ad00000| Untracked 
| 142|0x000000008ae00000, 0x000000008ae00000, 0x000000008af00000|  0%| F|  |TAMS 0x000000008ae00000, 0x000000008ae00000| Untracked 
| 143|0x000000008af00000, 0x000000008af00000, 0x000000008b000000|  0%| F|  |TAMS 0x000000008af00000, 0x000000008af00000| Untracked 
| 144|0x000000008b000000, 0x000000008b000000, 0x000000008b100000|  0%| F|  |TAMS 0x000000008b000000, 0x000000008b000000| Untracked 
| 145|0x000000008b100000, 0x000000008b100000, 0x000000008b200000|  0%| F|  |TAMS 0x000000008b100000, 0x000000008b100000| Untracked 
| 146|0x000000008b200000, 0x000000008b200000, 0x000000008b300000|  0%| F|  |TAMS 0x000000008b200000, 0x000000008b200000| Untracked 
| 147|0x000000008b300000, 0x000000008b300000, 0x000000008b400000|  0%| F|  |TAMS 0x000000008b300000, 0x000000008b300000| Untracked 
| 148|0x000000008b400000, 0x000000008b400000, 0x000000008b500000|  0%| F|  |TAMS 0x000000008b400000, 0x000000008b400000| Untracked 
| 149|0x000000008b500000, 0x000000008b500000, 0x000000008b600000|  0%| F|  |TAMS 0x000000008b500000, 0x000000008b500000| Untracked 
| 150|0x000000008b600000, 0x000000008b600000, 0x000000008b700000|  0%| F|  |TAMS 0x000000008b600000, 0x000000008b600000| Untracked 
| 151|0x000000008b700000, 0x000000008b700000, 0x000000008b800000|  0%| F|  |TAMS 0x000000008b700000, 0x000000008b700000| Untracked 
| 152|0x000000008b800000, 0x000000008b800000, 0x000000008b900000|  0%| F|  |TAMS 0x000000008b800000, 0x000000008b800000| Untracked 
| 153|0x000000008b900000, 0x000000008b900000, 0x000000008ba00000|  0%| F|  |TAMS 0x000000008b900000, 0x000000008b900000| Untracked 
| 154|0x000000008ba00000, 0x000000008ba00000, 0x000000008bb00000|  0%| F|  |TAMS 0x000000008ba00000, 0x000000008ba00000| Untracked 
| 155|0x000000008bb00000, 0x000000008bb00000, 0x000000008bc00000|  0%| F|  |TAMS 0x000000008bb00000, 0x000000008bb00000| Untracked 
| 156|0x000000008bc00000, 0x000000008bc00000, 0x000000008bd00000|  0%| F|  |TAMS 0x000000008bc00000, 0x000000008bc00000| Untracked 
| 157|0x000000008bd00000, 0x000000008bd00000, 0x000000008be00000|  0%| F|  |TAMS 0x000000008bd00000, 0x000000008bd00000| Untracked 
| 158|0x000000008be00000, 0x000000008be00000, 0x000000008bf00000|  0%| F|  |TAMS 0x000000008be00000, 0x000000008be00000| Untracked 
| 159|0x000000008bf00000, 0x000000008bf00000, 0x000000008c000000|  0%| F|  |TAMS 0x000000008bf00000, 0x000000008bf00000| Untracked 
| 160|0x000000008c000000, 0x000000008c000000, 0x000000008c100000|  0%| F|  |TAMS 0x000000008c000000, 0x000000008c000000| Untracked 
| 161|0x000000008c100000, 0x000000008c100000, 0x000000008c200000|  0%| F|  |TAMS 0x000000008c100000, 0x000000008c100000| Untracked 
| 162|0x000000008c200000, 0x000000008c200000, 0x000000008c300000|  0%| F|  |TAMS 0x000000008c200000, 0x000000008c200000| Untracked 
| 163|0x000000008c300000, 0x000000008c300000, 0x000000008c400000|  0%| F|  |TAMS 0x000000008c300000, 0x000000008c300000| Untracked 
| 164|0x000000008c400000, 0x000000008c400000, 0x000000008c500000|  0%| F|  |TAMS 0x000000008c400000, 0x000000008c400000| Untracked 
| 165|0x000000008c500000, 0x000000008c500000, 0x000000008c600000|  0%| F|  |TAMS 0x000000008c500000, 0x000000008c500000| Untracked 
| 166|0x000000008c600000, 0x000000008c600000, 0x000000008c700000|  0%| F|  |TAMS 0x000000008c600000, 0x000000008c600000| Untracked 
| 167|0x000000008c700000, 0x000000008c700000, 0x000000008c800000|  0%| F|  |TAMS 0x000000008c700000, 0x000000008c700000| Untracked 
| 168|0x000000008c800000, 0x000000008c800000, 0x000000008c900000|  0%| F|  |TAMS 0x000000008c800000, 0x000000008c800000| Untracked 
| 169|0x000000008c900000, 0x000000008c900000, 0x000000008ca00000|  0%| F|  |TAMS 0x000000008c900000, 0x000000008c900000| Untracked 
| 170|0x000000008ca00000, 0x000000008ca00000, 0x000000008cb00000|  0%| F|  |TAMS 0x000000008ca00000, 0x000000008ca00000| Untracked 
| 171|0x000000008cb00000, 0x000000008cb00000, 0x000000008cc00000|  0%| F|  |TAMS 0x000000008cb00000, 0x000000008cb00000| Untracked 
| 172|0x000000008cc00000, 0x000000008cc00000, 0x000000008cd00000|  0%| F|  |TAMS 0x000000008cc00000, 0x000000008cc00000| Untracked 
| 173|0x000000008cd00000, 0x000000008cd00000, 0x000000008ce00000|  0%| F|  |TAMS 0x000000008cd00000, 0x000000008cd00000| Untracked 
| 174|0x000000008ce00000, 0x000000008ce00000, 0x000000008cf00000|  0%| F|  |TAMS 0x000000008ce00000, 0x000000008ce00000| Untracked 
| 175|0x000000008cf00000, 0x000000008cf00000, 0x000000008d000000|  0%| F|  |TAMS 0x000000008cf00000, 0x000000008cf00000| Untracked 
| 176|0x000000008d000000, 0x000000008d000000, 0x000000008d100000|  0%| F|  |TAMS 0x000000008d000000, 0x000000008d000000| Untracked 
| 177|0x000000008d100000, 0x000000008d100000, 0x000000008d200000|  0%| F|  |TAMS 0x000000008d100000, 0x000000008d100000| Untracked 
| 178|0x000000008d200000, 0x000000008d200000, 0x000000008d300000|  0%| F|  |TAMS 0x000000008d200000, 0x000000008d200000| Untracked 
| 179|0x000000008d300000, 0x000000008d300000, 0x000000008d400000|  0%| F|  |TAMS 0x000000008d300000, 0x000000008d300000| Untracked 
| 180|0x000000008d400000, 0x000000008d400000, 0x000000008d500000|  0%| F|  |TAMS 0x000000008d400000, 0x000000008d400000| Untracked 
| 181|0x000000008d500000, 0x000000008d500000, 0x000000008d600000|  0%| F|  |TAMS 0x000000008d500000, 0x000000008d500000| Untracked 
| 182|0x000000008d600000, 0x000000008d600000, 0x000000008d700000|  0%| F|  |TAMS 0x000000008d600000, 0x000000008d600000| Untracked 
| 183|0x000000008d700000, 0x000000008d700000, 0x000000008d800000|  0%| F|  |TAMS 0x000000008d700000, 0x000000008d700000| Untracked 
| 184|0x000000008d800000, 0x000000008d800000, 0x000000008d900000|  0%| F|  |TAMS 0x000000008d800000, 0x000000008d800000| Untracked 
| 185|0x000000008d900000, 0x000000008d900000, 0x000000008da00000|  0%| F|  |TAMS 0x000000008d900000, 0x000000008d900000| Untracked 
| 186|0x000000008da00000, 0x000000008da00000, 0x000000008db00000|  0%| F|  |TAMS 0x000000008da00000, 0x000000008da00000| Untracked 
| 187|0x000000008db00000, 0x000000008db00000, 0x000000008dc00000|  0%| F|  |TAMS 0x000000008db00000, 0x000000008db00000| Untracked 
| 188|0x000000008dc00000, 0x000000008dc00000, 0x000000008dd00000|  0%| F|  |TAMS 0x000000008dc00000, 0x000000008dc00000| Untracked 
| 189|0x000000008dd00000, 0x000000008dd00000, 0x000000008de00000|  0%| F|  |TAMS 0x000000008dd00000, 0x000000008dd00000| Untracked 
| 190|0x000000008de00000, 0x000000008de00000, 0x000000008df00000|  0%| F|  |TAMS 0x000000008de00000, 0x000000008de00000| Untracked 
| 191|0x000000008df00000, 0x000000008df00000, 0x000000008e000000|  0%| F|  |TAMS 0x000000008df00000, 0x000000008df00000| Untracked 
| 192|0x000000008e000000, 0x000000008e000000, 0x000000008e100000|  0%| F|  |TAMS 0x000000008e000000, 0x000000008e000000| Untracked 
| 193|0x000000008e100000, 0x000000008e100000, 0x000000008e200000|  0%| F|  |TAMS 0x000000008e100000, 0x000000008e100000| Untracked 
| 194|0x000000008e200000, 0x000000008e200000, 0x000000008e300000|  0%| F|  |TAMS 0x000000008e200000, 0x000000008e200000| Untracked 
| 195|0x000000008e300000, 0x000000008e300000, 0x000000008e400000|  0%| F|  |TAMS 0x000000008e300000, 0x000000008e300000| Untracked 
| 196|0x000000008e400000, 0x000000008e400000, 0x000000008e500000|  0%| F|  |TAMS 0x000000008e400000, 0x000000008e400000| Untracked 
| 197|0x000000008e500000, 0x000000008e500000, 0x000000008e600000|  0%| F|  |TAMS 0x000000008e500000, 0x000000008e500000| Untracked 
| 198|0x000000008e600000, 0x000000008e600000, 0x000000008e700000|  0%| F|  |TAMS 0x000000008e600000, 0x000000008e600000| Untracked 
| 199|0x000000008e700000, 0x000000008e700000, 0x000000008e800000|  0%| F|  |TAMS 0x000000008e700000, 0x000000008e700000| Untracked 
| 200|0x000000008e800000, 0x000000008e800000, 0x000000008e900000|  0%| F|  |TAMS 0x000000008e800000, 0x000000008e800000| Untracked 
| 201|0x000000008e900000, 0x000000008e900000, 0x000000008ea00000|  0%| F|  |TAMS 0x000000008e900000, 0x000000008e900000| Untracked 
| 202|0x000000008ea00000, 0x000000008ea00000, 0x000000008eb00000|  0%| F|  |TAMS 0x000000008ea00000, 0x000000008ea00000| Untracked 
| 203|0x000000008eb00000, 0x000000008eb00000, 0x000000008ec00000|  0%| F|  |TAMS 0x000000008eb00000, 0x000000008eb00000| Untracked 
| 204|0x000000008ec00000, 0x000000008ec00000, 0x000000008ed00000|  0%| F|  |TAMS 0x000000008ec00000, 0x000000008ec00000| Untracked 
| 205|0x000000008ed00000, 0x000000008ed00000, 0x000000008ee00000|  0%| F|  |TAMS 0x000000008ed00000, 0x000000008ed00000| Untracked 
| 206|0x000000008ee00000, 0x000000008ee00000, 0x000000008ef00000|  0%| F|  |TAMS 0x000000008ee00000, 0x000000008ee00000| Untracked 
| 207|0x000000008ef00000, 0x000000008ef00000, 0x000000008f000000|  0%| F|  |TAMS 0x000000008ef00000, 0x000000008ef00000| Untracked 
| 208|0x000000008f000000, 0x000000008f000000, 0x000000008f100000|  0%| F|  |TAMS 0x000000008f000000, 0x000000008f000000| Untracked 
| 209|0x000000008f100000, 0x000000008f100000, 0x000000008f200000|  0%| F|  |TAMS 0x000000008f100000, 0x000000008f100000| Untracked 
| 210|0x000000008f200000, 0x000000008f200000, 0x000000008f300000|  0%| F|  |TAMS 0x000000008f200000, 0x000000008f200000| Untracked 
| 211|0x000000008f300000, 0x000000008f300000, 0x000000008f400000|  0%| F|  |TAMS 0x000000008f300000, 0x000000008f300000| Untracked 
| 212|0x000000008f400000, 0x000000008f400000, 0x000000008f500000|  0%| F|  |TAMS 0x000000008f400000, 0x000000008f400000| Untracked 
| 213|0x000000008f500000, 0x000000008f500000, 0x000000008f600000|  0%| F|  |TAMS 0x000000008f500000, 0x000000008f500000| Untracked 
| 214|0x000000008f600000, 0x000000008f600000, 0x000000008f700000|  0%| F|  |TAMS 0x000000008f600000, 0x000000008f600000| Untracked 
| 215|0x000000008f700000, 0x000000008f700000, 0x000000008f800000|  0%| F|  |TAMS 0x000000008f700000, 0x000000008f700000| Untracked 
| 216|0x000000008f800000, 0x000000008f800000, 0x000000008f900000|  0%| F|  |TAMS 0x000000008f800000, 0x000000008f800000| Untracked 
| 217|0x000000008f900000, 0x000000008f900000, 0x000000008fa00000|  0%| F|  |TAMS 0x000000008f900000, 0x000000008f900000| Untracked 
| 218|0x000000008fa00000, 0x000000008fa00000, 0x000000008fb00000|  0%| F|  |TAMS 0x000000008fa00000, 0x000000008fa00000| Untracked 
| 219|0x000000008fb00000, 0x000000008fb00000, 0x000000008fc00000|  0%| F|  |TAMS 0x000000008fb00000, 0x000000008fb00000| Untracked 
| 220|0x000000008fc00000, 0x000000008fc00000, 0x000000008fd00000|  0%| F|  |TAMS 0x000000008fc00000, 0x000000008fc00000| Untracked 
| 221|0x000000008fd00000, 0x000000008fd00000, 0x000000008fe00000|  0%| F|  |TAMS 0x000000008fd00000, 0x000000008fd00000| Untracked 
| 222|0x000000008fe00000, 0x000000008fe00000, 0x000000008ff00000|  0%| F|  |TAMS 0x000000008fe00000, 0x000000008fe00000| Untracked 
| 223|0x000000008ff00000, 0x000000008ff00000, 0x0000000090000000|  0%| F|  |TAMS 0x000000008ff00000, 0x000000008ff00000| Untracked 
| 224|0x0000000090000000, 0x0000000090000000, 0x0000000090100000|  0%| F|  |TAMS 0x0000000090000000, 0x0000000090000000| Untracked 
| 225|0x0000000090100000, 0x0000000090100000, 0x0000000090200000|  0%| F|  |TAMS 0x0000000090100000, 0x0000000090100000| Untracked 
| 226|0x0000000090200000, 0x0000000090200000, 0x0000000090300000|  0%| F|  |TAMS 0x0000000090200000, 0x0000000090200000| Untracked 
| 227|0x0000000090300000, 0x0000000090300000, 0x0000000090400000|  0%| F|  |TAMS 0x0000000090300000, 0x0000000090300000| Untracked 
| 228|0x0000000090400000, 0x0000000090400000, 0x0000000090500000|  0%| F|  |TAMS 0x0000000090400000, 0x0000000090400000| Untracked 
| 229|0x0000000090500000, 0x00000000905edbf0, 0x0000000090600000| 92%| E|  |TAMS 0x0000000090500000, 0x0000000090500000| Complete 
| 230|0x0000000090600000, 0x0000000090611480, 0x0000000090700000|  6%| S|CS|TAMS 0x0000000090600000, 0x0000000090600000| Complete 
| 231|0x0000000090700000, 0x0000000090800000, 0x0000000090800000|100%| E|CS|TAMS 0x0000000090700000, 0x0000000090700000| Complete 
| 232|0x0000000090800000, 0x0000000090900000, 0x0000000090900000|100%| E|CS|TAMS 0x0000000090800000, 0x0000000090800000| Complete 
| 233|0x0000000090900000, 0x0000000090a00000, 0x0000000090a00000|100%| E|CS|TAMS 0x0000000090900000, 0x0000000090900000| Complete 

Card table byte_map: [0x000002446de50000,0x000002446e240000] _byte_map_base: 0x000002446da40000

Marking Bits (Prev, Next): (CMBitMap*) 0x000002445717f910, (CMBitMap*) 0x000002445717f950
 Prev Bits: [0x000002446e630000, 0x00000244705b0000)
 Next Bits: [0x00000244705b0000, 0x0000024472530000)

Polling page: 0x0000024455080000

Metaspace:

Usage:
  Non-class:     22.08 MB used.
      Class:      3.40 MB used.
       Both:     25.47 MB used.

Virtual space:
  Non-class space:       64.00 MB reserved,      22.25 MB ( 35%) committed,  1 nodes.
      Class space:        1.00 GB reserved,       3.56 MB ( <1%) committed,  1 nodes.
             Both:        1.06 GB reserved,      25.81 MB (  2%) committed. 

Chunk freelists:
   Non-Class:  1.79 MB
       Class:  430.00 KB
        Both:  2.21 MB

MaxMetaspaceSize: unlimited
CompressedClassSpaceSize: 1.00 GB
Initial GC threshold: 21.00 MB
Current GC threshold: 42.50 MB
CDS: on
MetaspaceReclaimPolicy: balanced
 - commit_granule_bytes: 65536.
 - commit_granule_words: 8192.
 - virtual_space_node_default_size: 8388608.
 - enlarge_chunks_in_place: 1.
 - new_chunks_are_fully_committed: 0.
 - uncommit_free_chunks: 1.
 - use_allocation_guard: 0.


Internal statistics:

num_allocs_failed_limit: 3.
num_arena_births: 402.
num_arena_deaths: 0.
num_vsnodes_births: 2.
num_vsnodes_deaths: 0.
num_space_committed: 413.
num_space_uncommitted: 0.
num_chunks_returned_to_freelist: 3.
num_chunks_taken_from_freelist: 1201.
num_chunk_merges: 3.
num_chunk_splits: 843.
num_chunks_enlarged: 655.
num_inconsistent_stats: 0.

CodeHeap 'non-profiled nmethods': size=120000Kb used=2250Kb max_used=2250Kb free=117749Kb
 bounds [0x0000024466530000, 0x00000244667a0000, 0x000002446da60000]
CodeHeap 'profiled nmethods': size=120000Kb used=10610Kb max_used=10610Kb free=109389Kb
 bounds [0x000002445f000000, 0x000002445fa60000, 0x0000024466530000]
CodeHeap 'non-nmethods': size=5760Kb used=1731Kb max_used=1790Kb free=4028Kb
 bounds [0x000002445ea60000, 0x000002445ecd0000, 0x000002445f000000]
 total_blobs=6115 nmethods=4939 adapters=1088
 compilation: enabled
              stopped_count=0, restarted_count=0
 full_count=0

Compilation events (20 events):
Event: 120.186 Thread 0x00000244749f0400 nmethod 4935 0x000002445fa57490 code [0x000002445fa57760, 0x000002445fa58b28]
Event: 120.186 Thread 0x00000244749f0400 4936       3       com.sun.javafx.geom.RectBounds::contains (51 bytes)
Event: 120.186 Thread 0x00000244749f0400 nmethod 4936 0x000002445fa59190 code [0x000002445fa59340, 0x000002445fa59798]
Event: 120.186 Thread 0x00000244749f0400 4937       3       com.sun.javafx.scene.shape.ShapeHelper::computeContainsImpl (13 bytes)
Event: 120.186 Thread 0x00000244749f0400 nmethod 4937 0x000002445fa59890 code [0x000002445fa59a40, 0x000002445fa59be8]
Event: 120.186 Thread 0x00000244749f0400 4938       3       javafx.scene.shape.Shape$1::doComputeContains (11 bytes)
Event: 120.187 Thread 0x00000244749f0400 nmethod 4938 0x000002445fa59d10 code [0x000002445fa59ec0, 0x000002445fa5a108]
Event: 120.187 Thread 0x00000244749f0400 4939       3       javafx.scene.shape.Shape::doComputeContains (11 bytes)
Event: 120.187 Thread 0x00000244749f0400 nmethod 4939 0x000002445fa5a210 code [0x000002445fa5a3e0, 0x000002445fa5a828]
Event: 120.207 Thread 0x00000244749f0400 4940       3       com.sun.javafx.geom.RoundRectangle2D::contains (189 bytes)
Event: 120.208 Thread 0x00000244749f0400 nmethod 4940 0x000002445fa5a990 code [0x000002445fa5abc0, 0x000002445fa5b518]
Event: 120.208 Thread 0x00000244749f0400 4941       3       com.sun.javafx.geom.RoundRectangle2D::isEmpty (24 bytes)
Event: 120.208 Thread 0x00000244749f0400 nmethod 4941 0x000002445fa5b710 code [0x000002445fa5b8a0, 0x000002445fa5ba98]
Event: 120.208 Thread 0x00000244749f0400 4942       3       java.util.ArrayDeque::removeFirst (19 bytes)
Event: 120.208 Thread 0x00000244749f0400 nmethod 4942 0x000002445fa5bb10 code [0x000002445fa5bcc0, 0x000002445fa5bf18]
Event: 120.215 Thread 0x00000244749e3b70 4943       4       com.sun.javafx.event.EventHandlerManager::dispatchBubblingEvent (41 bytes)
Event: 120.224 Thread 0x00000244749e3b70 nmethod 4943 0x0000024466762090 code [0x0000024466762260, 0x0000024466762640]
Event: 122.872 Thread 0x00000244749e3b70 4944 %     4       jdk.internal.org.objectweb.asm.ClassReader::readUtf @ 18 (161 bytes)
Event: 122.873 Thread 0x00000244749f0400 4945       3       java.util.LinkedList::remove (77 bytes)
Event: 122.874 Thread 0x00000244749f0400 nmethod 4945 0x000002445fa5c010 code [0x000002445fa5c200, 0x000002445fa5c708]

GC Heap History (20 events):
Event: 102.282 GC heap before
{Heap before GC invocations=30 (full 0):
 garbage-first heap   total 239616K, used 107140K [0x0000000082000000, 0x0000000100000000)
  region size 1024K, 3 young (3072K), 1 survivors (1024K)
 Metaspace       used 25832K, committed 26240K, reserved 1114112K
  class space    used 3471K, committed 3648K, reserved 1048576K
}
Event: 102.283 GC heap after
{Heap after GC invocations=31 (full 0):
 garbage-first heap   total 239616K, used 56969K [0x0000000082000000, 0x0000000100000000)
  region size 1024K, 1 young (1024K), 1 survivors (1024K)
 Metaspace       used 25832K, committed 26240K, reserved 1114112K
  class space    used 3471K, committed 3648K, reserved 1048576K
}
Event: 103.692 GC heap before
{Heap before GC invocations=31 (full 0):
 garbage-first heap   total 239616K, used 107145K [0x0000000082000000, 0x0000000100000000)
  region size 1024K, 3 young (3072K), 1 survivors (1024K)
 Metaspace       used 25878K, committed 26304K, reserved 1114112K
  class space    used 3471K, committed 3648K, reserved 1048576K
}
Event: 103.693 GC heap after
{Heap after GC invocations=32 (full 0):
 garbage-first heap   total 239616K, used 51849K [0x0000000082000000, 0x0000000100000000)
  region size 1024K, 1 young (1024K), 1 survivors (1024K)
 Metaspace       used 25878K, committed 26304K, reserved 1114112K
  class space    used 3471K, committed 3648K, reserved 1048576K
}
Event: 105.151 GC heap before
{Heap before GC invocations=32 (full 0):
 garbage-first heap   total 239616K, used 107145K [0x0000000082000000, 0x0000000100000000)
  region size 1024K, 3 young (3072K), 1 survivors (1024K)
 Metaspace       used 25887K, committed 26304K, reserved 1114112K
  class space    used 3472K, committed 3648K, reserved 1048576K
}
Event: 105.152 GC heap after
{Heap after GC invocations=33 (full 0):
 garbage-first heap   total 239616K, used 53904K [0x0000000082000000, 0x0000000100000000)
  region size 1024K, 1 young (1024K), 1 survivors (1024K)
 Metaspace       used 25887K, committed 26304K, reserved 1114112K
  class space    used 3472K, committed 3648K, reserved 1048576K
}
Event: 106.558 GC heap before
{Heap before GC invocations=33 (full 0):
 garbage-first heap   total 239616K, used 108176K [0x0000000082000000, 0x0000000100000000)
  region size 1024K, 3 young (3072K), 1 survivors (1024K)
 Metaspace       used 25905K, committed 26304K, reserved 1114112K
  class space    used 3472K, committed 3648K, reserved 1048576K
}
Event: 106.560 GC heap after
{Heap after GC invocations=34 (full 0):
 garbage-first heap   total 239616K, used 53904K [0x0000000082000000, 0x0000000100000000)
  region size 1024K, 1 young (1024K), 1 survivors (1024K)
 Metaspace       used 25905K, committed 26304K, reserved 1114112K
  class space    used 3472K, committed 3648K, reserved 1048576K
}
Event: 108.082 GC heap before
{Heap before GC invocations=34 (full 0):
 garbage-first heap   total 239616K, used 107152K [0x0000000082000000, 0x0000000100000000)
  region size 1024K, 3 young (3072K), 1 survivors (1024K)
 Metaspace       used 25911K, committed 26304K, reserved 1114112K
  class space    used 3472K, committed 3648K, reserved 1048576K
}
Event: 108.084 GC heap after
{Heap after GC invocations=35 (full 0):
 garbage-first heap   total 239616K, used 53904K [0x0000000082000000, 0x0000000100000000)
  region size 1024K, 1 young (1024K), 1 survivors (1024K)
 Metaspace       used 25911K, committed 26304K, reserved 1114112K
  class space    used 3472K, committed 3648K, reserved 1048576K
}
Event: 109.581 GC heap before
{Heap before GC invocations=35 (full 0):
 garbage-first heap   total 239616K, used 107152K [0x0000000082000000, 0x0000000100000000)
  region size 1024K, 3 young (3072K), 1 survivors (1024K)
 Metaspace       used 25947K, committed 26304K, reserved 1114112K
  class space    used 3472K, committed 3648K, reserved 1048576K
}
Event: 109.582 GC heap after
{Heap after GC invocations=36 (full 0):
 garbage-first heap   total 239616K, used 53910K [0x0000000082000000, 0x0000000100000000)
  region size 1024K, 1 young (1024K), 1 survivors (1024K)
 Metaspace       used 25947K, committed 26304K, reserved 1114112K
  class space    used 3472K, committed 3648K, reserved 1048576K
}
Event: 111.092 GC heap before
{Heap before GC invocations=36 (full 0):
 garbage-first heap   total 239616K, used 107158K [0x0000000082000000, 0x0000000100000000)
  region size 1024K, 3 young (3072K), 1 survivors (1024K)
 Metaspace       used 25964K, committed 26304K, reserved 1114112K
  class space    used 3472K, committed 3648K, reserved 1048576K
}
Event: 111.093 GC heap after
{Heap after GC invocations=37 (full 0):
 garbage-first heap   total 239616K, used 53910K [0x0000000082000000, 0x0000000100000000)
  region size 1024K, 1 young (1024K), 1 survivors (1024K)
 Metaspace       used 25964K, committed 26304K, reserved 1114112K
  class space    used 3472K, committed 3648K, reserved 1048576K
}
Event: 112.233 GC heap before
{Heap before GC invocations=37 (full 0):
 garbage-first heap   total 239616K, used 107158K [0x0000000082000000, 0x0000000100000000)
  region size 1024K, 3 young (3072K), 1 survivors (1024K)
 Metaspace       used 25982K, committed 26368K, reserved 1114112K
  class space    used 3472K, committed 3648K, reserved 1048576K
}
Event: 112.235 GC heap after
{Heap after GC invocations=38 (full 0):
 garbage-first heap   total 239616K, used 53912K [0x0000000082000000, 0x0000000100000000)
  region size 1024K, 1 young (1024K), 1 survivors (1024K)
 Metaspace       used 25982K, committed 26368K, reserved 1114112K
  class space    used 3472K, committed 3648K, reserved 1048576K
}
Event: 113.449 GC heap before
{Heap before GC invocations=38 (full 0):
 garbage-first heap   total 239616K, used 107160K [0x0000000082000000, 0x0000000100000000)
  region size 1024K, 3 young (3072K), 1 survivors (1024K)
 Metaspace       used 26004K, committed 26368K, reserved 1114112K
  class space    used 3472K, committed 3648K, reserved 1048576K
}
Event: 113.450 GC heap after
{Heap after GC invocations=39 (full 0):
 garbage-first heap   total 239616K, used 53912K [0x0000000082000000, 0x0000000100000000)
  region size 1024K, 1 young (1024K), 1 survivors (1024K)
 Metaspace       used 26004K, committed 26368K, reserved 1114112K
  class space    used 3472K, committed 3648K, reserved 1048576K
}
Event: 114.702 GC heap before
{Heap before GC invocations=39 (full 0):
 garbage-first heap   total 239616K, used 107160K [0x0000000082000000, 0x0000000100000000)
  region size 1024K, 3 young (3072K), 1 survivors (1024K)
 Metaspace       used 26028K, committed 26368K, reserved 1114112K
  class space    used 3472K, committed 3648K, reserved 1048576K
}
Event: 114.704 GC heap after
{Heap after GC invocations=40 (full 0):
 garbage-first heap   total 239616K, used 53955K [0x0000000082000000, 0x0000000100000000)
  region size 1024K, 1 young (1024K), 1 survivors (1024K)
 Metaspace       used 26028K, committed 26368K, reserved 1114112K
  class space    used 3472K, committed 3648K, reserved 1048576K
}

Deoptimization events (20 events):
Event: 114.048 Thread 0x0000024478d94930 Uncommon trap: trap_request=0xffffff45 fr.pc=0x000002446672cabc relative=0x000000000000233c
Event: 114.048 Thread 0x0000024478d94930 Uncommon trap: reason=unstable_if action=reinterpret pc=0x000002446672cabc method=com.sun.marlin.Renderer._endRendering(IILcom/sun/marlin/MarlinAlphaConsumer;)V @ 1092 c2
Event: 114.048 Thread 0x0000024478d94930 DEOPT PACKING pc=0x000002446672cabc sp=0x0000004a18cfd8c0
Event: 114.048 Thread 0x0000024478d94930 DEOPT UNPACKING pc=0x000002445eab23a3 sp=0x0000004a18cfd710 mode 2
Event: 114.143 Thread 0x0000024478d97e20 Uncommon trap: trap_request=0xffffff45 fr.pc=0x00000244666fa520 relative=0x00000000000000a0
Event: 114.143 Thread 0x0000024478d97e20 Uncommon trap: reason=unstable_if action=reinterpret pc=0x00000244666fa520 method=javafx.scene.Node$MiscProperties.isMouseTransparent()Z @ 4 c2
Event: 114.143 Thread 0x0000024478d97e20 DEOPT PACKING pc=0x00000244666fa520 sp=0x0000004a195fd860
Event: 114.143 Thread 0x0000024478d97e20 DEOPT UNPACKING pc=0x000002445eab23a3 sp=0x0000004a195fd710 mode 2
Event: 115.040 Thread 0x0000024478d97e20 Uncommon trap: trap_request=0xffffff45 fr.pc=0x0000024466746340 relative=0x0000000000000260
Event: 115.040 Thread 0x0000024478d97e20 Uncommon trap: reason=unstable_if action=reinterpret pc=0x0000024466746340 method=com.sun.javafx.event.EventHandlerManager.dispatchCapturingEvent(Ljavafx/event/EventType;Ljavafx/event/Event;)Ljavafx/event/Event; @ 22 c2
Event: 115.040 Thread 0x0000024478d97e20 DEOPT PACKING pc=0x0000024466746340 sp=0x0000004a195fde30
Event: 115.040 Thread 0x0000024478d97e20 DEOPT UNPACKING pc=0x000002445eab23a3 sp=0x0000004a195fddd0 mode 2
Event: 115.087 Thread 0x0000024478d94930 Uncommon trap: trap_request=0xffffff45 fr.pc=0x00000244666f4eac relative=0x0000000000000e4c
Event: 115.087 Thread 0x0000024478d94930 Uncommon trap: reason=unstable_if action=reinterpret pc=0x00000244666f4eac method=com.sun.javafx.sg.prism.NGNode.markCullRegions(Lcom/sun/javafx/geom/DirtyRegionContainer;ILcom/sun/javafx/geom/transform/BaseTransform;Lcom/sun/javafx/geom/transform/General
Event: 115.087 Thread 0x0000024478d94930 DEOPT PACKING pc=0x00000244666f4eac sp=0x0000004a18cfeb50
Event: 115.087 Thread 0x0000024478d94930 DEOPT UNPACKING pc=0x000002445eab23a3 sp=0x0000004a18cfe9e8 mode 2
Event: 115.087 Thread 0x0000024478d94930 Uncommon trap: trap_request=0xffffff45 fr.pc=0x00000244666f0df0 relative=0x00000000000006f0
Event: 115.087 Thread 0x0000024478d94930 Uncommon trap: reason=unstable_if action=reinterpret pc=0x00000244666f0df0 method=com.sun.javafx.sg.prism.NGNode.markCullRegions(Lcom/sun/javafx/geom/DirtyRegionContainer;ILcom/sun/javafx/geom/transform/BaseTransform;Lcom/sun/javafx/geom/transform/General
Event: 115.087 Thread 0x0000024478d94930 DEOPT PACKING pc=0x00000244666f0df0 sp=0x0000004a18cfea40
Event: 115.087 Thread 0x0000024478d94930 DEOPT UNPACKING pc=0x000002445eab23a3 sp=0x0000004a18cfe9e0 mode 2

Classes loaded (20 events):
Event: 94.364 Loading class sun/java2d/loops/GraphicsPrimitiveMgr$PrimitiveSpec
Event: 94.364 Loading class sun/java2d/loops/GraphicsPrimitiveMgr$PrimitiveSpec done
Event: 94.368 Loading class sun/java2d/loops/DrawGlyphListColor
Event: 94.368 Loading class sun/java2d/loops/DrawGlyphListColor done
Event: 94.369 Loading class sun/java2d/loops/DrawGlyphListColor$General
Event: 94.369 Loading class sun/java2d/loops/DrawGlyphListColor$General done
Event: 94.369 Loading class sun/java2d/loops/Blit$GeneralMaskBlit
Event: 94.369 Loading class sun/java2d/loops/Blit$GeneralMaskBlit done
Event: 94.369 Loading class sun/awt/image/BufferedImageGraphicsConfig
Event: 94.369 Loading class sun/awt/image/BufferedImageGraphicsConfig done
Event: 94.369 Loading class sun/awt/image/BufferedImageDevice
Event: 94.369 Loading class java/awt/GraphicsDevice
Event: 94.370 Loading class java/awt/GraphicsDevice done
Event: 94.370 Loading class sun/awt/image/BufferedImageDevice done
Event: 94.370 Loading class java/awt/image/MultiResolutionImage
Event: 94.370 Loading class java/awt/image/MultiResolutionImage done
Event: 94.370 Loading class sun/awt/image/ToolkitImage
Event: 94.370 Loading class sun/awt/image/ToolkitImage done
Event: 122.869 Loading class jdk/internal/misc/Signal$1
Event: 122.869 Loading class jdk/internal/misc/Signal$1 done

Classes unloaded (0 events):
No events

Classes redefined (0 events):
No events

Internal exceptions (20 events):
Event: 11.758 Thread 0x0000024478d97e20 Implicit null exception at 0x000002446659fc8f to 0x000002446659fd09
Event: 11.800 Thread 0x0000024478d97e20 Exception <a 'java/lang/ClassNotFoundException'{0x0000000087de9958}: com/sun/javafx/scene/control/skin/resources/controls-nt> (0x0000000087de9958) 
thrown [s\open\src\hotspot\share\prims\jni.cpp, line 535]
Event: 11.801 Thread 0x0000024478d97e20 Exception <a 'java/lang/ClassNotFoundException'{0x0000000087df1f20}: com/sun/javafx/scene/control/skin/resources/controls-nt_en> (0x0000000087df1f20) 
thrown [s\open\src\hotspot\share\prims\jni.cpp, line 535]
Event: 11.801 Thread 0x0000024478d97e20 Exception <a 'java/lang/ClassNotFoundException'{0x0000000087df2ec0}: com/sun/javafx/scene/control/skin/resources/controls-nt_en_US> (0x0000000087df2ec0) 
thrown [s\open\src\hotspot\share\prims\jni.cpp, line 535]
Event: 12.104 Thread 0x0000024478d97e20 Exception <a 'java/lang/ClassNotFoundException'{0x0000000087826e50}: com/sun/javafx/scene/control/skin/resources/controls> (0x0000000087826e50) 
thrown [s\open\src\hotspot\share\prims\jni.cpp, line 535]
Event: 12.106 Thread 0x0000024478d97e20 Exception <a 'java/lang/ClassNotFoundException'{0x0000000087834df0}: com/sun/javafx/scene/control/skin/resources/controls_en> (0x0000000087834df0) 
thrown [s\open\src\hotspot\share\prims\jni.cpp, line 535]
Event: 12.107 Thread 0x0000024478d97e20 Exception <a 'java/lang/ClassNotFoundException'{0x0000000087835d88}: com/sun/javafx/scene/control/skin/resources/controls_en_US> (0x0000000087835d88) 
thrown [s\open\src\hotspot\share\prims\jni.cpp, line 535]
Event: 12.180 Thread 0x0000024478d97e20 Exception <a 'java/lang/NoSuchMethodError'{0x000000008776eaa8}: 'java.lang.Object java.lang.invoke.DirectMethodHandle$Holder.invokeInterface(java.lang.Object, java.lang.Object, java.lang.Object)'> (0x000000008776eaa8) 
thrown [s\open\src\hotspot\share\interpreter\linkResolver.cpp, line 766]
Event: 12.181 Thread 0x0000024478d97e20 Exception <a 'java/lang/IncompatibleClassChangeError'{0x0000000087772168}: Found class java.lang.Object, but interface was expected> (0x0000000087772168) 
thrown [s\open\src\hotspot\share\interpreter\linkResolver.cpp, line 833]
Event: 12.349 Thread 0x0000024478d97e20 Exception <a 'java/lang/NoSuchMethodError'{0x0000000087414d98}: 'int java.lang.invoke.DirectMethodHandle$Holder.invokeVirtual(java.lang.Object, java.lang.Object)'> (0x0000000087414d98) 
thrown [s\open\src\hotspot\share\interpreter\linkResolver.cpp, line 766]
Event: 12.535 Thread 0x0000024478d97e20 Exception <a 'java/lang/NoSuchMethodError'{0x00000000873fb468}: 'int java.lang.invoke.DirectMethodHandle$Holder.invokeSpecial(java.lang.Object, java.lang.Object, int)'> (0x00000000873fb468) 
thrown [s\open\src\hotspot\share\interpreter\linkResolver.cpp, line 766]
Event: 12.743 Thread 0x0000024478d97e20 Exception <a 'java/lang/NoSuchMethodError'{0x0000000086fa9158}: 'void java.lang.invoke.DirectMethodHandle$Holder.invokeSpecial(java.lang.Object, java.lang.Object, java.lang.Object, java.lang.Object, java.lang.Object, java.lang.Object)'> (0x0000000086fa9158) 
thrown [s\open\src\hotspot\share\interpreter\linkResolver.cpp, line 766]
Event: 13.045 Thread 0x0000024478d97e20 Exception <a 'java/lang/NoSuchMethodError'{0x0000000089d703a0}: 'void java.lang.invoke.DirectMethodHandle$Holder.invokeSpecialIFC(java.lang.Object, java.lang.Object, java.lang.Object, java.lang.Object)'> (0x0000000089d703a0) 
thrown [s\open\src\hotspot\share\interpreter\linkResolver.cpp, line 766]
Event: 14.191 Thread 0x0000024478d97e20 Exception <a 'java/lang/NoSuchMethodError'{0x00000000836401b8}: 'java.lang.Object java.lang.invoke.DirectMethodHandle$Holder.newInvokeSpecial(java.lang.Object, java.lang.Object, int)'> (0x00000000836401b8) 
thrown [s\open\src\hotspot\share\interpreter\linkResolver.cpp, line 766]
Event: 14.625 Thread 0x0000024478d94930 Exception <a 'java/lang/NoSuchMethodError'{0x000000008339c5d8}: 'int java.lang.invoke.DirectMethodHandle$Holder.invokeStaticInit(java.lang.Object, java.lang.Object)'> (0x000000008339c5d8) 
thrown [s\open\src\hotspot\share\interpreter\linkResolver.cpp, line 766]
Event: 14.938 Thread 0x0000024478d94930 Exception <a 'java/lang/NoSuchMethodError'{0x0000000086817898}: 'java.lang.Object java.lang.invoke.DirectMethodHandle$Holder.invokeStaticInit(java.lang.Object, int)'> (0x0000000086817898) 
thrown [s\open\src\hotspot\share\interpreter\linkResolver.cpp, line 766]
Event: 91.805 Thread 0x0000024478d97e20 Exception <a 'java/lang/NoSuchMethodError'{0x0000000086756f08}: 'long java.lang.invoke.DirectMethodHandle$Holder.invokeStatic(java.lang.Object, java.lang.Object, java.lang.Object)'> (0x0000000086756f08) 
thrown [s\open\src\hotspot\share\interpreter\linkResolver.cpp, line 766]
Event: 91.805 Thread 0x0000024478d97e20 Exception <a 'java/lang/NoSuchMethodError'{0x000000008675a6a8}: 'long java.lang.invoke.DirectMethodHandle$Holder.invokeStaticInit(java.lang.Object, java.lang.Object, java.lang.Object)'> (0x000000008675a6a8) 
thrown [s\open\src\hotspot\share\interpreter\linkResolver.cpp, line 766]
Event: 91.808 Thread 0x0000024478d97e20 Exception <a 'java/lang/NoSuchMethodError'{0x0000000086773058}: 'java.lang.Object java.lang.invoke.DirectMethodHandle$Holder.newInvokeSpecial(java.lang.Object, java.lang.Object, long)'> (0x0000000086773058) 
thrown [s\open\src\hotspot\share\interpreter\linkResolver.cpp, line 766]
Event: 91.808 Thread 0x0000024478d97e20 Exception <a 'java/lang/NoSuchMethodError'{0x0000000086776bd0}: 'java.lang.Object java.lang.invoke.Invokers$Holder.linkToTargetMethod(java.lang.Object, long, java.lang.Object)'> (0x0000000086776bd0) 
thrown [s\open\src\hotspot\share\interpreter\linkResolver.cpp, line 766]

VM Operations (20 events):
Event: 109.084 Executing VM operation: Cleanup done
Event: 109.581 Executing VM operation: G1TryInitiateConcMark
Event: 109.582 Executing VM operation: G1TryInitiateConcMark done
Event: 110.583 Executing VM operation: Cleanup
Event: 110.583 Executing VM operation: Cleanup done
Event: 111.092 Executing VM operation: G1TryInitiateConcMark
Event: 111.093 Executing VM operation: G1TryInitiateConcMark done
Event: 112.093 Executing VM operation: Cleanup
Event: 112.093 Executing VM operation: Cleanup done
Event: 112.233 Executing VM operation: G1TryInitiateConcMark
Event: 112.235 Executing VM operation: G1TryInitiateConcMark done
Event: 113.449 Executing VM operation: G1TryInitiateConcMark
Event: 113.450 Executing VM operation: G1TryInitiateConcMark done
Event: 114.702 Executing VM operation: G1TryInitiateConcMark
Event: 114.704 Executing VM operation: G1TryInitiateConcMark done
Event: 116.704 Executing VM operation: Cleanup
Event: 116.704 Executing VM operation: Cleanup done
Event: 120.706 Executing VM operation: Cleanup
Event: 120.706 Executing VM operation: Cleanup done
Event: 122.874 Executing VM operation: Exit

Events (20 events):
Event: 6.213 Loaded shared library C:\Program Files\Java\jdk-18.0.1.1\bin\awt.dll
Event: 10.078 Loaded shared library C:\Users\Admin\.openjfx\cache\19+11\amd64\javafx_font.dll
Event: 10.920 Thread 0x0000024478d96ae0 Thread added: 0x0000024478d96ae0
Event: 11.041 Thread 0x000002447a38aa50 Thread added: 0x000002447a38aa50
Event: 11.073 Loaded shared library C:\Users\Admin\.openjfx\cache\19+11\amd64\javafx_iio.dll
Event: 11.151 Thread 0x0000024478d96140 Thread added: 0x0000024478d96140
Event: 11.785 Thread 0x000002447a38aa50 Thread exited: 0x000002447a38aa50
Event: 12.114 Thread 0x00000244792e8c80 Thread added: 0x00000244792e8c80
Event: 14.701 Thread 0x0000024478d952d0 Thread added: 0x0000024478d952d0
Event: 20.042 Thread 0x00000244792e8c80 Thread exited: 0x00000244792e8c80
Event: 91.832 Thread 0x0000024479ecb860 Thread added: 0x0000024479ecb860
Event: 92.394 Thread 0x0000024479ecb860 Thread exited: 0x0000024479ecb860
Event: 93.565 Thread 0x0000024478d96fb0 Thread added: 0x0000024478d96fb0
Event: 94.348 Thread 0x0000024479ae78a0 Thread added: 0x0000024479ae78a0
Event: 115.246 Thread 0x0000024478d96fb0 Thread exited: 0x0000024478d96fb0
Event: 122.869 Thread 0x0000024479ae73d0 Thread added: 0x0000024479ae73d0
Event: 122.870 Thread 0x0000024479ae6f00 Thread added: 0x0000024479ae6f00
Event: 122.870 Thread 0x0000024479aeb260 Thread added: 0x0000024479aeb260
Event: 122.871 Thread 0x0000024479aeb260 Thread exited: 0x0000024479aeb260
Event: 122.874 Thread 0x0000024479ae6f00 Thread exited: 0x0000024479ae6f00


Dynamic libraries:
0x00007ff624de0000 - 0x00007ff624df0000 	C:\Program Files\Java\jdk-18.0.1.1\bin\java.exe
0x00007ffe8bed0000 - 0x00007ffe8c0c8000 	C:\Windows\SYSTEM32\ntdll.dll
0x00007ffe8adf0000 - 0x00007ffe8aead000 	C:\Windows\System32\KERNEL32.DLL
0x00007ffe89630000 - 0x00007ffe89902000 	C:\Windows\System32\KERNELBASE.dll
0x00007ffe89980000 - 0x00007ffe89a80000 	C:\Windows\System32\ucrtbase.dll
0x00007ffe7cbc0000 - 0x00007ffe7cbd8000 	C:\Program Files\Java\jdk-18.0.1.1\bin\jli.dll
0x00007ffe7cba0000 - 0x00007ffe7cbba000 	C:\Program Files\Java\jdk-18.0.1.1\bin\VCRUNTIME140.dll
0x00007ffe89f30000 - 0x00007ffe89fde000 	C:\Windows\System32\ADVAPI32.dll
0x00007ffe8aa90000 - 0x00007ffe8ab2e000 	C:\Windows\System32\msvcrt.dll
0x00007ffe8bdf0000 - 0x00007ffe8be8c000 	C:\Windows\System32\sechost.dll
0x00007ffe8a6a0000 - 0x00007ffe8a7c5000 	C:\Windows\System32\RPCRT4.dll
0x00007ffe8abf0000 - 0x00007ffe8ad8d000 	C:\Windows\System32\USER32.dll
0x00007ffe89c60000 - 0x00007ffe89c82000 	C:\Windows\System32\win32u.dll
0x00007ffe8afc0000 - 0x00007ffe8afeb000 	C:\Windows\System32\GDI32.dll
0x00007ffe7a100000 - 0x00007ffe7a39a000 	C:\Windows\WinSxS\amd64_microsoft.windows.common-controls_6595b64144ccf1df_6.0.19041.1110_none_60b5254171f9507e\COMCTL32.dll
0x00007ffe89cc0000 - 0x00007ffe89dcf000 	C:\Windows\System32\gdi32full.dll
0x00007ffe89bc0000 - 0x00007ffe89c5d000 	C:\Windows\System32\msvcp_win.dll
0x00007ffe7e660000 - 0x00007ffe7e66a000 	C:\Windows\SYSTEM32\VERSION.dll
0x00007ffe8a470000 - 0x00007ffe8a4a0000 	C:\Windows\System32\IMM32.DLL
0x00007ffe7d720000 - 0x00007ffe7d72c000 	C:\Program Files\Java\jdk-18.0.1.1\bin\vcruntime140_1.dll
0x00007ffe63320000 - 0x00007ffe633ad000 	C:\Program Files\Java\jdk-18.0.1.1\bin\msvcp140.dll
0x00007ffe4dd10000 - 0x00007ffe4e920000 	C:\Program Files\Java\jdk-18.0.1.1\bin\server\jvm.dll
0x00007ffe8ab30000 - 0x00007ffe8ab38000 	C:\Windows\System32\PSAPI.DLL
0x00007ffe86dc0000 - 0x00007ffe86dc9000 	C:\Windows\SYSTEM32\WSOCK32.dll
0x00007ffe7d670000 - 0x00007ffe7d697000 	C:\Windows\SYSTEM32\WINMM.dll
0x00007ffe8a7d0000 - 0x00007ffe8a83b000 	C:\Windows\System32\WS2_32.dll
0x00007ffe874a0000 - 0x00007ffe874b2000 	C:\Windows\SYSTEM32\kernel.appcore.dll
0x00007ffe7d230000 - 0x00007ffe7d23a000 	C:\Program Files\Java\jdk-18.0.1.1\bin\jimage.dll
0x00007ffe767f0000 - 0x00007ffe769d4000 	C:\Windows\SYSTEM32\DBGHELP.DLL
0x00007ffe765d0000 - 0x00007ffe765fc000 	C:\Windows\SYSTEM32\dbgcore.DLL
0x00007ffe89a80000 - 0x00007ffe89b02000 	C:\Windows\System32\bcryptPrimitives.dll
0x00007ffe7cc00000 - 0x00007ffe7cc0e000 	C:\Program Files\Java\jdk-18.0.1.1\bin\instrument.dll
0x00007ffe7c3c0000 - 0x00007ffe7c3e5000 	C:\Program Files\Java\jdk-18.0.1.1\bin\java.dll
0x00007ffe5b7c0000 - 0x00007ffe5b896000 	C:\Program Files\Java\jdk-18.0.1.1\bin\jsvml.dll
0x00007ffe8b6a0000 - 0x00007ffe8bde3000 	C:\Windows\System32\SHELL32.dll
0x00007ffe876a0000 - 0x00007ffe87e31000 	C:\Windows\SYSTEM32\windows.storage.dll
0x00007ffe8a110000 - 0x00007ffe8a464000 	C:\Windows\System32\combase.dll
0x00007ffe88f60000 - 0x00007ffe88f90000 	C:\Windows\SYSTEM32\Wldp.dll
0x00007ffe8af10000 - 0x00007ffe8afbd000 	C:\Windows\System32\SHCORE.dll
0x00007ffe8aeb0000 - 0x00007ffe8af05000 	C:\Windows\System32\shlwapi.dll
0x00007ffe89520000 - 0x00007ffe8953f000 	C:\Windows\SYSTEM32\profapi.dll
0x00007ffe7a730000 - 0x00007ffe7a743000 	C:\Program Files\Java\jdk-18.0.1.1\bin\net.dll
0x00007ffe7c800000 - 0x00007ffe7c90d000 	C:\Windows\SYSTEM32\WINHTTP.dll
0x00007ffe88cc0000 - 0x00007ffe88d2a000 	C:\Windows\system32\mswsock.dll
0x00007ffe79be0000 - 0x00007ffe79bf6000 	C:\Program Files\Java\jdk-18.0.1.1\bin\nio.dll
0x00007ffe72f80000 - 0x00007ffe72f98000 	C:\Program Files\Java\jdk-18.0.1.1\bin\zip.dll
0x00007ffe766d0000 - 0x00007ffe766ea000 	C:\Program Files\JetBrains\IntelliJ IDEA Community Edition 2022.1.1\bin\breakgen64.dll
0x0000024455110000 - 0x0000024455113000 	C:\Users\Admin\.openjfx\cache\19+11\amd64\api-ms-win-core-console-l1-1-0.dll
0x0000024455120000 - 0x0000024455123000 	C:\Users\Admin\.openjfx\cache\19+11\amd64\api-ms-win-core-console-l1-2-0.dll
0x0000024457020000 - 0x0000024457023000 	C:\Users\Admin\.openjfx\cache\19+11\amd64\api-ms-win-core-datetime-l1-1-0.dll
0x0000024457030000 - 0x0000024457033000 	C:\Users\Admin\.openjfx\cache\19+11\amd64\api-ms-win-core-debug-l1-1-0.dll
0x0000024457040000 - 0x0000024457043000 	C:\Users\Admin\.openjfx\cache\19+11\amd64\api-ms-win-core-errorhandling-l1-1-0.dll
0x0000024457050000 - 0x0000024457054000 	C:\Users\Admin\.openjfx\cache\19+11\amd64\api-ms-win-core-file-l1-1-0.dll
0x0000024457060000 - 0x0000024457063000 	C:\Users\Admin\.openjfx\cache\19+11\amd64\api-ms-win-core-file-l1-2-0.dll
0x0000024457070000 - 0x0000024457073000 	C:\Users\Admin\.openjfx\cache\19+11\amd64\api-ms-win-core-file-l2-1-0.dll
0x0000024457080000 - 0x0000024457083000 	C:\Users\Admin\.openjfx\cache\19+11\amd64\api-ms-win-core-handle-l1-1-0.dll
0x0000024457090000 - 0x0000024457093000 	C:\Users\Admin\.openjfx\cache\19+11\amd64\api-ms-win-core-heap-l1-1-0.dll
0x00000244570a0000 - 0x00000244570a3000 	C:\Users\Admin\.openjfx\cache\19+11\amd64\api-ms-win-core-interlocked-l1-1-0.dll
0x00000244570b0000 - 0x00000244570b3000 	C:\Users\Admin\.openjfx\cache\19+11\amd64\api-ms-win-core-libraryloader-l1-1-0.dll
0x00000244570c0000 - 0x00000244570c3000 	C:\Users\Admin\.openjfx\cache\19+11\amd64\api-ms-win-core-localization-l1-2-0.dll
0x00000244570d0000 - 0x00000244570d3000 	C:\Users\Admin\.openjfx\cache\19+11\amd64\api-ms-win-core-memory-l1-1-0.dll
0x00000244570e0000 - 0x00000244570e3000 	C:\Users\Admin\.openjfx\cache\19+11\amd64\api-ms-win-core-namedpipe-l1-1-0.dll
0x0000024474b70000 - 0x0000024474b73000 	C:\Users\Admin\.openjfx\cache\19+11\amd64\api-ms-win-core-processenvironment-l1-1-0.dll
0x0000024474b80000 - 0x0000024474b83000 	C:\Users\Admin\.openjfx\cache\19+11\amd64\api-ms-win-core-processthreads-l1-1-0.dll
0x0000024474b90000 - 0x0000024474b93000 	C:\Users\Admin\.openjfx\cache\19+11\amd64\api-ms-win-core-processthreads-l1-1-1.dll
0x0000024474ba0000 - 0x0000024474ba3000 	C:\Users\Admin\.openjfx\cache\19+11\amd64\api-ms-win-core-profile-l1-1-0.dll
0x0000024474bb0000 - 0x0000024474bb3000 	C:\Users\Admin\.openjfx\cache\19+11\amd64\api-ms-win-core-rtlsupport-l1-1-0.dll
0x0000024474bc0000 - 0x0000024474bc3000 	C:\Users\Admin\.openjfx\cache\19+11\amd64\api-ms-win-core-string-l1-1-0.dll
0x0000024474bd0000 - 0x0000024474bd3000 	C:\Users\Admin\.openjfx\cache\19+11\amd64\api-ms-win-core-synch-l1-1-0.dll
0x0000024474be0000 - 0x0000024474be3000 	C:\Users\Admin\.openjfx\cache\19+11\amd64\api-ms-win-core-synch-l1-2-0.dll
0x0000024474bf0000 - 0x0000024474bf3000 	C:\Users\Admin\.openjfx\cache\19+11\amd64\api-ms-win-core-sysinfo-l1-1-0.dll
0x000002447a7d0000 - 0x000002447a7d3000 	C:\Users\Admin\.openjfx\cache\19+11\amd64\api-ms-win-core-timezone-l1-1-0.dll
0x000002447a7e0000 - 0x000002447a7e3000 	C:\Users\Admin\.openjfx\cache\19+11\amd64\api-ms-win-core-util-l1-1-0.dll
0x000002447a7f0000 - 0x000002447a7f3000 	C:\Users\Admin\.openjfx\cache\19+11\amd64\api-ms-win-crt-conio-l1-1-0.dll
0x000002447a800000 - 0x000002447a804000 	C:\Users\Admin\.openjfx\cache\19+11\amd64\api-ms-win-crt-convert-l1-1-0.dll
0x000002447a810000 - 0x000002447a813000 	C:\Users\Admin\.openjfx\cache\19+11\amd64\api-ms-win-crt-environment-l1-1-0.dll
0x000002447a820000 - 0x000002447a823000 	C:\Users\Admin\.openjfx\cache\19+11\amd64\api-ms-win-crt-filesystem-l1-1-0.dll
0x000002447a830000 - 0x000002447a833000 	C:\Users\Admin\.openjfx\cache\19+11\amd64\api-ms-win-crt-heap-l1-1-0.dll
0x000002447a840000 - 0x000002447a843000 	C:\Users\Admin\.openjfx\cache\19+11\amd64\api-ms-win-crt-locale-l1-1-0.dll
0x000002447a850000 - 0x000002447a855000 	C:\Users\Admin\.openjfx\cache\19+11\amd64\api-ms-win-crt-math-l1-1-0.dll
0x000002447a860000 - 0x000002447a865000 	C:\Users\Admin\.openjfx\cache\19+11\amd64\api-ms-win-crt-multibyte-l1-1-0.dll
0x000002447a870000 - 0x000002447a880000 	C:\Users\Admin\.openjfx\cache\19+11\amd64\api-ms-win-crt-private-l1-1-0.dll
0x000002447a880000 - 0x000002447a883000 	C:\Users\Admin\.openjfx\cache\19+11\amd64\api-ms-win-crt-process-l1-1-0.dll
0x000002447a890000 - 0x000002447a894000 	C:\Users\Admin\.openjfx\cache\19+11\amd64\api-ms-win-crt-runtime-l1-1-0.dll
0x000002447a8a0000 - 0x000002447a8a4000 	C:\Users\Admin\.openjfx\cache\19+11\amd64\api-ms-win-crt-stdio-l1-1-0.dll
0x000002447a8b0000 - 0x000002447a8b4000 	C:\Users\Admin\.openjfx\cache\19+11\amd64\api-ms-win-crt-string-l1-1-0.dll
0x000002447a8c0000 - 0x000002447a8c3000 	C:\Users\Admin\.openjfx\cache\19+11\amd64\api-ms-win-crt-time-l1-1-0.dll
0x000002447a8d0000 - 0x000002447a8d3000 	C:\Users\Admin\.openjfx\cache\19+11\amd64\api-ms-win-crt-utility-l1-1-0.dll
0x00007ffe5a040000 - 0x00007ffe5a13c000 	C:\Users\Admin\.openjfx\cache\19+11\amd64\ucrtbase.dll
0x00007ffe74020000 - 0x00007ffe7403b000 	C:\Users\Admin\.openjfx\cache\19+11\amd64\vcruntime140.dll
0x00007ffe7c6c0000 - 0x00007ffe7c6cc000 	C:\Users\Admin\.openjfx\cache\19+11\amd64\vcruntime140_1.dll
0x00007ffe5a8d0000 - 0x00007ffe5a95e000 	C:\Users\Admin\.openjfx\cache\19+11\amd64\msvcp140.dll
0x00007ffe7bf30000 - 0x00007ffe7bf39000 	C:\Users\Admin\.openjfx\cache\19+11\amd64\msvcp140_1.dll
0x00007ffe73ff0000 - 0x00007ffe74020000 	C:\Users\Admin\.openjfx\cache\19+11\amd64\msvcp140_2.dll
0x00007ffe69a20000 - 0x00007ffe69a4c000 	C:\Users\Admin\.openjfx\cache\19+11\amd64\prism_d3d.dll
0x00007ffe7d2d0000 - 0x00007ffe7d49f000 	C:\Windows\system32\d3d9.dll
0x00007ffe871b0000 - 0x00007ffe871df000 	C:\Windows\SYSTEM32\dwmapi.dll
0x00007ffe86fc0000 - 0x00007ffe8705e000 	C:\Windows\system32\uxtheme.dll
0x00007ffe89dd0000 - 0x00007ffe89f26000 	C:\Windows\System32\crypt32.dll
0x00007ffe890f0000 - 0x00007ffe89102000 	C:\Windows\SYSTEM32\MSASN1.dll
0x00007ffe88eb0000 - 0x00007ffe88ec8000 	C:\Windows\SYSTEM32\CRYPTSP.dll
0x00007ffe885e0000 - 0x00007ffe88614000 	C:\Windows\system32\rsaenh.dll
0x00007ffe89c90000 - 0x00007ffe89cb7000 	C:\Windows\System32\bcrypt.dll
0x00007ffe88ed0000 - 0x00007ffe88edc000 	C:\Windows\SYSTEM32\CRYPTBASE.dll
0x00007ffe5ccf0000 - 0x00007ffe5cd32000 	C:\Users\Admin\.openjfx\cache\19+11\amd64\glass.dll
0x00007ffe8a8a0000 - 0x00007ffe8a97a000 	C:\Windows\System32\COMDLG32.dll
0x00007ffe89fe0000 - 0x00007ffe8a10a000 	C:\Windows\System32\ole32.dll
0x00007ffe8a990000 - 0x00007ffe8aa5d000 	C:\Windows\System32\OLEAUT32.dll
0x00007ffe8a520000 - 0x00007ffe8a635000 	C:\Windows\System32\MSCTF.dll
0x00007ffe89450000 - 0x00007ffe8949b000 	C:\Windows\system32\powrprof.dll
0x00007ffe89430000 - 0x00007ffe89442000 	C:\Windows\SYSTEM32\UMPDC.dll
0x00007ffe66df0000 - 0x00007ffe67056000 	C:\Windows\system32\nvspcap64.dll
0x00007ffe88700000 - 0x00007ffe88733000 	C:\Windows\SYSTEM32\ntmarta.dll
0x00007ffe84aa0000 - 0x00007ffe84adb000 	C:\Windows\SYSTEM32\dxcore.dll
0x00007ffe895e0000 - 0x00007ffe8962e000 	C:\Windows\System32\cfgmgr32.dll
0x00007ffe7e9c0000 - 0x00007ffe7ee25000 	C:\Windows\SYSTEM32\igdusc64.dll
0x00007ffe3af80000 - 0x00007ffe3e181000 	D:\Phi Long\HocTap\DuAn\identifyInformationWithPictures_ClientServer\Server\libs\x64\opencv_java455.dll
0x00007ffe73c40000 - 0x00007ffe73dfc000 	C:\Windows\SYSTEM32\MFPlat.DLL
0x00007ffe5d190000 - 0x00007ffe5d214000 	C:\Windows\SYSTEM32\MF.dll
0x00007ffe57300000 - 0x00007ffe5740a000 	C:\Windows\SYSTEM32\MFReadWrite.dll
0x00007ffe4d880000 - 0x00007ffe4dd0e000 	C:\Windows\SYSTEM32\MFCORE.DLL
0x00007ffe73970000 - 0x00007ffe73979000 	C:\Windows\SYSTEM32\ksuser.dll
0x00007ffe809a0000 - 0x00007ffe809d4000 	C:\Windows\SYSTEM32\RTWorkQ.DLL
0x00007ffe52d20000 - 0x00007ffe52eaf000 	C:\Program Files\Java\jdk-18.0.1.1\bin\awt.dll
0x00007ffe86de0000 - 0x00007ffe86e71000 	C:\Windows\SYSTEM32\apphelp.dll
0x00007ffe82c70000 - 0x00007ffe82c84000 	C:\Users\Admin\.openjfx\cache\19+11\amd64\javafx_font.dll
0x00007ffe79e80000 - 0x00007ffe7a0ff000 	C:\Windows\SYSTEM32\dwrite.dll
0x00007ffe61830000 - 0x00007ffe6185d000 	C:\Users\Admin\.openjfx\cache\19+11\amd64\javafx_iio.dll

dbghelp: loaded successfully - version: 4.0.5 - missing functions: none
symbol engine: initialized successfully - sym options: 0x614 - pdb path: .;C:\Program Files\Java\jdk-18.0.1.1\bin;C:\Windows\SYSTEM32;C:\Windows\WinSxS\amd64_microsoft.windows.common-controls_6595b64144ccf1df_6.0.19041.1110_none_60b5254171f9507e;C:\Program Files\Java\jdk-18.0.1.1\bin\server;C:\Program Files\JetBrains\IntelliJ IDEA Community Edition 2022.1.1\bin;C:\Users\Admin\.openjfx\cache\19+11\amd64;C:\Windows\System32\DriverStore\FileRepository\nvdmi.inf_amd64_b79991c48f5211ac;D:\Phi Long\HocTap\DuAn\identifyInformationWithPictures_ClientServer\Server\libs\x64;C:\Program Files\Common Files\Microsoft Shared\Ink;C:\Program Files\Intel\Media SDK;C:\Program Files (x86)\Common Files\Intel\OpenCL\bin\x64;C:\Program Files (x86)\Common Files\Intel\OpenCL\bin\x64\tbb

VM Arguments:
jvm_args: -Djava.library.path=D:\Phi Long\HocTap\DuAn\identifyInformationWithPictures_ClientServer\Server\libs\x64 -javaagent:C:\Program Files\JetBrains\IntelliJ IDEA Community Edition 2022.1.1\lib\idea_rt.jar=58027:C:\Program Files\JetBrains\IntelliJ IDEA Community Edition 2022.1.1\bin -Dfile.encoding=UTF-8 --module-path=C:\Users\Admin\.m2\repository\org\openjfx\javafx-controls\19\javafx-controls-19-win.jar;C:\Users\Admin\.m2\repository\org\openjfx\javafx-base\19\javafx-base-19-win.jar;C:\Users\Admin\.m2\repository\org\openjfx\javafx-graphics\19\javafx-graphics-19-win.jar;D:\Phi Long\HocTap\DuAn\identifyInformationWithPictures_ClientServer\Entities\target\classes;C:\Users\Admin\.m2\repository\org\openjfx\javafx-fxml\19\javafx-fxml-19-win.jar;C:\Users\Admin\.m2\repository\org\openjfx\javafx-swing\20-ea+4\javafx-swing-20-ea+4-win.jar;C:\Users\Admin\.m2\repository\mysql\mysql-connector-java\8.0.30\mysql-connector-java-8.0.30.jar;D:\Phi Long\HocTap\DuAn\identifyInformationWithPictures_ClientServer\Server\libs\opencv-455.jar;D:\Phi Long\HocTap\DuAn\identifyInformationWithPictures_ClientServer\Library\target\classes;D:\Phi Long\HocTap\DuAn\identifyInformationWithPictures_ClientServer\Server\target\classes -Djdk.module.main=com.example.server 
java_command: com.example.server/com.example.server.ServerApplication
java_class_path (initial): C:\Users\Admin\.m2\repository\org\openjfx\javafx-controls\19\javafx-controls-19.jar;C:\Users\Admin\.m2\repository\org\openjfx\javafx-graphics\19\javafx-graphics-19.jar;C:\Users\Admin\.m2\repository\org\openjfx\javafx-base\19\javafx-base-19.jar;C:\Users\Admin\.m2\repository\org\openjfx\javafx-fxml\19\javafx-fxml-19.jar;C:\Users\Admin\.m2\repository\org\openjfx\javafx-swing\20-ea+4\javafx-swing-20-ea+4.jar;C:\Users\Admin\.m2\repository\com\google\protobuf\protobuf-java\3.19.4\protobuf-java-3.19.4.jar;C:\Users\Admin\.m2\repository\com\nativelibs4java\bridj\0.7-20140918-2\bridj-0.7-20140918-2.jar
Launcher Type: SUN_STANDARD

[Global flags]
     intx CICompilerCount                          = 3                                         {product} {ergonomic}
     uint ConcGCThreads                            = 1                                         {product} {ergonomic}
     uint G1ConcRefinementThreads                  = 4                                         {product} {ergonomic}
   size_t G1HeapRegionSize                         = 1048576                                   {product} {ergonomic}
    uintx GCDrainStackTargetSize                   = 64                                        {product} {ergonomic}
   size_t InitialHeapSize                          = 132120576                                 {product} {ergonomic}
   size_t MarkStackSize                            = 4194304                                   {product} {ergonomic}
   size_t MaxHeapSize                              = 2113929216                                {product} {ergonomic}
   size_t MaxNewSize                               = 1267728384                                {product} {ergonomic}
   size_t MinHeapDeltaBytes                        = 1048576                                   {product} {ergonomic}
   size_t MinHeapSize                              = 8388608                                   {product} {ergonomic}
    uintx NonNMethodCodeHeapSize                   = 5832780                                {pd product} {ergonomic}
    uintx NonProfiledCodeHeapSize                  = 122912730                              {pd product} {ergonomic}
    uintx ProfiledCodeHeapSize                     = 122912730                              {pd product} {ergonomic}
    uintx ReservedCodeCacheSize                    = 251658240                              {pd product} {ergonomic}
     bool SegmentedCodeCache                       = true                                      {product} {ergonomic}
   size_t SoftMaxHeapSize                          = 2113929216                             {manageable} {ergonomic}
     bool UseCompressedClassPointers               = true                           {product lp64_product} {ergonomic}
     bool UseCompressedOops                        = true                           {product lp64_product} {ergonomic}
     bool UseG1GC                                  = true                                      {product} {ergonomic}
     bool UseLargePagesIndividualAllocation        = false                                  {pd product} {ergonomic}

Logging:
Log output configuration:
 #0: stdout all=off uptime,level,tags foldmultilines=false
 #1: stderr all=off uptime,level,tags foldmultilines=false

Environment Variables:
PATH=C:\Program Files\Java\jdk-18.0.1.1\bin;C:\Windows\system32;C:\Windows;C:\Windows\System32\Wbem;C:\Windows\System32\WindowsPowerShell\v1.0\;C:\Windows\System32\OpenSSH\;C:\Program Files (x86)\NVIDIA Corporation\PhysX\Common;C:\Program Files\dotnet\;C:\Users\Admin\AppData\Local\Microsoft\WindowsApps;;C:\Program Files\JetBrains\IntelliJ IDEA Community Edition 2022.1.1\bin;;C:\Users\Admin\.dotnet\tools
USERNAME=Admin
OS=Windows_NT
PROCESSOR_IDENTIFIER=Intel64 Family 6 Model 58 Stepping 9, GenuineIntel



---------------  S Y S T E M  ---------------

OS:
 Windows 10 , 64 bit Build 19041 (10.0.19041.1889)
OS uptime: 6 days 2:04 hours

CPU: total 4 (initial active 4) (2 cores per cpu, 2 threads per core) family 6 model 58 stepping 9 microcode 0x21, cx8, cmov, fxsr, ht, mmx, sse, sse2, sse3, ssse3, sse4.1, sse4.2, popcnt, tsc, tscinvbit, avx, erms, clmul, vzeroupper, clflush

Memory: 4k page, system-wide physical 8057M (2169M free)
TotalPageFile size 12450M (AvailPageFile size 2025M)
current process WorkingSet (physical memory assigned to process): 341M, peak: 513M
current process commit charge ("private bytes"): 537M, peak: 728M

vm_info: Java HotSpot(TM) 64-Bit Server VM (18.0.1.1+2-6) for windows-amd64 JRE (18.0.1.1+2-6), built on Apr 25 2022 21:53:15 by "mach5one" with MS VC++ 16.8 / 16.9 (VS2019)

END.
