#
# A fatal error has been detected by the Java Runtime Environment:
#
#  EXCEPTION_ACCESS_VIOLATION (0xc0000005) at pc=0x00007fff9963faad, pid=6996, tid=10884
#
# JRE version: Java(TM) SE Runtime Environment (18.0.1.1+2) (build 18.0.1.1+2-6)
# Java VM: Java HotSpot(TM) 64-Bit Server VM (18.0.1.1+2-6, mixed mode, sharing, tiered, compressed oops, compressed class ptrs, g1 gc, windows-amd64)
# Problematic frame:
# C  [ntdll.dll+0x2faad]
#
# No core dump will be written. Minidumps are not enabled by default on client versions of Windows
#
# If you would like to submit a bug report, please visit:
#   https://bugreport.java.com/bugreport/crash.jsp
#

---------------  S U M M A R Y ------------

Command Line: -Djava.library.path=D:\Phi Long\HocTap\DuAn\identifyInformationWithPictures_ClientServer\Server\libs\x64 -javaagent:C:\Program Files\JetBrains\IntelliJ IDEA Community Edition 2022.1.1\lib\idea_rt.jar=51280:C:\Program Files\JetBrains\IntelliJ IDEA Community Edition 2022.1.1\bin -Dfile.encoding=UTF-8 --module-path=C:\Users\Admin\.m2\repository\org\openjfx\javafx-controls\19\javafx-controls-19-win.jar;C:\Users\Admin\.m2\repository\org\openjfx\javafx-graphics\19\javafx-graphics-19-win.jar;C:\Users\Admin\.m2\repository\org\openjfx\javafx-fxml\19\javafx-fxml-19-win.jar;C:\Users\Admin\.m2\repository\org\openjfx\javafx-base\19\javafx-base-19-win.jar;D:\Phi Long\HocTap\DuAn\identifyInformationWithPictures_ClientServer\Entities\target\classes;D:\Phi Long\HocTap\DuAn\identifyInformationWithPictures_ClientServer\Server\libs\opencv-455.jar;D:\Phi Long\HocTap\DuAn\identifyInformationWithPictures_ClientServer\Server\target\classes;C:\Users\Admin\.m2\repository\org\openjfx\javafx-swing\20-ea+4\javafx-swing-20-ea+4-win.jar;C:\Users\Admin\.m2\repository\mysql\mysql-connector-java\8.0.30\mysql-connector-java-8.0.30.jar;D:\Phi Long\HocTap\DuAn\identifyInformationWithPictures_ClientServer\Library\target\classes -Djdk.module.main=com.example.server com.example.server/com.example.server.ServerApplication

Host: Intel(R) Core(TM) i3-3110M CPU @ 2.40GHz, 4 cores, 7G,  Windows 10 , 64 bit Build 19041 (10.0.19041.1889)
Time: Wed Nov  9 12:07:46 2022 SE Asia Standard Time elapsed time: 172.155385 seconds (0d 0h 2m 52s)

---------------  T H R E A D  ---------------

Current thread (0x0000023f16aa8ac0):  VMThread "VM Thread" [stack: 0x0000004661c00000,0x0000004661d00000] [id=10884]

Stack: [0x0000004661c00000,0x0000004661d00000],  sp=0x0000004661cfec30,  free space=1019k
Native frames: (J=compiled Java code, j=interpreted, Vv=VM code, C=native code)
C  [ntdll.dll+0x2faad]
C  0x00007fff3d0461e2


siginfo: EXCEPTION_ACCESS_VIOLATION (0xc0000005), writing address 0x0000000000000018


Register to memory mapping:

RIP=0x00007fff9963faad ntdll.dll
RAX=0x000000466109d000 points into unknown readable memory: 0x0000000000000000 | 00 00 00 00 00 00 00 00
RBX=0x0 is NULL
RCX=0x0000000000000010 is an unknown value
RDX=0x0000023f1b251a10 points into unknown readable memory: 0x00007fff3d1effa0 | a0 ff 1e 3d ff 7f 00 00
RSP=0x0000004661cfec30 points into unknown readable memory: 0x0000023f1bef62c0 | c0 62 ef 1b 3f 02 00 00
RBP=0x0000004661cff190 points into unknown readable memory: 0x0000023f7930e9e0 | e0 e9 30 79 3f 02 00 00
RSI=0x0000000000000010 is an unknown value
RDI=0x0000023f1b251a10 points into unknown readable memory: 0x00007fff3d1effa0 | a0 ff 1e 3d ff 7f 00 00
R8 =0x000000000000003a is an unknown value
R9 =0x000000000000003a is an unknown value
R10=0x0000000000000038 is an unknown value
R11=0x0000004661cfec80 points into unknown readable memory: 0x0000023f1b645350 | 50 53 64 1b 3f 02 00 00
R12=0x0000023f1c21c0a0 points into unknown readable memory: 0x003fb5bf73304207 | 07 42 30 73 bf b5 3f 00
R13=0x0000000000000040 is an unknown value
R14=0x0000023f1c21c7d0 points into unknown readable memory: 0x00004a20dc6b3c07 | 07 3c 6b dc 20 4a 00 00
R15=0x0000004661cfee40 points into unknown readable memory: 0x0000004661cfee60 | 60 ee cf 61 46 00 00 00


Registers:
RAX=0x000000466109d000, RBX=0x0000000000000000, RCX=0x0000000000000010, RDX=0x0000023f1b251a10
RSP=0x0000004661cfec30, RBP=0x0000004661cff190, RSI=0x0000000000000010, RDI=0x0000023f1b251a10
R8 =0x000000000000003a, R9 =0x000000000000003a, R10=0x0000000000000038, R11=0x0000004661cfec80
R12=0x0000023f1c21c0a0, R13=0x0000000000000040, R14=0x0000023f1c21c7d0, R15=0x0000004661cfee40
RIP=0x00007fff9963faad, EFLAGS=0x0000000000010206

Top of Stack: (sp=0x0000004661cfec30)
0x0000004661cfec30:   0000023f1bef62c0 00007fff9963604c
0x0000004661cfec40:   0000023f77050000 0000000000000000
0x0000004661cfec50:   0000023f1c2549f0 00007fff3d0461e2
0x0000004661cfec60:   0000023f00000034 0000000000000034
0x0000004661cfec70:   00004a66bda4d727 0000023f1d025060
0x0000004661cfec80:   0000023f1b645350 00007fff3d040e15
0x0000004661cfec90:   0000000000000062 0000023f1b251a10
0x0000004661cfeca0:   00000000ffffffff 0000023f0062ed10
0x0000004661cfecb0:   0000023f1b223b30 00007fff3e9af42e
0x0000004661cfecc0:   0000023f1b645320 0000000000000000
0x0000004661cfecd0:   0000023f00000000 0000023f00000026
0x0000004661cfece0:   0000000000000000 0000000000000034
0x0000004661cfecf0:   0000000000000000 0000023f1b645320
0x0000004661cfed00:   0000023f1bd08f30 00007fff00000025
0x0000004661cfed10:   0000023f1bf4f8a0 0000023f1c211020
0x0000004661cfed20:   00004a66bda4d0c7 0000000000000062 

Instructions: (pc=0x00007fff9963faad)
0x00007fff9963f9ad:   48 b8 7f 7f 7f 7f 7f 7f 7f 7f 41 8b c8 48 0b cb
0x00007fff9963f9bd:   48 23 c8 83 e6 1f 49 89 8c f4 40 a5 16 00 48 81
0x00007fff9963f9cd:   c4 98 00 00 00 41 5f 41 5e 41 5d 41 5c 5f 5e 5b
0x00007fff9963f9dd:   5d c3 cc 33 d2 41 8b c6 41 f7 f0 44 8b c8 e9 d6
0x00007fff9963f9ed:   fc ff ff 41 8d 57 ff 41 85 d7 0f 84 93 38 08 00
0x00007fff9963f9fd:   41 b8 00 10 00 00 41 b9 ff ff 00 00 e9 bc 38 08
0x00007fff9963fa0d:   00 cc cc cc cc cc cc 48 8b c4 48 89 58 08 48 89
0x00007fff9963fa1d:   68 10 48 89 70 18 48 89 78 20 41 56 48 83 ec 20
0x00007fff9963fa2d:   40 8a ea 4c 8d 35 99 d1 13 00 48 8b f1 33 db 48
0x00007fff9963fa3d:   8d 0d 9d d1 13 00 e8 58 00 00 00 4c 8b 05 81 d1
0x00007fff9963fa4d:   13 00 4d 3b c6 0f 85 88 3b 08 00 48 85 db 75 33
0x00007fff9963fa5d:   48 8d 0d 7c d1 13 00 e8 c7 f7 ff ff 48 85 db 0f
0x00007fff9963fa6d:   85 a3 3b 08 00 33 c0 48 8b 5c 24 30 48 8b 6c 24
0x00007fff9963fa7d:   38 48 8b 74 24 40 48 8b 7c 24 48 48 83 c4 20 41
0x00007fff9963fa8d:   5e c3 cc f0 ff 43 3c eb c7 cc cc cc cc cc cc cc
0x00007fff9963fa9d:   cc cc cc 48 83 ec 28 65 48 8b 04 25 30 00 00 00
0x00007fff9963faad:   f0 0f ba 71 08 00 48 8b 40 48 73 13 48 89 41 10
0x00007fff9963fabd:   33 c0 c7 41 0c 01 00 00 00 48 83 c4 28 c3 cc 48
0x00007fff9963facd:   39 41 10 75 0b ff 41 0c 33 c0 48 83 c4 28 c3 cc
0x00007fff9963fadd:   e8 0e 00 00 00 eb e2 cc cc cc cc cc cc cc cc cc
0x00007fff9963faed:   cc cc cc 48 89 5c 24 18 55 56 57 41 54 41 55 41
0x00007fff9963fafd:   56 41 57 48 83 ec 20 8b 41 20 48 8b f1 48 0f ba
0x00007fff9963fb0d:   e0 1a 0f 82 df 01 00 00 33 ff 40 32 ed 66 83 3c
0x00007fff9963fb1d:   25 6a 03 fe 7f 01 76 19 48 8b 7e 20 48 8b c7 81
0x00007fff9963fb2d:   e7 ff ff ff 00 25 00 00 00 02 48 85 c0 40 0f 95
0x00007fff9963fb3d:   c5 45 32 ff b0 01 45 32 e4 41 bd 01 00 00 00 45
0x00007fff9963fb4d:   33 c0 ba 6a 03 fe 7f 84 c0 0f 84 14 01 00 00 8b
0x00007fff9963fb5d:   46 08 4c 8d 4e 08 45 84 e4 41 be 03 00 00 00 45
0x00007fff9963fb6d:   0f 44 f5 41 84 c5 0f 85 e2 00 00 00 8d 0c bf 03
0x00007fff9963fb7d:   c9 66 44 39 2a 0f 86 e8 00 00 00 4d 85 c9 74 0e
0x00007fff9963fb8d:   80 3c 25 97 02 fe 7f 00 0f 85 a9 3a 08 00 0f b7
0x00007fff9963fb9d:   1c 25 d6 02 fe 7f 83 fb 0c 0f 85 a2 00 00 00 b8 


Stack slot to memory mapping:
stack at sp + 0 slots: 0x0000023f1bef62c0 points into unknown readable memory: 0x0000023f1bd0a110 | 10 a1 d0 1b 3f 02 00 00
stack at sp + 1 slots: 0x00007fff9963604c ntdll.dll
stack at sp + 2 slots: 0x0000023f77050000 points into unknown readable memory: 0x0000000000000000 | 00 00 00 00 00 00 00 00
stack at sp + 3 slots: 0x0 is NULL
stack at sp + 4 slots: 0x0000023f1c2549f0 points into unknown readable memory: 0x4929492804000166 | 66 01 00 04 28 49 29 49
stack at sp + 5 slots: 0x00007fff3d0461e2 points into unknown readable memory: 48 8b 13 48 8b 42
stack at sp + 6 slots: 0x0000023f00000034 points into unknown readable memory: 94 01 00 01
stack at sp + 7 slots: 0x0000000000000034 is an unknown value

VM_Operation (0x00000046614ff2c0): Exit, mode: safepoint, requested by thread 0x0000023f1bfe8ba0


---------------  P R O C E S S  ---------------

Threads class SMR info:
_java_thread_list=0x0000023f1adfd100, length=22, elements={
0x0000023f16aacad0, 0x0000023f16aad730, 0x0000023f16ac8f50, 0x0000023f16ac98f0,
0x0000023f16aca290, 0x0000023f16acac30, 0x0000023f16acb900, 0x0000023f16ace2f0,
0x0000023f16b53610, 0x0000023f1ad596e0, 0x0000023f1aec2660, 0x0000023f1b868630,
0x0000023f1bd0c880, 0x0000023f1c21cd70, 0x0000023f1c3e3020, 0x0000023f1c839a20,
0x0000023f1c839080, 0x0000023f1c836a00, 0x0000023f1c836ed0, 0x0000023f1c838210,
0x0000023f1c837870, 0x0000023f1bfe8ba0
}

Java Threads: ( => current thread )
  0x0000023f16aacad0 JavaThread "Reference Handler" daemon [_thread_blocked, id=748, stack(0x0000004661d00000,0x0000004661e00000)]
  0x0000023f16aad730 JavaThread "Finalizer" daemon [_thread_blocked, id=1492, stack(0x0000004661e00000,0x0000004661f00000)]
  0x0000023f16ac8f50 JavaThread "Signal Dispatcher" daemon [_thread_blocked, id=5548, stack(0x0000004661f00000,0x0000004662000000)]
  0x0000023f16ac98f0 JavaThread "Attach Listener" daemon [_thread_blocked, id=2904, stack(0x0000004662000000,0x0000004662100000)]
  0x0000023f16aca290 JavaThread "Service Thread" daemon [_thread_blocked, id=6112, stack(0x0000004662100000,0x0000004662200000)]
  0x0000023f16acac30 JavaThread "Monitor Deflation Thread" daemon [_thread_blocked, id=10408, stack(0x0000004662200000,0x0000004662300000)]
  0x0000023f16acb900 JavaThread "C2 CompilerThread0" daemon [_thread_blocked, id=7392, stack(0x0000004662300000,0x0000004662400000)]
  0x0000023f16ace2f0 JavaThread "C1 CompilerThread0" daemon [_thread_blocked, id=508, stack(0x0000004662400000,0x0000004662500000)]
  0x0000023f16b53610 JavaThread "Sweeper thread" daemon [_thread_blocked, id=7608, stack(0x0000004662500000,0x0000004662600000)]
  0x0000023f1ad596e0 JavaThread "Common-Cleaner" daemon [_thread_blocked, id=7912, stack(0x0000004662600000,0x0000004662700000)]
  0x0000023f1aec2660 JavaThread "Monitor Ctrl-Break" daemon [_thread_in_native, id=4688, stack(0x0000004662800000,0x0000004662900000)]
  0x0000023f1b868630 JavaThread "Notification Thread" daemon [_thread_blocked, id=2608, stack(0x0000004662900000,0x0000004662a00000)]
  0x0000023f1bd0c880 JavaThread "InvokeLaterDispatcher" daemon [_thread_blocked, id=1108, stack(0x0000004662f00000,0x0000004663000000)]
  0x0000023f1c21cd70 JavaThread "Thread-1" daemon [_thread_in_native, id=10812, stack(0x0000004663200000,0x0000004663300000)]
  0x0000023f1c3e3020 JavaThread "Prism Font Disposer" daemon [_thread_blocked, id=11668, stack(0x0000004663500000,0x0000004663600000)]
  0x0000023f1c839a20 JavaThread "mysql-cj-abandoned-connection-cleanup" daemon [_thread_blocked, id=8024, stack(0x0000004663600000,0x0000004663700000)]
  0x0000023f1c839080 JavaThread "Cleaner-0" daemon [_thread_blocked, id=10756, stack(0x0000004663a00000,0x0000004663b00000)]
  0x0000023f1c836a00 JavaThread "Thread-4" [_thread_in_native, id=10224, stack(0x0000004663b00000,0x0000004663c00000)]
  0x0000023f1c836ed0 JavaThread "Thread-5" [_thread_in_native, id=228, stack(0x0000004663c00000,0x0000004663d00000)]
  0x0000023f1c838210 JavaThread "Java2D Disposer" daemon [_thread_blocked, id=3364, stack(0x0000004664a00000,0x0000004664b00000)]
  0x0000023f1c837870 JavaThread "DestroyJavaVM" [_thread_blocked, id=10328, stack(0x0000004661600000,0x0000004661700000)]
  0x0000023f1bfe8ba0 JavaThread "SIGINT handler" daemon [_thread_blocked, id=5124, stack(0x0000004661400000,0x0000004661500000)]

Other Threads:
=>0x0000023f16aa8ac0 VMThread "VM Thread" [stack: 0x0000004661c00000,0x0000004661d00000] [id=10884]
  0x0000023f7929fce0 WorkerThread "GC Thread#0" [stack: 0x0000004661700000,0x0000004661800000] [id=12196]
  0x0000023f1b667600 WorkerThread "GC Thread#1" [stack: 0x0000004662b00000,0x0000004662c00000] [id=9272]
  0x0000023f1b874ce0 WorkerThread "GC Thread#2" [stack: 0x0000004662c00000,0x0000004662d00000] [id=10668]
  0x0000023f1b876260 WorkerThread "GC Thread#3" [stack: 0x0000004662d00000,0x0000004662e00000] [id=8900]
  0x0000023f792b0810 ConcurrentGCThread "G1 Main Marker" terminated
  0x0000023f792b2210 WorkerThread "G1 Conc#0" [stack: 0x0000004661900000,0x0000004661a00000] [id=10188]
  0x0000023f792efb30 ConcurrentGCThread "G1 Refine#0" terminated
  0x0000023f2478e280 ConcurrentGCThread "G1 Refine#1" terminated
  0x0000023f792f0440 ConcurrentGCThread "G1 Service" terminated

Threads with active compile tasks:

VM state: at safepoint (shutting down)

VM Mutex/Monitor currently owned by a thread:  ([mutex/lock_event])
[0x0000023f7923dbe0] Threads_lock - owner thread: 0x0000023f16aa8ac0
[0x0000023f7923dc70] Heap_lock - owner thread: 0x0000023f1bfe8ba0

Heap address: 0x0000000082000000, size: 2016 MB, Compressed Oops mode: 32-bit

CDS archive(s) mapped at: [0x0000000800000000-0x0000000800ba0000-0x0000000800ba0000), size 12189696, SharedBaseAddress: 0x0000000800000000, ArchiveRelocationMode: 0.
Compressed class space mapped at: 0x0000000800c00000-0x0000000840c00000, reserved size: 1073741824
Narrow klass base: 0x0000000800000000, Narrow klass shift: 0, Narrow klass range: 0x100000000

GC Precious Log:
 CardTable entry size: 512
 Card Set container configuration: InlinePtr #cards 5 size 8 Array Of Cards #cards 12 size 40 Howl #buckets 4 coarsen threshold 1843 Howl Bitmap #cards 512 size 80 coarsen threshold 460 Card regions per heap region 1 cards per card region 2048
 CPUs: 4 total, 4 available
 Memory: 8057M
 Large Page Support: Disabled
 NUMA Support: Disabled
 Compressed Oops: Enabled (32-bit)
 Heap Region Size: 1M
 Heap Min Capacity: 8M
 Heap Initial Capacity: 126M
 Heap Max Capacity: 2016M
 Pre-touch: Disabled
 Parallel Workers: 4
 Concurrent Workers: 1
 Concurrent Refinement Workers: 4
 Periodic GC: Disabled

Heap:
 garbage-first heap   total 191488K, used 72572K [0x0000000082000000, 0x0000000100000000)
  region size 1024K, 18 young (18432K), 1 survivors (1024K)
 Metaspace       used 27446K, committed 27776K, reserved 1114112K
  class space    used 3558K, committed 3712K, reserved 1048576K

Heap Regions: E=young(eden), S=young(survivor), O=old, HS=humongous(starts), HC=humongous(continues), CS=collection set, F=free, OA=open archive, CA=closed archive, TAMS=top-at-mark-start (previous, next)
|   0|0x0000000082000000, 0x0000000082100000, 0x0000000082100000|100%| O|  |TAMS 0x0000000082100000, 0x0000000082100000| Untracked 
|   1|0x0000000082100000, 0x0000000082200000, 0x0000000082200000|100%| O|  |TAMS 0x0000000082200000, 0x0000000082200000| Untracked 
|   2|0x0000000082200000, 0x0000000082300000, 0x0000000082300000|100%| O|  |TAMS 0x0000000082300000, 0x0000000082300000| Untracked 
|   3|0x0000000082300000, 0x0000000082400000, 0x0000000082400000|100%|HS|  |TAMS 0x0000000082400000, 0x0000000082400000| Complete 
|   4|0x0000000082400000, 0x0000000082500000, 0x0000000082500000|100%|HC|  |TAMS 0x0000000082500000, 0x0000000082500000| Complete 
|   5|0x0000000082500000, 0x0000000082600000, 0x0000000082600000|100%|HS|  |TAMS 0x0000000082500000, 0x0000000082500000| Complete 
|   6|0x0000000082600000, 0x0000000082700000, 0x0000000082700000|100%|HC|  |TAMS 0x0000000082600000, 0x0000000082600000| Complete 
|   7|0x0000000082700000, 0x0000000082800000, 0x0000000082800000|100%|HS|  |TAMS 0x0000000082700000, 0x0000000082700000| Complete 
|   8|0x0000000082800000, 0x0000000082900000, 0x0000000082900000|100%|HC|  |TAMS 0x0000000082800000, 0x0000000082800000| Complete 
|   9|0x0000000082900000, 0x0000000082a00000, 0x0000000082a00000|100%|HS|  |TAMS 0x0000000082900000, 0x0000000082900000| Complete 
|  10|0x0000000082a00000, 0x0000000082b00000, 0x0000000082b00000|100%|HS|  |TAMS 0x0000000082a00000, 0x0000000082a00000| Complete 
|  11|0x0000000082b00000, 0x0000000082c00000, 0x0000000082c00000|100%|HS|  |TAMS 0x0000000082b00000, 0x0000000082c00000| Complete 
|  12|0x0000000082c00000, 0x0000000082d00000, 0x0000000082d00000|100%|HS|  |TAMS 0x0000000082c00000, 0x0000000082d00000| Complete 
|  13|0x0000000082d00000, 0x0000000082e00000, 0x0000000082e00000|100%|HC|  |TAMS 0x0000000082d00000, 0x0000000082e00000| Complete 
|  14|0x0000000082e00000, 0x0000000082f00000, 0x0000000082f00000|100%|HS|  |TAMS 0x0000000082e00000, 0x0000000082e00000| Complete 
|  15|0x0000000082f00000, 0x0000000083000000, 0x0000000083000000|100%|HC|  |TAMS 0x0000000082f00000, 0x0000000082f00000| Complete 
|  16|0x0000000083000000, 0x0000000083100000, 0x0000000083100000|100%|HS|  |TAMS 0x0000000083000000, 0x0000000083000000| Complete 
|  17|0x0000000083100000, 0x0000000083200000, 0x0000000083200000|100%|HC|  |TAMS 0x0000000083100000, 0x0000000083100000| Complete 
|  18|0x0000000083200000, 0x0000000083300000, 0x0000000083300000|100%|HS|  |TAMS 0x0000000083200000, 0x0000000083300000| Complete 
|  19|0x0000000083300000, 0x0000000083400000, 0x0000000083400000|100%| O|  |TAMS 0x0000000083400000, 0x0000000083400000| Untracked 
|  20|0x0000000083400000, 0x0000000083500000, 0x0000000083500000|100%| O|  |TAMS 0x0000000083500000, 0x0000000083500000| Untracked 
|  21|0x0000000083500000, 0x0000000083600000, 0x0000000083600000|100%| O|  |TAMS 0x0000000083600000, 0x0000000083600000| Untracked 
|  22|0x0000000083600000, 0x0000000083700000, 0x0000000083700000|100%| O|  |TAMS 0x0000000083700000, 0x0000000083700000| Untracked 
|  23|0x0000000083700000, 0x0000000083800000, 0x0000000083800000|100%| O|  |TAMS 0x0000000083800000, 0x0000000083800000| Untracked 
|  24|0x0000000083800000, 0x0000000083900000, 0x0000000083900000|100%| O|  |TAMS 0x0000000083900000, 0x0000000083900000| Untracked 
|  25|0x0000000083900000, 0x0000000083a00000, 0x0000000083a00000|100%| O|  |TAMS 0x0000000083a00000, 0x0000000083a00000| Untracked 
|  26|0x0000000083a00000, 0x0000000083ad5200, 0x0000000083b00000| 83%| O|  |TAMS 0x0000000083a87800, 0x0000000083ad5200| Untracked 
|  27|0x0000000083b00000, 0x0000000083c00000, 0x0000000083c00000|100%|HS|  |TAMS 0x0000000083b00000, 0x0000000083b00000| Complete 
|  28|0x0000000083c00000, 0x0000000083d00000, 0x0000000083d00000|100%|HS|  |TAMS 0x0000000083c00000, 0x0000000083c00000| Complete 
|  29|0x0000000083d00000, 0x0000000083d00000, 0x0000000083e00000|  0%| F|  |TAMS 0x0000000083d00000, 0x0000000083d00000| Untracked 
|  30|0x0000000083e00000, 0x0000000083e00000, 0x0000000083f00000|  0%| F|  |TAMS 0x0000000083e00000, 0x0000000083e00000| Untracked 
|  31|0x0000000083f00000, 0x0000000084000000, 0x0000000084000000|100%|HS|  |TAMS 0x0000000083f00000, 0x0000000084000000| Complete 
|  32|0x0000000084000000, 0x0000000084100000, 0x0000000084100000|100%|HC|  |TAMS 0x0000000084000000, 0x0000000084100000| Complete 
|  33|0x0000000084100000, 0x0000000084100000, 0x0000000084200000|  0%| F|  |TAMS 0x0000000084100000, 0x0000000084100000| Untracked 
|  34|0x0000000084200000, 0x0000000084200000, 0x0000000084300000|  0%| F|  |TAMS 0x0000000084200000, 0x0000000084200000| Untracked 
|  35|0x0000000084300000, 0x0000000084400000, 0x0000000084400000|100%|HS|  |TAMS 0x0000000084300000, 0x0000000084400000| Complete 
|  36|0x0000000084400000, 0x0000000084400000, 0x0000000084500000|  0%| F|  |TAMS 0x0000000084400000, 0x0000000084400000| Untracked 
|  37|0x0000000084500000, 0x0000000084500000, 0x0000000084600000|  0%| F|  |TAMS 0x0000000084500000, 0x0000000084500000| Untracked 
|  38|0x0000000084600000, 0x0000000084700000, 0x0000000084700000|100%|HS|  |TAMS 0x0000000084600000, 0x0000000084700000| Complete 
|  39|0x0000000084700000, 0x0000000084800000, 0x0000000084800000|100%|HC|  |TAMS 0x0000000084700000, 0x0000000084800000| Complete 
|  40|0x0000000084800000, 0x0000000084800000, 0x0000000084900000|  0%| F|  |TAMS 0x0000000084800000, 0x0000000084800000| Untracked 
|  41|0x0000000084900000, 0x0000000084900000, 0x0000000084a00000|  0%| F|  |TAMS 0x0000000084900000, 0x0000000084900000| Untracked 
|  42|0x0000000084a00000, 0x0000000084a00000, 0x0000000084b00000|  0%| F|  |TAMS 0x0000000084a00000, 0x0000000084a00000| Untracked 
|  43|0x0000000084b00000, 0x0000000084b00000, 0x0000000084c00000|  0%| F|  |TAMS 0x0000000084b00000, 0x0000000084b00000| Untracked 
|  44|0x0000000084c00000, 0x0000000084c00000, 0x0000000084d00000|  0%| F|  |TAMS 0x0000000084c00000, 0x0000000084c00000| Untracked 
|  45|0x0000000084d00000, 0x0000000084d00000, 0x0000000084e00000|  0%| F|  |TAMS 0x0000000084d00000, 0x0000000084d00000| Untracked 
|  46|0x0000000084e00000, 0x0000000084f00000, 0x0000000084f00000|100%|HS|  |TAMS 0x0000000084e00000, 0x0000000084f00000| Complete 
|  47|0x0000000084f00000, 0x0000000085000000, 0x0000000085000000|100%|HS|  |TAMS 0x0000000084f00000, 0x0000000085000000| Complete 
|  48|0x0000000085000000, 0x0000000085100000, 0x0000000085100000|100%|HC|  |TAMS 0x0000000085000000, 0x0000000085100000| Complete 
|  49|0x0000000085100000, 0x0000000085100000, 0x0000000085200000|  0%| F|  |TAMS 0x0000000085100000, 0x0000000085100000| Untracked 
|  50|0x0000000085200000, 0x0000000085200000, 0x0000000085300000|  0%| F|  |TAMS 0x0000000085200000, 0x0000000085200000| Untracked 
|  51|0x0000000085300000, 0x0000000085300000, 0x0000000085400000|  0%| F|  |TAMS 0x0000000085300000, 0x0000000085300000| Untracked 
|  52|0x0000000085400000, 0x0000000085400000, 0x0000000085500000|  0%| F|  |TAMS 0x0000000085400000, 0x0000000085400000| Untracked 
|  53|0x0000000085500000, 0x0000000085500000, 0x0000000085600000|  0%| F|  |TAMS 0x0000000085500000, 0x0000000085500000| Untracked 
|  54|0x0000000085600000, 0x0000000085600000, 0x0000000085700000|  0%| F|  |TAMS 0x0000000085600000, 0x0000000085600000| Untracked 
|  55|0x0000000085700000, 0x0000000085800000, 0x0000000085800000|100%|HS|  |TAMS 0x0000000085700000, 0x0000000085800000| Complete 
|  56|0x0000000085800000, 0x0000000085900000, 0x0000000085900000|100%|HS|  |TAMS 0x0000000085800000, 0x0000000085900000| Complete 
|  57|0x0000000085900000, 0x0000000085a00000, 0x0000000085a00000|100%|HC|  |TAMS 0x0000000085900000, 0x0000000085a00000| Complete 
|  58|0x0000000085a00000, 0x0000000085a00000, 0x0000000085b00000|  0%| F|  |TAMS 0x0000000085a00000, 0x0000000085a00000| Untracked 
|  59|0x0000000085b00000, 0x0000000085b00000, 0x0000000085c00000|  0%| F|  |TAMS 0x0000000085b00000, 0x0000000085b00000| Untracked 
|  60|0x0000000085c00000, 0x0000000085c00000, 0x0000000085d00000|  0%| F|  |TAMS 0x0000000085c00000, 0x0000000085c00000| Untracked 
|  61|0x0000000085d00000, 0x0000000085d00000, 0x0000000085e00000|  0%| F|  |TAMS 0x0000000085d00000, 0x0000000085d00000| Untracked 
|  62|0x0000000085e00000, 0x0000000085e00000, 0x0000000085f00000|  0%| F|  |TAMS 0x0000000085e00000, 0x0000000085e00000| Untracked 
|  63|0x0000000085f00000, 0x0000000085f00000, 0x0000000086000000|  0%| F|  |TAMS 0x0000000085f00000, 0x0000000085f00000| Untracked 
|  64|0x0000000086000000, 0x0000000086100000, 0x0000000086100000|100%|HS|  |TAMS 0x0000000086000000, 0x0000000086100000| Complete 
|  65|0x0000000086100000, 0x0000000086100000, 0x0000000086200000|  0%| F|  |TAMS 0x0000000086100000, 0x0000000086100000| Untracked 
|  66|0x0000000086200000, 0x0000000086200000, 0x0000000086300000|  0%| F|  |TAMS 0x0000000086200000, 0x0000000086200000| Untracked 
|  67|0x0000000086300000, 0x0000000086400000, 0x0000000086400000|100%|HS|  |TAMS 0x0000000086300000, 0x0000000086400000| Complete 
|  68|0x0000000086400000, 0x0000000086500000, 0x0000000086500000|100%|HC|  |TAMS 0x0000000086400000, 0x0000000086500000| Complete 
|  69|0x0000000086500000, 0x0000000086500000, 0x0000000086600000|  0%| F|  |TAMS 0x0000000086500000, 0x0000000086500000| Untracked 
|  70|0x0000000086600000, 0x0000000086600000, 0x0000000086700000|  0%| F|  |TAMS 0x0000000086600000, 0x0000000086600000| Untracked 
|  71|0x0000000086700000, 0x0000000086800000, 0x0000000086800000|100%|HS|  |TAMS 0x0000000086700000, 0x0000000086800000| Complete 
|  72|0x0000000086800000, 0x0000000086900000, 0x0000000086900000|100%|HC|  |TAMS 0x0000000086800000, 0x0000000086900000| Complete 
|  73|0x0000000086900000, 0x0000000086a00000, 0x0000000086a00000|100%|HS|  |TAMS 0x0000000086900000, 0x0000000086a00000| Complete 
|  74|0x0000000086a00000, 0x0000000086b00000, 0x0000000086b00000|100%|HC|  |TAMS 0x0000000086a00000, 0x0000000086b00000| Complete 
|  75|0x0000000086b00000, 0x0000000086c00000, 0x0000000086c00000|100%|HS|  |TAMS 0x0000000086b00000, 0x0000000086c00000| Complete 
|  76|0x0000000086c00000, 0x0000000086c00000, 0x0000000086d00000|  0%| F|  |TAMS 0x0000000086c00000, 0x0000000086c00000| Untracked 
|  77|0x0000000086d00000, 0x0000000086d00000, 0x0000000086e00000|  0%| F|  |TAMS 0x0000000086d00000, 0x0000000086d00000| Untracked 
|  78|0x0000000086e00000, 0x0000000086e00000, 0x0000000086f00000|  0%| F|  |TAMS 0x0000000086e00000, 0x0000000086e00000| Untracked 
|  79|0x0000000086f00000, 0x0000000086f00000, 0x0000000087000000|  0%| F|  |TAMS 0x0000000086f00000, 0x0000000086f00000| Untracked 
|  80|0x0000000087000000, 0x0000000087000000, 0x0000000087100000|  0%| F|  |TAMS 0x0000000087000000, 0x0000000087000000| Untracked 
|  81|0x0000000087100000, 0x0000000087100000, 0x0000000087200000|  0%| F|  |TAMS 0x0000000087100000, 0x0000000087100000| Untracked 
|  82|0x0000000087200000, 0x0000000087200000, 0x0000000087300000|  0%| F|  |TAMS 0x0000000087200000, 0x0000000087200000| Untracked 
|  83|0x0000000087300000, 0x0000000087300000, 0x0000000087400000|  0%| F|  |TAMS 0x0000000087300000, 0x0000000087300000| Untracked 
|  84|0x0000000087400000, 0x0000000087400000, 0x0000000087500000|  0%| F|  |TAMS 0x0000000087400000, 0x0000000087400000| Untracked 
|  85|0x0000000087500000, 0x0000000087500000, 0x0000000087600000|  0%| F|  |TAMS 0x0000000087500000, 0x0000000087500000| Untracked 
|  86|0x0000000087600000, 0x0000000087600000, 0x0000000087700000|  0%| F|  |TAMS 0x0000000087600000, 0x0000000087600000| Untracked 
|  87|0x0000000087700000, 0x0000000087700000, 0x0000000087800000|  0%| F|  |TAMS 0x0000000087700000, 0x0000000087700000| Untracked 
|  88|0x0000000087800000, 0x0000000087800000, 0x0000000087900000|  0%| F|  |TAMS 0x0000000087800000, 0x0000000087800000| Untracked 
|  89|0x0000000087900000, 0x0000000087900000, 0x0000000087a00000|  0%| F|  |TAMS 0x0000000087900000, 0x0000000087900000| Untracked 
|  90|0x0000000087a00000, 0x0000000087a00000, 0x0000000087b00000|  0%| F|  |TAMS 0x0000000087a00000, 0x0000000087a00000| Untracked 
|  91|0x0000000087b00000, 0x0000000087b00000, 0x0000000087c00000|  0%| F|  |TAMS 0x0000000087b00000, 0x0000000087b00000| Untracked 
|  92|0x0000000087c00000, 0x0000000087c00000, 0x0000000087d00000|  0%| F|  |TAMS 0x0000000087c00000, 0x0000000087c00000| Untracked 
|  93|0x0000000087d00000, 0x0000000087d00000, 0x0000000087e00000|  0%| F|  |TAMS 0x0000000087d00000, 0x0000000087d00000| Untracked 
|  94|0x0000000087e00000, 0x0000000087e00000, 0x0000000087f00000|  0%| F|  |TAMS 0x0000000087e00000, 0x0000000087e00000| Untracked 
|  95|0x0000000087f00000, 0x0000000087f00000, 0x0000000088000000|  0%| F|  |TAMS 0x0000000087f00000, 0x0000000087f00000| Untracked 
|  96|0x0000000088000000, 0x0000000088000000, 0x0000000088100000|  0%| F|  |TAMS 0x0000000088000000, 0x0000000088000000| Untracked 
|  97|0x0000000088100000, 0x0000000088100000, 0x0000000088200000|  0%| F|  |TAMS 0x0000000088100000, 0x0000000088100000| Untracked 
|  98|0x0000000088200000, 0x0000000088200000, 0x0000000088300000|  0%| F|  |TAMS 0x0000000088200000, 0x0000000088200000| Untracked 
|  99|0x0000000088300000, 0x0000000088300000, 0x0000000088400000|  0%| F|  |TAMS 0x0000000088300000, 0x0000000088300000| Untracked 
| 100|0x0000000088400000, 0x0000000088400000, 0x0000000088500000|  0%| F|  |TAMS 0x0000000088400000, 0x0000000088400000| Untracked 
| 101|0x0000000088500000, 0x0000000088500000, 0x0000000088600000|  0%| F|  |TAMS 0x0000000088500000, 0x0000000088500000| Untracked 
| 102|0x0000000088600000, 0x0000000088600000, 0x0000000088700000|  0%| F|  |TAMS 0x0000000088600000, 0x0000000088600000| Untracked 
| 103|0x0000000088700000, 0x0000000088700000, 0x0000000088800000|  0%| F|  |TAMS 0x0000000088700000, 0x0000000088700000| Untracked 
| 104|0x0000000088800000, 0x0000000088800000, 0x0000000088900000|  0%| F|  |TAMS 0x0000000088800000, 0x0000000088800000| Untracked 
| 105|0x0000000088900000, 0x0000000088900000, 0x0000000088a00000|  0%| F|  |TAMS 0x0000000088900000, 0x0000000088900000| Untracked 
| 106|0x0000000088a00000, 0x0000000088a00000, 0x0000000088b00000|  0%| F|  |TAMS 0x0000000088a00000, 0x0000000088a00000| Untracked 
| 107|0x0000000088b00000, 0x0000000088b00000, 0x0000000088c00000|  0%| F|  |TAMS 0x0000000088b00000, 0x0000000088b00000| Untracked 
| 108|0x0000000088c00000, 0x0000000088c00000, 0x0000000088d00000|  0%| F|  |TAMS 0x0000000088c00000, 0x0000000088c00000| Untracked 
| 109|0x0000000088d00000, 0x0000000088d00000, 0x0000000088e00000|  0%| F|  |TAMS 0x0000000088d00000, 0x0000000088d00000| Untracked 
| 110|0x0000000088e00000, 0x0000000088e00000, 0x0000000088f00000|  0%| F|  |TAMS 0x0000000088e00000, 0x0000000088e00000| Untracked 
| 111|0x0000000088f00000, 0x0000000088f00000, 0x0000000089000000|  0%| F|  |TAMS 0x0000000088f00000, 0x0000000088f00000| Untracked 
| 112|0x0000000089000000, 0x0000000089000000, 0x0000000089100000|  0%| F|  |TAMS 0x0000000089000000, 0x0000000089000000| Untracked 
| 113|0x0000000089100000, 0x0000000089100000, 0x0000000089200000|  0%| F|  |TAMS 0x0000000089100000, 0x0000000089100000| Untracked 
| 114|0x0000000089200000, 0x0000000089200000, 0x0000000089300000|  0%| F|  |TAMS 0x0000000089200000, 0x0000000089200000| Untracked 
| 115|0x0000000089300000, 0x0000000089300000, 0x0000000089400000|  0%| F|  |TAMS 0x0000000089300000, 0x0000000089300000| Untracked 
| 116|0x0000000089400000, 0x0000000089400000, 0x0000000089500000|  0%| F|  |TAMS 0x0000000089400000, 0x0000000089400000| Untracked 
| 117|0x0000000089500000, 0x0000000089500000, 0x0000000089600000|  0%| F|  |TAMS 0x0000000089500000, 0x0000000089500000| Untracked 
| 118|0x0000000089600000, 0x0000000089600000, 0x0000000089700000|  0%| F|  |TAMS 0x0000000089600000, 0x0000000089600000| Untracked 
| 119|0x0000000089700000, 0x0000000089700000, 0x0000000089800000|  0%| F|  |TAMS 0x0000000089700000, 0x0000000089700000| Untracked 
| 120|0x0000000089800000, 0x0000000089800000, 0x0000000089900000|  0%| F|  |TAMS 0x0000000089800000, 0x0000000089800000| Untracked 
| 121|0x0000000089900000, 0x0000000089900000, 0x0000000089a00000|  0%| F|  |TAMS 0x0000000089900000, 0x0000000089900000| Untracked 
| 122|0x0000000089a00000, 0x0000000089a00000, 0x0000000089b00000|  0%| F|  |TAMS 0x0000000089a00000, 0x0000000089a00000| Untracked 
| 123|0x0000000089b00000, 0x0000000089b00000, 0x0000000089c00000|  0%| F|  |TAMS 0x0000000089b00000, 0x0000000089b00000| Untracked 
| 124|0x0000000089c00000, 0x0000000089c00000, 0x0000000089d00000|  0%| F|  |TAMS 0x0000000089c00000, 0x0000000089c00000| Untracked 
| 125|0x0000000089d00000, 0x0000000089d00000, 0x0000000089e00000|  0%| F|  |TAMS 0x0000000089d00000, 0x0000000089d00000| Untracked 
| 126|0x0000000089e00000, 0x0000000089e00000, 0x0000000089f00000|  0%| F|  |TAMS 0x0000000089e00000, 0x0000000089e00000| Untracked 
| 127|0x0000000089f00000, 0x0000000089f00000, 0x000000008a000000|  0%| F|  |TAMS 0x0000000089f00000, 0x0000000089f00000| Untracked 
| 128|0x000000008a000000, 0x000000008a000000, 0x000000008a100000|  0%| F|  |TAMS 0x000000008a000000, 0x000000008a000000| Untracked 
| 129|0x000000008a100000, 0x000000008a100000, 0x000000008a200000|  0%| F|  |TAMS 0x000000008a100000, 0x000000008a100000| Untracked 
| 130|0x000000008a200000, 0x000000008a200000, 0x000000008a300000|  0%| F|  |TAMS 0x000000008a200000, 0x000000008a200000| Untracked 
| 131|0x000000008a300000, 0x000000008a300000, 0x000000008a400000|  0%| F|  |TAMS 0x000000008a300000, 0x000000008a300000| Untracked 
| 132|0x000000008a400000, 0x000000008a400000, 0x000000008a500000|  0%| F|  |TAMS 0x000000008a400000, 0x000000008a400000| Untracked 
| 133|0x000000008a500000, 0x000000008a500000, 0x000000008a600000|  0%| F|  |TAMS 0x000000008a500000, 0x000000008a500000| Untracked 
| 134|0x000000008a600000, 0x000000008a600000, 0x000000008a700000|  0%| F|  |TAMS 0x000000008a600000, 0x000000008a600000| Untracked 
| 135|0x000000008a700000, 0x000000008a700000, 0x000000008a800000|  0%| F|  |TAMS 0x000000008a700000, 0x000000008a700000| Untracked 
| 136|0x000000008a800000, 0x000000008a800000, 0x000000008a900000|  0%| F|  |TAMS 0x000000008a800000, 0x000000008a800000| Untracked 
| 137|0x000000008a900000, 0x000000008a900000, 0x000000008aa00000|  0%| F|  |TAMS 0x000000008a900000, 0x000000008a900000| Untracked 
| 138|0x000000008aa00000, 0x000000008aa00000, 0x000000008ab00000|  0%| F|  |TAMS 0x000000008aa00000, 0x000000008aa00000| Untracked 
| 139|0x000000008ab00000, 0x000000008ab00000, 0x000000008ac00000|  0%| F|  |TAMS 0x000000008ab00000, 0x000000008ab00000| Untracked 
| 140|0x000000008ac00000, 0x000000008ac00000, 0x000000008ad00000|  0%| F|  |TAMS 0x000000008ac00000, 0x000000008ac00000| Untracked 
| 141|0x000000008ad00000, 0x000000008ad00000, 0x000000008ae00000|  0%| F|  |TAMS 0x000000008ad00000, 0x000000008ad00000| Untracked 
| 142|0x000000008ae00000, 0x000000008ae00000, 0x000000008af00000|  0%| F|  |TAMS 0x000000008ae00000, 0x000000008ae00000| Untracked 
| 143|0x000000008af00000, 0x000000008af00000, 0x000000008b000000|  0%| F|  |TAMS 0x000000008af00000, 0x000000008af00000| Untracked 
| 144|0x000000008b000000, 0x000000008b000000, 0x000000008b100000|  0%| F|  |TAMS 0x000000008b000000, 0x000000008b000000| Untracked 
| 145|0x000000008b100000, 0x000000008b100000, 0x000000008b200000|  0%| F|  |TAMS 0x000000008b100000, 0x000000008b100000| Untracked 
| 146|0x000000008b200000, 0x000000008b200000, 0x000000008b300000|  0%| F|  |TAMS 0x000000008b200000, 0x000000008b200000| Untracked 
| 147|0x000000008b300000, 0x000000008b300000, 0x000000008b400000|  0%| F|  |TAMS 0x000000008b300000, 0x000000008b300000| Untracked 
| 148|0x000000008b400000, 0x000000008b400000, 0x000000008b500000|  0%| F|  |TAMS 0x000000008b400000, 0x000000008b400000| Untracked 
| 149|0x000000008b500000, 0x000000008b500000, 0x000000008b600000|  0%| F|  |TAMS 0x000000008b500000, 0x000000008b500000| Untracked 
| 150|0x000000008b600000, 0x000000008b600000, 0x000000008b700000|  0%| F|  |TAMS 0x000000008b600000, 0x000000008b600000| Untracked 
| 151|0x000000008b700000, 0x000000008b700000, 0x000000008b800000|  0%| F|  |TAMS 0x000000008b700000, 0x000000008b700000| Untracked 
| 152|0x000000008b800000, 0x000000008b800000, 0x000000008b900000|  0%| F|  |TAMS 0x000000008b800000, 0x000000008b800000| Untracked 
| 153|0x000000008b900000, 0x000000008b900000, 0x000000008ba00000|  0%| F|  |TAMS 0x000000008b900000, 0x000000008b900000| Untracked 
| 154|0x000000008ba00000, 0x000000008ba00000, 0x000000008bb00000|  0%| F|  |TAMS 0x000000008ba00000, 0x000000008ba00000| Untracked 
| 155|0x000000008bb00000, 0x000000008bb00000, 0x000000008bc00000|  0%| F|  |TAMS 0x000000008bb00000, 0x000000008bb00000| Untracked 
| 156|0x000000008bc00000, 0x000000008bc00000, 0x000000008bd00000|  0%| F|  |TAMS 0x000000008bc00000, 0x000000008bc00000| Untracked 
| 157|0x000000008bd00000, 0x000000008bd00000, 0x000000008be00000|  0%| F|  |TAMS 0x000000008bd00000, 0x000000008bd00000| Untracked 
| 158|0x000000008be00000, 0x000000008be00000, 0x000000008bf00000|  0%| F|  |TAMS 0x000000008be00000, 0x000000008be00000| Untracked 
| 159|0x000000008bf00000, 0x000000008bf00000, 0x000000008c000000|  0%| F|  |TAMS 0x000000008bf00000, 0x000000008bf00000| Untracked 
| 160|0x000000008c000000, 0x000000008c000000, 0x000000008c100000|  0%| F|  |TAMS 0x000000008c000000, 0x000000008c000000| Untracked 
| 161|0x000000008c100000, 0x000000008c200000, 0x000000008c200000|100%| E|  |TAMS 0x000000008c100000, 0x000000008c100000| Complete 
| 162|0x000000008c200000, 0x000000008c300000, 0x000000008c300000|100%| E|CS|TAMS 0x000000008c200000, 0x000000008c200000| Complete 
| 163|0x000000008c300000, 0x000000008c400000, 0x000000008c400000|100%| E|CS|TAMS 0x000000008c300000, 0x000000008c300000| Complete 
| 164|0x000000008c400000, 0x000000008c500000, 0x000000008c500000|100%| E|CS|TAMS 0x000000008c400000, 0x000000008c400000| Complete 
| 165|0x000000008c500000, 0x000000008c600000, 0x000000008c600000|100%| E|CS|TAMS 0x000000008c500000, 0x000000008c500000| Complete 
| 166|0x000000008c600000, 0x000000008c700000, 0x000000008c700000|100%| E|CS|TAMS 0x000000008c600000, 0x000000008c600000| Complete 
| 167|0x000000008c700000, 0x000000008c800000, 0x000000008c800000|100%| E|CS|TAMS 0x000000008c700000, 0x000000008c700000| Complete 
| 168|0x000000008c800000, 0x000000008c900000, 0x000000008c900000|100%| E|CS|TAMS 0x000000008c800000, 0x000000008c800000| Complete 
| 169|0x000000008c900000, 0x000000008ca00000, 0x000000008ca00000|100%| E|CS|TAMS 0x000000008c900000, 0x000000008c900000| Complete 
| 170|0x000000008ca00000, 0x000000008cb00000, 0x000000008cb00000|100%| E|CS|TAMS 0x000000008ca00000, 0x000000008ca00000| Complete 
| 171|0x000000008cb00000, 0x000000008cc00000, 0x000000008cc00000|100%| E|CS|TAMS 0x000000008cb00000, 0x000000008cb00000| Complete 
| 172|0x000000008cc00000, 0x000000008cd00000, 0x000000008cd00000|100%| E|CS|TAMS 0x000000008cc00000, 0x000000008cc00000| Complete 
| 173|0x000000008cd00000, 0x000000008ce00000, 0x000000008ce00000|100%| E|  |TAMS 0x000000008cd00000, 0x000000008cd00000| Complete 
| 174|0x000000008ce00000, 0x000000008cf00000, 0x000000008cf00000|100%| E|CS|TAMS 0x000000008ce00000, 0x000000008ce00000| Complete 
| 175|0x000000008cf00000, 0x000000008cf0a140, 0x000000008d000000|  3%| S|CS|TAMS 0x000000008cf00000, 0x000000008cf00000| Complete 
| 176|0x000000008d000000, 0x000000008d100000, 0x000000008d100000|100%| E|CS|TAMS 0x000000008d000000, 0x000000008d000000| Complete 
| 177|0x000000008d100000, 0x000000008d200000, 0x000000008d200000|100%| E|CS|TAMS 0x000000008d100000, 0x000000008d100000| Complete 
| 178|0x000000008d200000, 0x000000008d300000, 0x000000008d300000|100%| E|CS|TAMS 0x000000008d200000, 0x000000008d200000| Complete 
|2008|0x00000000ff800000, 0x00000000ff900000, 0x00000000ff900000|100%| O|  |TAMS 0x00000000ff900000, 0x00000000ff900000| Untracked 
|2009|0x00000000ff900000, 0x00000000ffa00000, 0x00000000ffa00000|100%| O|  |TAMS 0x00000000ffa00000, 0x00000000ffa00000| Untracked 
|2010|0x00000000ffa00000, 0x00000000ffb00000, 0x00000000ffb00000|100%| O|  |TAMS 0x00000000ffb00000, 0x00000000ffb00000| Untracked 
|2011|0x00000000ffb00000, 0x00000000ffc00000, 0x00000000ffc00000|100%| O|  |TAMS 0x00000000ffc00000, 0x00000000ffc00000| Untracked 
|2012|0x00000000ffc00000, 0x00000000ffd00000, 0x00000000ffd00000|100%| O|  |TAMS 0x00000000ffd00000, 0x00000000ffd00000| Untracked 
|2013|0x00000000ffd00000, 0x00000000ffe00000, 0x00000000ffe00000|100%| O|  |TAMS 0x00000000ffe00000, 0x00000000ffe00000| Untracked 
|2014|0x00000000ffe00000, 0x00000000fff00000, 0x00000000fff00000|100%| O|  |TAMS 0x00000000fff00000, 0x00000000fff00000| Untracked 
|2015|0x00000000fff00000, 0x0000000100000000, 0x0000000100000000|100%| O|  |TAMS 0x0000000100000000, 0x0000000100000000| Untracked 

Card table byte_map: [0x0000023f79700000,0x0000023f79af0000] _byte_map_base: 0x0000023f792f0000

Marking Bits (Prev, Next): (CMBitMap*) 0x0000023f792a0320, (CMBitMap*) 0x0000023f792a02e0
 Prev Bits: [0x0000023f7be60000, 0x0000023f7dde0000)
 Next Bits: [0x0000023f79ee0000, 0x0000023f7be60000)

Polling page: 0x0000023f77190000

Metaspace:

Usage:
  Non-class:     23.33 MB used.
      Class:      3.47 MB used.
       Both:     26.80 MB used.

Virtual space:
  Non-class space:       64.00 MB reserved,      23.50 MB ( 37%) committed,  1 nodes.
      Class space:        1.00 GB reserved,       3.62 MB ( <1%) committed,  1 nodes.
             Both:        1.06 GB reserved,      27.12 MB (  2%) committed. 

Chunk freelists:
   Non-Class:  400.00 KB
       Class:  388.00 KB
        Both:  788.00 KB

MaxMetaspaceSize: unlimited
CompressedClassSpaceSize: 1.00 GB
Initial GC threshold: 21.00 MB
Current GC threshold: 43.44 MB
CDS: on
MetaspaceReclaimPolicy: balanced
 - commit_granule_bytes: 65536.
 - commit_granule_words: 8192.
 - virtual_space_node_default_size: 8388608.
 - enlarge_chunks_in_place: 1.
 - new_chunks_are_fully_committed: 0.
 - uncommit_free_chunks: 1.
 - use_allocation_guard: 0.


Internal statistics:

num_allocs_failed_limit: 3.
num_arena_births: 446.
num_arena_deaths: 0.
num_vsnodes_births: 2.
num_vsnodes_deaths: 0.
num_space_committed: 434.
num_space_uncommitted: 0.
num_chunks_returned_to_freelist: 3.
num_chunks_taken_from_freelist: 1290.
num_chunk_merges: 3.
num_chunk_splits: 888.
num_chunks_enlarged: 667.
num_inconsistent_stats: 0.

CodeHeap 'non-profiled nmethods': size=120000Kb used=2524Kb max_used=2795Kb free=117475Kb
 bounds [0x0000023f0f340000, 0x0000023f0f600000, 0x0000023f16870000]
CodeHeap 'profiled nmethods': size=120000Kb used=10960Kb max_used=12598Kb free=109039Kb
 bounds [0x0000023f07e10000, 0x0000023f08a80000, 0x0000023f0f340000]
CodeHeap 'non-nmethods': size=5760Kb used=1746Kb max_used=1786Kb free=4013Kb
 bounds [0x0000023f07870000, 0x0000023f07ae0000, 0x0000023f07e10000]
 total_blobs=6414 nmethods=5225 adapters=1099
 compilation: enabled
              stopped_count=0, restarted_count=0
 full_count=0

Compilation events (20 events):
Event: 164.557 Thread 0x0000023f16ace2f0 nmethod 6049 0x0000023f08708e10 code [0x0000023f08709060, 0x0000023f087096c8]
Event: 164.557 Thread 0x0000023f16ace2f0 6052       3       javafx.scene.Parent::updateBounds (44 bytes)
Event: 164.557 Thread 0x0000023f16ace2f0 nmethod 6052 0x0000023f08696490 code [0x0000023f08696680, 0x0000023f08696bd8]
Event: 164.557 Thread 0x0000023f16ace2f0 6051       3       javafx.scene.Node::updateBounds (174 bytes)
Event: 164.560 Thread 0x0000023f16ace2f0 nmethod 6051 0x0000023f085f4e10 code [0x0000023f085f51a0, 0x0000023f085f6a88]
Event: 164.562 Thread 0x0000023f16ace2f0 6054       3       java.lang.invoke.LambdaForm$MH/0x0000000800c29000::invoke (27 bytes)
Event: 164.563 Thread 0x0000023f16ace2f0 nmethod 6054 0x0000023f0832ba10 code [0x0000023f0832bbc0, 0x0000023f0832bf78]
Event: 164.577 Thread 0x0000023f16acb900 nmethod 6050 0x0000023f0f4cdd10 code [0x0000023f0f4cdec0, 0x0000023f0f4ce7b8]
Event: 164.577 Thread 0x0000023f16acb900 6053       4       com.sun.javafx.sg.prism.NGText::renderText (523 bytes)
Event: 164.584 Thread 0x0000023f16acb900 nmethod 6053 0x0000023f0f46b210 code [0x0000023f0f46b3c0, 0x0000023f0f46b828]
Event: 165.675 Thread 0x0000023f16ace2f0 6055       3       javafx.scene.control.Control::computeMinWidth (51 bytes)
Event: 165.676 Thread 0x0000023f16acb900 6056       4       com.sun.javafx.geom.RectBounds::contains (70 bytes)
Event: 165.678 Thread 0x0000023f16ace2f0 nmethod 6055 0x0000023f081cf410 code [0x0000023f081cf8a0, 0x0000023f081d1d28]
Event: 165.680 Thread 0x0000023f16acb900 nmethod 6056 0x0000023f0f4cd990 code [0x0000023f0f4cdb00, 0x0000023f0f4cdc18]
Event: 165.681 Thread 0x0000023f16ace2f0 6057       3       java.nio.MappedByteBuffer::<init> (22 bytes)
Event: 165.681 Thread 0x0000023f16ace2f0 nmethod 6057 0x0000023f0865a090 code [0x0000023f0865a240, 0x0000023f0865a3a8]
Event: 165.743 Thread 0x0000023f16acb900 6058       4       javafx.scene.layout.BorderStrokeStyle::equals (163 bytes)
Event: 165.744 Thread 0x0000023f16acb900 nmethod 6058 0x0000023f0f4cd690 code [0x0000023f0f4cd800, 0x0000023f0f4cd898]
Event: 165.747 Thread 0x0000023f16acb900 6059       4       javafx.scene.Node::doProcessCSS (55 bytes)
Event: 165.752 Thread 0x0000023f16acb900 nmethod 6059 0x0000023f0f461c90 code [0x0000023f0f461e40, 0x0000023f0f4620b8]

GC Heap History (20 events):
Event: 117.527 GC heap before
{Heap before GC invocations=70 (full 0):
 garbage-first heap   total 191488K, used 86877K [0x0000000082000000, 0x0000000100000000)
  region size 1024K, 3 young (3072K), 1 survivors (1024K)
 Metaspace       used 26689K, committed 27072K, reserved 1114112K
  class space    used 3496K, committed 3712K, reserved 1048576K
}
Event: 117.528 GC heap after
{Heap after GC invocations=71 (full 0):
 garbage-first heap   total 191488K, used 44893K [0x0000000082000000, 0x0000000100000000)
  region size 1024K, 1 young (1024K), 1 survivors (1024K)
 Metaspace       used 26689K, committed 27072K, reserved 1114112K
  class space    used 3496K, committed 3712K, reserved 1048576K
}
Event: 118.416 GC heap before
{Heap before GC invocations=71 (full 0):
 garbage-first heap   total 191488K, used 86877K [0x0000000082000000, 0x0000000100000000)
  region size 1024K, 3 young (3072K), 1 survivors (1024K)
 Metaspace       used 26689K, committed 27072K, reserved 1114112K
  class space    used 3496K, committed 3712K, reserved 1048576K
}
Event: 118.418 GC heap after
{Heap after GC invocations=72 (full 0):
 garbage-first heap   total 191488K, used 44893K [0x0000000082000000, 0x0000000100000000)
  region size 1024K, 1 young (1024K), 1 survivors (1024K)
 Metaspace       used 26689K, committed 27072K, reserved 1114112K
  class space    used 3496K, committed 3712K, reserved 1048576K
}
Event: 119.075 GC heap before
{Heap before GC invocations=72 (full 0):
 garbage-first heap   total 191488K, used 86877K [0x0000000082000000, 0x0000000100000000)
  region size 1024K, 3 young (3072K), 1 survivors (1024K)
 Metaspace       used 26689K, committed 27072K, reserved 1114112K
  class space    used 3496K, committed 3712K, reserved 1048576K
}
Event: 119.077 GC heap after
{Heap after GC invocations=73 (full 0):
 garbage-first heap   total 191488K, used 44898K [0x0000000082000000, 0x0000000100000000)
  region size 1024K, 1 young (1024K), 1 survivors (1024K)
 Metaspace       used 26689K, committed 27072K, reserved 1114112K
  class space    used 3496K, committed 3712K, reserved 1048576K
}
Event: 119.777 GC heap before
{Heap before GC invocations=73 (full 0):
 garbage-first heap   total 191488K, used 86882K [0x0000000082000000, 0x0000000100000000)
  region size 1024K, 3 young (3072K), 1 survivors (1024K)
 Metaspace       used 26689K, committed 27072K, reserved 1114112K
  class space    used 3496K, committed 3712K, reserved 1048576K
}
Event: 119.778 GC heap after
{Heap after GC invocations=74 (full 0):
 garbage-first heap   total 191488K, used 44900K [0x0000000082000000, 0x0000000100000000)
  region size 1024K, 1 young (1024K), 1 survivors (1024K)
 Metaspace       used 26689K, committed 27072K, reserved 1114112K
  class space    used 3496K, committed 3712K, reserved 1048576K
}
Event: 120.589 GC heap before
{Heap before GC invocations=74 (full 0):
 garbage-first heap   total 191488K, used 86884K [0x0000000082000000, 0x0000000100000000)
  region size 1024K, 3 young (3072K), 1 survivors (1024K)
 Metaspace       used 26691K, committed 27072K, reserved 1114112K
  class space    used 3496K, committed 3712K, reserved 1048576K
}
Event: 120.591 GC heap after
{Heap after GC invocations=75 (full 0):
 garbage-first heap   total 191488K, used 44900K [0x0000000082000000, 0x0000000100000000)
  region size 1024K, 1 young (1024K), 1 survivors (1024K)
 Metaspace       used 26691K, committed 27072K, reserved 1114112K
  class space    used 3496K, committed 3712K, reserved 1048576K
}
Event: 121.027 GC heap before
{Heap before GC invocations=75 (full 0):
 garbage-first heap   total 191488K, used 86884K [0x0000000082000000, 0x0000000100000000)
  region size 1024K, 3 young (3072K), 1 survivors (1024K)
 Metaspace       used 26691K, committed 27072K, reserved 1114112K
  class space    used 3496K, committed 3712K, reserved 1048576K
}
Event: 121.028 GC heap after
{Heap after GC invocations=76 (full 0):
 garbage-first heap   total 191488K, used 44900K [0x0000000082000000, 0x0000000100000000)
  region size 1024K, 1 young (1024K), 1 survivors (1024K)
 Metaspace       used 26691K, committed 27072K, reserved 1114112K
  class space    used 3496K, committed 3712K, reserved 1048576K
}
Event: 122.436 GC heap before
{Heap before GC invocations=76 (full 0):
 garbage-first heap   total 191488K, used 86884K [0x0000000082000000, 0x0000000100000000)
  region size 1024K, 3 young (3072K), 1 survivors (1024K)
 Metaspace       used 26731K, committed 27136K, reserved 1114112K
  class space    used 3496K, committed 3712K, reserved 1048576K
}
Event: 122.437 GC heap after
{Heap after GC invocations=77 (full 0):
 garbage-first heap   total 191488K, used 44902K [0x0000000082000000, 0x0000000100000000)
  region size 1024K, 1 young (1024K), 1 survivors (1024K)
 Metaspace       used 26731K, committed 27136K, reserved 1114112K
  class space    used 3496K, committed 3712K, reserved 1048576K
}
Event: 123.272 GC heap before
{Heap before GC invocations=77 (full 0):
 garbage-first heap   total 191488K, used 86886K [0x0000000082000000, 0x0000000100000000)
  region size 1024K, 3 young (3072K), 1 survivors (1024K)
 Metaspace       used 26731K, committed 27136K, reserved 1114112K
  class space    used 3496K, committed 3712K, reserved 1048576K
}
Event: 123.274 GC heap after
{Heap after GC invocations=78 (full 0):
 garbage-first heap   total 191488K, used 44908K [0x0000000082000000, 0x0000000100000000)
  region size 1024K, 1 young (1024K), 1 survivors (1024K)
 Metaspace       used 26731K, committed 27136K, reserved 1114112K
  class space    used 3496K, committed 3712K, reserved 1048576K
}
Event: 123.907 GC heap before
{Heap before GC invocations=78 (full 0):
 garbage-first heap   total 191488K, used 86892K [0x0000000082000000, 0x0000000100000000)
  region size 1024K, 3 young (3072K), 1 survivors (1024K)
 Metaspace       used 26735K, committed 27136K, reserved 1114112K
  class space    used 3496K, committed 3712K, reserved 1048576K
}
Event: 123.909 GC heap after
{Heap after GC invocations=79 (full 0):
 garbage-first heap   total 191488K, used 44912K [0x0000000082000000, 0x0000000100000000)
  region size 1024K, 1 young (1024K), 1 survivors (1024K)
 Metaspace       used 26735K, committed 27136K, reserved 1114112K
  class space    used 3496K, committed 3712K, reserved 1048576K
}
Event: 124.919 GC heap before
{Heap before GC invocations=79 (full 0):
 garbage-first heap   total 191488K, used 85872K [0x0000000082000000, 0x0000000100000000)
  region size 1024K, 3 young (3072K), 1 survivors (1024K)
 Metaspace       used 26747K, committed 27136K, reserved 1114112K
  class space    used 3496K, committed 3712K, reserved 1048576K
}
Event: 124.922 GC heap after
{Heap after GC invocations=80 (full 0):
 garbage-first heap   total 191488K, used 44924K [0x0000000082000000, 0x0000000100000000)
  region size 1024K, 1 young (1024K), 1 survivors (1024K)
 Metaspace       used 26747K, committed 27136K, reserved 1114112K
  class space    used 3496K, committed 3712K, reserved 1048576K
}

Deoptimization events (20 events):
Event: 162.801 Thread 0x0000023f1bf52d30 Uncommon trap: trap_request=0xffffff45 fr.pc=0x0000023f0f5e2500 relative=0x0000000000000480
Event: 162.801 Thread 0x0000023f1bf52d30 Uncommon trap: reason=unstable_if action=reinterpret pc=0x0000023f0f5e2500 method=javafx.scene.Node.updateBounds()V @ 70 c2
Event: 162.801 Thread 0x0000023f1bf52d30 DEOPT PACKING pc=0x0000023f0f5e2500 sp=0x00000046630fe2c0
Event: 162.801 Thread 0x0000023f1bf52d30 DEOPT UNPACKING pc=0x0000023f078c23a3 sp=0x00000046630fe270 mode 2
Event: 162.801 Thread 0x0000023f1bf52d30 Uncommon trap: trap_request=0xffffff45 fr.pc=0x0000023f0f5e468c relative=0x000000000000064c
Event: 162.801 Thread 0x0000023f1bf52d30 Uncommon trap: reason=unstable_if action=reinterpret pc=0x0000023f0f5e468c method=javafx.scene.Node.updateBounds()V @ 70 c2
Event: 162.801 Thread 0x0000023f1bf52d30 DEOPT PACKING pc=0x0000023f0f5e468c sp=0x00000046630fe310
Event: 162.801 Thread 0x0000023f1bf52d30 DEOPT UNPACKING pc=0x0000023f078c23a3 sp=0x00000046630fe260 mode 2
Event: 162.801 Thread 0x0000023f1bf52d30 Uncommon trap: trap_request=0xffffff45 fr.pc=0x0000023f0f5e468c relative=0x000000000000064c
Event: 162.801 Thread 0x0000023f1bf52d30 Uncommon trap: reason=unstable_if action=reinterpret pc=0x0000023f0f5e468c method=javafx.scene.Node.updateBounds()V @ 70 c2
Event: 162.801 Thread 0x0000023f1bf52d30 DEOPT PACKING pc=0x0000023f0f5e468c sp=0x00000046630fe370
Event: 162.801 Thread 0x0000023f1bf52d30 DEOPT UNPACKING pc=0x0000023f078c23a3 sp=0x00000046630fe2c0 mode 2
Event: 167.607 Thread 0x0000023f1bd09a30 Uncommon trap: trap_request=0xffffff45 fr.pc=0x0000023f0f592ad4 relative=0x00000000000000b4
Event: 167.607 Thread 0x0000023f1bd09a30 Uncommon trap: reason=unstable_if action=reinterpret pc=0x0000023f0f592ad4 method=java.util.concurrent.locks.AbstractQueuedSynchronizer.signalNext(Ljava/util/concurrent/locks/AbstractQueuedSynchronizer$Node;)V @ 17 c2
Event: 167.607 Thread 0x0000023f1bd09a30 DEOPT PACKING pc=0x0000023f0f592ad4 sp=0x00000046633feef0
Event: 167.607 Thread 0x0000023f1bd09a30 DEOPT UNPACKING pc=0x0000023f078c23a3 sp=0x00000046633fee80 mode 2
Event: 167.636 Thread 0x0000023f1bf52d30 Uncommon trap: trap_request=0xffffff45 fr.pc=0x0000023f0f498db8 relative=0x0000000000000118
Event: 167.636 Thread 0x0000023f1bf52d30 Uncommon trap: reason=unstable_if action=reinterpret pc=0x0000023f0f498db8 method=java.util.Collections.unmodifiableList(Ljava/util/List;)Ljava/util/List; @ 28 c2
Event: 167.636 Thread 0x0000023f1bf52d30 DEOPT PACKING pc=0x0000023f0f498db8 sp=0x00000046630fe2c0
Event: 167.636 Thread 0x0000023f1bf52d30 DEOPT UNPACKING pc=0x0000023f078c23a3 sp=0x00000046630fe280 mode 2

Classes loaded (20 events):
Event: 160.132 Loading class java/util/stream/IntPipeline$11$1
Event: 160.132 Loading class java/util/stream/IntPipeline$11$1 done
Event: 160.225 Loading class java/text/ParsePosition
Event: 160.225 Loading class java/text/ParsePosition done
Event: 160.225 Loading class java/time/format/DateTimeParseContext
Event: 160.226 Loading class java/time/format/DateTimeParseContext done
Event: 160.226 Loading class java/time/format/Parsed
Event: 160.226 Loading class java/time/format/Parsed done
Event: 160.230 Loading class java/time/format/DateTimeFormatterBuilder$LocalizedPrinterParser
Event: 160.230 Loading class java/time/format/DateTimeFormatterBuilder$LocalizedPrinterParser done
Event: 160.232 Loading class sun/text/resources/cldr/FormatData_en
Event: 160.232 Loading class sun/text/resources/cldr/FormatData_en done
Event: 160.232 Loading class sun/text/resources/cldr/FormatData_en_US
Event: 160.232 Loading class sun/text/resources/cldr/FormatData_en_US done
Event: 160.235 Loading class sun/util/locale/provider/JavaTimeDateTimePatternImpl
Event: 160.235 Loading class sun/util/locale/provider/JavaTimeDateTimePatternImpl done
Event: 160.236 Loading class sun/util/resources/ParallelListResourceBundle
Event: 160.236 Loading class sun/util/resources/ParallelListResourceBundle done
Event: 171.352 Loading class jdk/internal/misc/Signal$1
Event: 171.352 Loading class jdk/internal/misc/Signal$1 done

Classes unloaded (0 events):
No events

Classes redefined (0 events):
No events

Internal exceptions (20 events):
Event: 5.396 Thread 0x0000023f1bf52d30 Exception <a 'java/lang/NoSuchMethodError'{0x00000000872bede8}: 'int java.lang.invoke.DirectMethodHandle$Holder.invokeVirtual(java.lang.Object, java.lang.Object)'> (0x00000000872bede8) 
thrown [s\open\src\hotspot\share\interpreter\linkResolver.cpp, line 766]
Event: 5.584 Thread 0x0000023f1bf52d30 Exception <a 'java/lang/NoSuchMethodError'{0x000000008708d1f0}: 'int java.lang.invoke.DirectMethodHandle$Holder.invokeSpecial(java.lang.Object, java.lang.Object, int)'> (0x000000008708d1f0) 
thrown [s\open\src\hotspot\share\interpreter\linkResolver.cpp, line 766]
Event: 5.880 Thread 0x0000023f1bf52d30 Exception <a 'java/lang/NoSuchMethodError'{0x0000000086c35cb8}: 'void java.lang.invoke.DirectMethodHandle$Holder.invokeSpecial(java.lang.Object, java.lang.Object, java.lang.Object, java.lang.Object, java.lang.Object, java.lang.Object)'> (0x0000000086c35cb8) 
thrown [s\open\src\hotspot\share\interpreter\linkResolver.cpp, line 766]
Event: 6.169 Thread 0x0000023f1bf52d30 Exception <a 'java/lang/NoSuchMethodError'{0x0000000089dec788}: 'void java.lang.invoke.DirectMethodHandle$Holder.invokeSpecialIFC(java.lang.Object, java.lang.Object, java.lang.Object, java.lang.Object)'> (0x0000000089dec788) 
thrown [s\open\src\hotspot\share\interpreter\linkResolver.cpp, line 766]
Event: 7.737 Thread 0x0000023f1bf52d30 Exception <a 'java/lang/NoSuchMethodError'{0x000000008338b178}: 'java.lang.Object java.lang.invoke.DirectMethodHandle$Holder.newInvokeSpecial(java.lang.Object, java.lang.Object, int)'> (0x000000008338b178) 
thrown [s\open\src\hotspot\share\interpreter\linkResolver.cpp, line 766]
Event: 8.203 Thread 0x0000023f1b874790 Exception <a 'java/lang/NoSuchMethodError'{0x000000008309aa00}: 'int java.lang.invoke.DirectMethodHandle$Holder.invokeStaticInit(java.lang.Object, java.lang.Object)'> (0x000000008309aa00) 
thrown [s\open\src\hotspot\share\interpreter\linkResolver.cpp, line 766]
Event: 8.639 Thread 0x0000023f1b874790 Exception <a 'java/lang/NoSuchMethodError'{0x0000000082c050b8}: 'java.lang.Object java.lang.invoke.DirectMethodHandle$Holder.invokeStaticInit(java.lang.Object, int)'> (0x0000000082c050b8) 
thrown [s\open\src\hotspot\share\interpreter\linkResolver.cpp, line 766]
Event: 18.630 Thread 0x0000023f1bf52d30 Exception <a 'java/lang/NoSuchMethodError'{0x0000000082bc0980}: 'java.lang.Object java.lang.invoke.DirectMethodHandle$Holder.newInvokeSpecial(java.lang.Object, java.lang.Object, int, int, int, int, int, java.lang.Object)'> (0x0000000082bc0980) 
thrown [s\open\src\hotspot\share\interpreter\linkResolver.cpp, line 766]
Event: 18.634 Thread 0x0000023f1bf52d30 Exception <a 'java/lang/NoSuchMethodError'{0x0000000082bd3f30}: 'java.lang.Object java.lang.invoke.DirectMethodHandle$Holder.newInvokeSpecial(java.lang.Object, java.lang.Object, java.lang.Object, int, int, int, int, int)'> (0x0000000082bd3f30) 
thrown [s\open\src\hotspot\share\interpreter\linkResolver.cpp, line 766]
Event: 18.635 Thread 0x0000023f1bf52d30 Exception <a 'java/lang/NoSuchMethodError'{0x0000000082bdb798}: 'java.lang.Object java.lang.invoke.Invokers$Holder.linkToTargetMethod(java.lang.Object, java.lang.Object, int, int, int, int, int, java.lang.Object)'> (0x0000000082bdb798) 
thrown [s\open\src\hotspot\share\interpreter\linkResolver.cpp, line 766]
Event: 18.643 Thread 0x0000023f1bf52d30 Implicit null exception at 0x0000023f0f4f0286 to 0x0000023f0f4f06d4
Event: 18.651 Thread 0x0000023f1bf52d30 Implicit null exception at 0x0000023f0f499c1e to 0x0000023f0f499c6c
Event: 24.224 Thread 0x0000023f1bf52d30 Exception <a 'java/lang/NoSuchMethodError'{0x000000008281bf60}: 'long java.lang.invoke.DirectMethodHandle$Holder.invokeStatic(java.lang.Object, java.lang.Object, java.lang.Object)'> (0x000000008281bf60) 
thrown [s\open\src\hotspot\share\interpreter\linkResolver.cpp, line 766]
Event: 24.225 Thread 0x0000023f1bf52d30 Exception <a 'java/lang/NoSuchMethodError'{0x000000008281f700}: 'long java.lang.invoke.DirectMethodHandle$Holder.invokeStaticInit(java.lang.Object, java.lang.Object, java.lang.Object)'> (0x000000008281f700) 
thrown [s\open\src\hotspot\share\interpreter\linkResolver.cpp, line 766]
Event: 24.231 Thread 0x0000023f1bf52d30 Exception <a 'java/lang/NoSuchMethodError'{0x0000000082837e40}: 'java.lang.Object java.lang.invoke.DirectMethodHandle$Holder.newInvokeSpecial(java.lang.Object, java.lang.Object, long)'> (0x0000000082837e40) 
thrown [s\open\src\hotspot\share\interpreter\linkResolver.cpp, line 766]
Event: 24.233 Thread 0x0000023f1bf52d30 Exception <a 'java/lang/NoSuchMethodError'{0x000000008283b9b8}: 'java.lang.Object java.lang.invoke.Invokers$Holder.linkToTargetMethod(java.lang.Object, long, java.lang.Object)'> (0x000000008283b9b8) 
thrown [s\open\src\hotspot\share\interpreter\linkResolver.cpp, line 766]
Event: 131.526 Thread 0x0000023f1bf52d30 Exception <a 'java/lang/NoSuchMethodError'{0x000000008ced0660}: 'long java.lang.invoke.DirectMethodHandle$Holder.invokeSpecial(java.lang.Object, java.lang.Object)'> (0x000000008ced0660) 
thrown [s\open\src\hotspot\share\interpreter\linkResolver.cpp, line 766]
Event: 131.527 Thread 0x0000023f1bf52d30 Exception <a 'java/lang/NoSuchMethodError'{0x000000008ced3fa0}: 'long java.lang.invoke.Invokers$Holder.invokeExact_MT(java.lang.Object, java.lang.Object)'> (0x000000008ced3fa0) 
thrown [s\open\src\hotspot\share\interpreter\linkResolver.cpp, line 766]
Event: 160.130 Thread 0x0000023f1bf52d30 Exception <a 'java/lang/NoSuchMethodError'{0x000000008cc6f480}: 'void java.lang.invoke.DirectMethodHandle$Holder.invokeVirtual(java.lang.Object, java.lang.Object, int)'> (0x000000008cc6f480) 
thrown [s\open\src\hotspot\share\interpreter\linkResolver.cpp, line 766]
Event: 160.894 Thread 0x0000023f1bf52d30 Exception <a 'java/lang/NoSuchMethodError'{0x000000008ca386b0}: 'java.lang.Object java.lang.invoke.DirectMethodHandle$Holder.newInvokeSpecial(java.lang.Object, java.lang.Object, java.lang.Object, double, double, double, double, int, int, int, int, int, int, int, int, int)'> (0x000000008ca386b0) 
thrown [s\open\src\hotspot\share\interpreter\linkResolver.cpp, line 766]

VM Operations (20 events):
Event: 158.914 Executing VM operation: HandshakeAllThreads done
Event: 159.913 Executing VM operation: Cleanup
Event: 159.914 Executing VM operation: Cleanup done
Event: 160.005 Executing VM operation: HandshakeAllThreads
Event: 160.005 Executing VM operation: HandshakeAllThreads done
Event: 160.135 Executing VM operation: HandshakeAllThreads
Event: 160.135 Executing VM operation: HandshakeAllThreads done
Event: 161.136 Executing VM operation: Cleanup
Event: 161.136 Executing VM operation: Cleanup done
Event: 162.136 Executing VM operation: Cleanup
Event: 162.136 Executing VM operation: Cleanup done
Event: 164.136 Executing VM operation: Cleanup
Event: 164.136 Executing VM operation: Cleanup done
Event: 165.137 Executing VM operation: Cleanup
Event: 165.137 Executing VM operation: Cleanup done
Event: 166.138 Executing VM operation: Cleanup
Event: 166.138 Executing VM operation: Cleanup done
Event: 168.139 Executing VM operation: Cleanup
Event: 168.139 Executing VM operation: Cleanup done
Event: 171.354 Executing VM operation: Exit

Events (20 events):
Event: 160.012 Thread 0x0000023f16b53610 flushing nmethod 0x0000023f088bf210
Event: 160.012 Thread 0x0000023f16b53610 flushing nmethod 0x0000023f088c1d90
Event: 160.012 Thread 0x0000023f16b53610 flushing nmethod 0x0000023f088c4690
Event: 160.012 Thread 0x0000023f16b53610 flushing nmethod 0x0000023f088cab90
Event: 160.013 Thread 0x0000023f16b53610 flushing nmethod 0x0000023f088e1f90
Event: 160.013 Thread 0x0000023f16b53610 flushing nmethod 0x0000023f08a00790
Event: 160.013 Thread 0x0000023f16b53610 flushing nmethod 0x0000023f08a10110
Event: 160.013 Thread 0x0000023f16b53610 flushing nmethod 0x0000023f08a18e90
Event: 161.516 Thread 0x0000023f1c4f9290 Thread added: 0x0000023f1c4f9290
Event: 162.237 Thread 0x0000023f1c4f9290 Thread exited: 0x0000023f1c4f9290
Event: 162.798 Thread 0x0000023f1c4f6f20 Thread added: 0x0000023f1c4f6f20
Event: 163.213 Thread 0x0000023f1c4f6f20 Thread exited: 0x0000023f1c4f6f20
Event: 167.643 Thread 0x0000023f1bf52d30 Thread exited: 0x0000023f1bf52d30
Event: 167.644 Thread 0x0000023f1bd09a30 Thread exited: 0x0000023f1bd09a30
Event: 167.647 Thread 0x0000023f792412e0 Thread exited: 0x0000023f792412e0
Event: 167.647 Thread 0x0000023f1c837870 Thread added: 0x0000023f1c837870
Event: 167.684 Thread 0x0000023f1b874790 Thread exited: 0x0000023f1b874790
Event: 171.352 Thread 0x0000023f1bfe8ba0 Thread added: 0x0000023f1bfe8ba0
Event: 171.353 Thread 0x0000023f1bfea880 Thread added: 0x0000023f1bfea880
Event: 171.354 Thread 0x0000023f1bfea880 Thread exited: 0x0000023f1bfea880


Dynamic libraries:
0x00007ff743ec0000 - 0x00007ff743ed0000 	C:\Program Files\Java\jdk-18.0.1.1\bin\java.exe
0x00007fff99610000 - 0x00007fff99808000 	C:\Windows\SYSTEM32\ntdll.dll
0x00007fff98350000 - 0x00007fff9840d000 	C:\Windows\System32\KERNEL32.DLL
0x00007fff97080000 - 0x00007fff97352000 	C:\Windows\System32\KERNELBASE.dll
0x00007fff96d50000 - 0x00007fff96e50000 	C:\Windows\System32\ucrtbase.dll
0x00007fff74050000 - 0x00007fff7406a000 	C:\Program Files\Java\jdk-18.0.1.1\bin\VCRUNTIME140.dll
0x00007fff75cf0000 - 0x00007fff75d08000 	C:\Program Files\Java\jdk-18.0.1.1\bin\jli.dll
0x00007fff97670000 - 0x00007fff9771e000 	C:\Windows\System32\ADVAPI32.dll
0x00007fff98080000 - 0x00007fff9811e000 	C:\Windows\System32\msvcrt.dll
0x00007fff982b0000 - 0x00007fff9834c000 	C:\Windows\System32\sechost.dll
0x00007fff97f50000 - 0x00007fff98075000 	C:\Windows\System32\RPCRT4.dll
0x00007fff97790000 - 0x00007fff9792d000 	C:\Windows\System32\USER32.dll
0x00007fff96f00000 - 0x00007fff96f22000 	C:\Windows\System32\win32u.dll
0x00007fff87f00000 - 0x00007fff8819a000 	C:\Windows\WinSxS\amd64_microsoft.windows.common-controls_6595b64144ccf1df_6.0.19041.1110_none_60b5254171f9507e\COMCTL32.dll
0x00007fff98fd0000 - 0x00007fff98ffb000 	C:\Windows\System32\GDI32.dll
0x00007fff97360000 - 0x00007fff9746f000 	C:\Windows\System32\gdi32full.dll
0x00007fff97470000 - 0x00007fff9750d000 	C:\Windows\System32\msvcp_win.dll
0x00007fff8ba60000 - 0x00007fff8ba6a000 	C:\Windows\SYSTEM32\VERSION.dll
0x00007fff995a0000 - 0x00007fff995d0000 	C:\Windows\System32\IMM32.DLL
0x00007fff8faa0000 - 0x00007fff8faac000 	C:\Program Files\Java\jdk-18.0.1.1\bin\vcruntime140_1.dll
0x00007fff6b1c0000 - 0x00007fff6b24d000 	C:\Program Files\Java\jdk-18.0.1.1\bin\msvcp140.dll
0x00007fff50f30000 - 0x00007fff51b40000 	C:\Program Files\Java\jdk-18.0.1.1\bin\server\jvm.dll
0x00007fff97930000 - 0x00007fff97938000 	C:\Windows\System32\PSAPI.DLL
0x00007fff91a20000 - 0x00007fff91a29000 	C:\Windows\SYSTEM32\WSOCK32.dll
0x00007fff97720000 - 0x00007fff9778b000 	C:\Windows\System32\WS2_32.dll
0x00007fff8b1d0000 - 0x00007fff8b1f7000 	C:\Windows\SYSTEM32\WINMM.dll
0x00007fff94be0000 - 0x00007fff94bf2000 	C:\Windows\SYSTEM32\kernel.appcore.dll
0x00007fff7fa60000 - 0x00007fff7fa6a000 	C:\Program Files\Java\jdk-18.0.1.1\bin\jimage.dll
0x00007fff840e0000 - 0x00007fff842c4000 	C:\Windows\SYSTEM32\DBGHELP.DLL
0x00007fff840b0000 - 0x00007fff840dc000 	C:\Windows\SYSTEM32\dbgcore.DLL
0x00007fff96f30000 - 0x00007fff96fb2000 	C:\Windows\System32\bcryptPrimitives.dll
0x00007fff83ed0000 - 0x00007fff83ede000 	C:\Program Files\Java\jdk-18.0.1.1\bin\instrument.dll
0x00007fff6b410000 - 0x00007fff6b435000 	C:\Program Files\Java\jdk-18.0.1.1\bin\java.dll
0x00007fff6ab80000 - 0x00007fff6ac56000 	C:\Program Files\Java\jdk-18.0.1.1\bin\jsvml.dll
0x00007fff98760000 - 0x00007fff98ea3000 	C:\Windows\System32\SHELL32.dll
0x00007fff94de0000 - 0x00007fff95571000 	C:\Windows\SYSTEM32\windows.storage.dll
0x00007fff99060000 - 0x00007fff993b4000 	C:\Windows\System32\combase.dll
0x00007fff966a0000 - 0x00007fff966d0000 	C:\Windows\SYSTEM32\Wldp.dll
0x00007fff99490000 - 0x00007fff9953d000 	C:\Windows\System32\SHCORE.dll
0x00007fff99540000 - 0x00007fff99595000 	C:\Windows\System32\shlwapi.dll
0x00007fff96c60000 - 0x00007fff96c7f000 	C:\Windows\SYSTEM32\profapi.dll
0x00007fff72ff0000 - 0x00007fff73003000 	C:\Program Files\Java\jdk-18.0.1.1\bin\net.dll
0x00007fff8e5d0000 - 0x00007fff8e6dd000 	C:\Windows\SYSTEM32\WINHTTP.dll
0x00007fff96400000 - 0x00007fff9646a000 	C:\Windows\system32\mswsock.dll
0x00007fff72de0000 - 0x00007fff72df6000 	C:\Program Files\Java\jdk-18.0.1.1\bin\nio.dll
0x00007fff72d80000 - 0x00007fff72d98000 	C:\Program Files\Java\jdk-18.0.1.1\bin\zip.dll
0x00007fff693b0000 - 0x00007fff693ca000 	C:\Program Files\JetBrains\IntelliJ IDEA Community Edition 2022.1.1\bin\breakgen64.dll
0x0000023f16ba0000 - 0x0000023f16ba3000 	C:\Users\Admin\.openjfx\cache\19+11\amd64\api-ms-win-core-console-l1-1-0.dll
0x0000023f16bd0000 - 0x0000023f16bd3000 	C:\Users\Admin\.openjfx\cache\19+11\amd64\api-ms-win-core-console-l1-2-0.dll
0x0000023f16bb0000 - 0x0000023f16bb3000 	C:\Users\Admin\.openjfx\cache\19+11\amd64\api-ms-win-core-datetime-l1-1-0.dll
0x0000023f16bc0000 - 0x0000023f16bc3000 	C:\Users\Admin\.openjfx\cache\19+11\amd64\api-ms-win-core-debug-l1-1-0.dll
0x0000023f16be0000 - 0x0000023f16be3000 	C:\Users\Admin\.openjfx\cache\19+11\amd64\api-ms-win-core-errorhandling-l1-1-0.dll
0x0000023f16bf0000 - 0x0000023f16bf4000 	C:\Users\Admin\.openjfx\cache\19+11\amd64\api-ms-win-core-file-l1-1-0.dll
0x0000023f1c8d0000 - 0x0000023f1c8d3000 	C:\Users\Admin\.openjfx\cache\19+11\amd64\api-ms-win-core-file-l1-2-0.dll
0x0000023f1c8e0000 - 0x0000023f1c8e3000 	C:\Users\Admin\.openjfx\cache\19+11\amd64\api-ms-win-core-file-l2-1-0.dll
0x0000023f1c8f0000 - 0x0000023f1c8f3000 	C:\Users\Admin\.openjfx\cache\19+11\amd64\api-ms-win-core-handle-l1-1-0.dll
0x0000023f1c900000 - 0x0000023f1c903000 	C:\Users\Admin\.openjfx\cache\19+11\amd64\api-ms-win-core-heap-l1-1-0.dll
0x0000023f1c910000 - 0x0000023f1c913000 	C:\Users\Admin\.openjfx\cache\19+11\amd64\api-ms-win-core-interlocked-l1-1-0.dll
0x0000023f1c920000 - 0x0000023f1c923000 	C:\Users\Admin\.openjfx\cache\19+11\amd64\api-ms-win-core-libraryloader-l1-1-0.dll
0x0000023f1c930000 - 0x0000023f1c933000 	C:\Users\Admin\.openjfx\cache\19+11\amd64\api-ms-win-core-localization-l1-2-0.dll
0x0000023f1c940000 - 0x0000023f1c943000 	C:\Users\Admin\.openjfx\cache\19+11\amd64\api-ms-win-core-memory-l1-1-0.dll
0x0000023f1c950000 - 0x0000023f1c953000 	C:\Users\Admin\.openjfx\cache\19+11\amd64\api-ms-win-core-namedpipe-l1-1-0.dll
0x0000023f1c960000 - 0x0000023f1c963000 	C:\Users\Admin\.openjfx\cache\19+11\amd64\api-ms-win-core-processenvironment-l1-1-0.dll
0x0000023f1c970000 - 0x0000023f1c973000 	C:\Users\Admin\.openjfx\cache\19+11\amd64\api-ms-win-core-processthreads-l1-1-0.dll
0x0000023f1c980000 - 0x0000023f1c983000 	C:\Users\Admin\.openjfx\cache\19+11\amd64\api-ms-win-core-processthreads-l1-1-1.dll
0x0000023f1c990000 - 0x0000023f1c993000 	C:\Users\Admin\.openjfx\cache\19+11\amd64\api-ms-win-core-profile-l1-1-0.dll
0x0000023f1c9a0000 - 0x0000023f1c9a3000 	C:\Users\Admin\.openjfx\cache\19+11\amd64\api-ms-win-core-rtlsupport-l1-1-0.dll
0x0000023f1c9b0000 - 0x0000023f1c9b3000 	C:\Users\Admin\.openjfx\cache\19+11\amd64\api-ms-win-core-string-l1-1-0.dll
0x0000023f1c9c0000 - 0x0000023f1c9c3000 	C:\Users\Admin\.openjfx\cache\19+11\amd64\api-ms-win-core-synch-l1-1-0.dll
0x0000023f1c9d0000 - 0x0000023f1c9d3000 	C:\Users\Admin\.openjfx\cache\19+11\amd64\api-ms-win-core-synch-l1-2-0.dll
0x0000023f1c9e0000 - 0x0000023f1c9e3000 	C:\Users\Admin\.openjfx\cache\19+11\amd64\api-ms-win-core-sysinfo-l1-1-0.dll
0x0000023f1c9f0000 - 0x0000023f1c9f3000 	C:\Users\Admin\.openjfx\cache\19+11\amd64\api-ms-win-core-timezone-l1-1-0.dll
0x0000023f1ca00000 - 0x0000023f1ca03000 	C:\Users\Admin\.openjfx\cache\19+11\amd64\api-ms-win-core-util-l1-1-0.dll
0x0000023f1ca10000 - 0x0000023f1ca13000 	C:\Users\Admin\.openjfx\cache\19+11\amd64\api-ms-win-crt-conio-l1-1-0.dll
0x0000023f1ca20000 - 0x0000023f1ca24000 	C:\Users\Admin\.openjfx\cache\19+11\amd64\api-ms-win-crt-convert-l1-1-0.dll
0x0000023f1ca30000 - 0x0000023f1ca33000 	C:\Users\Admin\.openjfx\cache\19+11\amd64\api-ms-win-crt-environment-l1-1-0.dll
0x0000023f1ca40000 - 0x0000023f1ca43000 	C:\Users\Admin\.openjfx\cache\19+11\amd64\api-ms-win-crt-filesystem-l1-1-0.dll
0x0000023f1ca50000 - 0x0000023f1ca53000 	C:\Users\Admin\.openjfx\cache\19+11\amd64\api-ms-win-crt-heap-l1-1-0.dll
0x0000023f1ca60000 - 0x0000023f1ca63000 	C:\Users\Admin\.openjfx\cache\19+11\amd64\api-ms-win-crt-locale-l1-1-0.dll
0x0000023f1ca70000 - 0x0000023f1ca75000 	C:\Users\Admin\.openjfx\cache\19+11\amd64\api-ms-win-crt-math-l1-1-0.dll
0x0000023f1ca80000 - 0x0000023f1ca85000 	C:\Users\Admin\.openjfx\cache\19+11\amd64\api-ms-win-crt-multibyte-l1-1-0.dll
0x0000023f1ca90000 - 0x0000023f1caa0000 	C:\Users\Admin\.openjfx\cache\19+11\amd64\api-ms-win-crt-private-l1-1-0.dll
0x0000023f1caa0000 - 0x0000023f1caa3000 	C:\Users\Admin\.openjfx\cache\19+11\amd64\api-ms-win-crt-process-l1-1-0.dll
0x0000023f1cab0000 - 0x0000023f1cab4000 	C:\Users\Admin\.openjfx\cache\19+11\amd64\api-ms-win-crt-runtime-l1-1-0.dll
0x0000023f1cac0000 - 0x0000023f1cac4000 	C:\Users\Admin\.openjfx\cache\19+11\amd64\api-ms-win-crt-stdio-l1-1-0.dll
0x0000023f1cad0000 - 0x0000023f1cad4000 	C:\Users\Admin\.openjfx\cache\19+11\amd64\api-ms-win-crt-string-l1-1-0.dll
0x0000023f1cae0000 - 0x0000023f1cae3000 	C:\Users\Admin\.openjfx\cache\19+11\amd64\api-ms-win-crt-time-l1-1-0.dll
0x0000023f1caf0000 - 0x0000023f1caf3000 	C:\Users\Admin\.openjfx\cache\19+11\amd64\api-ms-win-crt-utility-l1-1-0.dll
0x00007fff66080000 - 0x00007fff6617c000 	C:\Users\Admin\.openjfx\cache\19+11\amd64\ucrtbase.dll
0x00007fff69390000 - 0x00007fff693ab000 	C:\Users\Admin\.openjfx\cache\19+11\amd64\vcruntime140.dll
0x00007fff7c4a0000 - 0x00007fff7c4ac000 	C:\Users\Admin\.openjfx\cache\19+11\amd64\vcruntime140_1.dll
0x00007fff67c30000 - 0x00007fff67cbe000 	C:\Users\Admin\.openjfx\cache\19+11\amd64\msvcp140.dll
0x00007fff74bc0000 - 0x00007fff74bc9000 	C:\Users\Admin\.openjfx\cache\19+11\amd64\msvcp140_1.dll
0x00007fff68990000 - 0x00007fff689c0000 	C:\Users\Admin\.openjfx\cache\19+11\amd64\msvcp140_2.dll
0x00007fff68960000 - 0x00007fff6898c000 	C:\Users\Admin\.openjfx\cache\19+11\amd64\prism_d3d.dll
0x00007fff8fe40000 - 0x00007fff9000f000 	C:\Windows\system32\d3d9.dll
0x00007fff948f0000 - 0x00007fff9491f000 	C:\Windows\SYSTEM32\dwmapi.dll
0x00007fff94700000 - 0x00007fff9479e000 	C:\Windows\system32\uxtheme.dll
0x00007fff97510000 - 0x00007fff97666000 	C:\Windows\System32\crypt32.dll
0x00007fff96830000 - 0x00007fff96842000 	C:\Windows\SYSTEM32\MSASN1.dll
0x00007fff965f0000 - 0x00007fff96608000 	C:\Windows\SYSTEM32\CRYPTSP.dll
0x00007fff95d20000 - 0x00007fff95d54000 	C:\Windows\system32\rsaenh.dll
0x00007fff96d20000 - 0x00007fff96d47000 	C:\Windows\System32\bcrypt.dll
0x00007fff96610000 - 0x00007fff9661c000 	C:\Windows\SYSTEM32\CRYPTBASE.dll
0x00007fff68190000 - 0x00007fff681d2000 	C:\Users\Admin\.openjfx\cache\19+11\amd64\glass.dll
0x00007fff984d0000 - 0x00007fff985aa000 	C:\Windows\System32\COMDLG32.dll
0x00007fff98120000 - 0x00007fff9824a000 	C:\Windows\System32\ole32.dll
0x00007fff993c0000 - 0x00007fff9948d000 	C:\Windows\System32\OLEAUT32.dll
0x00007fff97940000 - 0x00007fff97a55000 	C:\Windows\System32\MSCTF.dll
0x00007fff96b90000 - 0x00007fff96bdb000 	C:\Windows\system32\powrprof.dll
0x00007fff96b70000 - 0x00007fff96b82000 	C:\Windows\SYSTEM32\UMPDC.dll
0x00007fff76f60000 - 0x00007fff771c6000 	C:\Windows\system32\nvspcap64.dll
0x00007fff95e40000 - 0x00007fff95e73000 	C:\Windows\SYSTEM32\ntmarta.dll
0x00007fff92220000 - 0x00007fff9225b000 	C:\Windows\SYSTEM32\dxcore.dll
0x00007fff96fc0000 - 0x00007fff9700e000 	C:\Windows\System32\cfgmgr32.dll
0x00007fff8c490000 - 0x00007fff8c8f5000 	C:\Windows\SYSTEM32\igdusc64.dll
0x00007fff3d3a0000 - 0x00007fff405a1000 	D:\Phi Long\HocTap\DuAn\identifyInformationWithPictures_ClientServer\Server\libs\x64\opencv_java455.dll
0x00007fff868e0000 - 0x00007fff86964000 	C:\Windows\SYSTEM32\MF.dll
0x00007fff874e0000 - 0x00007fff8769c000 	C:\Windows\SYSTEM32\MFPlat.DLL
0x00007fff65f70000 - 0x00007fff6607a000 	C:\Windows\SYSTEM32\MFReadWrite.dll
0x00007fff51e90000 - 0x00007fff5231e000 	C:\Windows\SYSTEM32\MFCORE.DLL
0x00007fff744b0000 - 0x00007fff744b9000 	C:\Windows\SYSTEM32\ksuser.dll
0x00007fff8a840000 - 0x00007fff8a874000 	C:\Windows\SYSTEM32\RTWorkQ.DLL
0x00007fff566f0000 - 0x00007fff5687f000 	C:\Program Files\Java\jdk-18.0.1.1\bin\awt.dll
0x00007fff94520000 - 0x00007fff945b1000 	C:\Windows\SYSTEM32\apphelp.dll
0x00007fff68940000 - 0x00007fff68954000 	C:\Users\Admin\.openjfx\cache\19+11\amd64\javafx_font.dll
0x00007fff8b7e0000 - 0x00007fff8ba5f000 	C:\Windows\SYSTEM32\dwrite.dll
0x00007fff68690000 - 0x00007fff686bd000 	C:\Users\Admin\.openjfx\cache\19+11\amd64\javafx_iio.dll

dbghelp: loaded successfully - version: 4.0.5 - missing functions: none
symbol engine: initialized successfully - sym options: 0x614 - pdb path: .;C:\Program Files\Java\jdk-18.0.1.1\bin;C:\Windows\SYSTEM32;C:\Windows\WinSxS\amd64_microsoft.windows.common-controls_6595b64144ccf1df_6.0.19041.1110_none_60b5254171f9507e;C:\Program Files\Java\jdk-18.0.1.1\bin\server;C:\Program Files\JetBrains\IntelliJ IDEA Community Edition 2022.1.1\bin;C:\Users\Admin\.openjfx\cache\19+11\amd64;C:\Windows\System32\DriverStore\FileRepository\nvdmi.inf_amd64_b79991c48f5211ac;D:\Phi Long\HocTap\DuAn\identifyInformationWithPictures_ClientServer\Server\libs\x64;C:\Program Files\Intel\Media SDK;C:\Program Files (x86)\Common Files\Intel\OpenCL\bin\x64;C:\Program Files (x86)\Common Files\Intel\OpenCL\bin\x64\tbb

VM Arguments:
jvm_args: -Djava.library.path=D:\Phi Long\HocTap\DuAn\identifyInformationWithPictures_ClientServer\Server\libs\x64 -javaagent:C:\Program Files\JetBrains\IntelliJ IDEA Community Edition 2022.1.1\lib\idea_rt.jar=51280:C:\Program Files\JetBrains\IntelliJ IDEA Community Edition 2022.1.1\bin -Dfile.encoding=UTF-8 --module-path=C:\Users\Admin\.m2\repository\org\openjfx\javafx-controls\19\javafx-controls-19-win.jar;C:\Users\Admin\.m2\repository\org\openjfx\javafx-graphics\19\javafx-graphics-19-win.jar;C:\Users\Admin\.m2\repository\org\openjfx\javafx-fxml\19\javafx-fxml-19-win.jar;C:\Users\Admin\.m2\repository\org\openjfx\javafx-base\19\javafx-base-19-win.jar;D:\Phi Long\HocTap\DuAn\identifyInformationWithPictures_ClientServer\Entities\target\classes;D:\Phi Long\HocTap\DuAn\identifyInformationWithPictures_ClientServer\Server\libs\opencv-455.jar;D:\Phi Long\HocTap\DuAn\identifyInformationWithPictures_ClientServer\Server\target\classes;C:\Users\Admin\.m2\repository\org\openjfx\javafx-swing\20-ea+4\javafx-swing-20-ea+4-win.jar;C:\Users\Admin\.m2\repository\mysql\mysql-connector-java\8.0.30\mysql-connector-java-8.0.30.jar;D:\Phi Long\HocTap\DuAn\identifyInformationWithPictures_ClientServer\Library\target\classes -Djdk.module.main=com.example.server 
java_command: com.example.server/com.example.server.ServerApplication
java_class_path (initial): C:\Users\Admin\.m2\repository\org\openjfx\javafx-controls\19\javafx-controls-19.jar;C:\Users\Admin\.m2\repository\org\openjfx\javafx-graphics\19\javafx-graphics-19.jar;C:\Users\Admin\.m2\repository\org\openjfx\javafx-base\19\javafx-base-19.jar;C:\Users\Admin\.m2\repository\org\openjfx\javafx-fxml\19\javafx-fxml-19.jar;C:\Users\Admin\.m2\repository\org\openjfx\javafx-swing\20-ea+4\javafx-swing-20-ea+4.jar;C:\Users\Admin\.m2\repository\com\google\protobuf\protobuf-java\3.19.4\protobuf-java-3.19.4.jar;C:\Users\Admin\.m2\repository\com\nativelibs4java\bridj\0.7-20140918-2\bridj-0.7-20140918-2.jar
Launcher Type: SUN_STANDARD

[Global flags]
     intx CICompilerCount                          = 3                                         {product} {ergonomic}
     uint ConcGCThreads                            = 1                                         {product} {ergonomic}
     uint G1ConcRefinementThreads                  = 4                                         {product} {ergonomic}
   size_t G1HeapRegionSize                         = 1048576                                   {product} {ergonomic}
    uintx GCDrainStackTargetSize                   = 64                                        {product} {ergonomic}
   size_t InitialHeapSize                          = 132120576                                 {product} {ergonomic}
   size_t MarkStackSize                            = 4194304                                   {product} {ergonomic}
   size_t MaxHeapSize                              = 2113929216                                {product} {ergonomic}
   size_t MaxNewSize                               = 1267728384                                {product} {ergonomic}
   size_t MinHeapDeltaBytes                        = 1048576                                   {product} {ergonomic}
   size_t MinHeapSize                              = 8388608                                   {product} {ergonomic}
    uintx NonNMethodCodeHeapSize                   = 5832780                                {pd product} {ergonomic}
    uintx NonProfiledCodeHeapSize                  = 122912730                              {pd product} {ergonomic}
    uintx ProfiledCodeHeapSize                     = 122912730                              {pd product} {ergonomic}
    uintx ReservedCodeCacheSize                    = 251658240                              {pd product} {ergonomic}
     bool SegmentedCodeCache                       = true                                      {product} {ergonomic}
   size_t SoftMaxHeapSize                          = 2113929216                             {manageable} {ergonomic}
     bool UseCompressedClassPointers               = true                           {product lp64_product} {ergonomic}
     bool UseCompressedOops                        = true                           {product lp64_product} {ergonomic}
     bool UseG1GC                                  = true                                      {product} {ergonomic}
     bool UseLargePagesIndividualAllocation        = false                                  {pd product} {ergonomic}

Logging:
Log output configuration:
 #0: stdout all=off uptime,level,tags foldmultilines=false
 #1: stderr all=off uptime,level,tags foldmultilines=false

Environment Variables:
PATH=C:\Program Files\Java\jdk-18.0.1.1\bin;C:\Windows\system32;C:\Windows;C:\Windows\System32\Wbem;C:\Windows\System32\WindowsPowerShell\v1.0\;C:\Windows\System32\OpenSSH\;C:\Program Files (x86)\NVIDIA Corporation\PhysX\Common;C:\Program Files\dotnet\;C:\Users\Admin\AppData\Local\Microsoft\WindowsApps;;C:\Program Files\JetBrains\IntelliJ IDEA Community Edition 2022.1.1\bin;;C:\Users\Admin\.dotnet\tools
USERNAME=Admin
OS=Windows_NT
PROCESSOR_IDENTIFIER=Intel64 Family 6 Model 58 Stepping 9, GenuineIntel



---------------  S Y S T E M  ---------------

OS:
 Windows 10 , 64 bit Build 19041 (10.0.19041.1889)
OS uptime: 0 days 17:15 hours

CPU: total 4 (initial active 4) (2 cores per cpu, 2 threads per core) family 6 model 58 stepping 9 microcode 0x21, cx8, cmov, fxsr, ht, mmx, sse, sse2, sse3, ssse3, sse4.1, sse4.2, popcnt, tsc, tscinvbit, avx, erms, clmul, vzeroupper, clflush

Memory: 4k page, system-wide physical 8057M (1410M free)
TotalPageFile size 12324M (AvailPageFile size 2637M)
current process WorkingSet (physical memory assigned to process): 357M, peak: 388M
current process commit charge ("private bytes"): 504M, peak: 541M

vm_info: Java HotSpot(TM) 64-Bit Server VM (18.0.1.1+2-6) for windows-amd64 JRE (18.0.1.1+2-6), built on Apr 25 2022 21:53:15 by "mach5one" with MS VC++ 16.8 / 16.9 (VS2019)

END.
